<html>
<head>
<title>TestNG:  Test</title>
<link href="../testng.css" rel="stylesheet" type="text/css" />
<link href="../my-testng.css" rel="stylesheet" type="text/css" />

<style type="text/css">
.log { display: none;} 
.stack-trace { display: none;} 
</style>
<script type="text/javascript">
<!--
function flip(e) {
  current = e.style.display;
  if (current == 'block') {
    e.style.display = 'none';
    return 0;
  }
  else {
    e.style.display = 'block';
    return 1;
  }
}

function toggleBox(szDivId, elem, msg1, msg2)
{
  var res = -1;  if (document.getElementById) {
    res = flip(document.getElementById(szDivId));
  }
  else if (document.all) {
    // this is the way old msie versions work
    res = flip(document.all[szDivId]);
  }
  if(elem) {
    if(res == 0) elem.innerHTML = msg1; else elem.innerHTML = msg2;
  }

}

function toggleAllBoxes() {
  if (document.getElementsByTagName) {
    d = document.getElementsByTagName('div');
    for (i = 0; i < d.length; i++) {
      if (d[i].className == 'log') {
        flip(d[i]);
      }
    }
  }
}

// -->
</script>

</head>
<body>
<h2 align='center'>Test</h2><table border='1' align="center">
<tr>
<td>Tests passed/Failed/Skipped:</td><td>104/19/0</td>
</tr><tr>
<td>Started on:</td><td>Wed Mar 09 11:54:05 EST 2022</td>
</tr>
<tr><td>Total time:</td><td>10608 seconds (10608310 ms)</td>
</tr><tr>
<td>Included groups:</td><td></td>
</tr><tr>
<td>Excluded groups:</td><td></td>
</tr>
</table><p/>
<small><i>(Hover the method name to see the test class name)</i></small><p/>
<table width='100%' border='1' class='invocation-failed'>
<tr><td colspan='4' align='center'><b>FAILED CONFIGURATIONS</b></td></tr>
<tr><td><b>Test method</b></td>
<td width="30%"><b>Exception</b></td>
<td width="10%"><b>Time (seconds)</b></td>
<td><b>Instance</b></td>
</tr>
<tr>
<td title='com.Replatform.qa.Fax.test.TC01_HCPPortal_UploadDocument.CloseBrowser()'><b>CloseBrowser</b><br>Test class: com.Replatform.qa.Fax.test.TC01_HCPPortal_UploadDocument<br>Parameters: [TestResult name=HCPUpload status=SUCCESS method=TC01_HCPPortal_UploadDocument.HCPUpload()[pri:0, instance:com.Replatform.qa.Fax.test.TC01_HCPPortal_UploadDocument@640a6d4b] output={null}]</td>
<td><div><pre>org.openqa.selenium.NoSuchSessionException: Session ID is null. Using WebDriver after calling quit()?
Build info: version: &apos;3.141.59&apos;, revision: &apos;e82be7d358&apos;, time: &apos;2018-11-14T08:17:03&apos;
System info: host: &apos;LPANDIRI-E7440&apos;, ip: &apos;10.5.220.115&apos;, os.name: &apos;Windows 10&apos;, os.arch: &apos;amd64&apos;, os.version: &apos;10.0&apos;, java.version: &apos;16.0.2&apos;
Driver info: driver.version: RemoteWebDriver
	at org.openqa.selenium.remote.HttpCommandExecutor.execute(HttpCommandExecutor.java:125)
	at org.openqa.selenium.remote.service.DriverCommandExecutor.execute(DriverCommandExecutor.java:83)
	at org.openqa.selenium.remote.RemoteWebDriver.execute(RemoteWebDriver.java:552)
	at org.openqa.selenium.remote.RemoteWebDriver.execute(RemoteWebDriver.java:609)
	at org.openqa.selenium.remote.RemoteWebDriver.getScreenshotAs(RemoteWebDriver.java:295)
	at com.juno.qa.base.TestBase.getScreenshotAsBase64(TestBase.java:319)
	at com.juno.qa.base.TestBase.logReport(TestBase.java:119)
	at com.Replatform.qa.Fax.test.TC01_HCPPortal_UploadDocument.CloseBrowser(TC01_HCPPortal_UploadDocument.java:196)
	at java.base/jdk.internal.reflect.NativeMethodAccessorImpl.invoke0(Native Method)
	at java.base/jdk.internal.reflect.NativeMethodAccessorImpl.invoke(NativeMethodAccessorImpl.java:78)
	at java.base/jdk.internal.reflect.DelegatingMethodAccessorImpl.invoke(DelegatingMethodAccessorImpl.java:43)
	at java.base/java.lang.reflect.Method.invoke(Method.java:567)
	at org.testng.internal.MethodInvocationHelper.invokeMethod(MethodInvocationHelper.java:133)
	at org.testng.internal.MethodInvocationHelper.invokeMethodConsideringTimeout(MethodInvocationHelper.java:62)
	at org.testng.internal.ConfigInvoker.invokeConfigurationMethod(ConfigInvoker.java:385)
	at org.testng.internal.ConfigInvoker.invokeConfigurations(ConfigInvoker.java:321)
	at org.testng.internal.TestInvoker.runConfigMethods(TestInvoker.java:700)
	at org.testng.internal.TestInvoker.runAfterGroupsConfigurations(TestInvoker.java:676)
	at org.testng.internal.TestInvoker.invokeMethod(TestInvoker.java:660)
	at org.testng.internal.TestInvoker.invokeTestMethod(TestInvoker.java:173)
	at org.testng.internal.MethodRunner.runInSequence(MethodRunner.java:46)
	at org.testng.internal.TestInvoker$MethodInvocationAgent.invoke(TestInvoker.java:824)
	at org.testng.internal.TestInvoker.invokeTestMethods(TestInvoker.java:146)
	at org.testng.internal.TestMethodWorker.invokeTestMethods(TestMethodWorker.java:146)
	at org.testng.internal.TestMethodWorker.run(TestMethodWorker.java:128)
	at java.base/java.util.ArrayList.forEach(ArrayList.java:1511)
	at org.testng.TestRunner.privateRun(TestRunner.java:794)
	at org.testng.TestRunner.run(TestRunner.java:596)
	at org.testng.SuiteRunner.runTest(SuiteRunner.java:377)
	at org.testng.SuiteRunner.runSequentially(SuiteRunner.java:371)
	at org.testng.SuiteRunner.privateRun(SuiteRunner.java:332)
	at org.testng.SuiteRunner.run(SuiteRunner.java:276)
	at org.testng.SuiteRunnerWorker.runSuite(SuiteRunnerWorker.java:53)
	at org.testng.SuiteRunnerWorker.run(SuiteRunnerWorker.java:96)
	at org.testng.TestNG.runSuitesSequentially(TestNG.java:1212)
	at org.testng.TestNG.runSuitesLocally(TestNG.java:1134)
	at org.testng.TestNG.runSuites(TestNG.java:1063)
	at org.testng.TestNG.run(TestNG.java:1031)
	at org.testng.remote.AbstractRemoteTestNG.run(AbstractRemoteTestNG.java:115)
	at org.testng.remote.RemoteTestNG.initAndRun(RemoteTestNG.java:251)
	at org.testng.remote.RemoteTestNG.main(RemoteTestNG.java:77)
</pre></div><a href='#' onClick='toggleBox("stack-trace1240246092", this, "Click to show all stack frames", "Click to hide stack frames")'>Click to show all stack frames</a>
<div class='stack-trace' id='stack-trace1240246092'><pre>org.openqa.selenium.NoSuchSessionException: Session ID is null. Using WebDriver after calling quit()?
Build info: version: &apos;3.141.59&apos;, revision: &apos;e82be7d358&apos;, time: &apos;2018-11-14T08:17:03&apos;
System info: host: &apos;LPANDIRI-E7440&apos;, ip: &apos;10.5.220.115&apos;, os.name: &apos;Windows 10&apos;, os.arch: &apos;amd64&apos;, os.version: &apos;10.0&apos;, java.version: &apos;16.0.2&apos;
Driver info: driver.version: RemoteWebDriver
	at org.openqa.selenium.remote.HttpCommandExecutor.execute(HttpCommandExecutor.java:125)
	at org.openqa.selenium.remote.service.DriverCommandExecutor.execute(DriverCommandExecutor.java:83)
	at org.openqa.selenium.remote.RemoteWebDriver.execute(RemoteWebDriver.java:552)
	at org.openqa.selenium.remote.RemoteWebDriver.execute(RemoteWebDriver.java:609)
	at org.openqa.selenium.remote.RemoteWebDriver.getScreenshotAs(RemoteWebDriver.java:295)
	at com.juno.qa.base.TestBase.getScreenshotAsBase64(TestBase.java:319)
	at com.juno.qa.base.TestBase.logReport(TestBase.java:119)
	at com.Replatform.qa.Fax.test.TC01_HCPPortal_UploadDocument.CloseBrowser(TC01_HCPPortal_UploadDocument.java:196)
	at java.base/jdk.internal.reflect.NativeMethodAccessorImpl.invoke0(Native Method)
	at java.base/jdk.internal.reflect.NativeMethodAccessorImpl.invoke(NativeMethodAccessorImpl.java:78)
	at java.base/jdk.internal.reflect.DelegatingMethodAccessorImpl.invoke(DelegatingMethodAccessorImpl.java:43)
	at java.base/java.lang.reflect.Method.invoke(Method.java:567)
	at org.testng.internal.MethodInvocationHelper.invokeMethod(MethodInvocationHelper.java:133)
	at org.testng.internal.MethodInvocationHelper.invokeMethodConsideringTimeout(MethodInvocationHelper.java:62)
	at org.testng.internal.ConfigInvoker.invokeConfigurationMethod(ConfigInvoker.java:385)
	at org.testng.internal.ConfigInvoker.invokeConfigurations(ConfigInvoker.java:321)
	at org.testng.internal.TestInvoker.runConfigMethods(TestInvoker.java:700)
	at org.testng.internal.TestInvoker.runAfterGroupsConfigurations(TestInvoker.java:676)
	at org.testng.internal.TestInvoker.invokeMethod(TestInvoker.java:660)
	at org.testng.internal.TestInvoker.invokeTestMethod(TestInvoker.java:173)
	at org.testng.internal.MethodRunner.runInSequence(MethodRunner.java:46)
	at org.testng.internal.TestInvoker$MethodInvocationAgent.invoke(TestInvoker.java:824)
	at org.testng.internal.TestInvoker.invokeTestMethods(TestInvoker.java:146)
	at org.testng.internal.TestMethodWorker.invokeTestMethods(TestMethodWorker.java:146)
	at org.testng.internal.TestMethodWorker.run(TestMethodWorker.java:128)
	at java.base/java.util.ArrayList.forEach(ArrayList.java:1511)
	at org.testng.TestRunner.privateRun(TestRunner.java:794)
	at org.testng.TestRunner.run(TestRunner.java:596)
	at org.testng.SuiteRunner.runTest(SuiteRunner.java:377)
	at org.testng.SuiteRunner.runSequentially(SuiteRunner.java:371)
	at org.testng.SuiteRunner.privateRun(SuiteRunner.java:332)
	at org.testng.SuiteRunner.run(SuiteRunner.java:276)
	at org.testng.SuiteRunnerWorker.runSuite(SuiteRunnerWorker.java:53)
	at org.testng.SuiteRunnerWorker.run(SuiteRunnerWorker.java:96)
	at org.testng.TestNG.runSuitesSequentially(TestNG.java:1212)
	at org.testng.TestNG.runSuitesLocally(TestNG.java:1134)
	at org.testng.TestNG.runSuites(TestNG.java:1063)
	at org.testng.TestNG.run(TestNG.java:1031)
	at org.testng.remote.AbstractRemoteTestNG.run(AbstractRemoteTestNG.java:115)
	at org.testng.remote.RemoteTestNG.initAndRun(RemoteTestNG.java:251)
	at org.testng.remote.RemoteTestNG.main(RemoteTestNG.java:77)
</pre></div></td>
<td>0</td>
<td>com.Replatform.qa.Fax.test.TC01_HCPPortal_UploadDocument@640a6d4b</td></tr>
</table><p>
<table width='100%' border='1' class='invocation-failed'>
<tr><td colspan='4' align='center'><b>FAILED TESTS</b></td></tr>
<tr><td><b>Test method</b></td>
<td width="30%"><b>Exception</b></td>
<td width="10%"><b>Time (seconds)</b></td>
<td><b>Instance</b></td>
</tr>
<tr>
<td title='com.Replatform.qa.Fax.test.TC11_AdminPortal_Faxes_Assignments_VerifyMarkAsOutTest.Verify_Assignments_MarkAsOutAndCancelOut()'><b>Verify_Assignments_MarkAsOutAndCancelOut</b><br>Test class: com.Replatform.qa.Fax.test.TC11_AdminPortal_Faxes_Assignments_VerifyMarkAsOutTest<br>Test method: Verify Mark As Out And Cancel Out features</td>
<td><div><pre>java.lang.ArrayIndexOutOfBoundsException: Index 2 out of bounds for length 1
	at com.Replatform.qa.Fax.test.TC11_AdminPortal_Faxes_Assignments_VerifyMarkAsOutTest.Verify_Assignments_MarkAsOutAndCancelOut(TC11_AdminPortal_Faxes_Assignments_VerifyMarkAsOutTest.java:121)
	at java.base/jdk.internal.reflect.NativeMethodAccessorImpl.invoke0(Native Method)
	at java.base/jdk.internal.reflect.NativeMethodAccessorImpl.invoke(NativeMethodAccessorImpl.java:78)
	at java.base/jdk.internal.reflect.DelegatingMethodAccessorImpl.invoke(DelegatingMethodAccessorImpl.java:43)
	at java.base/java.lang.reflect.Method.invoke(Method.java:567)
	at org.testng.internal.MethodInvocationHelper.invokeMethod(MethodInvocationHelper.java:133)
	at org.testng.internal.TestInvoker.invokeMethod(TestInvoker.java:598)
	at org.testng.internal.TestInvoker.invokeTestMethod(TestInvoker.java:173)
	at org.testng.internal.MethodRunner.runInSequence(MethodRunner.java:46)
	at org.testng.internal.TestInvoker$MethodInvocationAgent.invoke(TestInvoker.java:824)
	at org.testng.internal.TestInvoker.invokeTestMethods(TestInvoker.java:146)
	at org.testng.internal.TestMethodWorker.invokeTestMethods(TestMethodWorker.java:146)
	at org.testng.internal.TestMethodWorker.run(TestMethodWorker.java:128)
	at java.base/java.util.ArrayList.forEach(ArrayList.java:1511)
	at org.testng.TestRunner.privateRun(TestRunner.java:794)
	at org.testng.TestRunner.run(TestRunner.java:596)
	at org.testng.SuiteRunner.runTest(SuiteRunner.java:377)
	at org.testng.SuiteRunner.runSequentially(SuiteRunner.java:371)
	at org.testng.SuiteRunner.privateRun(SuiteRunner.java:332)
	at org.testng.SuiteRunner.run(SuiteRunner.java:276)
	at org.testng.SuiteRunnerWorker.runSuite(SuiteRunnerWorker.java:53)
	at org.testng.SuiteRunnerWorker.run(SuiteRunnerWorker.java:96)
	at org.testng.TestNG.runSuitesSequentially(TestNG.java:1212)
	at org.testng.TestNG.runSuitesLocally(TestNG.java:1134)
	at org.testng.TestNG.runSuites(TestNG.java:1063)
	at org.testng.TestNG.run(TestNG.java:1031)
	at org.testng.remote.AbstractRemoteTestNG.run(AbstractRemoteTestNG.java:115)
	at org.testng.remote.RemoteTestNG.initAndRun(RemoteTestNG.java:251)
	at org.testng.remote.RemoteTestNG.main(RemoteTestNG.java:77)
</pre></div><a href='#' onClick='toggleBox("stack-trace12743457", this, "Click to show all stack frames", "Click to hide stack frames")'>Click to show all stack frames</a>
<div class='stack-trace' id='stack-trace12743457'><pre>java.lang.ArrayIndexOutOfBoundsException: Index 2 out of bounds for length 1
	at com.Replatform.qa.Fax.test.TC11_AdminPortal_Faxes_Assignments_VerifyMarkAsOutTest.Verify_Assignments_MarkAsOutAndCancelOut(TC11_AdminPortal_Faxes_Assignments_VerifyMarkAsOutTest.java:121)
	at java.base/jdk.internal.reflect.NativeMethodAccessorImpl.invoke0(Native Method)
	at java.base/jdk.internal.reflect.NativeMethodAccessorImpl.invoke(NativeMethodAccessorImpl.java:78)
	at java.base/jdk.internal.reflect.DelegatingMethodAccessorImpl.invoke(DelegatingMethodAccessorImpl.java:43)
	at java.base/java.lang.reflect.Method.invoke(Method.java:567)
	at org.testng.internal.MethodInvocationHelper.invokeMethod(MethodInvocationHelper.java:133)
	at org.testng.internal.TestInvoker.invokeMethod(TestInvoker.java:598)
	at org.testng.internal.TestInvoker.invokeTestMethod(TestInvoker.java:173)
	at org.testng.internal.MethodRunner.runInSequence(MethodRunner.java:46)
	at org.testng.internal.TestInvoker$MethodInvocationAgent.invoke(TestInvoker.java:824)
	at org.testng.internal.TestInvoker.invokeTestMethods(TestInvoker.java:146)
	at org.testng.internal.TestMethodWorker.invokeTestMethods(TestMethodWorker.java:146)
	at org.testng.internal.TestMethodWorker.run(TestMethodWorker.java:128)
	at java.base/java.util.ArrayList.forEach(ArrayList.java:1511)
	at org.testng.TestRunner.privateRun(TestRunner.java:794)
	at org.testng.TestRunner.run(TestRunner.java:596)
	at org.testng.SuiteRunner.runTest(SuiteRunner.java:377)
	at org.testng.SuiteRunner.runSequentially(SuiteRunner.java:371)
	at org.testng.SuiteRunner.privateRun(SuiteRunner.java:332)
	at org.testng.SuiteRunner.run(SuiteRunner.java:276)
	at org.testng.SuiteRunnerWorker.runSuite(SuiteRunnerWorker.java:53)
	at org.testng.SuiteRunnerWorker.run(SuiteRunnerWorker.java:96)
	at org.testng.TestNG.runSuitesSequentially(TestNG.java:1212)
	at org.testng.TestNG.runSuitesLocally(TestNG.java:1134)
	at org.testng.TestNG.runSuites(TestNG.java:1063)
	at org.testng.TestNG.run(TestNG.java:1031)
	at org.testng.remote.AbstractRemoteTestNG.run(AbstractRemoteTestNG.java:115)
	at org.testng.remote.RemoteTestNG.initAndRun(RemoteTestNG.java:251)
	at org.testng.remote.RemoteTestNG.main(RemoteTestNG.java:77)
</pre></div></td>
<td>38</td>
<td>com.Replatform.qa.Fax.test.TC11_AdminPortal_Faxes_Assignments_VerifyMarkAsOutTest@68f1b89</td></tr>
<tr>
<td title='com.qa.regression.adminportal.patients.tests.TC29_AdminPortal_TreatmentsTab_VerifyBOAvailabilityInDropdown.verifyPrimaryBOAfterPatientMatchedWithBO_DrugReimbursement()'><b>verifyPrimaryBOAfterPatientMatchedWithBO_DrugReimbursement</b><br>Test class: com.qa.regression.adminportal.patients.tests.TC29_AdminPortal_TreatmentsTab_VerifyBOAvailabilityInDropdown<br>Test method: Verify the availability of Primary BO after patient is matched with a BO </td>
<td><div><pre>org.openqa.selenium.NoSuchElementException: no such element: Unable to locate element: {&quot;method&quot;:&quot;xpath&quot;,&quot;selector&quot;:&quot;//app-enrollment-success/p[5]&quot;}
  (Session info: chrome=98.0.4758.82)
For documentation on this error, please visit: https://www.seleniumhq.org/exceptions/no_such_element.html
Build info: version: &apos;3.141.59&apos;, revision: &apos;e82be7d358&apos;, time: &apos;2018-11-14T08:17:03&apos;
System info: host: &apos;LPANDIRI-E7440&apos;, ip: &apos;10.5.220.115&apos;, os.name: &apos;Windows 10&apos;, os.arch: &apos;amd64&apos;, os.version: &apos;10.0&apos;, java.version: &apos;16.0.2&apos;
Driver info: org.openqa.selenium.chrome.ChromeDriver
Capabilities {acceptInsecureCerts: false, browserName: chrome, browserVersion: 98.0.4758.82, chrome: {chromedriverVersion: 97.0.4692.71 (adefa7837d02a..., userDataDir: C:\Users\LAHARI~1.PAN\AppDa...}, goog:chromeOptions: {debuggerAddress: localhost:55516}, javascriptEnabled: true, networkConnectionEnabled: false, pageLoadStrategy: normal, platform: WINDOWS, platformName: WINDOWS, proxy: Proxy(), setWindowRect: true, strictFileInteractability: false, timeouts: {implicit: 0, pageLoad: 300000, script: 30000}, unhandledPromptBehavior: dismiss and notify, webauthn:extension:credBlob: true, webauthn:extension:largeBlob: true, webauthn:virtualAuthenticators: true}
Session ID: 1f37678705e5437329c206a97d29ee49
*** Element info: {Using=xpath, value=//app-enrollment-success/p[5]}
	at java.base/jdk.internal.reflect.NativeConstructorAccessorImpl.newInstance0(Native Method)
	at java.base/jdk.internal.reflect.NativeConstructorAccessorImpl.newInstance(NativeConstructorAccessorImpl.java:78)
	at java.base/jdk.internal.reflect.DelegatingConstructorAccessorImpl.newInstance(DelegatingConstructorAccessorImpl.java:45)
	at java.base/java.lang.reflect.Constructor.newInstanceWithCaller(Constructor.java:499)
	at java.base/java.lang.reflect.Constructor.newInstance(Constructor.java:480)
	at org.openqa.selenium.remote.http.W3CHttpResponseCodec.createException(W3CHttpResponseCodec.java:187)
	at org.openqa.selenium.remote.http.W3CHttpResponseCodec.decode(W3CHttpResponseCodec.java:122)
	at org.openqa.selenium.remote.http.W3CHttpResponseCodec.decode(W3CHttpResponseCodec.java:49)
	at org.openqa.selenium.remote.HttpCommandExecutor.execute(HttpCommandExecutor.java:158)
	at org.openqa.selenium.remote.service.DriverCommandExecutor.execute(DriverCommandExecutor.java:83)
	at org.openqa.selenium.remote.RemoteWebDriver.execute(RemoteWebDriver.java:552)
	at org.openqa.selenium.remote.RemoteWebDriver.findElement(RemoteWebDriver.java:323)
	at org.openqa.selenium.remote.RemoteWebDriver.findElementByXPath(RemoteWebDriver.java:428)
	at org.openqa.selenium.By$ByXPath.findElement(By.java:353)
	at org.openqa.selenium.remote.RemoteWebDriver.findElement(RemoteWebDriver.java:315)
	at com.juno.qa.pages.HubHomeLoginLogoutPage.GetMemberId(HubHomeLoginLogoutPage.java:1164)
	at com.juno.qa.pages.HubHomeLoginLogoutPage.LucentisEnrollInPateintPortal(HubHomeLoginLogoutPage.java:2521)
	at com.qa.regression.adminportal.patients.tests.TC29_AdminPortal_TreatmentsTab_VerifyBOAvailabilityInDropdown.verifyPrimaryBOAfterPatientMatchedWithBO_DrugReimbursement(TC29_AdminPortal_TreatmentsTab_VerifyBOAvailabilityInDropdown.java:90)
	at java.base/jdk.internal.reflect.NativeMethodAccessorImpl.invoke0(Native Method)
	at java.base/jdk.internal.reflect.NativeMethodAccessorImpl.invoke(NativeMethodAccessorImpl.java:78)
	at java.base/jdk.internal.reflect.DelegatingMethodAccessorImpl.invoke(DelegatingMethodAccessorImpl.java:43)
	at java.base/java.lang.reflect.Method.invoke(Method.java:567)
	at org.testng.internal.MethodInvocationHelper.invokeMethod(MethodInvocationHelper.java:133)
	at org.testng.internal.TestInvoker.invokeMethod(TestInvoker.java:598)
	at org.testng.internal.TestInvoker.invokeTestMethod(TestInvoker.java:173)
	at org.testng.internal.MethodRunner.runInSequence(MethodRunner.java:46)
	at org.testng.internal.TestInvoker$MethodInvocationAgent.invoke(TestInvoker.java:824)
	at org.testng.internal.TestInvoker.invokeTestMethods(TestInvoker.java:146)
	at org.testng.internal.TestMethodWorker.invokeTestMethods(TestMethodWorker.java:146)
	at org.testng.internal.TestMethodWorker.run(TestMethodWorker.java:128)
	at java.base/java.util.ArrayList.forEach(ArrayList.java:1511)
	at org.testng.TestRunner.privateRun(TestRunner.java:794)
	at org.testng.TestRunner.run(TestRunner.java:596)
	at org.testng.SuiteRunner.runTest(SuiteRunner.java:377)
	at org.testng.SuiteRunner.runSequentially(SuiteRunner.java:371)
	at org.testng.SuiteRunner.privateRun(SuiteRunner.java:332)
	at org.testng.SuiteRunner.run(SuiteRunner.java:276)
	at org.testng.SuiteRunnerWorker.runSuite(SuiteRunnerWorker.java:53)
	at org.testng.SuiteRunnerWorker.run(SuiteRunnerWorker.java:96)
	at org.testng.TestNG.runSuitesSequentially(TestNG.java:1212)
	at org.testng.TestNG.runSuitesLocally(TestNG.java:1134)
	at org.testng.TestNG.runSuites(TestNG.java:1063)
	at org.testng.TestNG.run(TestNG.java:1031)
	at org.testng.remote.AbstractRemoteTestNG.run(AbstractRemoteTestNG.java:115)
	at org.testng.remote.RemoteTestNG.initAndRun(RemoteTestNG.java:251)
	at org.testng.remote.RemoteTestNG.main(RemoteTestNG.java:77)
</pre></div><a href='#' onClick='toggleBox("stack-trace306001976", this, "Click to show all stack frames", "Click to hide stack frames")'>Click to show all stack frames</a>
<div class='stack-trace' id='stack-trace306001976'><pre>org.openqa.selenium.NoSuchElementException: no such element: Unable to locate element: {&quot;method&quot;:&quot;xpath&quot;,&quot;selector&quot;:&quot;//app-enrollment-success/p[5]&quot;}
  (Session info: chrome=98.0.4758.82)
For documentation on this error, please visit: https://www.seleniumhq.org/exceptions/no_such_element.html
Build info: version: &apos;3.141.59&apos;, revision: &apos;e82be7d358&apos;, time: &apos;2018-11-14T08:17:03&apos;
System info: host: &apos;LPANDIRI-E7440&apos;, ip: &apos;10.5.220.115&apos;, os.name: &apos;Windows 10&apos;, os.arch: &apos;amd64&apos;, os.version: &apos;10.0&apos;, java.version: &apos;16.0.2&apos;
Driver info: org.openqa.selenium.chrome.ChromeDriver
Capabilities {acceptInsecureCerts: false, browserName: chrome, browserVersion: 98.0.4758.82, chrome: {chromedriverVersion: 97.0.4692.71 (adefa7837d02a..., userDataDir: C:\Users\LAHARI~1.PAN\AppDa...}, goog:chromeOptions: {debuggerAddress: localhost:55516}, javascriptEnabled: true, networkConnectionEnabled: false, pageLoadStrategy: normal, platform: WINDOWS, platformName: WINDOWS, proxy: Proxy(), setWindowRect: true, strictFileInteractability: false, timeouts: {implicit: 0, pageLoad: 300000, script: 30000}, unhandledPromptBehavior: dismiss and notify, webauthn:extension:credBlob: true, webauthn:extension:largeBlob: true, webauthn:virtualAuthenticators: true}
Session ID: 1f37678705e5437329c206a97d29ee49
*** Element info: {Using=xpath, value=//app-enrollment-success/p[5]}
	at java.base/jdk.internal.reflect.NativeConstructorAccessorImpl.newInstance0(Native Method)
	at java.base/jdk.internal.reflect.NativeConstructorAccessorImpl.newInstance(NativeConstructorAccessorImpl.java:78)
	at java.base/jdk.internal.reflect.DelegatingConstructorAccessorImpl.newInstance(DelegatingConstructorAccessorImpl.java:45)
	at java.base/java.lang.reflect.Constructor.newInstanceWithCaller(Constructor.java:499)
	at java.base/java.lang.reflect.Constructor.newInstance(Constructor.java:480)
	at org.openqa.selenium.remote.http.W3CHttpResponseCodec.createException(W3CHttpResponseCodec.java:187)
	at org.openqa.selenium.remote.http.W3CHttpResponseCodec.decode(W3CHttpResponseCodec.java:122)
	at org.openqa.selenium.remote.http.W3CHttpResponseCodec.decode(W3CHttpResponseCodec.java:49)
	at org.openqa.selenium.remote.HttpCommandExecutor.execute(HttpCommandExecutor.java:158)
	at org.openqa.selenium.remote.service.DriverCommandExecutor.execute(DriverCommandExecutor.java:83)
	at org.openqa.selenium.remote.RemoteWebDriver.execute(RemoteWebDriver.java:552)
	at org.openqa.selenium.remote.RemoteWebDriver.findElement(RemoteWebDriver.java:323)
	at org.openqa.selenium.remote.RemoteWebDriver.findElementByXPath(RemoteWebDriver.java:428)
	at org.openqa.selenium.By$ByXPath.findElement(By.java:353)
	at org.openqa.selenium.remote.RemoteWebDriver.findElement(RemoteWebDriver.java:315)
	at com.juno.qa.pages.HubHomeLoginLogoutPage.GetMemberId(HubHomeLoginLogoutPage.java:1164)
	at com.juno.qa.pages.HubHomeLoginLogoutPage.LucentisEnrollInPateintPortal(HubHomeLoginLogoutPage.java:2521)
	at com.qa.regression.adminportal.patients.tests.TC29_AdminPortal_TreatmentsTab_VerifyBOAvailabilityInDropdown.verifyPrimaryBOAfterPatientMatchedWithBO_DrugReimbursement(TC29_AdminPortal_TreatmentsTab_VerifyBOAvailabilityInDropdown.java:90)
	at java.base/jdk.internal.reflect.NativeMethodAccessorImpl.invoke0(Native Method)
	at java.base/jdk.internal.reflect.NativeMethodAccessorImpl.invoke(NativeMethodAccessorImpl.java:78)
	at java.base/jdk.internal.reflect.DelegatingMethodAccessorImpl.invoke(DelegatingMethodAccessorImpl.java:43)
	at java.base/java.lang.reflect.Method.invoke(Method.java:567)
	at org.testng.internal.MethodInvocationHelper.invokeMethod(MethodInvocationHelper.java:133)
	at org.testng.internal.TestInvoker.invokeMethod(TestInvoker.java:598)
	at org.testng.internal.TestInvoker.invokeTestMethod(TestInvoker.java:173)
	at org.testng.internal.MethodRunner.runInSequence(MethodRunner.java:46)
	at org.testng.internal.TestInvoker$MethodInvocationAgent.invoke(TestInvoker.java:824)
	at org.testng.internal.TestInvoker.invokeTestMethods(TestInvoker.java:146)
	at org.testng.internal.TestMethodWorker.invokeTestMethods(TestMethodWorker.java:146)
	at org.testng.internal.TestMethodWorker.run(TestMethodWorker.java:128)
	at java.base/java.util.ArrayList.forEach(ArrayList.java:1511)
	at org.testng.TestRunner.privateRun(TestRunner.java:794)
	at org.testng.TestRunner.run(TestRunner.java:596)
	at org.testng.SuiteRunner.runTest(SuiteRunner.java:377)
	at org.testng.SuiteRunner.runSequentially(SuiteRunner.java:371)
	at org.testng.SuiteRunner.privateRun(SuiteRunner.java:332)
	at org.testng.SuiteRunner.run(SuiteRunner.java:276)
	at org.testng.SuiteRunnerWorker.runSuite(SuiteRunnerWorker.java:53)
	at org.testng.SuiteRunnerWorker.run(SuiteRunnerWorker.java:96)
	at org.testng.TestNG.runSuitesSequentially(TestNG.java:1212)
	at org.testng.TestNG.runSuitesLocally(TestNG.java:1134)
	at org.testng.TestNG.runSuites(TestNG.java:1063)
	at org.testng.TestNG.run(TestNG.java:1031)
	at org.testng.remote.AbstractRemoteTestNG.run(AbstractRemoteTestNG.java:115)
	at org.testng.remote.RemoteTestNG.initAndRun(RemoteTestNG.java:251)
	at org.testng.remote.RemoteTestNG.main(RemoteTestNG.java:77)
</pre></div></td>
<td>184</td>
<td>com.qa.regression.adminportal.patients.tests.TC29_AdminPortal_TreatmentsTab_VerifyBOAvailabilityInDropdown@54f6b629</td></tr>
<tr>
<td title='com.adminXolair.qa.providerstest.tests.TC12_AdminPortal_PG_GP_VerifyAbilityToUpdateNotesInGPTest.VerifyUpdatingNotesToGP()'><b>VerifyUpdatingNotesToGP</b><br>Test class: com.adminXolair.qa.providerstest.tests.TC12_AdminPortal_PG_GP_VerifyAbilityToUpdateNotesInGPTest<br>Test method: verify the ability to update notes for a GP</td>
<td><div><pre>org.openqa.selenium.NoSuchElementException: no such element: Unable to locate element: {&quot;method&quot;:&quot;xpath&quot;,&quot;selector&quot;:&quot;//*[@id=&apos;providers-list&apos;]/tbody/tr//*[@name=&apos;Review&apos;]&quot;}
  (Session info: chrome=98.0.4758.82)
For documentation on this error, please visit: https://www.seleniumhq.org/exceptions/no_such_element.html
Build info: version: &apos;3.141.59&apos;, revision: &apos;e82be7d358&apos;, time: &apos;2018-11-14T08:17:03&apos;
System info: host: &apos;LPANDIRI-E7440&apos;, ip: &apos;10.5.220.115&apos;, os.name: &apos;Windows 10&apos;, os.arch: &apos;amd64&apos;, os.version: &apos;10.0&apos;, java.version: &apos;16.0.2&apos;
Driver info: org.openqa.selenium.chrome.ChromeDriver
Capabilities {acceptInsecureCerts: false, browserName: chrome, browserVersion: 98.0.4758.82, chrome: {chromedriverVersion: 97.0.4692.71 (adefa7837d02a..., userDataDir: C:\Users\LAHARI~1.PAN\AppDa...}, goog:chromeOptions: {debuggerAddress: localhost:60748}, javascriptEnabled: true, networkConnectionEnabled: false, pageLoadStrategy: normal, platform: WINDOWS, platformName: WINDOWS, proxy: Proxy(), setWindowRect: true, strictFileInteractability: false, timeouts: {implicit: 0, pageLoad: 300000, script: 30000}, unhandledPromptBehavior: dismiss and notify, webauthn:extension:credBlob: true, webauthn:extension:largeBlob: true, webauthn:virtualAuthenticators: true}
Session ID: 1858761d3d13e41d2f7df09249a83e1a
*** Element info: {Using=xpath, value=//*[@id=&apos;providers-list&apos;]/tbody/tr//*[@name=&apos;Review&apos;]}
	at java.base/jdk.internal.reflect.NativeConstructorAccessorImpl.newInstance0(Native Method)
	at java.base/jdk.internal.reflect.NativeConstructorAccessorImpl.newInstance(NativeConstructorAccessorImpl.java:78)
	at java.base/jdk.internal.reflect.DelegatingConstructorAccessorImpl.newInstance(DelegatingConstructorAccessorImpl.java:45)
	at java.base/java.lang.reflect.Constructor.newInstanceWithCaller(Constructor.java:499)
	at java.base/java.lang.reflect.Constructor.newInstance(Constructor.java:480)
	at org.openqa.selenium.remote.http.W3CHttpResponseCodec.createException(W3CHttpResponseCodec.java:187)
	at org.openqa.selenium.remote.http.W3CHttpResponseCodec.decode(W3CHttpResponseCodec.java:122)
	at org.openqa.selenium.remote.http.W3CHttpResponseCodec.decode(W3CHttpResponseCodec.java:49)
	at org.openqa.selenium.remote.HttpCommandExecutor.execute(HttpCommandExecutor.java:158)
	at org.openqa.selenium.remote.service.DriverCommandExecutor.execute(DriverCommandExecutor.java:83)
	at org.openqa.selenium.remote.RemoteWebDriver.execute(RemoteWebDriver.java:552)
	at org.openqa.selenium.remote.RemoteWebDriver.findElement(RemoteWebDriver.java:323)
	at org.openqa.selenium.remote.RemoteWebDriver.findElementByXPath(RemoteWebDriver.java:428)
	at org.openqa.selenium.By$ByXPath.findElement(By.java:353)
	at org.openqa.selenium.remote.RemoteWebDriver.findElement(RemoteWebDriver.java:315)
	at com.juno.qa.pages.AdminPortal_PG_GP_FindPage.FirstReviewLinkInSearchGrid(AdminPortal_PG_GP_FindPage.java:194)
	at com.adminXolair.qa.providerstest.tests.TC12_AdminPortal_PG_GP_VerifyAbilityToUpdateNotesInGPTest.VerifyUpdatingNotesToGP(TC12_AdminPortal_PG_GP_VerifyAbilityToUpdateNotesInGPTest.java:100)
	at java.base/jdk.internal.reflect.NativeMethodAccessorImpl.invoke0(Native Method)
	at java.base/jdk.internal.reflect.NativeMethodAccessorImpl.invoke(NativeMethodAccessorImpl.java:78)
	at java.base/jdk.internal.reflect.DelegatingMethodAccessorImpl.invoke(DelegatingMethodAccessorImpl.java:43)
	at java.base/java.lang.reflect.Method.invoke(Method.java:567)
	at org.testng.internal.MethodInvocationHelper.invokeMethod(MethodInvocationHelper.java:133)
	at org.testng.internal.TestInvoker.invokeMethod(TestInvoker.java:598)
	at org.testng.internal.TestInvoker.invokeTestMethod(TestInvoker.java:173)
	at org.testng.internal.MethodRunner.runInSequence(MethodRunner.java:46)
	at org.testng.internal.TestInvoker$MethodInvocationAgent.invoke(TestInvoker.java:824)
	at org.testng.internal.TestInvoker.invokeTestMethods(TestInvoker.java:146)
	at org.testng.internal.TestMethodWorker.invokeTestMethods(TestMethodWorker.java:146)
	at org.testng.internal.TestMethodWorker.run(TestMethodWorker.java:128)
	at java.base/java.util.ArrayList.forEach(ArrayList.java:1511)
	at org.testng.TestRunner.privateRun(TestRunner.java:794)
	at org.testng.TestRunner.run(TestRunner.java:596)
	at org.testng.SuiteRunner.runTest(SuiteRunner.java:377)
	at org.testng.SuiteRunner.runSequentially(SuiteRunner.java:371)
	at org.testng.SuiteRunner.privateRun(SuiteRunner.java:332)
	at org.testng.SuiteRunner.run(SuiteRunner.java:276)
	at org.testng.SuiteRunnerWorker.runSuite(SuiteRunnerWorker.java:53)
	at org.testng.SuiteRunnerWorker.run(SuiteRunnerWorker.java:96)
	at org.testng.TestNG.runSuitesSequentially(TestNG.java:1212)
	at org.testng.TestNG.runSuitesLocally(TestNG.java:1134)
	at org.testng.TestNG.runSuites(TestNG.java:1063)
	at org.testng.TestNG.run(TestNG.java:1031)
	at org.testng.remote.AbstractRemoteTestNG.run(AbstractRemoteTestNG.java:115)
	at org.testng.remote.RemoteTestNG.initAndRun(RemoteTestNG.java:251)
	at org.testng.remote.RemoteTestNG.main(RemoteTestNG.java:77)
</pre></div><a href='#' onClick='toggleBox("stack-trace595546906", this, "Click to show all stack frames", "Click to hide stack frames")'>Click to show all stack frames</a>
<div class='stack-trace' id='stack-trace595546906'><pre>org.openqa.selenium.NoSuchElementException: no such element: Unable to locate element: {&quot;method&quot;:&quot;xpath&quot;,&quot;selector&quot;:&quot;//*[@id=&apos;providers-list&apos;]/tbody/tr//*[@name=&apos;Review&apos;]&quot;}
  (Session info: chrome=98.0.4758.82)
For documentation on this error, please visit: https://www.seleniumhq.org/exceptions/no_such_element.html
Build info: version: &apos;3.141.59&apos;, revision: &apos;e82be7d358&apos;, time: &apos;2018-11-14T08:17:03&apos;
System info: host: &apos;LPANDIRI-E7440&apos;, ip: &apos;10.5.220.115&apos;, os.name: &apos;Windows 10&apos;, os.arch: &apos;amd64&apos;, os.version: &apos;10.0&apos;, java.version: &apos;16.0.2&apos;
Driver info: org.openqa.selenium.chrome.ChromeDriver
Capabilities {acceptInsecureCerts: false, browserName: chrome, browserVersion: 98.0.4758.82, chrome: {chromedriverVersion: 97.0.4692.71 (adefa7837d02a..., userDataDir: C:\Users\LAHARI~1.PAN\AppDa...}, goog:chromeOptions: {debuggerAddress: localhost:60748}, javascriptEnabled: true, networkConnectionEnabled: false, pageLoadStrategy: normal, platform: WINDOWS, platformName: WINDOWS, proxy: Proxy(), setWindowRect: true, strictFileInteractability: false, timeouts: {implicit: 0, pageLoad: 300000, script: 30000}, unhandledPromptBehavior: dismiss and notify, webauthn:extension:credBlob: true, webauthn:extension:largeBlob: true, webauthn:virtualAuthenticators: true}
Session ID: 1858761d3d13e41d2f7df09249a83e1a
*** Element info: {Using=xpath, value=//*[@id=&apos;providers-list&apos;]/tbody/tr//*[@name=&apos;Review&apos;]}
	at java.base/jdk.internal.reflect.NativeConstructorAccessorImpl.newInstance0(Native Method)
	at java.base/jdk.internal.reflect.NativeConstructorAccessorImpl.newInstance(NativeConstructorAccessorImpl.java:78)
	at java.base/jdk.internal.reflect.DelegatingConstructorAccessorImpl.newInstance(DelegatingConstructorAccessorImpl.java:45)
	at java.base/java.lang.reflect.Constructor.newInstanceWithCaller(Constructor.java:499)
	at java.base/java.lang.reflect.Constructor.newInstance(Constructor.java:480)
	at org.openqa.selenium.remote.http.W3CHttpResponseCodec.createException(W3CHttpResponseCodec.java:187)
	at org.openqa.selenium.remote.http.W3CHttpResponseCodec.decode(W3CHttpResponseCodec.java:122)
	at org.openqa.selenium.remote.http.W3CHttpResponseCodec.decode(W3CHttpResponseCodec.java:49)
	at org.openqa.selenium.remote.HttpCommandExecutor.execute(HttpCommandExecutor.java:158)
	at org.openqa.selenium.remote.service.DriverCommandExecutor.execute(DriverCommandExecutor.java:83)
	at org.openqa.selenium.remote.RemoteWebDriver.execute(RemoteWebDriver.java:552)
	at org.openqa.selenium.remote.RemoteWebDriver.findElement(RemoteWebDriver.java:323)
	at org.openqa.selenium.remote.RemoteWebDriver.findElementByXPath(RemoteWebDriver.java:428)
	at org.openqa.selenium.By$ByXPath.findElement(By.java:353)
	at org.openqa.selenium.remote.RemoteWebDriver.findElement(RemoteWebDriver.java:315)
	at com.juno.qa.pages.AdminPortal_PG_GP_FindPage.FirstReviewLinkInSearchGrid(AdminPortal_PG_GP_FindPage.java:194)
	at com.adminXolair.qa.providerstest.tests.TC12_AdminPortal_PG_GP_VerifyAbilityToUpdateNotesInGPTest.VerifyUpdatingNotesToGP(TC12_AdminPortal_PG_GP_VerifyAbilityToUpdateNotesInGPTest.java:100)
	at java.base/jdk.internal.reflect.NativeMethodAccessorImpl.invoke0(Native Method)
	at java.base/jdk.internal.reflect.NativeMethodAccessorImpl.invoke(NativeMethodAccessorImpl.java:78)
	at java.base/jdk.internal.reflect.DelegatingMethodAccessorImpl.invoke(DelegatingMethodAccessorImpl.java:43)
	at java.base/java.lang.reflect.Method.invoke(Method.java:567)
	at org.testng.internal.MethodInvocationHelper.invokeMethod(MethodInvocationHelper.java:133)
	at org.testng.internal.TestInvoker.invokeMethod(TestInvoker.java:598)
	at org.testng.internal.TestInvoker.invokeTestMethod(TestInvoker.java:173)
	at org.testng.internal.MethodRunner.runInSequence(MethodRunner.java:46)
	at org.testng.internal.TestInvoker$MethodInvocationAgent.invoke(TestInvoker.java:824)
	at org.testng.internal.TestInvoker.invokeTestMethods(TestInvoker.java:146)
	at org.testng.internal.TestMethodWorker.invokeTestMethods(TestMethodWorker.java:146)
	at org.testng.internal.TestMethodWorker.run(TestMethodWorker.java:128)
	at java.base/java.util.ArrayList.forEach(ArrayList.java:1511)
	at org.testng.TestRunner.privateRun(TestRunner.java:794)
	at org.testng.TestRunner.run(TestRunner.java:596)
	at org.testng.SuiteRunner.runTest(SuiteRunner.java:377)
	at org.testng.SuiteRunner.runSequentially(SuiteRunner.java:371)
	at org.testng.SuiteRunner.privateRun(SuiteRunner.java:332)
	at org.testng.SuiteRunner.run(SuiteRunner.java:276)
	at org.testng.SuiteRunnerWorker.runSuite(SuiteRunnerWorker.java:53)
	at org.testng.SuiteRunnerWorker.run(SuiteRunnerWorker.java:96)
	at org.testng.TestNG.runSuitesSequentially(TestNG.java:1212)
	at org.testng.TestNG.runSuitesLocally(TestNG.java:1134)
	at org.testng.TestNG.runSuites(TestNG.java:1063)
	at org.testng.TestNG.run(TestNG.java:1031)
	at org.testng.remote.AbstractRemoteTestNG.run(AbstractRemoteTestNG.java:115)
	at org.testng.remote.RemoteTestNG.initAndRun(RemoteTestNG.java:251)
	at org.testng.remote.RemoteTestNG.main(RemoteTestNG.java:77)
</pre></div></td>
<td>74</td>
<td>com.adminXolair.qa.providerstest.tests.TC12_AdminPortal_PG_GP_VerifyAbilityToUpdateNotesInGPTest@24ac87a</td></tr>
<tr>
<td title='com.qa.regression.adminportal.patients.tests.TC31_AdminPortal_TreatmentsTab_VerifyAddNewBillingOfficeLink.VerifyAddNewBOLinkInTreatmentsTabForPatient()'><b>VerifyAddNewBOLinkInTreatmentsTabForPatient</b><br>Test class: com.qa.regression.adminportal.patients.tests.TC31_AdminPortal_TreatmentsTab_VerifyAddNewBillingOfficeLink<br>Test method: Verify the Add New Billing Office Link in treatments tab for a patient</td>
<td><div><pre>java.lang.AssertionError: expected [Select a Provider Type] but found [Billing Office]
	at org.testng.Assert.fail(Assert.java:99)
	at org.testng.Assert.failNotEquals(Assert.java:1037)
	at org.testng.Assert.assertEqualsImpl(Assert.java:140)
	at org.testng.Assert.assertEquals(Assert.java:122)
	at org.testng.Assert.assertEquals(Assert.java:629)
	at org.testng.Assert.assertEquals(Assert.java:639)
	at com.qa.regression.adminportal.patients.tests.TC31_AdminPortal_TreatmentsTab_VerifyAddNewBillingOfficeLink.VerifyAddNewBOLinkInTreatmentsTabForPatient(TC31_AdminPortal_TreatmentsTab_VerifyAddNewBillingOfficeLink.java:100)
	at java.base/jdk.internal.reflect.NativeMethodAccessorImpl.invoke0(Native Method)
	at java.base/jdk.internal.reflect.NativeMethodAccessorImpl.invoke(NativeMethodAccessorImpl.java:78)
	at java.base/jdk.internal.reflect.DelegatingMethodAccessorImpl.invoke(DelegatingMethodAccessorImpl.java:43)
	at java.base/java.lang.reflect.Method.invoke(Method.java:567)
	at org.testng.internal.MethodInvocationHelper.invokeMethod(MethodInvocationHelper.java:133)
	at org.testng.internal.TestInvoker.invokeMethod(TestInvoker.java:598)
	at org.testng.internal.TestInvoker.invokeTestMethod(TestInvoker.java:173)
	at org.testng.internal.MethodRunner.runInSequence(MethodRunner.java:46)
	at org.testng.internal.TestInvoker$MethodInvocationAgent.invoke(TestInvoker.java:824)
	at org.testng.internal.TestInvoker.invokeTestMethods(TestInvoker.java:146)
	at org.testng.internal.TestMethodWorker.invokeTestMethods(TestMethodWorker.java:146)
	at org.testng.internal.TestMethodWorker.run(TestMethodWorker.java:128)
	at java.base/java.util.ArrayList.forEach(ArrayList.java:1511)
	at org.testng.TestRunner.privateRun(TestRunner.java:794)
	at org.testng.TestRunner.run(TestRunner.java:596)
	at org.testng.SuiteRunner.runTest(SuiteRunner.java:377)
	at org.testng.SuiteRunner.runSequentially(SuiteRunner.java:371)
	at org.testng.SuiteRunner.privateRun(SuiteRunner.java:332)
	at org.testng.SuiteRunner.run(SuiteRunner.java:276)
	at org.testng.SuiteRunnerWorker.runSuite(SuiteRunnerWorker.java:53)
	at org.testng.SuiteRunnerWorker.run(SuiteRunnerWorker.java:96)
	at org.testng.TestNG.runSuitesSequentially(TestNG.java:1212)
	at org.testng.TestNG.runSuitesLocally(TestNG.java:1134)
	at org.testng.TestNG.runSuites(TestNG.java:1063)
	at org.testng.TestNG.run(TestNG.java:1031)
	at org.testng.remote.AbstractRemoteTestNG.run(AbstractRemoteTestNG.java:115)
	at org.testng.remote.RemoteTestNG.initAndRun(RemoteTestNG.java:251)
	at org.testng.remote.RemoteTestNG.main(RemoteTestNG.java:77)
</pre></div><a href='#' onClick='toggleBox("stack-trace903101810", this, "Click to show all stack frames", "Click to hide stack frames")'>Click to show all stack frames</a>
<div class='stack-trace' id='stack-trace903101810'><pre>java.lang.AssertionError: expected [Select a Provider Type] but found [Billing Office]
	at org.testng.Assert.fail(Assert.java:99)
	at org.testng.Assert.failNotEquals(Assert.java:1037)
	at org.testng.Assert.assertEqualsImpl(Assert.java:140)
	at org.testng.Assert.assertEquals(Assert.java:122)
	at org.testng.Assert.assertEquals(Assert.java:629)
	at org.testng.Assert.assertEquals(Assert.java:639)
	at com.qa.regression.adminportal.patients.tests.TC31_AdminPortal_TreatmentsTab_VerifyAddNewBillingOfficeLink.VerifyAddNewBOLinkInTreatmentsTabForPatient(TC31_AdminPortal_TreatmentsTab_VerifyAddNewBillingOfficeLink.java:100)
	at java.base/jdk.internal.reflect.NativeMethodAccessorImpl.invoke0(Native Method)
	at java.base/jdk.internal.reflect.NativeMethodAccessorImpl.invoke(NativeMethodAccessorImpl.java:78)
	at java.base/jdk.internal.reflect.DelegatingMethodAccessorImpl.invoke(DelegatingMethodAccessorImpl.java:43)
	at java.base/java.lang.reflect.Method.invoke(Method.java:567)
	at org.testng.internal.MethodInvocationHelper.invokeMethod(MethodInvocationHelper.java:133)
	at org.testng.internal.TestInvoker.invokeMethod(TestInvoker.java:598)
	at org.testng.internal.TestInvoker.invokeTestMethod(TestInvoker.java:173)
	at org.testng.internal.MethodRunner.runInSequence(MethodRunner.java:46)
	at org.testng.internal.TestInvoker$MethodInvocationAgent.invoke(TestInvoker.java:824)
	at org.testng.internal.TestInvoker.invokeTestMethods(TestInvoker.java:146)
	at org.testng.internal.TestMethodWorker.invokeTestMethods(TestMethodWorker.java:146)
	at org.testng.internal.TestMethodWorker.run(TestMethodWorker.java:128)
	at java.base/java.util.ArrayList.forEach(ArrayList.java:1511)
	at org.testng.TestRunner.privateRun(TestRunner.java:794)
	at org.testng.TestRunner.run(TestRunner.java:596)
	at org.testng.SuiteRunner.runTest(SuiteRunner.java:377)
	at org.testng.SuiteRunner.runSequentially(SuiteRunner.java:371)
	at org.testng.SuiteRunner.privateRun(SuiteRunner.java:332)
	at org.testng.SuiteRunner.run(SuiteRunner.java:276)
	at org.testng.SuiteRunnerWorker.runSuite(SuiteRunnerWorker.java:53)
	at org.testng.SuiteRunnerWorker.run(SuiteRunnerWorker.java:96)
	at org.testng.TestNG.runSuitesSequentially(TestNG.java:1212)
	at org.testng.TestNG.runSuitesLocally(TestNG.java:1134)
	at org.testng.TestNG.runSuites(TestNG.java:1063)
	at org.testng.TestNG.run(TestNG.java:1031)
	at org.testng.remote.AbstractRemoteTestNG.run(AbstractRemoteTestNG.java:115)
	at org.testng.remote.RemoteTestNG.initAndRun(RemoteTestNG.java:251)
	at org.testng.remote.RemoteTestNG.main(RemoteTestNG.java:77)
</pre></div></td>
<td>102</td>
<td>com.qa.regression.adminportal.patients.tests.TC31_AdminPortal_TreatmentsTab_VerifyAddNewBillingOfficeLink@6d6039df</td></tr>
<tr>
<td title='com.qa.regression.adminportal.patients.tests.TC44_AdminPortal_TreatmentsTab_VerifyClaimCreationF.VerifyClaimForMaxBalanceAvailable_DrugReimbursement_ACH()'><b>VerifyClaimForMaxBalanceAvailable_DrugReimbursement_ACH</b><br>Test class: com.qa.regression.adminportal.patients.tests.TC44_AdminPortal_TreatmentsTab_VerifyClaimCreationF<br>Test method: Rule#2; case#2: Verify that the treatment claim is accepted if patient's available benefits is greater than or equal to patient's responsibility for ACH</td>
<td><div><pre>org.openqa.selenium.NoSuchElementException: no such element: Unable to locate element: {&quot;method&quot;:&quot;css selector&quot;,&quot;selector&quot;:&quot;.search_display_box&quot;}
  (Session info: chrome=98.0.4758.82)
For documentation on this error, please visit: https://www.seleniumhq.org/exceptions/no_such_element.html
Build info: version: &apos;3.141.59&apos;, revision: &apos;e82be7d358&apos;, time: &apos;2018-11-14T08:17:03&apos;
System info: host: &apos;LPANDIRI-E7440&apos;, ip: &apos;10.5.220.115&apos;, os.name: &apos;Windows 10&apos;, os.arch: &apos;amd64&apos;, os.version: &apos;10.0&apos;, java.version: &apos;16.0.2&apos;
Driver info: org.openqa.selenium.chrome.ChromeDriver
Capabilities {acceptInsecureCerts: false, browserName: chrome, browserVersion: 98.0.4758.82, chrome: {chromedriverVersion: 97.0.4692.71 (adefa7837d02a..., userDataDir: C:\Users\LAHARI~1.PAN\AppDa...}, goog:chromeOptions: {debuggerAddress: localhost:57968}, javascriptEnabled: true, networkConnectionEnabled: false, pageLoadStrategy: normal, platform: WINDOWS, platformName: WINDOWS, proxy: Proxy(), setWindowRect: true, strictFileInteractability: false, timeouts: {implicit: 0, pageLoad: 300000, script: 30000}, unhandledPromptBehavior: dismiss and notify, webauthn:extension:credBlob: true, webauthn:extension:largeBlob: true, webauthn:virtualAuthenticators: true}
Session ID: e453fa1d3a1a23e1ab1f1b3329680a87
*** Element info: {Using=class name, value=search_display_box}
	at java.base/jdk.internal.reflect.NativeConstructorAccessorImpl.newInstance0(Native Method)
	at java.base/jdk.internal.reflect.NativeConstructorAccessorImpl.newInstance(NativeConstructorAccessorImpl.java:78)
	at java.base/jdk.internal.reflect.DelegatingConstructorAccessorImpl.newInstance(DelegatingConstructorAccessorImpl.java:45)
	at java.base/java.lang.reflect.Constructor.newInstanceWithCaller(Constructor.java:499)
	at java.base/java.lang.reflect.Constructor.newInstance(Constructor.java:480)
	at org.openqa.selenium.remote.http.W3CHttpResponseCodec.createException(W3CHttpResponseCodec.java:187)
	at org.openqa.selenium.remote.http.W3CHttpResponseCodec.decode(W3CHttpResponseCodec.java:122)
	at org.openqa.selenium.remote.http.W3CHttpResponseCodec.decode(W3CHttpResponseCodec.java:49)
	at org.openqa.selenium.remote.HttpCommandExecutor.execute(HttpCommandExecutor.java:158)
	at org.openqa.selenium.remote.service.DriverCommandExecutor.execute(DriverCommandExecutor.java:83)
	at org.openqa.selenium.remote.RemoteWebDriver.execute(RemoteWebDriver.java:552)
	at org.openqa.selenium.remote.RemoteWebDriver.findElement(RemoteWebDriver.java:323)
	at org.openqa.selenium.remote.RemoteWebDriver.findElementByClassName(RemoteWebDriver.java:412)
	at org.openqa.selenium.By$ByClassName.findElement(By.java:389)
	at org.openqa.selenium.remote.RemoteWebDriver.findElement(RemoteWebDriver.java:315)
	at com.juno.qa.pages.AdminPortal_Patients_TreatmentsPage.SearchDisplayBox(AdminPortal_Patients_TreatmentsPage.java:233)
	at com.juno.qa.pages.AdminPortal_Patients_TreatmentsPage.AddFaxInformationAndTreatmentToEnrolledPatientForMaxPatientResponsibility(AdminPortal_Patients_TreatmentsPage.java:2441)
	at com.qa.regression.adminportal.patients.tests.TC44_AdminPortal_TreatmentsTab_VerifyClaimCreationF.VerifyClaimForMaxBalanceAvailable_DrugReimbursement_ACH(TC44_AdminPortal_TreatmentsTab_VerifyClaimCreationF.java:204)
	at java.base/jdk.internal.reflect.NativeMethodAccessorImpl.invoke0(Native Method)
	at java.base/jdk.internal.reflect.NativeMethodAccessorImpl.invoke(NativeMethodAccessorImpl.java:78)
	at java.base/jdk.internal.reflect.DelegatingMethodAccessorImpl.invoke(DelegatingMethodAccessorImpl.java:43)
	at java.base/java.lang.reflect.Method.invoke(Method.java:567)
	at org.testng.internal.MethodInvocationHelper.invokeMethod(MethodInvocationHelper.java:133)
	at org.testng.internal.TestInvoker.invokeMethod(TestInvoker.java:598)
	at org.testng.internal.TestInvoker.invokeTestMethod(TestInvoker.java:173)
	at org.testng.internal.MethodRunner.runInSequence(MethodRunner.java:46)
	at org.testng.internal.TestInvoker$MethodInvocationAgent.invoke(TestInvoker.java:824)
	at org.testng.internal.TestInvoker.invokeTestMethods(TestInvoker.java:146)
	at org.testng.internal.TestMethodWorker.invokeTestMethods(TestMethodWorker.java:146)
	at org.testng.internal.TestMethodWorker.run(TestMethodWorker.java:128)
	at java.base/java.util.ArrayList.forEach(ArrayList.java:1511)
	at org.testng.TestRunner.privateRun(TestRunner.java:794)
	at org.testng.TestRunner.run(TestRunner.java:596)
	at org.testng.SuiteRunner.runTest(SuiteRunner.java:377)
	at org.testng.SuiteRunner.runSequentially(SuiteRunner.java:371)
	at org.testng.SuiteRunner.privateRun(SuiteRunner.java:332)
	at org.testng.SuiteRunner.run(SuiteRunner.java:276)
	at org.testng.SuiteRunnerWorker.runSuite(SuiteRunnerWorker.java:53)
	at org.testng.SuiteRunnerWorker.run(SuiteRunnerWorker.java:96)
	at org.testng.TestNG.runSuitesSequentially(TestNG.java:1212)
	at org.testng.TestNG.runSuitesLocally(TestNG.java:1134)
	at org.testng.TestNG.runSuites(TestNG.java:1063)
	at org.testng.TestNG.run(TestNG.java:1031)
	at org.testng.remote.AbstractRemoteTestNG.run(AbstractRemoteTestNG.java:115)
	at org.testng.remote.RemoteTestNG.initAndRun(RemoteTestNG.java:251)
	at org.testng.remote.RemoteTestNG.main(RemoteTestNG.java:77)
</pre></div><a href='#' onClick='toggleBox("stack-trace1701335300", this, "Click to show all stack frames", "Click to hide stack frames")'>Click to show all stack frames</a>
<div class='stack-trace' id='stack-trace1701335300'><pre>org.openqa.selenium.NoSuchElementException: no such element: Unable to locate element: {&quot;method&quot;:&quot;css selector&quot;,&quot;selector&quot;:&quot;.search_display_box&quot;}
  (Session info: chrome=98.0.4758.82)
For documentation on this error, please visit: https://www.seleniumhq.org/exceptions/no_such_element.html
Build info: version: &apos;3.141.59&apos;, revision: &apos;e82be7d358&apos;, time: &apos;2018-11-14T08:17:03&apos;
System info: host: &apos;LPANDIRI-E7440&apos;, ip: &apos;10.5.220.115&apos;, os.name: &apos;Windows 10&apos;, os.arch: &apos;amd64&apos;, os.version: &apos;10.0&apos;, java.version: &apos;16.0.2&apos;
Driver info: org.openqa.selenium.chrome.ChromeDriver
Capabilities {acceptInsecureCerts: false, browserName: chrome, browserVersion: 98.0.4758.82, chrome: {chromedriverVersion: 97.0.4692.71 (adefa7837d02a..., userDataDir: C:\Users\LAHARI~1.PAN\AppDa...}, goog:chromeOptions: {debuggerAddress: localhost:57968}, javascriptEnabled: true, networkConnectionEnabled: false, pageLoadStrategy: normal, platform: WINDOWS, platformName: WINDOWS, proxy: Proxy(), setWindowRect: true, strictFileInteractability: false, timeouts: {implicit: 0, pageLoad: 300000, script: 30000}, unhandledPromptBehavior: dismiss and notify, webauthn:extension:credBlob: true, webauthn:extension:largeBlob: true, webauthn:virtualAuthenticators: true}
Session ID: e453fa1d3a1a23e1ab1f1b3329680a87
*** Element info: {Using=class name, value=search_display_box}
	at java.base/jdk.internal.reflect.NativeConstructorAccessorImpl.newInstance0(Native Method)
	at java.base/jdk.internal.reflect.NativeConstructorAccessorImpl.newInstance(NativeConstructorAccessorImpl.java:78)
	at java.base/jdk.internal.reflect.DelegatingConstructorAccessorImpl.newInstance(DelegatingConstructorAccessorImpl.java:45)
	at java.base/java.lang.reflect.Constructor.newInstanceWithCaller(Constructor.java:499)
	at java.base/java.lang.reflect.Constructor.newInstance(Constructor.java:480)
	at org.openqa.selenium.remote.http.W3CHttpResponseCodec.createException(W3CHttpResponseCodec.java:187)
	at org.openqa.selenium.remote.http.W3CHttpResponseCodec.decode(W3CHttpResponseCodec.java:122)
	at org.openqa.selenium.remote.http.W3CHttpResponseCodec.decode(W3CHttpResponseCodec.java:49)
	at org.openqa.selenium.remote.HttpCommandExecutor.execute(HttpCommandExecutor.java:158)
	at org.openqa.selenium.remote.service.DriverCommandExecutor.execute(DriverCommandExecutor.java:83)
	at org.openqa.selenium.remote.RemoteWebDriver.execute(RemoteWebDriver.java:552)
	at org.openqa.selenium.remote.RemoteWebDriver.findElement(RemoteWebDriver.java:323)
	at org.openqa.selenium.remote.RemoteWebDriver.findElementByClassName(RemoteWebDriver.java:412)
	at org.openqa.selenium.By$ByClassName.findElement(By.java:389)
	at org.openqa.selenium.remote.RemoteWebDriver.findElement(RemoteWebDriver.java:315)
	at com.juno.qa.pages.AdminPortal_Patients_TreatmentsPage.SearchDisplayBox(AdminPortal_Patients_TreatmentsPage.java:233)
	at com.juno.qa.pages.AdminPortal_Patients_TreatmentsPage.AddFaxInformationAndTreatmentToEnrolledPatientForMaxPatientResponsibility(AdminPortal_Patients_TreatmentsPage.java:2441)
	at com.qa.regression.adminportal.patients.tests.TC44_AdminPortal_TreatmentsTab_VerifyClaimCreationF.VerifyClaimForMaxBalanceAvailable_DrugReimbursement_ACH(TC44_AdminPortal_TreatmentsTab_VerifyClaimCreationF.java:204)
	at java.base/jdk.internal.reflect.NativeMethodAccessorImpl.invoke0(Native Method)
	at java.base/jdk.internal.reflect.NativeMethodAccessorImpl.invoke(NativeMethodAccessorImpl.java:78)
	at java.base/jdk.internal.reflect.DelegatingMethodAccessorImpl.invoke(DelegatingMethodAccessorImpl.java:43)
	at java.base/java.lang.reflect.Method.invoke(Method.java:567)
	at org.testng.internal.MethodInvocationHelper.invokeMethod(MethodInvocationHelper.java:133)
	at org.testng.internal.TestInvoker.invokeMethod(TestInvoker.java:598)
	at org.testng.internal.TestInvoker.invokeTestMethod(TestInvoker.java:173)
	at org.testng.internal.MethodRunner.runInSequence(MethodRunner.java:46)
	at org.testng.internal.TestInvoker$MethodInvocationAgent.invoke(TestInvoker.java:824)
	at org.testng.internal.TestInvoker.invokeTestMethods(TestInvoker.java:146)
	at org.testng.internal.TestMethodWorker.invokeTestMethods(TestMethodWorker.java:146)
	at org.testng.internal.TestMethodWorker.run(TestMethodWorker.java:128)
	at java.base/java.util.ArrayList.forEach(ArrayList.java:1511)
	at org.testng.TestRunner.privateRun(TestRunner.java:794)
	at org.testng.TestRunner.run(TestRunner.java:596)
	at org.testng.SuiteRunner.runTest(SuiteRunner.java:377)
	at org.testng.SuiteRunner.runSequentially(SuiteRunner.java:371)
	at org.testng.SuiteRunner.privateRun(SuiteRunner.java:332)
	at org.testng.SuiteRunner.run(SuiteRunner.java:276)
	at org.testng.SuiteRunnerWorker.runSuite(SuiteRunnerWorker.java:53)
	at org.testng.SuiteRunnerWorker.run(SuiteRunnerWorker.java:96)
	at org.testng.TestNG.runSuitesSequentially(TestNG.java:1212)
	at org.testng.TestNG.runSuitesLocally(TestNG.java:1134)
	at org.testng.TestNG.runSuites(TestNG.java:1063)
	at org.testng.TestNG.run(TestNG.java:1031)
	at org.testng.remote.AbstractRemoteTestNG.run(AbstractRemoteTestNG.java:115)
	at org.testng.remote.RemoteTestNG.initAndRun(RemoteTestNG.java:251)
	at org.testng.remote.RemoteTestNG.main(RemoteTestNG.java:77)
</pre></div></td>
<td>240</td>
<td>com.qa.regression.adminportal.patients.tests.TC44_AdminPortal_TreatmentsTab_VerifyClaimCreationF@76105ac0</td></tr>
<tr>
<td title='com.qa.regression.adminportal.patients.tests.TC33_AdminPortal_TreatmentsTab_VerifyTreatingPracticeAvailabilityInDropdown.verifyPrimaryTreatingPracticeAfterPatientMatchedWithTreatingPractice_DrugReimbursement()'><b>verifyPrimaryTreatingPracticeAfterPatientMatchedWithTreatingPractice_DrugReimbursement</b><br>Test class: com.qa.regression.adminportal.patients.tests.TC33_AdminPortal_TreatmentsTab_VerifyTreatingPracticeAvailabilityInDropdown<br>Test method: Verify the availability of Primary Treating Practice after patient is matched with a Treating Practice in Drug Reimbursement</td>
<td><div><pre>org.openqa.selenium.ElementNotInteractableException: element not interactable
  (Session info: chrome=98.0.4758.82)
Build info: version: &apos;3.141.59&apos;, revision: &apos;e82be7d358&apos;, time: &apos;2018-11-14T08:17:03&apos;
System info: host: &apos;LPANDIRI-E7440&apos;, ip: &apos;10.5.220.115&apos;, os.name: &apos;Windows 10&apos;, os.arch: &apos;amd64&apos;, os.version: &apos;10.0&apos;, java.version: &apos;16.0.2&apos;
Driver info: org.openqa.selenium.chrome.ChromeDriver
Capabilities {acceptInsecureCerts: false, browserName: chrome, browserVersion: 98.0.4758.82, chrome: {chromedriverVersion: 97.0.4692.71 (adefa7837d02a..., userDataDir: C:\Users\LAHARI~1.PAN\AppDa...}, goog:chromeOptions: {debuggerAddress: localhost:56085}, javascriptEnabled: true, networkConnectionEnabled: false, pageLoadStrategy: normal, platform: WINDOWS, platformName: WINDOWS, proxy: Proxy(), setWindowRect: true, strictFileInteractability: false, timeouts: {implicit: 0, pageLoad: 300000, script: 30000}, unhandledPromptBehavior: dismiss and notify, webauthn:extension:credBlob: true, webauthn:extension:largeBlob: true, webauthn:virtualAuthenticators: true}
Session ID: 30f75032aa76559a18421d0c2dae9640
	at java.base/jdk.internal.reflect.NativeConstructorAccessorImpl.newInstance0(Native Method)
	at java.base/jdk.internal.reflect.NativeConstructorAccessorImpl.newInstance(NativeConstructorAccessorImpl.java:78)
	at java.base/jdk.internal.reflect.DelegatingConstructorAccessorImpl.newInstance(DelegatingConstructorAccessorImpl.java:45)
	at java.base/java.lang.reflect.Constructor.newInstanceWithCaller(Constructor.java:499)
	at java.base/java.lang.reflect.Constructor.newInstance(Constructor.java:480)
	at org.openqa.selenium.remote.http.W3CHttpResponseCodec.createException(W3CHttpResponseCodec.java:187)
	at org.openqa.selenium.remote.http.W3CHttpResponseCodec.decode(W3CHttpResponseCodec.java:122)
	at org.openqa.selenium.remote.http.W3CHttpResponseCodec.decode(W3CHttpResponseCodec.java:49)
	at org.openqa.selenium.remote.HttpCommandExecutor.execute(HttpCommandExecutor.java:158)
	at org.openqa.selenium.remote.service.DriverCommandExecutor.execute(DriverCommandExecutor.java:83)
	at org.openqa.selenium.remote.RemoteWebDriver.execute(RemoteWebDriver.java:552)
	at org.openqa.selenium.remote.RemoteWebElement.execute(RemoteWebElement.java:285)
	at org.openqa.selenium.remote.RemoteWebElement.click(RemoteWebElement.java:84)
	at com.juno.qa.pages.HubHomeLoginLogoutPage.EnrollInAdminPortal(HubHomeLoginLogoutPage.java:3538)
	at com.qa.regression.adminportal.patients.tests.TC33_AdminPortal_TreatmentsTab_VerifyTreatingPracticeAvailabilityInDropdown.verifyPrimaryTreatingPracticeAfterPatientMatchedWithTreatingPractice_DrugReimbursement(TC33_AdminPortal_TreatmentsTab_VerifyTreatingPracticeAvailabilityInDropdown.java:103)
	at java.base/jdk.internal.reflect.NativeMethodAccessorImpl.invoke0(Native Method)
	at java.base/jdk.internal.reflect.NativeMethodAccessorImpl.invoke(NativeMethodAccessorImpl.java:78)
	at java.base/jdk.internal.reflect.DelegatingMethodAccessorImpl.invoke(DelegatingMethodAccessorImpl.java:43)
	at java.base/java.lang.reflect.Method.invoke(Method.java:567)
	at org.testng.internal.MethodInvocationHelper.invokeMethod(MethodInvocationHelper.java:133)
	at org.testng.internal.TestInvoker.invokeMethod(TestInvoker.java:598)
	at org.testng.internal.TestInvoker.invokeTestMethod(TestInvoker.java:173)
	at org.testng.internal.MethodRunner.runInSequence(MethodRunner.java:46)
	at org.testng.internal.TestInvoker$MethodInvocationAgent.invoke(TestInvoker.java:824)
	at org.testng.internal.TestInvoker.invokeTestMethods(TestInvoker.java:146)
	at org.testng.internal.TestMethodWorker.invokeTestMethods(TestMethodWorker.java:146)
	at org.testng.internal.TestMethodWorker.run(TestMethodWorker.java:128)
	at java.base/java.util.ArrayList.forEach(ArrayList.java:1511)
	at org.testng.TestRunner.privateRun(TestRunner.java:794)
	at org.testng.TestRunner.run(TestRunner.java:596)
	at org.testng.SuiteRunner.runTest(SuiteRunner.java:377)
	at org.testng.SuiteRunner.runSequentially(SuiteRunner.java:371)
	at org.testng.SuiteRunner.privateRun(SuiteRunner.java:332)
	at org.testng.SuiteRunner.run(SuiteRunner.java:276)
	at org.testng.SuiteRunnerWorker.runSuite(SuiteRunnerWorker.java:53)
	at org.testng.SuiteRunnerWorker.run(SuiteRunnerWorker.java:96)
	at org.testng.TestNG.runSuitesSequentially(TestNG.java:1212)
	at org.testng.TestNG.runSuitesLocally(TestNG.java:1134)
	at org.testng.TestNG.runSuites(TestNG.java:1063)
	at org.testng.TestNG.run(TestNG.java:1031)
	at org.testng.remote.AbstractRemoteTestNG.run(AbstractRemoteTestNG.java:115)
	at org.testng.remote.RemoteTestNG.initAndRun(RemoteTestNG.java:251)
	at org.testng.remote.RemoteTestNG.main(RemoteTestNG.java:77)
</pre></div><a href='#' onClick='toggleBox("stack-trace1590288325", this, "Click to show all stack frames", "Click to hide stack frames")'>Click to show all stack frames</a>
<div class='stack-trace' id='stack-trace1590288325'><pre>org.openqa.selenium.ElementNotInteractableException: element not interactable
  (Session info: chrome=98.0.4758.82)
Build info: version: &apos;3.141.59&apos;, revision: &apos;e82be7d358&apos;, time: &apos;2018-11-14T08:17:03&apos;
System info: host: &apos;LPANDIRI-E7440&apos;, ip: &apos;10.5.220.115&apos;, os.name: &apos;Windows 10&apos;, os.arch: &apos;amd64&apos;, os.version: &apos;10.0&apos;, java.version: &apos;16.0.2&apos;
Driver info: org.openqa.selenium.chrome.ChromeDriver
Capabilities {acceptInsecureCerts: false, browserName: chrome, browserVersion: 98.0.4758.82, chrome: {chromedriverVersion: 97.0.4692.71 (adefa7837d02a..., userDataDir: C:\Users\LAHARI~1.PAN\AppDa...}, goog:chromeOptions: {debuggerAddress: localhost:56085}, javascriptEnabled: true, networkConnectionEnabled: false, pageLoadStrategy: normal, platform: WINDOWS, platformName: WINDOWS, proxy: Proxy(), setWindowRect: true, strictFileInteractability: false, timeouts: {implicit: 0, pageLoad: 300000, script: 30000}, unhandledPromptBehavior: dismiss and notify, webauthn:extension:credBlob: true, webauthn:extension:largeBlob: true, webauthn:virtualAuthenticators: true}
Session ID: 30f75032aa76559a18421d0c2dae9640
	at java.base/jdk.internal.reflect.NativeConstructorAccessorImpl.newInstance0(Native Method)
	at java.base/jdk.internal.reflect.NativeConstructorAccessorImpl.newInstance(NativeConstructorAccessorImpl.java:78)
	at java.base/jdk.internal.reflect.DelegatingConstructorAccessorImpl.newInstance(DelegatingConstructorAccessorImpl.java:45)
	at java.base/java.lang.reflect.Constructor.newInstanceWithCaller(Constructor.java:499)
	at java.base/java.lang.reflect.Constructor.newInstance(Constructor.java:480)
	at org.openqa.selenium.remote.http.W3CHttpResponseCodec.createException(W3CHttpResponseCodec.java:187)
	at org.openqa.selenium.remote.http.W3CHttpResponseCodec.decode(W3CHttpResponseCodec.java:122)
	at org.openqa.selenium.remote.http.W3CHttpResponseCodec.decode(W3CHttpResponseCodec.java:49)
	at org.openqa.selenium.remote.HttpCommandExecutor.execute(HttpCommandExecutor.java:158)
	at org.openqa.selenium.remote.service.DriverCommandExecutor.execute(DriverCommandExecutor.java:83)
	at org.openqa.selenium.remote.RemoteWebDriver.execute(RemoteWebDriver.java:552)
	at org.openqa.selenium.remote.RemoteWebElement.execute(RemoteWebElement.java:285)
	at org.openqa.selenium.remote.RemoteWebElement.click(RemoteWebElement.java:84)
	at com.juno.qa.pages.HubHomeLoginLogoutPage.EnrollInAdminPortal(HubHomeLoginLogoutPage.java:3538)
	at com.qa.regression.adminportal.patients.tests.TC33_AdminPortal_TreatmentsTab_VerifyTreatingPracticeAvailabilityInDropdown.verifyPrimaryTreatingPracticeAfterPatientMatchedWithTreatingPractice_DrugReimbursement(TC33_AdminPortal_TreatmentsTab_VerifyTreatingPracticeAvailabilityInDropdown.java:103)
	at java.base/jdk.internal.reflect.NativeMethodAccessorImpl.invoke0(Native Method)
	at java.base/jdk.internal.reflect.NativeMethodAccessorImpl.invoke(NativeMethodAccessorImpl.java:78)
	at java.base/jdk.internal.reflect.DelegatingMethodAccessorImpl.invoke(DelegatingMethodAccessorImpl.java:43)
	at java.base/java.lang.reflect.Method.invoke(Method.java:567)
	at org.testng.internal.MethodInvocationHelper.invokeMethod(MethodInvocationHelper.java:133)
	at org.testng.internal.TestInvoker.invokeMethod(TestInvoker.java:598)
	at org.testng.internal.TestInvoker.invokeTestMethod(TestInvoker.java:173)
	at org.testng.internal.MethodRunner.runInSequence(MethodRunner.java:46)
	at org.testng.internal.TestInvoker$MethodInvocationAgent.invoke(TestInvoker.java:824)
	at org.testng.internal.TestInvoker.invokeTestMethods(TestInvoker.java:146)
	at org.testng.internal.TestMethodWorker.invokeTestMethods(TestMethodWorker.java:146)
	at org.testng.internal.TestMethodWorker.run(TestMethodWorker.java:128)
	at java.base/java.util.ArrayList.forEach(ArrayList.java:1511)
	at org.testng.TestRunner.privateRun(TestRunner.java:794)
	at org.testng.TestRunner.run(TestRunner.java:596)
	at org.testng.SuiteRunner.runTest(SuiteRunner.java:377)
	at org.testng.SuiteRunner.runSequentially(SuiteRunner.java:371)
	at org.testng.SuiteRunner.privateRun(SuiteRunner.java:332)
	at org.testng.SuiteRunner.run(SuiteRunner.java:276)
	at org.testng.SuiteRunnerWorker.runSuite(SuiteRunnerWorker.java:53)
	at org.testng.SuiteRunnerWorker.run(SuiteRunnerWorker.java:96)
	at org.testng.TestNG.runSuitesSequentially(TestNG.java:1212)
	at org.testng.TestNG.runSuitesLocally(TestNG.java:1134)
	at org.testng.TestNG.runSuites(TestNG.java:1063)
	at org.testng.TestNG.run(TestNG.java:1031)
	at org.testng.remote.AbstractRemoteTestNG.run(AbstractRemoteTestNG.java:115)
	at org.testng.remote.RemoteTestNG.initAndRun(RemoteTestNG.java:251)
	at org.testng.remote.RemoteTestNG.main(RemoteTestNG.java:77)
</pre></div></td>
<td>93</td>
<td>com.qa.regression.adminportal.patients.tests.TC33_AdminPortal_TreatmentsTab_VerifyTreatingPracticeAvailabilityInDropdown@59baf2c7</td></tr>
<tr>
<td title='com.qa.regression.adminportal.patients.tests.TC28_AdminPortal_TreatmentsTab_VerifyBOSearchAutosuggest.VerifyBONameSearchInTreatmentsTabForPatient()'><b>VerifyBONameSearchInTreatmentsTabForPatient</b><br>Test class: com.qa.regression.adminportal.patients.tests.TC28_AdminPortal_TreatmentsTab_VerifyBOSearchAutosuggest<br>Test method: Verify the BO name search in treatments tab for a patient</td>
<td><div><pre>java.lang.AssertionError: expected [1639596034] but found []
	at org.testng.Assert.fail(Assert.java:99)
	at org.testng.Assert.failNotEquals(Assert.java:1037)
	at org.testng.Assert.assertEqualsImpl(Assert.java:140)
	at org.testng.Assert.assertEquals(Assert.java:122)
	at org.testng.Assert.assertEquals(Assert.java:629)
	at org.testng.Assert.assertEquals(Assert.java:639)
	at com.qa.regression.adminportal.patients.tests.TC28_AdminPortal_TreatmentsTab_VerifyBOSearchAutosuggest.VerifyBONameSearchInTreatmentsTabForPatient(TC28_AdminPortal_TreatmentsTab_VerifyBOSearchAutosuggest.java:129)
	at java.base/jdk.internal.reflect.NativeMethodAccessorImpl.invoke0(Native Method)
	at java.base/jdk.internal.reflect.NativeMethodAccessorImpl.invoke(NativeMethodAccessorImpl.java:78)
	at java.base/jdk.internal.reflect.DelegatingMethodAccessorImpl.invoke(DelegatingMethodAccessorImpl.java:43)
	at java.base/java.lang.reflect.Method.invoke(Method.java:567)
	at org.testng.internal.MethodInvocationHelper.invokeMethod(MethodInvocationHelper.java:133)
	at org.testng.internal.TestInvoker.invokeMethod(TestInvoker.java:598)
	at org.testng.internal.TestInvoker.invokeTestMethod(TestInvoker.java:173)
	at org.testng.internal.MethodRunner.runInSequence(MethodRunner.java:46)
	at org.testng.internal.TestInvoker$MethodInvocationAgent.invoke(TestInvoker.java:824)
	at org.testng.internal.TestInvoker.invokeTestMethods(TestInvoker.java:146)
	at org.testng.internal.TestMethodWorker.invokeTestMethods(TestMethodWorker.java:146)
	at org.testng.internal.TestMethodWorker.run(TestMethodWorker.java:128)
	at java.base/java.util.ArrayList.forEach(ArrayList.java:1511)
	at org.testng.TestRunner.privateRun(TestRunner.java:794)
	at org.testng.TestRunner.run(TestRunner.java:596)
	at org.testng.SuiteRunner.runTest(SuiteRunner.java:377)
	at org.testng.SuiteRunner.runSequentially(SuiteRunner.java:371)
	at org.testng.SuiteRunner.privateRun(SuiteRunner.java:332)
	at org.testng.SuiteRunner.run(SuiteRunner.java:276)
	at org.testng.SuiteRunnerWorker.runSuite(SuiteRunnerWorker.java:53)
	at org.testng.SuiteRunnerWorker.run(SuiteRunnerWorker.java:96)
	at org.testng.TestNG.runSuitesSequentially(TestNG.java:1212)
	at org.testng.TestNG.runSuitesLocally(TestNG.java:1134)
	at org.testng.TestNG.runSuites(TestNG.java:1063)
	at org.testng.TestNG.run(TestNG.java:1031)
	at org.testng.remote.AbstractRemoteTestNG.run(AbstractRemoteTestNG.java:115)
	at org.testng.remote.RemoteTestNG.initAndRun(RemoteTestNG.java:251)
	at org.testng.remote.RemoteTestNG.main(RemoteTestNG.java:77)
</pre></div><a href='#' onClick='toggleBox("stack-trace793426118", this, "Click to show all stack frames", "Click to hide stack frames")'>Click to show all stack frames</a>
<div class='stack-trace' id='stack-trace793426118'><pre>java.lang.AssertionError: expected [1639596034] but found []
	at org.testng.Assert.fail(Assert.java:99)
	at org.testng.Assert.failNotEquals(Assert.java:1037)
	at org.testng.Assert.assertEqualsImpl(Assert.java:140)
	at org.testng.Assert.assertEquals(Assert.java:122)
	at org.testng.Assert.assertEquals(Assert.java:629)
	at org.testng.Assert.assertEquals(Assert.java:639)
	at com.qa.regression.adminportal.patients.tests.TC28_AdminPortal_TreatmentsTab_VerifyBOSearchAutosuggest.VerifyBONameSearchInTreatmentsTabForPatient(TC28_AdminPortal_TreatmentsTab_VerifyBOSearchAutosuggest.java:129)
	at java.base/jdk.internal.reflect.NativeMethodAccessorImpl.invoke0(Native Method)
	at java.base/jdk.internal.reflect.NativeMethodAccessorImpl.invoke(NativeMethodAccessorImpl.java:78)
	at java.base/jdk.internal.reflect.DelegatingMethodAccessorImpl.invoke(DelegatingMethodAccessorImpl.java:43)
	at java.base/java.lang.reflect.Method.invoke(Method.java:567)
	at org.testng.internal.MethodInvocationHelper.invokeMethod(MethodInvocationHelper.java:133)
	at org.testng.internal.TestInvoker.invokeMethod(TestInvoker.java:598)
	at org.testng.internal.TestInvoker.invokeTestMethod(TestInvoker.java:173)
	at org.testng.internal.MethodRunner.runInSequence(MethodRunner.java:46)
	at org.testng.internal.TestInvoker$MethodInvocationAgent.invoke(TestInvoker.java:824)
	at org.testng.internal.TestInvoker.invokeTestMethods(TestInvoker.java:146)
	at org.testng.internal.TestMethodWorker.invokeTestMethods(TestMethodWorker.java:146)
	at org.testng.internal.TestMethodWorker.run(TestMethodWorker.java:128)
	at java.base/java.util.ArrayList.forEach(ArrayList.java:1511)
	at org.testng.TestRunner.privateRun(TestRunner.java:794)
	at org.testng.TestRunner.run(TestRunner.java:596)
	at org.testng.SuiteRunner.runTest(SuiteRunner.java:377)
	at org.testng.SuiteRunner.runSequentially(SuiteRunner.java:371)
	at org.testng.SuiteRunner.privateRun(SuiteRunner.java:332)
	at org.testng.SuiteRunner.run(SuiteRunner.java:276)
	at org.testng.SuiteRunnerWorker.runSuite(SuiteRunnerWorker.java:53)
	at org.testng.SuiteRunnerWorker.run(SuiteRunnerWorker.java:96)
	at org.testng.TestNG.runSuitesSequentially(TestNG.java:1212)
	at org.testng.TestNG.runSuitesLocally(TestNG.java:1134)
	at org.testng.TestNG.runSuites(TestNG.java:1063)
	at org.testng.TestNG.run(TestNG.java:1031)
	at org.testng.remote.AbstractRemoteTestNG.run(AbstractRemoteTestNG.java:115)
	at org.testng.remote.RemoteTestNG.initAndRun(RemoteTestNG.java:251)
	at org.testng.remote.RemoteTestNG.main(RemoteTestNG.java:77)
</pre></div></td>
<td>156</td>
<td>com.qa.regression.adminportal.patients.tests.TC28_AdminPortal_TreatmentsTab_VerifyBOSearchAutosuggest@7a65c995</td></tr>
<tr>
<td title='com.qa.regression.adminportal.patients.tests.TC04_AdminPortal_VerifyBenefitsHistoryForPatientsTest.VerifyBenefitsHistoryPageForPatient_DrugReimbursement()'><b>VerifyBenefitsHistoryPageForPatient_DrugReimbursement</b><br>Test class: com.qa.regression.adminportal.patients.tests.TC04_AdminPortal_VerifyBenefitsHistoryForPatientsTest<br>Test method: Verify the benefits history tab for a patient account </td>
<td><div><pre>java.lang.AssertionError: expected [N] but found [Y]
	at org.testng.Assert.fail(Assert.java:99)
	at org.testng.Assert.failNotEquals(Assert.java:1037)
	at org.testng.Assert.assertEqualsImpl(Assert.java:140)
	at org.testng.Assert.assertEquals(Assert.java:122)
	at org.testng.Assert.assertEquals(Assert.java:629)
	at org.testng.Assert.assertEquals(Assert.java:639)
	at com.qa.regression.adminportal.patients.tests.TC04_AdminPortal_VerifyBenefitsHistoryForPatientsTest.VerifyBenefitsHistoryPageForPatient_DrugReimbursement(TC04_AdminPortal_VerifyBenefitsHistoryForPatientsTest.java:122)
	at java.base/jdk.internal.reflect.NativeMethodAccessorImpl.invoke0(Native Method)
	at java.base/jdk.internal.reflect.NativeMethodAccessorImpl.invoke(NativeMethodAccessorImpl.java:78)
	at java.base/jdk.internal.reflect.DelegatingMethodAccessorImpl.invoke(DelegatingMethodAccessorImpl.java:43)
	at java.base/java.lang.reflect.Method.invoke(Method.java:567)
	at org.testng.internal.MethodInvocationHelper.invokeMethod(MethodInvocationHelper.java:133)
	at org.testng.internal.TestInvoker.invokeMethod(TestInvoker.java:598)
	at org.testng.internal.TestInvoker.invokeTestMethod(TestInvoker.java:173)
	at org.testng.internal.MethodRunner.runInSequence(MethodRunner.java:46)
	at org.testng.internal.TestInvoker$MethodInvocationAgent.invoke(TestInvoker.java:824)
	at org.testng.internal.TestInvoker.invokeTestMethods(TestInvoker.java:146)
	at org.testng.internal.TestMethodWorker.invokeTestMethods(TestMethodWorker.java:146)
	at org.testng.internal.TestMethodWorker.run(TestMethodWorker.java:128)
	at java.base/java.util.ArrayList.forEach(ArrayList.java:1511)
	at org.testng.TestRunner.privateRun(TestRunner.java:794)
	at org.testng.TestRunner.run(TestRunner.java:596)
	at org.testng.SuiteRunner.runTest(SuiteRunner.java:377)
	at org.testng.SuiteRunner.runSequentially(SuiteRunner.java:371)
	at org.testng.SuiteRunner.privateRun(SuiteRunner.java:332)
	at org.testng.SuiteRunner.run(SuiteRunner.java:276)
	at org.testng.SuiteRunnerWorker.runSuite(SuiteRunnerWorker.java:53)
	at org.testng.SuiteRunnerWorker.run(SuiteRunnerWorker.java:96)
	at org.testng.TestNG.runSuitesSequentially(TestNG.java:1212)
	at org.testng.TestNG.runSuitesLocally(TestNG.java:1134)
	at org.testng.TestNG.runSuites(TestNG.java:1063)
	at org.testng.TestNG.run(TestNG.java:1031)
	at org.testng.remote.AbstractRemoteTestNG.run(AbstractRemoteTestNG.java:115)
	at org.testng.remote.RemoteTestNG.initAndRun(RemoteTestNG.java:251)
	at org.testng.remote.RemoteTestNG.main(RemoteTestNG.java:77)
</pre></div><a href='#' onClick='toggleBox("stack-trace2134550327", this, "Click to show all stack frames", "Click to hide stack frames")'>Click to show all stack frames</a>
<div class='stack-trace' id='stack-trace2134550327'><pre>java.lang.AssertionError: expected [N] but found [Y]
	at org.testng.Assert.fail(Assert.java:99)
	at org.testng.Assert.failNotEquals(Assert.java:1037)
	at org.testng.Assert.assertEqualsImpl(Assert.java:140)
	at org.testng.Assert.assertEquals(Assert.java:122)
	at org.testng.Assert.assertEquals(Assert.java:629)
	at org.testng.Assert.assertEquals(Assert.java:639)
	at com.qa.regression.adminportal.patients.tests.TC04_AdminPortal_VerifyBenefitsHistoryForPatientsTest.VerifyBenefitsHistoryPageForPatient_DrugReimbursement(TC04_AdminPortal_VerifyBenefitsHistoryForPatientsTest.java:122)
	at java.base/jdk.internal.reflect.NativeMethodAccessorImpl.invoke0(Native Method)
	at java.base/jdk.internal.reflect.NativeMethodAccessorImpl.invoke(NativeMethodAccessorImpl.java:78)
	at java.base/jdk.internal.reflect.DelegatingMethodAccessorImpl.invoke(DelegatingMethodAccessorImpl.java:43)
	at java.base/java.lang.reflect.Method.invoke(Method.java:567)
	at org.testng.internal.MethodInvocationHelper.invokeMethod(MethodInvocationHelper.java:133)
	at org.testng.internal.TestInvoker.invokeMethod(TestInvoker.java:598)
	at org.testng.internal.TestInvoker.invokeTestMethod(TestInvoker.java:173)
	at org.testng.internal.MethodRunner.runInSequence(MethodRunner.java:46)
	at org.testng.internal.TestInvoker$MethodInvocationAgent.invoke(TestInvoker.java:824)
	at org.testng.internal.TestInvoker.invokeTestMethods(TestInvoker.java:146)
	at org.testng.internal.TestMethodWorker.invokeTestMethods(TestMethodWorker.java:146)
	at org.testng.internal.TestMethodWorker.run(TestMethodWorker.java:128)
	at java.base/java.util.ArrayList.forEach(ArrayList.java:1511)
	at org.testng.TestRunner.privateRun(TestRunner.java:794)
	at org.testng.TestRunner.run(TestRunner.java:596)
	at org.testng.SuiteRunner.runTest(SuiteRunner.java:377)
	at org.testng.SuiteRunner.runSequentially(SuiteRunner.java:371)
	at org.testng.SuiteRunner.privateRun(SuiteRunner.java:332)
	at org.testng.SuiteRunner.run(SuiteRunner.java:276)
	at org.testng.SuiteRunnerWorker.runSuite(SuiteRunnerWorker.java:53)
	at org.testng.SuiteRunnerWorker.run(SuiteRunnerWorker.java:96)
	at org.testng.TestNG.runSuitesSequentially(TestNG.java:1212)
	at org.testng.TestNG.runSuitesLocally(TestNG.java:1134)
	at org.testng.TestNG.runSuites(TestNG.java:1063)
	at org.testng.TestNG.run(TestNG.java:1031)
	at org.testng.remote.AbstractRemoteTestNG.run(AbstractRemoteTestNG.java:115)
	at org.testng.remote.RemoteTestNG.initAndRun(RemoteTestNG.java:251)
	at org.testng.remote.RemoteTestNG.main(RemoteTestNG.java:77)
</pre></div></td>
<td>62</td>
<td>com.qa.regression.adminportal.patients.tests.TC04_AdminPortal_VerifyBenefitsHistoryForPatientsTest@40bffbca</td></tr>
<tr>
<td title='com.adminXolair.qa.providerstest.tests.TC04_AdminPortal_PG_GP_VerifyListPageTest.verify_PG_GP_ListPageContent()'><b>verify_PG_GP_ListPageContent</b><br>Test class: com.adminXolair.qa.providerstest.tests.TC04_AdminPortal_PG_GP_VerifyListPageTest<br>Test method: verify the table header cols</td>
<td><div><pre>java.lang.AssertionError: expected [Parent Provider ID] but found [NPI]
	at org.testng.Assert.fail(Assert.java:99)
	at org.testng.Assert.failNotEquals(Assert.java:1037)
	at org.testng.Assert.assertEqualsImpl(Assert.java:140)
	at org.testng.Assert.assertEquals(Assert.java:122)
	at org.testng.Assert.assertEquals(Assert.java:629)
	at org.testng.Assert.assertEquals(Assert.java:639)
	at com.adminXolair.qa.providerstest.tests.TC04_AdminPortal_PG_GP_VerifyListPageTest.verify_PG_GP_ListPageContent(TC04_AdminPortal_PG_GP_VerifyListPageTest.java:93)
	at java.base/jdk.internal.reflect.NativeMethodAccessorImpl.invoke0(Native Method)
	at java.base/jdk.internal.reflect.NativeMethodAccessorImpl.invoke(NativeMethodAccessorImpl.java:78)
	at java.base/jdk.internal.reflect.DelegatingMethodAccessorImpl.invoke(DelegatingMethodAccessorImpl.java:43)
	at java.base/java.lang.reflect.Method.invoke(Method.java:567)
	at org.testng.internal.MethodInvocationHelper.invokeMethod(MethodInvocationHelper.java:133)
	at org.testng.internal.TestInvoker.invokeMethod(TestInvoker.java:598)
	at org.testng.internal.TestInvoker.invokeTestMethod(TestInvoker.java:173)
	at org.testng.internal.MethodRunner.runInSequence(MethodRunner.java:46)
	at org.testng.internal.TestInvoker$MethodInvocationAgent.invoke(TestInvoker.java:824)
	at org.testng.internal.TestInvoker.invokeTestMethods(TestInvoker.java:146)
	at org.testng.internal.TestMethodWorker.invokeTestMethods(TestMethodWorker.java:146)
	at org.testng.internal.TestMethodWorker.run(TestMethodWorker.java:128)
	at java.base/java.util.ArrayList.forEach(ArrayList.java:1511)
	at org.testng.TestRunner.privateRun(TestRunner.java:794)
	at org.testng.TestRunner.run(TestRunner.java:596)
	at org.testng.SuiteRunner.runTest(SuiteRunner.java:377)
	at org.testng.SuiteRunner.runSequentially(SuiteRunner.java:371)
	at org.testng.SuiteRunner.privateRun(SuiteRunner.java:332)
	at org.testng.SuiteRunner.run(SuiteRunner.java:276)
	at org.testng.SuiteRunnerWorker.runSuite(SuiteRunnerWorker.java:53)
	at org.testng.SuiteRunnerWorker.run(SuiteRunnerWorker.java:96)
	at org.testng.TestNG.runSuitesSequentially(TestNG.java:1212)
	at org.testng.TestNG.runSuitesLocally(TestNG.java:1134)
	at org.testng.TestNG.runSuites(TestNG.java:1063)
	at org.testng.TestNG.run(TestNG.java:1031)
	at org.testng.remote.AbstractRemoteTestNG.run(AbstractRemoteTestNG.java:115)
	at org.testng.remote.RemoteTestNG.initAndRun(RemoteTestNG.java:251)
	at org.testng.remote.RemoteTestNG.main(RemoteTestNG.java:77)
</pre></div><a href='#' onClick='toggleBox("stack-trace55840153", this, "Click to show all stack frames", "Click to hide stack frames")'>Click to show all stack frames</a>
<div class='stack-trace' id='stack-trace55840153'><pre>java.lang.AssertionError: expected [Parent Provider ID] but found [NPI]
	at org.testng.Assert.fail(Assert.java:99)
	at org.testng.Assert.failNotEquals(Assert.java:1037)
	at org.testng.Assert.assertEqualsImpl(Assert.java:140)
	at org.testng.Assert.assertEquals(Assert.java:122)
	at org.testng.Assert.assertEquals(Assert.java:629)
	at org.testng.Assert.assertEquals(Assert.java:639)
	at com.adminXolair.qa.providerstest.tests.TC04_AdminPortal_PG_GP_VerifyListPageTest.verify_PG_GP_ListPageContent(TC04_AdminPortal_PG_GP_VerifyListPageTest.java:93)
	at java.base/jdk.internal.reflect.NativeMethodAccessorImpl.invoke0(Native Method)
	at java.base/jdk.internal.reflect.NativeMethodAccessorImpl.invoke(NativeMethodAccessorImpl.java:78)
	at java.base/jdk.internal.reflect.DelegatingMethodAccessorImpl.invoke(DelegatingMethodAccessorImpl.java:43)
	at java.base/java.lang.reflect.Method.invoke(Method.java:567)
	at org.testng.internal.MethodInvocationHelper.invokeMethod(MethodInvocationHelper.java:133)
	at org.testng.internal.TestInvoker.invokeMethod(TestInvoker.java:598)
	at org.testng.internal.TestInvoker.invokeTestMethod(TestInvoker.java:173)
	at org.testng.internal.MethodRunner.runInSequence(MethodRunner.java:46)
	at org.testng.internal.TestInvoker$MethodInvocationAgent.invoke(TestInvoker.java:824)
	at org.testng.internal.TestInvoker.invokeTestMethods(TestInvoker.java:146)
	at org.testng.internal.TestMethodWorker.invokeTestMethods(TestMethodWorker.java:146)
	at org.testng.internal.TestMethodWorker.run(TestMethodWorker.java:128)
	at java.base/java.util.ArrayList.forEach(ArrayList.java:1511)
	at org.testng.TestRunner.privateRun(TestRunner.java:794)
	at org.testng.TestRunner.run(TestRunner.java:596)
	at org.testng.SuiteRunner.runTest(SuiteRunner.java:377)
	at org.testng.SuiteRunner.runSequentially(SuiteRunner.java:371)
	at org.testng.SuiteRunner.privateRun(SuiteRunner.java:332)
	at org.testng.SuiteRunner.run(SuiteRunner.java:276)
	at org.testng.SuiteRunnerWorker.runSuite(SuiteRunnerWorker.java:53)
	at org.testng.SuiteRunnerWorker.run(SuiteRunnerWorker.java:96)
	at org.testng.TestNG.runSuitesSequentially(TestNG.java:1212)
	at org.testng.TestNG.runSuitesLocally(TestNG.java:1134)
	at org.testng.TestNG.runSuites(TestNG.java:1063)
	at org.testng.TestNG.run(TestNG.java:1031)
	at org.testng.remote.AbstractRemoteTestNG.run(AbstractRemoteTestNG.java:115)
	at org.testng.remote.RemoteTestNG.initAndRun(RemoteTestNG.java:251)
	at org.testng.remote.RemoteTestNG.main(RemoteTestNG.java:77)
</pre></div></td>
<td>16</td>
<td>com.adminXolair.qa.providerstest.tests.TC04_AdminPortal_PG_GP_VerifyListPageTest@1f2497d9</td></tr>
<tr>
<td title='com.qa.regression.adminportal.patients.tests.TC44_AdminPortal_TreatmentsTab_VerifyClaimCreationF.VerifyClaimForMaxBalanceAvailable_DrugReimbursement_CTP()'><b>VerifyClaimForMaxBalanceAvailable_DrugReimbursement_CTP</b><br>Test class: com.qa.regression.adminportal.patients.tests.TC44_AdminPortal_TreatmentsTab_VerifyClaimCreationF<br>Test method: Rule#2; case#2: Verify that the treatment claim is accepted if patient's available benefits is greater than or equal to patient's responsibility for CTP</td>
<td><div><pre>org.openqa.selenium.NoSuchElementException: no such element: Unable to locate element: {&quot;method&quot;:&quot;css selector&quot;,&quot;selector&quot;:&quot;.search_display_box&quot;}
  (Session info: chrome=98.0.4758.82)
For documentation on this error, please visit: https://www.seleniumhq.org/exceptions/no_such_element.html
Build info: version: &apos;3.141.59&apos;, revision: &apos;e82be7d358&apos;, time: &apos;2018-11-14T08:17:03&apos;
System info: host: &apos;LPANDIRI-E7440&apos;, ip: &apos;10.5.220.115&apos;, os.name: &apos;Windows 10&apos;, os.arch: &apos;amd64&apos;, os.version: &apos;10.0&apos;, java.version: &apos;16.0.2&apos;
Driver info: org.openqa.selenium.chrome.ChromeDriver
Capabilities {acceptInsecureCerts: false, browserName: chrome, browserVersion: 98.0.4758.82, chrome: {chromedriverVersion: 97.0.4692.71 (adefa7837d02a..., userDataDir: C:\Users\LAHARI~1.PAN\AppDa...}, goog:chromeOptions: {debuggerAddress: localhost:58334}, javascriptEnabled: true, networkConnectionEnabled: false, pageLoadStrategy: normal, platform: WINDOWS, platformName: WINDOWS, proxy: Proxy(), setWindowRect: true, strictFileInteractability: false, timeouts: {implicit: 0, pageLoad: 300000, script: 30000}, unhandledPromptBehavior: dismiss and notify, webauthn:extension:credBlob: true, webauthn:extension:largeBlob: true, webauthn:virtualAuthenticators: true}
Session ID: a84d1f966faf99f81e13de1744cd2b9d
*** Element info: {Using=class name, value=search_display_box}
	at java.base/jdk.internal.reflect.NativeConstructorAccessorImpl.newInstance0(Native Method)
	at java.base/jdk.internal.reflect.NativeConstructorAccessorImpl.newInstance(NativeConstructorAccessorImpl.java:78)
	at java.base/jdk.internal.reflect.DelegatingConstructorAccessorImpl.newInstance(DelegatingConstructorAccessorImpl.java:45)
	at java.base/java.lang.reflect.Constructor.newInstanceWithCaller(Constructor.java:499)
	at java.base/java.lang.reflect.Constructor.newInstance(Constructor.java:480)
	at org.openqa.selenium.remote.http.W3CHttpResponseCodec.createException(W3CHttpResponseCodec.java:187)
	at org.openqa.selenium.remote.http.W3CHttpResponseCodec.decode(W3CHttpResponseCodec.java:122)
	at org.openqa.selenium.remote.http.W3CHttpResponseCodec.decode(W3CHttpResponseCodec.java:49)
	at org.openqa.selenium.remote.HttpCommandExecutor.execute(HttpCommandExecutor.java:158)
	at org.openqa.selenium.remote.service.DriverCommandExecutor.execute(DriverCommandExecutor.java:83)
	at org.openqa.selenium.remote.RemoteWebDriver.execute(RemoteWebDriver.java:552)
	at org.openqa.selenium.remote.RemoteWebDriver.findElement(RemoteWebDriver.java:323)
	at org.openqa.selenium.remote.RemoteWebDriver.findElementByClassName(RemoteWebDriver.java:412)
	at org.openqa.selenium.By$ByClassName.findElement(By.java:389)
	at org.openqa.selenium.remote.RemoteWebDriver.findElement(RemoteWebDriver.java:315)
	at com.juno.qa.pages.AdminPortal_Patients_TreatmentsPage.SearchDisplayBox(AdminPortal_Patients_TreatmentsPage.java:233)
	at com.juno.qa.pages.AdminPortal_Patients_TreatmentsPage.AddFaxInformationAndTreatmentToEnrolledPatientForMaxPatientResponsibility(AdminPortal_Patients_TreatmentsPage.java:2441)
	at com.qa.regression.adminportal.patients.tests.TC44_AdminPortal_TreatmentsTab_VerifyClaimCreationF.VerifyClaimForMaxBalanceAvailable_DrugReimbursement_CTP(TC44_AdminPortal_TreatmentsTab_VerifyClaimCreationF.java:313)
	at java.base/jdk.internal.reflect.NativeMethodAccessorImpl.invoke0(Native Method)
	at java.base/jdk.internal.reflect.NativeMethodAccessorImpl.invoke(NativeMethodAccessorImpl.java:78)
	at java.base/jdk.internal.reflect.DelegatingMethodAccessorImpl.invoke(DelegatingMethodAccessorImpl.java:43)
	at java.base/java.lang.reflect.Method.invoke(Method.java:567)
	at org.testng.internal.MethodInvocationHelper.invokeMethod(MethodInvocationHelper.java:133)
	at org.testng.internal.TestInvoker.invokeMethod(TestInvoker.java:598)
	at org.testng.internal.TestInvoker.invokeTestMethod(TestInvoker.java:173)
	at org.testng.internal.MethodRunner.runInSequence(MethodRunner.java:46)
	at org.testng.internal.TestInvoker$MethodInvocationAgent.invoke(TestInvoker.java:824)
	at org.testng.internal.TestInvoker.invokeTestMethods(TestInvoker.java:146)
	at org.testng.internal.TestMethodWorker.invokeTestMethods(TestMethodWorker.java:146)
	at org.testng.internal.TestMethodWorker.run(TestMethodWorker.java:128)
	at java.base/java.util.ArrayList.forEach(ArrayList.java:1511)
	at org.testng.TestRunner.privateRun(TestRunner.java:794)
	at org.testng.TestRunner.run(TestRunner.java:596)
	at org.testng.SuiteRunner.runTest(SuiteRunner.java:377)
	at org.testng.SuiteRunner.runSequentially(SuiteRunner.java:371)
	at org.testng.SuiteRunner.privateRun(SuiteRunner.java:332)
	at org.testng.SuiteRunner.run(SuiteRunner.java:276)
	at org.testng.SuiteRunnerWorker.runSuite(SuiteRunnerWorker.java:53)
	at org.testng.SuiteRunnerWorker.run(SuiteRunnerWorker.java:96)
	at org.testng.TestNG.runSuitesSequentially(TestNG.java:1212)
	at org.testng.TestNG.runSuitesLocally(TestNG.java:1134)
	at org.testng.TestNG.runSuites(TestNG.java:1063)
	at org.testng.TestNG.run(TestNG.java:1031)
	at org.testng.remote.AbstractRemoteTestNG.run(AbstractRemoteTestNG.java:115)
	at org.testng.remote.RemoteTestNG.initAndRun(RemoteTestNG.java:251)
	at org.testng.remote.RemoteTestNG.main(RemoteTestNG.java:77)
</pre></div><a href='#' onClick='toggleBox("stack-trace36897792", this, "Click to show all stack frames", "Click to hide stack frames")'>Click to show all stack frames</a>
<div class='stack-trace' id='stack-trace36897792'><pre>org.openqa.selenium.NoSuchElementException: no such element: Unable to locate element: {&quot;method&quot;:&quot;css selector&quot;,&quot;selector&quot;:&quot;.search_display_box&quot;}
  (Session info: chrome=98.0.4758.82)
For documentation on this error, please visit: https://www.seleniumhq.org/exceptions/no_such_element.html
Build info: version: &apos;3.141.59&apos;, revision: &apos;e82be7d358&apos;, time: &apos;2018-11-14T08:17:03&apos;
System info: host: &apos;LPANDIRI-E7440&apos;, ip: &apos;10.5.220.115&apos;, os.name: &apos;Windows 10&apos;, os.arch: &apos;amd64&apos;, os.version: &apos;10.0&apos;, java.version: &apos;16.0.2&apos;
Driver info: org.openqa.selenium.chrome.ChromeDriver
Capabilities {acceptInsecureCerts: false, browserName: chrome, browserVersion: 98.0.4758.82, chrome: {chromedriverVersion: 97.0.4692.71 (adefa7837d02a..., userDataDir: C:\Users\LAHARI~1.PAN\AppDa...}, goog:chromeOptions: {debuggerAddress: localhost:58334}, javascriptEnabled: true, networkConnectionEnabled: false, pageLoadStrategy: normal, platform: WINDOWS, platformName: WINDOWS, proxy: Proxy(), setWindowRect: true, strictFileInteractability: false, timeouts: {implicit: 0, pageLoad: 300000, script: 30000}, unhandledPromptBehavior: dismiss and notify, webauthn:extension:credBlob: true, webauthn:extension:largeBlob: true, webauthn:virtualAuthenticators: true}
Session ID: a84d1f966faf99f81e13de1744cd2b9d
*** Element info: {Using=class name, value=search_display_box}
	at java.base/jdk.internal.reflect.NativeConstructorAccessorImpl.newInstance0(Native Method)
	at java.base/jdk.internal.reflect.NativeConstructorAccessorImpl.newInstance(NativeConstructorAccessorImpl.java:78)
	at java.base/jdk.internal.reflect.DelegatingConstructorAccessorImpl.newInstance(DelegatingConstructorAccessorImpl.java:45)
	at java.base/java.lang.reflect.Constructor.newInstanceWithCaller(Constructor.java:499)
	at java.base/java.lang.reflect.Constructor.newInstance(Constructor.java:480)
	at org.openqa.selenium.remote.http.W3CHttpResponseCodec.createException(W3CHttpResponseCodec.java:187)
	at org.openqa.selenium.remote.http.W3CHttpResponseCodec.decode(W3CHttpResponseCodec.java:122)
	at org.openqa.selenium.remote.http.W3CHttpResponseCodec.decode(W3CHttpResponseCodec.java:49)
	at org.openqa.selenium.remote.HttpCommandExecutor.execute(HttpCommandExecutor.java:158)
	at org.openqa.selenium.remote.service.DriverCommandExecutor.execute(DriverCommandExecutor.java:83)
	at org.openqa.selenium.remote.RemoteWebDriver.execute(RemoteWebDriver.java:552)
	at org.openqa.selenium.remote.RemoteWebDriver.findElement(RemoteWebDriver.java:323)
	at org.openqa.selenium.remote.RemoteWebDriver.findElementByClassName(RemoteWebDriver.java:412)
	at org.openqa.selenium.By$ByClassName.findElement(By.java:389)
	at org.openqa.selenium.remote.RemoteWebDriver.findElement(RemoteWebDriver.java:315)
	at com.juno.qa.pages.AdminPortal_Patients_TreatmentsPage.SearchDisplayBox(AdminPortal_Patients_TreatmentsPage.java:233)
	at com.juno.qa.pages.AdminPortal_Patients_TreatmentsPage.AddFaxInformationAndTreatmentToEnrolledPatientForMaxPatientResponsibility(AdminPortal_Patients_TreatmentsPage.java:2441)
	at com.qa.regression.adminportal.patients.tests.TC44_AdminPortal_TreatmentsTab_VerifyClaimCreationF.VerifyClaimForMaxBalanceAvailable_DrugReimbursement_CTP(TC44_AdminPortal_TreatmentsTab_VerifyClaimCreationF.java:313)
	at java.base/jdk.internal.reflect.NativeMethodAccessorImpl.invoke0(Native Method)
	at java.base/jdk.internal.reflect.NativeMethodAccessorImpl.invoke(NativeMethodAccessorImpl.java:78)
	at java.base/jdk.internal.reflect.DelegatingMethodAccessorImpl.invoke(DelegatingMethodAccessorImpl.java:43)
	at java.base/java.lang.reflect.Method.invoke(Method.java:567)
	at org.testng.internal.MethodInvocationHelper.invokeMethod(MethodInvocationHelper.java:133)
	at org.testng.internal.TestInvoker.invokeMethod(TestInvoker.java:598)
	at org.testng.internal.TestInvoker.invokeTestMethod(TestInvoker.java:173)
	at org.testng.internal.MethodRunner.runInSequence(MethodRunner.java:46)
	at org.testng.internal.TestInvoker$MethodInvocationAgent.invoke(TestInvoker.java:824)
	at org.testng.internal.TestInvoker.invokeTestMethods(TestInvoker.java:146)
	at org.testng.internal.TestMethodWorker.invokeTestMethods(TestMethodWorker.java:146)
	at org.testng.internal.TestMethodWorker.run(TestMethodWorker.java:128)
	at java.base/java.util.ArrayList.forEach(ArrayList.java:1511)
	at org.testng.TestRunner.privateRun(TestRunner.java:794)
	at org.testng.TestRunner.run(TestRunner.java:596)
	at org.testng.SuiteRunner.runTest(SuiteRunner.java:377)
	at org.testng.SuiteRunner.runSequentially(SuiteRunner.java:371)
	at org.testng.SuiteRunner.privateRun(SuiteRunner.java:332)
	at org.testng.SuiteRunner.run(SuiteRunner.java:276)
	at org.testng.SuiteRunnerWorker.runSuite(SuiteRunnerWorker.java:53)
	at org.testng.SuiteRunnerWorker.run(SuiteRunnerWorker.java:96)
	at org.testng.TestNG.runSuitesSequentially(TestNG.java:1212)
	at org.testng.TestNG.runSuitesLocally(TestNG.java:1134)
	at org.testng.TestNG.runSuites(TestNG.java:1063)
	at org.testng.TestNG.run(TestNG.java:1031)
	at org.testng.remote.AbstractRemoteTestNG.run(AbstractRemoteTestNG.java:115)
	at org.testng.remote.RemoteTestNG.initAndRun(RemoteTestNG.java:251)
	at org.testng.remote.RemoteTestNG.main(RemoteTestNG.java:77)
</pre></div></td>
<td>236</td>
<td>com.qa.regression.adminportal.patients.tests.TC44_AdminPortal_TreatmentsTab_VerifyClaimCreationF@76105ac0</td></tr>
<tr>
<td title='com.Replatform.qa.Fax.test.TC12_AdminPortal_Faxes_AssignmentRules_AddNewAssignmentRuleTest.Verify_AssignmentRules_CreateAssignmentRule_OustisdeHoursY()'><b>Verify_AssignmentRules_CreateAssignmentRule_OustisdeHoursY</b><br>Test class: com.Replatform.qa.Fax.test.TC12_AdminPortal_Faxes_AssignmentRules_AddNewAssignmentRuleTest<br>Test method: Verify ability to create assignment rules with Catch outside hours as Y</td>
<td><div><pre>org.openqa.selenium.NoSuchElementException: no such element: Unable to locate element: {&quot;method&quot;:&quot;xpath&quot;,&quot;selector&quot;:&quot;//*[@id=&apos;form-table&apos;]/div/div[1]/table/tbody/tr/td[2]&quot;}
  (Session info: chrome=98.0.4758.82)
For documentation on this error, please visit: https://www.seleniumhq.org/exceptions/no_such_element.html
Build info: version: &apos;3.141.59&apos;, revision: &apos;e82be7d358&apos;, time: &apos;2018-11-14T08:17:03&apos;
System info: host: &apos;LPANDIRI-E7440&apos;, ip: &apos;10.5.220.115&apos;, os.name: &apos;Windows 10&apos;, os.arch: &apos;amd64&apos;, os.version: &apos;10.0&apos;, java.version: &apos;16.0.2&apos;
Driver info: org.openqa.selenium.chrome.ChromeDriver
Capabilities {acceptInsecureCerts: false, browserName: chrome, browserVersion: 98.0.4758.82, chrome: {chromedriverVersion: 97.0.4692.71 (adefa7837d02a..., userDataDir: C:\Users\LAHARI~1.PAN\AppDa...}, goog:chromeOptions: {debuggerAddress: localhost:59266}, javascriptEnabled: true, networkConnectionEnabled: false, pageLoadStrategy: normal, platform: WINDOWS, platformName: WINDOWS, proxy: Proxy(), setWindowRect: true, strictFileInteractability: false, timeouts: {implicit: 0, pageLoad: 300000, script: 30000}, unhandledPromptBehavior: dismiss and notify, webauthn:extension:credBlob: true, webauthn:extension:largeBlob: true, webauthn:virtualAuthenticators: true}
Session ID: 7cbd7751b35bbdfbf97776d6f501cf3b
*** Element info: {Using=xpath, value=//*[@id=&apos;form-table&apos;]/div/div[1]/table/tbody/tr/td[2]}
	at java.base/jdk.internal.reflect.NativeConstructorAccessorImpl.newInstance0(Native Method)
	at java.base/jdk.internal.reflect.NativeConstructorAccessorImpl.newInstance(NativeConstructorAccessorImpl.java:78)
	at java.base/jdk.internal.reflect.DelegatingConstructorAccessorImpl.newInstance(DelegatingConstructorAccessorImpl.java:45)
	at java.base/java.lang.reflect.Constructor.newInstanceWithCaller(Constructor.java:499)
	at java.base/java.lang.reflect.Constructor.newInstance(Constructor.java:480)
	at org.openqa.selenium.remote.http.W3CHttpResponseCodec.createException(W3CHttpResponseCodec.java:187)
	at org.openqa.selenium.remote.http.W3CHttpResponseCodec.decode(W3CHttpResponseCodec.java:122)
	at org.openqa.selenium.remote.http.W3CHttpResponseCodec.decode(W3CHttpResponseCodec.java:49)
	at org.openqa.selenium.remote.HttpCommandExecutor.execute(HttpCommandExecutor.java:158)
	at org.openqa.selenium.remote.service.DriverCommandExecutor.execute(DriverCommandExecutor.java:83)
	at org.openqa.selenium.remote.RemoteWebDriver.execute(RemoteWebDriver.java:552)
	at org.openqa.selenium.remote.RemoteWebDriver.findElement(RemoteWebDriver.java:323)
	at org.openqa.selenium.remote.RemoteWebDriver.findElementByXPath(RemoteWebDriver.java:428)
	at org.openqa.selenium.By$ByXPath.findElement(By.java:353)
	at org.openqa.selenium.remote.RemoteWebDriver.findElement(RemoteWebDriver.java:315)
	at com.juno.qa.pages.AdminPortal_Faxes_AssignmentRulesPage.TotalCountLabelAndValue(AdminPortal_Faxes_AssignmentRulesPage.java:140)
	at com.Replatform.qa.Fax.test.TC12_AdminPortal_Faxes_AssignmentRules_AddNewAssignmentRuleTest.Verify_AssignmentRules_CreateAssignmentRule_OustisdeHoursY(TC12_AdminPortal_Faxes_AssignmentRules_AddNewAssignmentRuleTest.java:146)
	at java.base/jdk.internal.reflect.NativeMethodAccessorImpl.invoke0(Native Method)
	at java.base/jdk.internal.reflect.NativeMethodAccessorImpl.invoke(NativeMethodAccessorImpl.java:78)
	at java.base/jdk.internal.reflect.DelegatingMethodAccessorImpl.invoke(DelegatingMethodAccessorImpl.java:43)
	at java.base/java.lang.reflect.Method.invoke(Method.java:567)
	at org.testng.internal.MethodInvocationHelper.invokeMethod(MethodInvocationHelper.java:133)
	at org.testng.internal.TestInvoker.invokeMethod(TestInvoker.java:598)
	at org.testng.internal.TestInvoker.invokeTestMethod(TestInvoker.java:173)
	at org.testng.internal.MethodRunner.runInSequence(MethodRunner.java:46)
	at org.testng.internal.TestInvoker$MethodInvocationAgent.invoke(TestInvoker.java:824)
	at org.testng.internal.TestInvoker.invokeTestMethods(TestInvoker.java:146)
	at org.testng.internal.TestMethodWorker.invokeTestMethods(TestMethodWorker.java:146)
	at org.testng.internal.TestMethodWorker.run(TestMethodWorker.java:128)
	at java.base/java.util.ArrayList.forEach(ArrayList.java:1511)
	at org.testng.TestRunner.privateRun(TestRunner.java:794)
	at org.testng.TestRunner.run(TestRunner.java:596)
	at org.testng.SuiteRunner.runTest(SuiteRunner.java:377)
	at org.testng.SuiteRunner.runSequentially(SuiteRunner.java:371)
	at org.testng.SuiteRunner.privateRun(SuiteRunner.java:332)
	at org.testng.SuiteRunner.run(SuiteRunner.java:276)
	at org.testng.SuiteRunnerWorker.runSuite(SuiteRunnerWorker.java:53)
	at org.testng.SuiteRunnerWorker.run(SuiteRunnerWorker.java:96)
	at org.testng.TestNG.runSuitesSequentially(TestNG.java:1212)
	at org.testng.TestNG.runSuitesLocally(TestNG.java:1134)
	at org.testng.TestNG.runSuites(TestNG.java:1063)
	at org.testng.TestNG.run(TestNG.java:1031)
	at org.testng.remote.AbstractRemoteTestNG.run(AbstractRemoteTestNG.java:115)
	at org.testng.remote.RemoteTestNG.initAndRun(RemoteTestNG.java:251)
	at org.testng.remote.RemoteTestNG.main(RemoteTestNG.java:77)
</pre></div><a href='#' onClick='toggleBox("stack-trace1320863081", this, "Click to show all stack frames", "Click to hide stack frames")'>Click to show all stack frames</a>
<div class='stack-trace' id='stack-trace1320863081'><pre>org.openqa.selenium.NoSuchElementException: no such element: Unable to locate element: {&quot;method&quot;:&quot;xpath&quot;,&quot;selector&quot;:&quot;//*[@id=&apos;form-table&apos;]/div/div[1]/table/tbody/tr/td[2]&quot;}
  (Session info: chrome=98.0.4758.82)
For documentation on this error, please visit: https://www.seleniumhq.org/exceptions/no_such_element.html
Build info: version: &apos;3.141.59&apos;, revision: &apos;e82be7d358&apos;, time: &apos;2018-11-14T08:17:03&apos;
System info: host: &apos;LPANDIRI-E7440&apos;, ip: &apos;10.5.220.115&apos;, os.name: &apos;Windows 10&apos;, os.arch: &apos;amd64&apos;, os.version: &apos;10.0&apos;, java.version: &apos;16.0.2&apos;
Driver info: org.openqa.selenium.chrome.ChromeDriver
Capabilities {acceptInsecureCerts: false, browserName: chrome, browserVersion: 98.0.4758.82, chrome: {chromedriverVersion: 97.0.4692.71 (adefa7837d02a..., userDataDir: C:\Users\LAHARI~1.PAN\AppDa...}, goog:chromeOptions: {debuggerAddress: localhost:59266}, javascriptEnabled: true, networkConnectionEnabled: false, pageLoadStrategy: normal, platform: WINDOWS, platformName: WINDOWS, proxy: Proxy(), setWindowRect: true, strictFileInteractability: false, timeouts: {implicit: 0, pageLoad: 300000, script: 30000}, unhandledPromptBehavior: dismiss and notify, webauthn:extension:credBlob: true, webauthn:extension:largeBlob: true, webauthn:virtualAuthenticators: true}
Session ID: 7cbd7751b35bbdfbf97776d6f501cf3b
*** Element info: {Using=xpath, value=//*[@id=&apos;form-table&apos;]/div/div[1]/table/tbody/tr/td[2]}
	at java.base/jdk.internal.reflect.NativeConstructorAccessorImpl.newInstance0(Native Method)
	at java.base/jdk.internal.reflect.NativeConstructorAccessorImpl.newInstance(NativeConstructorAccessorImpl.java:78)
	at java.base/jdk.internal.reflect.DelegatingConstructorAccessorImpl.newInstance(DelegatingConstructorAccessorImpl.java:45)
	at java.base/java.lang.reflect.Constructor.newInstanceWithCaller(Constructor.java:499)
	at java.base/java.lang.reflect.Constructor.newInstance(Constructor.java:480)
	at org.openqa.selenium.remote.http.W3CHttpResponseCodec.createException(W3CHttpResponseCodec.java:187)
	at org.openqa.selenium.remote.http.W3CHttpResponseCodec.decode(W3CHttpResponseCodec.java:122)
	at org.openqa.selenium.remote.http.W3CHttpResponseCodec.decode(W3CHttpResponseCodec.java:49)
	at org.openqa.selenium.remote.HttpCommandExecutor.execute(HttpCommandExecutor.java:158)
	at org.openqa.selenium.remote.service.DriverCommandExecutor.execute(DriverCommandExecutor.java:83)
	at org.openqa.selenium.remote.RemoteWebDriver.execute(RemoteWebDriver.java:552)
	at org.openqa.selenium.remote.RemoteWebDriver.findElement(RemoteWebDriver.java:323)
	at org.openqa.selenium.remote.RemoteWebDriver.findElementByXPath(RemoteWebDriver.java:428)
	at org.openqa.selenium.By$ByXPath.findElement(By.java:353)
	at org.openqa.selenium.remote.RemoteWebDriver.findElement(RemoteWebDriver.java:315)
	at com.juno.qa.pages.AdminPortal_Faxes_AssignmentRulesPage.TotalCountLabelAndValue(AdminPortal_Faxes_AssignmentRulesPage.java:140)
	at com.Replatform.qa.Fax.test.TC12_AdminPortal_Faxes_AssignmentRules_AddNewAssignmentRuleTest.Verify_AssignmentRules_CreateAssignmentRule_OustisdeHoursY(TC12_AdminPortal_Faxes_AssignmentRules_AddNewAssignmentRuleTest.java:146)
	at java.base/jdk.internal.reflect.NativeMethodAccessorImpl.invoke0(Native Method)
	at java.base/jdk.internal.reflect.NativeMethodAccessorImpl.invoke(NativeMethodAccessorImpl.java:78)
	at java.base/jdk.internal.reflect.DelegatingMethodAccessorImpl.invoke(DelegatingMethodAccessorImpl.java:43)
	at java.base/java.lang.reflect.Method.invoke(Method.java:567)
	at org.testng.internal.MethodInvocationHelper.invokeMethod(MethodInvocationHelper.java:133)
	at org.testng.internal.TestInvoker.invokeMethod(TestInvoker.java:598)
	at org.testng.internal.TestInvoker.invokeTestMethod(TestInvoker.java:173)
	at org.testng.internal.MethodRunner.runInSequence(MethodRunner.java:46)
	at org.testng.internal.TestInvoker$MethodInvocationAgent.invoke(TestInvoker.java:824)
	at org.testng.internal.TestInvoker.invokeTestMethods(TestInvoker.java:146)
	at org.testng.internal.TestMethodWorker.invokeTestMethods(TestMethodWorker.java:146)
	at org.testng.internal.TestMethodWorker.run(TestMethodWorker.java:128)
	at java.base/java.util.ArrayList.forEach(ArrayList.java:1511)
	at org.testng.TestRunner.privateRun(TestRunner.java:794)
	at org.testng.TestRunner.run(TestRunner.java:596)
	at org.testng.SuiteRunner.runTest(SuiteRunner.java:377)
	at org.testng.SuiteRunner.runSequentially(SuiteRunner.java:371)
	at org.testng.SuiteRunner.privateRun(SuiteRunner.java:332)
	at org.testng.SuiteRunner.run(SuiteRunner.java:276)
	at org.testng.SuiteRunnerWorker.runSuite(SuiteRunnerWorker.java:53)
	at org.testng.SuiteRunnerWorker.run(SuiteRunnerWorker.java:96)
	at org.testng.TestNG.runSuitesSequentially(TestNG.java:1212)
	at org.testng.TestNG.runSuitesLocally(TestNG.java:1134)
	at org.testng.TestNG.runSuites(TestNG.java:1063)
	at org.testng.TestNG.run(TestNG.java:1031)
	at org.testng.remote.AbstractRemoteTestNG.run(AbstractRemoteTestNG.java:115)
	at org.testng.remote.RemoteTestNG.initAndRun(RemoteTestNG.java:251)
	at org.testng.remote.RemoteTestNG.main(RemoteTestNG.java:77)
</pre></div></td>
<td>72</td>
<td>com.Replatform.qa.Fax.test.TC12_AdminPortal_Faxes_AssignmentRules_AddNewAssignmentRuleTest@c31419f</td></tr>
<tr>
<td title='com.adminXolair.qa.providerstest.tests.TC08_AdminPortal_PG_GP_VerifyAbilityToAddPhysicianInGPAndUngroupGPInPhysicianParentProvidersTabTest.Verify_PG_GP_ProvidersTab_AddAndUngroupProviderByProviderLastName()'><b>Verify_PG_GP_ProvidersTab_AddAndUngroupProviderByProviderLastName</b><br>Test class: com.adminXolair.qa.providerstest.tests.TC08_AdminPortal_PG_GP_VerifyAbilityToAddPhysicianInGPAndUngroupGPInPhysicianParentProvidersTabTest<br>Test method: Verify the ability to add and ungroup a provider using ProviderLastName in PG-->GP-->Review-->ProvidersTab</td>
<td><div><pre>java.lang.AssertionError: expected [Added provider ADAMS SERRHEL ( Levine) to the group] but found [Added provider Asano Matthew ( Levine) to the group]
	at org.testng.Assert.fail(Assert.java:99)
	at org.testng.Assert.failNotEquals(Assert.java:1037)
	at org.testng.Assert.assertEqualsImpl(Assert.java:140)
	at org.testng.Assert.assertEquals(Assert.java:122)
	at org.testng.Assert.assertEquals(Assert.java:629)
	at org.testng.Assert.assertEquals(Assert.java:639)
	at com.adminXolair.qa.providerstest.tests.TC08_AdminPortal_PG_GP_VerifyAbilityToAddPhysicianInGPAndUngroupGPInPhysicianParentProvidersTabTest.Verify_PG_GP_ProvidersTab_AddAndUngroupProviderByProviderLastName(TC08_AdminPortal_PG_GP_VerifyAbilityToAddPhysicianInGPAndUngro.java:213)
	at java.base/jdk.internal.reflect.NativeMethodAccessorImpl.invoke0(Native Method)
	at java.base/jdk.internal.reflect.NativeMethodAccessorImpl.invoke(NativeMethodAccessorImpl.java:78)
	at java.base/jdk.internal.reflect.DelegatingMethodAccessorImpl.invoke(DelegatingMethodAccessorImpl.java:43)
	at java.base/java.lang.reflect.Method.invoke(Method.java:567)
	at org.testng.internal.MethodInvocationHelper.invokeMethod(MethodInvocationHelper.java:133)
	at org.testng.internal.TestInvoker.invokeMethod(TestInvoker.java:598)
	at org.testng.internal.TestInvoker.invokeTestMethod(TestInvoker.java:173)
	at org.testng.internal.MethodRunner.runInSequence(MethodRunner.java:46)
	at org.testng.internal.TestInvoker$MethodInvocationAgent.invoke(TestInvoker.java:824)
	at org.testng.internal.TestInvoker.invokeTestMethods(TestInvoker.java:146)
	at org.testng.internal.TestMethodWorker.invokeTestMethods(TestMethodWorker.java:146)
	at org.testng.internal.TestMethodWorker.run(TestMethodWorker.java:128)
	at java.base/java.util.ArrayList.forEach(ArrayList.java:1511)
	at org.testng.TestRunner.privateRun(TestRunner.java:794)
	at org.testng.TestRunner.run(TestRunner.java:596)
	at org.testng.SuiteRunner.runTest(SuiteRunner.java:377)
	at org.testng.SuiteRunner.runSequentially(SuiteRunner.java:371)
	at org.testng.SuiteRunner.privateRun(SuiteRunner.java:332)
	at org.testng.SuiteRunner.run(SuiteRunner.java:276)
	at org.testng.SuiteRunnerWorker.runSuite(SuiteRunnerWorker.java:53)
	at org.testng.SuiteRunnerWorker.run(SuiteRunnerWorker.java:96)
	at org.testng.TestNG.runSuitesSequentially(TestNG.java:1212)
	at org.testng.TestNG.runSuitesLocally(TestNG.java:1134)
	at org.testng.TestNG.runSuites(TestNG.java:1063)
	at org.testng.TestNG.run(TestNG.java:1031)
	at org.testng.remote.AbstractRemoteTestNG.run(AbstractRemoteTestNG.java:115)
	at org.testng.remote.RemoteTestNG.initAndRun(RemoteTestNG.java:251)
	at org.testng.remote.RemoteTestNG.main(RemoteTestNG.java:77)
</pre></div><a href='#' onClick='toggleBox("stack-trace1179312157", this, "Click to show all stack frames", "Click to hide stack frames")'>Click to show all stack frames</a>
<div class='stack-trace' id='stack-trace1179312157'><pre>java.lang.AssertionError: expected [Added provider ADAMS SERRHEL ( Levine) to the group] but found [Added provider Asano Matthew ( Levine) to the group]
	at org.testng.Assert.fail(Assert.java:99)
	at org.testng.Assert.failNotEquals(Assert.java:1037)
	at org.testng.Assert.assertEqualsImpl(Assert.java:140)
	at org.testng.Assert.assertEquals(Assert.java:122)
	at org.testng.Assert.assertEquals(Assert.java:629)
	at org.testng.Assert.assertEquals(Assert.java:639)
	at com.adminXolair.qa.providerstest.tests.TC08_AdminPortal_PG_GP_VerifyAbilityToAddPhysicianInGPAndUngroupGPInPhysicianParentProvidersTabTest.Verify_PG_GP_ProvidersTab_AddAndUngroupProviderByProviderLastName(TC08_AdminPortal_PG_GP_VerifyAbilityToAddPhysicianInGPAndUngro.java:213)
	at java.base/jdk.internal.reflect.NativeMethodAccessorImpl.invoke0(Native Method)
	at java.base/jdk.internal.reflect.NativeMethodAccessorImpl.invoke(NativeMethodAccessorImpl.java:78)
	at java.base/jdk.internal.reflect.DelegatingMethodAccessorImpl.invoke(DelegatingMethodAccessorImpl.java:43)
	at java.base/java.lang.reflect.Method.invoke(Method.java:567)
	at org.testng.internal.MethodInvocationHelper.invokeMethod(MethodInvocationHelper.java:133)
	at org.testng.internal.TestInvoker.invokeMethod(TestInvoker.java:598)
	at org.testng.internal.TestInvoker.invokeTestMethod(TestInvoker.java:173)
	at org.testng.internal.MethodRunner.runInSequence(MethodRunner.java:46)
	at org.testng.internal.TestInvoker$MethodInvocationAgent.invoke(TestInvoker.java:824)
	at org.testng.internal.TestInvoker.invokeTestMethods(TestInvoker.java:146)
	at org.testng.internal.TestMethodWorker.invokeTestMethods(TestMethodWorker.java:146)
	at org.testng.internal.TestMethodWorker.run(TestMethodWorker.java:128)
	at java.base/java.util.ArrayList.forEach(ArrayList.java:1511)
	at org.testng.TestRunner.privateRun(TestRunner.java:794)
	at org.testng.TestRunner.run(TestRunner.java:596)
	at org.testng.SuiteRunner.runTest(SuiteRunner.java:377)
	at org.testng.SuiteRunner.runSequentially(SuiteRunner.java:371)
	at org.testng.SuiteRunner.privateRun(SuiteRunner.java:332)
	at org.testng.SuiteRunner.run(SuiteRunner.java:276)
	at org.testng.SuiteRunnerWorker.runSuite(SuiteRunnerWorker.java:53)
	at org.testng.SuiteRunnerWorker.run(SuiteRunnerWorker.java:96)
	at org.testng.TestNG.runSuitesSequentially(TestNG.java:1212)
	at org.testng.TestNG.runSuitesLocally(TestNG.java:1134)
	at org.testng.TestNG.runSuites(TestNG.java:1063)
	at org.testng.TestNG.run(TestNG.java:1031)
	at org.testng.remote.AbstractRemoteTestNG.run(AbstractRemoteTestNG.java:115)
	at org.testng.remote.RemoteTestNG.initAndRun(RemoteTestNG.java:251)
	at org.testng.remote.RemoteTestNG.main(RemoteTestNG.java:77)
</pre></div></td>
<td>43</td>
<td>com.adminXolair.qa.providerstest.tests.TC08_AdminPortal_PG_GP_VerifyAbilityToAddPhysicianInGPAndUngroupGPInPhysicianParentProvidersTabTest@41e76252</td></tr>
<tr>
<td title='com.adminXolair.qa.providerstest.tests.TC11_AdminPortal_PG_GP_VerifyAbilityToAddNotesToGPTest.VerifyFieldRequiredMsgForNotesInGP()'><b>VerifyFieldRequiredMsgForNotesInGP</b><br>Test class: com.adminXolair.qa.providerstest.tests.TC11_AdminPortal_PG_GP_VerifyAbilityToAddNotesToGPTest<br>Test method: Verify the field value required message and default value for Caller and Reason dropdowns for Notes tab fields in GP</td>
<td><div><pre>org.openqa.selenium.NoSuchElementException: no such element: Unable to locate element: {&quot;method&quot;:&quot;xpath&quot;,&quot;selector&quot;:&quot;//*[@id=&apos;providers-list&apos;]/tbody/tr//*[@name=&apos;Review&apos;]&quot;}
  (Session info: chrome=98.0.4758.82)
For documentation on this error, please visit: https://www.seleniumhq.org/exceptions/no_such_element.html
Build info: version: &apos;3.141.59&apos;, revision: &apos;e82be7d358&apos;, time: &apos;2018-11-14T08:17:03&apos;
System info: host: &apos;LPANDIRI-E7440&apos;, ip: &apos;10.5.220.115&apos;, os.name: &apos;Windows 10&apos;, os.arch: &apos;amd64&apos;, os.version: &apos;10.0&apos;, java.version: &apos;16.0.2&apos;
Driver info: org.openqa.selenium.chrome.ChromeDriver
Capabilities {acceptInsecureCerts: false, browserName: chrome, browserVersion: 98.0.4758.82, chrome: {chromedriverVersion: 97.0.4692.71 (adefa7837d02a..., userDataDir: C:\Users\LAHARI~1.PAN\AppDa...}, goog:chromeOptions: {debuggerAddress: localhost:60682}, javascriptEnabled: true, networkConnectionEnabled: false, pageLoadStrategy: normal, platform: WINDOWS, platformName: WINDOWS, proxy: Proxy(), setWindowRect: true, strictFileInteractability: false, timeouts: {implicit: 0, pageLoad: 300000, script: 30000}, unhandledPromptBehavior: dismiss and notify, webauthn:extension:credBlob: true, webauthn:extension:largeBlob: true, webauthn:virtualAuthenticators: true}
Session ID: 80aee8c1cc5e1d5e25c37ab304c95b3a
*** Element info: {Using=xpath, value=//*[@id=&apos;providers-list&apos;]/tbody/tr//*[@name=&apos;Review&apos;]}
	at java.base/jdk.internal.reflect.NativeConstructorAccessorImpl.newInstance0(Native Method)
	at java.base/jdk.internal.reflect.NativeConstructorAccessorImpl.newInstance(NativeConstructorAccessorImpl.java:78)
	at java.base/jdk.internal.reflect.DelegatingConstructorAccessorImpl.newInstance(DelegatingConstructorAccessorImpl.java:45)
	at java.base/java.lang.reflect.Constructor.newInstanceWithCaller(Constructor.java:499)
	at java.base/java.lang.reflect.Constructor.newInstance(Constructor.java:480)
	at org.openqa.selenium.remote.http.W3CHttpResponseCodec.createException(W3CHttpResponseCodec.java:187)
	at org.openqa.selenium.remote.http.W3CHttpResponseCodec.decode(W3CHttpResponseCodec.java:122)
	at org.openqa.selenium.remote.http.W3CHttpResponseCodec.decode(W3CHttpResponseCodec.java:49)
	at org.openqa.selenium.remote.HttpCommandExecutor.execute(HttpCommandExecutor.java:158)
	at org.openqa.selenium.remote.service.DriverCommandExecutor.execute(DriverCommandExecutor.java:83)
	at org.openqa.selenium.remote.RemoteWebDriver.execute(RemoteWebDriver.java:552)
	at org.openqa.selenium.remote.RemoteWebDriver.findElement(RemoteWebDriver.java:323)
	at org.openqa.selenium.remote.RemoteWebDriver.findElementByXPath(RemoteWebDriver.java:428)
	at org.openqa.selenium.By$ByXPath.findElement(By.java:353)
	at org.openqa.selenium.remote.RemoteWebDriver.findElement(RemoteWebDriver.java:315)
	at com.juno.qa.pages.AdminPortal_PG_GP_FindPage.FirstReviewLinkInSearchGrid(AdminPortal_PG_GP_FindPage.java:194)
	at com.adminXolair.qa.providerstest.tests.TC11_AdminPortal_PG_GP_VerifyAbilityToAddNotesToGPTest.VerifyFieldRequiredMsgForNotesInGP(TC11_AdminPortal_PG_GP_VerifyAbilityToAddNotesToGPTest.java:93)
	at java.base/jdk.internal.reflect.NativeMethodAccessorImpl.invoke0(Native Method)
	at java.base/jdk.internal.reflect.NativeMethodAccessorImpl.invoke(NativeMethodAccessorImpl.java:78)
	at java.base/jdk.internal.reflect.DelegatingMethodAccessorImpl.invoke(DelegatingMethodAccessorImpl.java:43)
	at java.base/java.lang.reflect.Method.invoke(Method.java:567)
	at org.testng.internal.MethodInvocationHelper.invokeMethod(MethodInvocationHelper.java:133)
	at org.testng.internal.TestInvoker.invokeMethod(TestInvoker.java:598)
	at org.testng.internal.TestInvoker.invokeTestMethod(TestInvoker.java:173)
	at org.testng.internal.MethodRunner.runInSequence(MethodRunner.java:46)
	at org.testng.internal.TestInvoker$MethodInvocationAgent.invoke(TestInvoker.java:824)
	at org.testng.internal.TestInvoker.invokeTestMethods(TestInvoker.java:146)
	at org.testng.internal.TestMethodWorker.invokeTestMethods(TestMethodWorker.java:146)
	at org.testng.internal.TestMethodWorker.run(TestMethodWorker.java:128)
	at java.base/java.util.ArrayList.forEach(ArrayList.java:1511)
	at org.testng.TestRunner.privateRun(TestRunner.java:794)
	at org.testng.TestRunner.run(TestRunner.java:596)
	at org.testng.SuiteRunner.runTest(SuiteRunner.java:377)
	at org.testng.SuiteRunner.runSequentially(SuiteRunner.java:371)
	at org.testng.SuiteRunner.privateRun(SuiteRunner.java:332)
	at org.testng.SuiteRunner.run(SuiteRunner.java:276)
	at org.testng.SuiteRunnerWorker.runSuite(SuiteRunnerWorker.java:53)
	at org.testng.SuiteRunnerWorker.run(SuiteRunnerWorker.java:96)
	at org.testng.TestNG.runSuitesSequentially(TestNG.java:1212)
	at org.testng.TestNG.runSuitesLocally(TestNG.java:1134)
	at org.testng.TestNG.runSuites(TestNG.java:1063)
	at org.testng.TestNG.run(TestNG.java:1031)
	at org.testng.remote.AbstractRemoteTestNG.run(AbstractRemoteTestNG.java:115)
	at org.testng.remote.RemoteTestNG.initAndRun(RemoteTestNG.java:251)
	at org.testng.remote.RemoteTestNG.main(RemoteTestNG.java:77)
</pre></div><a href='#' onClick='toggleBox("stack-trace755935609", this, "Click to show all stack frames", "Click to hide stack frames")'>Click to show all stack frames</a>
<div class='stack-trace' id='stack-trace755935609'><pre>org.openqa.selenium.NoSuchElementException: no such element: Unable to locate element: {&quot;method&quot;:&quot;xpath&quot;,&quot;selector&quot;:&quot;//*[@id=&apos;providers-list&apos;]/tbody/tr//*[@name=&apos;Review&apos;]&quot;}
  (Session info: chrome=98.0.4758.82)
For documentation on this error, please visit: https://www.seleniumhq.org/exceptions/no_such_element.html
Build info: version: &apos;3.141.59&apos;, revision: &apos;e82be7d358&apos;, time: &apos;2018-11-14T08:17:03&apos;
System info: host: &apos;LPANDIRI-E7440&apos;, ip: &apos;10.5.220.115&apos;, os.name: &apos;Windows 10&apos;, os.arch: &apos;amd64&apos;, os.version: &apos;10.0&apos;, java.version: &apos;16.0.2&apos;
Driver info: org.openqa.selenium.chrome.ChromeDriver
Capabilities {acceptInsecureCerts: false, browserName: chrome, browserVersion: 98.0.4758.82, chrome: {chromedriverVersion: 97.0.4692.71 (adefa7837d02a..., userDataDir: C:\Users\LAHARI~1.PAN\AppDa...}, goog:chromeOptions: {debuggerAddress: localhost:60682}, javascriptEnabled: true, networkConnectionEnabled: false, pageLoadStrategy: normal, platform: WINDOWS, platformName: WINDOWS, proxy: Proxy(), setWindowRect: true, strictFileInteractability: false, timeouts: {implicit: 0, pageLoad: 300000, script: 30000}, unhandledPromptBehavior: dismiss and notify, webauthn:extension:credBlob: true, webauthn:extension:largeBlob: true, webauthn:virtualAuthenticators: true}
Session ID: 80aee8c1cc5e1d5e25c37ab304c95b3a
*** Element info: {Using=xpath, value=//*[@id=&apos;providers-list&apos;]/tbody/tr//*[@name=&apos;Review&apos;]}
	at java.base/jdk.internal.reflect.NativeConstructorAccessorImpl.newInstance0(Native Method)
	at java.base/jdk.internal.reflect.NativeConstructorAccessorImpl.newInstance(NativeConstructorAccessorImpl.java:78)
	at java.base/jdk.internal.reflect.DelegatingConstructorAccessorImpl.newInstance(DelegatingConstructorAccessorImpl.java:45)
	at java.base/java.lang.reflect.Constructor.newInstanceWithCaller(Constructor.java:499)
	at java.base/java.lang.reflect.Constructor.newInstance(Constructor.java:480)
	at org.openqa.selenium.remote.http.W3CHttpResponseCodec.createException(W3CHttpResponseCodec.java:187)
	at org.openqa.selenium.remote.http.W3CHttpResponseCodec.decode(W3CHttpResponseCodec.java:122)
	at org.openqa.selenium.remote.http.W3CHttpResponseCodec.decode(W3CHttpResponseCodec.java:49)
	at org.openqa.selenium.remote.HttpCommandExecutor.execute(HttpCommandExecutor.java:158)
	at org.openqa.selenium.remote.service.DriverCommandExecutor.execute(DriverCommandExecutor.java:83)
	at org.openqa.selenium.remote.RemoteWebDriver.execute(RemoteWebDriver.java:552)
	at org.openqa.selenium.remote.RemoteWebDriver.findElement(RemoteWebDriver.java:323)
	at org.openqa.selenium.remote.RemoteWebDriver.findElementByXPath(RemoteWebDriver.java:428)
	at org.openqa.selenium.By$ByXPath.findElement(By.java:353)
	at org.openqa.selenium.remote.RemoteWebDriver.findElement(RemoteWebDriver.java:315)
	at com.juno.qa.pages.AdminPortal_PG_GP_FindPage.FirstReviewLinkInSearchGrid(AdminPortal_PG_GP_FindPage.java:194)
	at com.adminXolair.qa.providerstest.tests.TC11_AdminPortal_PG_GP_VerifyAbilityToAddNotesToGPTest.VerifyFieldRequiredMsgForNotesInGP(TC11_AdminPortal_PG_GP_VerifyAbilityToAddNotesToGPTest.java:93)
	at java.base/jdk.internal.reflect.NativeMethodAccessorImpl.invoke0(Native Method)
	at java.base/jdk.internal.reflect.NativeMethodAccessorImpl.invoke(NativeMethodAccessorImpl.java:78)
	at java.base/jdk.internal.reflect.DelegatingMethodAccessorImpl.invoke(DelegatingMethodAccessorImpl.java:43)
	at java.base/java.lang.reflect.Method.invoke(Method.java:567)
	at org.testng.internal.MethodInvocationHelper.invokeMethod(MethodInvocationHelper.java:133)
	at org.testng.internal.TestInvoker.invokeMethod(TestInvoker.java:598)
	at org.testng.internal.TestInvoker.invokeTestMethod(TestInvoker.java:173)
	at org.testng.internal.MethodRunner.runInSequence(MethodRunner.java:46)
	at org.testng.internal.TestInvoker$MethodInvocationAgent.invoke(TestInvoker.java:824)
	at org.testng.internal.TestInvoker.invokeTestMethods(TestInvoker.java:146)
	at org.testng.internal.TestMethodWorker.invokeTestMethods(TestMethodWorker.java:146)
	at org.testng.internal.TestMethodWorker.run(TestMethodWorker.java:128)
	at java.base/java.util.ArrayList.forEach(ArrayList.java:1511)
	at org.testng.TestRunner.privateRun(TestRunner.java:794)
	at org.testng.TestRunner.run(TestRunner.java:596)
	at org.testng.SuiteRunner.runTest(SuiteRunner.java:377)
	at org.testng.SuiteRunner.runSequentially(SuiteRunner.java:371)
	at org.testng.SuiteRunner.privateRun(SuiteRunner.java:332)
	at org.testng.SuiteRunner.run(SuiteRunner.java:276)
	at org.testng.SuiteRunnerWorker.runSuite(SuiteRunnerWorker.java:53)
	at org.testng.SuiteRunnerWorker.run(SuiteRunnerWorker.java:96)
	at org.testng.TestNG.runSuitesSequentially(TestNG.java:1212)
	at org.testng.TestNG.runSuitesLocally(TestNG.java:1134)
	at org.testng.TestNG.runSuites(TestNG.java:1063)
	at org.testng.TestNG.run(TestNG.java:1031)
	at org.testng.remote.AbstractRemoteTestNG.run(AbstractRemoteTestNG.java:115)
	at org.testng.remote.RemoteTestNG.initAndRun(RemoteTestNG.java:251)
	at org.testng.remote.RemoteTestNG.main(RemoteTestNG.java:77)
</pre></div></td>
<td>74</td>
<td>com.adminXolair.qa.providerstest.tests.TC11_AdminPortal_PG_GP_VerifyAbilityToAddNotesToGPTest@6cfac0bd</td></tr>
<tr>
<td title='com.adminXolair.qa.providerstest.tests.TC03_AdminPortal_PG_GP_FindGPTest.SearchProviderGroupByLastName()'><b>SearchProviderGroupByLastName</b><br>Test class: com.adminXolair.qa.providerstest.tests.TC03_AdminPortal_PG_GP_FindGPTest<br>Test method: verify ability to search by provider last name</td>
<td><div><pre>java.lang.AssertionError: expected [Parent Provider ID] but found [NPI]
	at org.testng.Assert.fail(Assert.java:99)
	at org.testng.Assert.failNotEquals(Assert.java:1037)
	at org.testng.Assert.assertEqualsImpl(Assert.java:140)
	at org.testng.Assert.assertEquals(Assert.java:122)
	at org.testng.Assert.assertEquals(Assert.java:629)
	at org.testng.Assert.assertEquals(Assert.java:639)
	at com.adminXolair.qa.providerstest.tests.TC03_AdminPortal_PG_GP_FindGPTest.SearchProviderGroupByLastName(TC03_AdminPortal_PG_GP_FindGPTest.java:156)
	at java.base/jdk.internal.reflect.NativeMethodAccessorImpl.invoke0(Native Method)
	at java.base/jdk.internal.reflect.NativeMethodAccessorImpl.invoke(NativeMethodAccessorImpl.java:78)
	at java.base/jdk.internal.reflect.DelegatingMethodAccessorImpl.invoke(DelegatingMethodAccessorImpl.java:43)
	at java.base/java.lang.reflect.Method.invoke(Method.java:567)
	at org.testng.internal.MethodInvocationHelper.invokeMethod(MethodInvocationHelper.java:133)
	at org.testng.internal.TestInvoker.invokeMethod(TestInvoker.java:598)
	at org.testng.internal.TestInvoker.invokeTestMethod(TestInvoker.java:173)
	at org.testng.internal.MethodRunner.runInSequence(MethodRunner.java:46)
	at org.testng.internal.TestInvoker$MethodInvocationAgent.invoke(TestInvoker.java:824)
	at org.testng.internal.TestInvoker.invokeTestMethods(TestInvoker.java:146)
	at org.testng.internal.TestMethodWorker.invokeTestMethods(TestMethodWorker.java:146)
	at org.testng.internal.TestMethodWorker.run(TestMethodWorker.java:128)
	at java.base/java.util.ArrayList.forEach(ArrayList.java:1511)
	at org.testng.TestRunner.privateRun(TestRunner.java:794)
	at org.testng.TestRunner.run(TestRunner.java:596)
	at org.testng.SuiteRunner.runTest(SuiteRunner.java:377)
	at org.testng.SuiteRunner.runSequentially(SuiteRunner.java:371)
	at org.testng.SuiteRunner.privateRun(SuiteRunner.java:332)
	at org.testng.SuiteRunner.run(SuiteRunner.java:276)
	at org.testng.SuiteRunnerWorker.runSuite(SuiteRunnerWorker.java:53)
	at org.testng.SuiteRunnerWorker.run(SuiteRunnerWorker.java:96)
	at org.testng.TestNG.runSuitesSequentially(TestNG.java:1212)
	at org.testng.TestNG.runSuitesLocally(TestNG.java:1134)
	at org.testng.TestNG.runSuites(TestNG.java:1063)
	at org.testng.TestNG.run(TestNG.java:1031)
	at org.testng.remote.AbstractRemoteTestNG.run(AbstractRemoteTestNG.java:115)
	at org.testng.remote.RemoteTestNG.initAndRun(RemoteTestNG.java:251)
	at org.testng.remote.RemoteTestNG.main(RemoteTestNG.java:77)
</pre></div><a href='#' onClick='toggleBox("stack-trace808706411", this, "Click to show all stack frames", "Click to hide stack frames")'>Click to show all stack frames</a>
<div class='stack-trace' id='stack-trace808706411'><pre>java.lang.AssertionError: expected [Parent Provider ID] but found [NPI]
	at org.testng.Assert.fail(Assert.java:99)
	at org.testng.Assert.failNotEquals(Assert.java:1037)
	at org.testng.Assert.assertEqualsImpl(Assert.java:140)
	at org.testng.Assert.assertEquals(Assert.java:122)
	at org.testng.Assert.assertEquals(Assert.java:629)
	at org.testng.Assert.assertEquals(Assert.java:639)
	at com.adminXolair.qa.providerstest.tests.TC03_AdminPortal_PG_GP_FindGPTest.SearchProviderGroupByLastName(TC03_AdminPortal_PG_GP_FindGPTest.java:156)
	at java.base/jdk.internal.reflect.NativeMethodAccessorImpl.invoke0(Native Method)
	at java.base/jdk.internal.reflect.NativeMethodAccessorImpl.invoke(NativeMethodAccessorImpl.java:78)
	at java.base/jdk.internal.reflect.DelegatingMethodAccessorImpl.invoke(DelegatingMethodAccessorImpl.java:43)
	at java.base/java.lang.reflect.Method.invoke(Method.java:567)
	at org.testng.internal.MethodInvocationHelper.invokeMethod(MethodInvocationHelper.java:133)
	at org.testng.internal.TestInvoker.invokeMethod(TestInvoker.java:598)
	at org.testng.internal.TestInvoker.invokeTestMethod(TestInvoker.java:173)
	at org.testng.internal.MethodRunner.runInSequence(MethodRunner.java:46)
	at org.testng.internal.TestInvoker$MethodInvocationAgent.invoke(TestInvoker.java:824)
	at org.testng.internal.TestInvoker.invokeTestMethods(TestInvoker.java:146)
	at org.testng.internal.TestMethodWorker.invokeTestMethods(TestMethodWorker.java:146)
	at org.testng.internal.TestMethodWorker.run(TestMethodWorker.java:128)
	at java.base/java.util.ArrayList.forEach(ArrayList.java:1511)
	at org.testng.TestRunner.privateRun(TestRunner.java:794)
	at org.testng.TestRunner.run(TestRunner.java:596)
	at org.testng.SuiteRunner.runTest(SuiteRunner.java:377)
	at org.testng.SuiteRunner.runSequentially(SuiteRunner.java:371)
	at org.testng.SuiteRunner.privateRun(SuiteRunner.java:332)
	at org.testng.SuiteRunner.run(SuiteRunner.java:276)
	at org.testng.SuiteRunnerWorker.runSuite(SuiteRunnerWorker.java:53)
	at org.testng.SuiteRunnerWorker.run(SuiteRunnerWorker.java:96)
	at org.testng.TestNG.runSuitesSequentially(TestNG.java:1212)
	at org.testng.TestNG.runSuitesLocally(TestNG.java:1134)
	at org.testng.TestNG.runSuites(TestNG.java:1063)
	at org.testng.TestNG.run(TestNG.java:1031)
	at org.testng.remote.AbstractRemoteTestNG.run(AbstractRemoteTestNG.java:115)
	at org.testng.remote.RemoteTestNG.initAndRun(RemoteTestNG.java:251)
	at org.testng.remote.RemoteTestNG.main(RemoteTestNG.java:77)
</pre></div></td>
<td>22</td>
<td>com.adminXolair.qa.providerstest.tests.TC03_AdminPortal_PG_GP_FindGPTest@37b1218</td></tr>
<tr>
<td title='com.adminXolair.qa.providerstest.tests.TC13_AdminPortal_PG_BO_VerifyFindPageTest.SearchProviderGroupByLastNameInBO()'><b>SearchProviderGroupByLastNameInBO</b><br>Test class: com.adminXolair.qa.providerstest.tests.TC13_AdminPortal_PG_BO_VerifyFindPageTest<br>Test method: verify ability to search by provider last name in BO</td>
<td><div><pre>org.openqa.selenium.NoSuchElementException: no such element: Unable to locate element: {&quot;method&quot;:&quot;xpath&quot;,&quot;selector&quot;:&quot;//table[@id=&apos;providers-list&apos;]//*[@value=&apos;Review&apos;]&quot;}
  (Session info: chrome=98.0.4758.82)
For documentation on this error, please visit: https://www.seleniumhq.org/exceptions/no_such_element.html
Build info: version: &apos;3.141.59&apos;, revision: &apos;e82be7d358&apos;, time: &apos;2018-11-14T08:17:03&apos;
System info: host: &apos;LPANDIRI-E7440&apos;, ip: &apos;10.5.220.115&apos;, os.name: &apos;Windows 10&apos;, os.arch: &apos;amd64&apos;, os.version: &apos;10.0&apos;, java.version: &apos;16.0.2&apos;
Driver info: org.openqa.selenium.chrome.ChromeDriver
Capabilities {acceptInsecureCerts: false, browserName: chrome, browserVersion: 98.0.4758.82, chrome: {chromedriverVersion: 97.0.4692.71 (adefa7837d02a..., userDataDir: C:\Users\LAHARI~1.PAN\AppDa...}, goog:chromeOptions: {debuggerAddress: localhost:60808}, javascriptEnabled: true, networkConnectionEnabled: false, pageLoadStrategy: normal, platform: WINDOWS, platformName: WINDOWS, proxy: Proxy(), setWindowRect: true, strictFileInteractability: false, timeouts: {implicit: 0, pageLoad: 300000, script: 30000}, unhandledPromptBehavior: dismiss and notify, webauthn:extension:credBlob: true, webauthn:extension:largeBlob: true, webauthn:virtualAuthenticators: true}
Session ID: 7bacc9fe485243727ea7bc8c08cabd2b
*** Element info: {Using=xpath, value=//table[@id=&apos;providers-list&apos;]//*[@value=&apos;Review&apos;]}
	at java.base/jdk.internal.reflect.NativeConstructorAccessorImpl.newInstance0(Native Method)
	at java.base/jdk.internal.reflect.NativeConstructorAccessorImpl.newInstance(NativeConstructorAccessorImpl.java:78)
	at java.base/jdk.internal.reflect.DelegatingConstructorAccessorImpl.newInstance(DelegatingConstructorAccessorImpl.java:45)
	at java.base/java.lang.reflect.Constructor.newInstanceWithCaller(Constructor.java:499)
	at java.base/java.lang.reflect.Constructor.newInstance(Constructor.java:480)
	at org.openqa.selenium.remote.http.W3CHttpResponseCodec.createException(W3CHttpResponseCodec.java:187)
	at org.openqa.selenium.remote.http.W3CHttpResponseCodec.decode(W3CHttpResponseCodec.java:122)
	at org.openqa.selenium.remote.http.W3CHttpResponseCodec.decode(W3CHttpResponseCodec.java:49)
	at org.openqa.selenium.remote.HttpCommandExecutor.execute(HttpCommandExecutor.java:158)
	at org.openqa.selenium.remote.service.DriverCommandExecutor.execute(DriverCommandExecutor.java:83)
	at org.openqa.selenium.remote.RemoteWebDriver.execute(RemoteWebDriver.java:552)
	at org.openqa.selenium.remote.RemoteWebDriver.findElement(RemoteWebDriver.java:323)
	at org.openqa.selenium.remote.RemoteWebDriver.findElementByXPath(RemoteWebDriver.java:428)
	at org.openqa.selenium.By$ByXPath.findElement(By.java:353)
	at org.openqa.selenium.remote.RemoteWebDriver.findElement(RemoteWebDriver.java:315)
	at com.juno.qa.pages.AdminPortal_PG_BO_FindPage.FirstReviewLinkInSearchGrid(AdminPortal_PG_BO_FindPage.java:189)
	at com.adminXolair.qa.providerstest.tests.TC13_AdminPortal_PG_BO_VerifyFindPageTest.SearchProviderGroupByLastNameInBO(TC13_AdminPortal_PG_BO_VerifyFindPageTest.java:178)
	at java.base/jdk.internal.reflect.NativeMethodAccessorImpl.invoke0(Native Method)
	at java.base/jdk.internal.reflect.NativeMethodAccessorImpl.invoke(NativeMethodAccessorImpl.java:78)
	at java.base/jdk.internal.reflect.DelegatingMethodAccessorImpl.invoke(DelegatingMethodAccessorImpl.java:43)
	at java.base/java.lang.reflect.Method.invoke(Method.java:567)
	at org.testng.internal.MethodInvocationHelper.invokeMethod(MethodInvocationHelper.java:133)
	at org.testng.internal.TestInvoker.invokeMethod(TestInvoker.java:598)
	at org.testng.internal.TestInvoker.invokeTestMethod(TestInvoker.java:173)
	at org.testng.internal.MethodRunner.runInSequence(MethodRunner.java:46)
	at org.testng.internal.TestInvoker$MethodInvocationAgent.invoke(TestInvoker.java:824)
	at org.testng.internal.TestInvoker.invokeTestMethods(TestInvoker.java:146)
	at org.testng.internal.TestMethodWorker.invokeTestMethods(TestMethodWorker.java:146)
	at org.testng.internal.TestMethodWorker.run(TestMethodWorker.java:128)
	at java.base/java.util.ArrayList.forEach(ArrayList.java:1511)
	at org.testng.TestRunner.privateRun(TestRunner.java:794)
	at org.testng.TestRunner.run(TestRunner.java:596)
	at org.testng.SuiteRunner.runTest(SuiteRunner.java:377)
	at org.testng.SuiteRunner.runSequentially(SuiteRunner.java:371)
	at org.testng.SuiteRunner.privateRun(SuiteRunner.java:332)
	at org.testng.SuiteRunner.run(SuiteRunner.java:276)
	at org.testng.SuiteRunnerWorker.runSuite(SuiteRunnerWorker.java:53)
	at org.testng.SuiteRunnerWorker.run(SuiteRunnerWorker.java:96)
	at org.testng.TestNG.runSuitesSequentially(TestNG.java:1212)
	at org.testng.TestNG.runSuitesLocally(TestNG.java:1134)
	at org.testng.TestNG.runSuites(TestNG.java:1063)
	at org.testng.TestNG.run(TestNG.java:1031)
	at org.testng.remote.AbstractRemoteTestNG.run(AbstractRemoteTestNG.java:115)
	at org.testng.remote.RemoteTestNG.initAndRun(RemoteTestNG.java:251)
	at org.testng.remote.RemoteTestNG.main(RemoteTestNG.java:77)
</pre></div><a href='#' onClick='toggleBox("stack-trace35777593", this, "Click to show all stack frames", "Click to hide stack frames")'>Click to show all stack frames</a>
<div class='stack-trace' id='stack-trace35777593'><pre>org.openqa.selenium.NoSuchElementException: no such element: Unable to locate element: {&quot;method&quot;:&quot;xpath&quot;,&quot;selector&quot;:&quot;//table[@id=&apos;providers-list&apos;]//*[@value=&apos;Review&apos;]&quot;}
  (Session info: chrome=98.0.4758.82)
For documentation on this error, please visit: https://www.seleniumhq.org/exceptions/no_such_element.html
Build info: version: &apos;3.141.59&apos;, revision: &apos;e82be7d358&apos;, time: &apos;2018-11-14T08:17:03&apos;
System info: host: &apos;LPANDIRI-E7440&apos;, ip: &apos;10.5.220.115&apos;, os.name: &apos;Windows 10&apos;, os.arch: &apos;amd64&apos;, os.version: &apos;10.0&apos;, java.version: &apos;16.0.2&apos;
Driver info: org.openqa.selenium.chrome.ChromeDriver
Capabilities {acceptInsecureCerts: false, browserName: chrome, browserVersion: 98.0.4758.82, chrome: {chromedriverVersion: 97.0.4692.71 (adefa7837d02a..., userDataDir: C:\Users\LAHARI~1.PAN\AppDa...}, goog:chromeOptions: {debuggerAddress: localhost:60808}, javascriptEnabled: true, networkConnectionEnabled: false, pageLoadStrategy: normal, platform: WINDOWS, platformName: WINDOWS, proxy: Proxy(), setWindowRect: true, strictFileInteractability: false, timeouts: {implicit: 0, pageLoad: 300000, script: 30000}, unhandledPromptBehavior: dismiss and notify, webauthn:extension:credBlob: true, webauthn:extension:largeBlob: true, webauthn:virtualAuthenticators: true}
Session ID: 7bacc9fe485243727ea7bc8c08cabd2b
*** Element info: {Using=xpath, value=//table[@id=&apos;providers-list&apos;]//*[@value=&apos;Review&apos;]}
	at java.base/jdk.internal.reflect.NativeConstructorAccessorImpl.newInstance0(Native Method)
	at java.base/jdk.internal.reflect.NativeConstructorAccessorImpl.newInstance(NativeConstructorAccessorImpl.java:78)
	at java.base/jdk.internal.reflect.DelegatingConstructorAccessorImpl.newInstance(DelegatingConstructorAccessorImpl.java:45)
	at java.base/java.lang.reflect.Constructor.newInstanceWithCaller(Constructor.java:499)
	at java.base/java.lang.reflect.Constructor.newInstance(Constructor.java:480)
	at org.openqa.selenium.remote.http.W3CHttpResponseCodec.createException(W3CHttpResponseCodec.java:187)
	at org.openqa.selenium.remote.http.W3CHttpResponseCodec.decode(W3CHttpResponseCodec.java:122)
	at org.openqa.selenium.remote.http.W3CHttpResponseCodec.decode(W3CHttpResponseCodec.java:49)
	at org.openqa.selenium.remote.HttpCommandExecutor.execute(HttpCommandExecutor.java:158)
	at org.openqa.selenium.remote.service.DriverCommandExecutor.execute(DriverCommandExecutor.java:83)
	at org.openqa.selenium.remote.RemoteWebDriver.execute(RemoteWebDriver.java:552)
	at org.openqa.selenium.remote.RemoteWebDriver.findElement(RemoteWebDriver.java:323)
	at org.openqa.selenium.remote.RemoteWebDriver.findElementByXPath(RemoteWebDriver.java:428)
	at org.openqa.selenium.By$ByXPath.findElement(By.java:353)
	at org.openqa.selenium.remote.RemoteWebDriver.findElement(RemoteWebDriver.java:315)
	at com.juno.qa.pages.AdminPortal_PG_BO_FindPage.FirstReviewLinkInSearchGrid(AdminPortal_PG_BO_FindPage.java:189)
	at com.adminXolair.qa.providerstest.tests.TC13_AdminPortal_PG_BO_VerifyFindPageTest.SearchProviderGroupByLastNameInBO(TC13_AdminPortal_PG_BO_VerifyFindPageTest.java:178)
	at java.base/jdk.internal.reflect.NativeMethodAccessorImpl.invoke0(Native Method)
	at java.base/jdk.internal.reflect.NativeMethodAccessorImpl.invoke(NativeMethodAccessorImpl.java:78)
	at java.base/jdk.internal.reflect.DelegatingMethodAccessorImpl.invoke(DelegatingMethodAccessorImpl.java:43)
	at java.base/java.lang.reflect.Method.invoke(Method.java:567)
	at org.testng.internal.MethodInvocationHelper.invokeMethod(MethodInvocationHelper.java:133)
	at org.testng.internal.TestInvoker.invokeMethod(TestInvoker.java:598)
	at org.testng.internal.TestInvoker.invokeTestMethod(TestInvoker.java:173)
	at org.testng.internal.MethodRunner.runInSequence(MethodRunner.java:46)
	at org.testng.internal.TestInvoker$MethodInvocationAgent.invoke(TestInvoker.java:824)
	at org.testng.internal.TestInvoker.invokeTestMethods(TestInvoker.java:146)
	at org.testng.internal.TestMethodWorker.invokeTestMethods(TestMethodWorker.java:146)
	at org.testng.internal.TestMethodWorker.run(TestMethodWorker.java:128)
	at java.base/java.util.ArrayList.forEach(ArrayList.java:1511)
	at org.testng.TestRunner.privateRun(TestRunner.java:794)
	at org.testng.TestRunner.run(TestRunner.java:596)
	at org.testng.SuiteRunner.runTest(SuiteRunner.java:377)
	at org.testng.SuiteRunner.runSequentially(SuiteRunner.java:371)
	at org.testng.SuiteRunner.privateRun(SuiteRunner.java:332)
	at org.testng.SuiteRunner.run(SuiteRunner.java:276)
	at org.testng.SuiteRunnerWorker.runSuite(SuiteRunnerWorker.java:53)
	at org.testng.SuiteRunnerWorker.run(SuiteRunnerWorker.java:96)
	at org.testng.TestNG.runSuitesSequentially(TestNG.java:1212)
	at org.testng.TestNG.runSuitesLocally(TestNG.java:1134)
	at org.testng.TestNG.runSuites(TestNG.java:1063)
	at org.testng.TestNG.run(TestNG.java:1031)
	at org.testng.remote.AbstractRemoteTestNG.run(AbstractRemoteTestNG.java:115)
	at org.testng.remote.RemoteTestNG.initAndRun(RemoteTestNG.java:251)
	at org.testng.remote.RemoteTestNG.main(RemoteTestNG.java:77)
</pre></div></td>
<td>79</td>
<td>com.adminXolair.qa.providerstest.tests.TC13_AdminPortal_PG_BO_VerifyFindPageTest@7f839ec5</td></tr>
<tr>
<td title='com.adminXolair.qa.providerstest.tests.TC13_AdminPortal_PG_BO_VerifyFindPageTest.VerifyPGBOFindPageContent()'><b>VerifyPGBOFindPageContent</b><br>Test class: com.adminXolair.qa.providerstest.tests.TC13_AdminPortal_PG_BO_VerifyFindPageTest<br>Test method: Verify PG-->BO-->Find page content</td>
<td><div><pre>org.openqa.selenium.NoSuchElementException: no such element: Unable to locate element: {&quot;method&quot;:&quot;link text&quot;,&quot;selector&quot;:&quot;Search Provider&quot;}
  (Session info: chrome=98.0.4758.82)
For documentation on this error, please visit: https://www.seleniumhq.org/exceptions/no_such_element.html
Build info: version: &apos;3.141.59&apos;, revision: &apos;e82be7d358&apos;, time: &apos;2018-11-14T08:17:03&apos;
System info: host: &apos;LPANDIRI-E7440&apos;, ip: &apos;10.5.220.115&apos;, os.name: &apos;Windows 10&apos;, os.arch: &apos;amd64&apos;, os.version: &apos;10.0&apos;, java.version: &apos;16.0.2&apos;
Driver info: org.openqa.selenium.chrome.ChromeDriver
Capabilities {acceptInsecureCerts: false, browserName: chrome, browserVersion: 98.0.4758.82, chrome: {chromedriverVersion: 97.0.4692.71 (adefa7837d02a..., userDataDir: C:\Users\LAHARI~1.PAN\AppDa...}, goog:chromeOptions: {debuggerAddress: localhost:60896}, javascriptEnabled: true, networkConnectionEnabled: false, pageLoadStrategy: normal, platform: WINDOWS, platformName: WINDOWS, proxy: Proxy(), setWindowRect: true, strictFileInteractability: false, timeouts: {implicit: 0, pageLoad: 300000, script: 30000}, unhandledPromptBehavior: dismiss and notify, webauthn:extension:credBlob: true, webauthn:extension:largeBlob: true, webauthn:virtualAuthenticators: true}
Session ID: 58ee90b2ae2da091567da5d8fb3f945a
*** Element info: {Using=link text, value=Search Provider}
	at java.base/jdk.internal.reflect.NativeConstructorAccessorImpl.newInstance0(Native Method)
	at java.base/jdk.internal.reflect.NativeConstructorAccessorImpl.newInstance(NativeConstructorAccessorImpl.java:78)
	at java.base/jdk.internal.reflect.DelegatingConstructorAccessorImpl.newInstance(DelegatingConstructorAccessorImpl.java:45)
	at java.base/java.lang.reflect.Constructor.newInstanceWithCaller(Constructor.java:499)
	at java.base/java.lang.reflect.Constructor.newInstance(Constructor.java:480)
	at org.openqa.selenium.remote.http.W3CHttpResponseCodec.createException(W3CHttpResponseCodec.java:187)
	at org.openqa.selenium.remote.http.W3CHttpResponseCodec.decode(W3CHttpResponseCodec.java:122)
	at org.openqa.selenium.remote.http.W3CHttpResponseCodec.decode(W3CHttpResponseCodec.java:49)
	at org.openqa.selenium.remote.HttpCommandExecutor.execute(HttpCommandExecutor.java:158)
	at org.openqa.selenium.remote.service.DriverCommandExecutor.execute(DriverCommandExecutor.java:83)
	at org.openqa.selenium.remote.RemoteWebDriver.execute(RemoteWebDriver.java:552)
	at org.openqa.selenium.remote.RemoteWebDriver.findElement(RemoteWebDriver.java:323)
	at org.openqa.selenium.remote.RemoteWebDriver.findElementByLinkText(RemoteWebDriver.java:380)
	at org.openqa.selenium.By$ByLinkText.findElement(By.java:220)
	at org.openqa.selenium.remote.RemoteWebDriver.findElement(RemoteWebDriver.java:315)
	at com.juno.qa.pages.AdminPortalHomePage.SearchProvider(AdminPortalHomePage.java:39)
	at com.adminXolair.qa.providerstest.tests.TC13_AdminPortal_PG_BO_VerifyFindPageTest.VerifyPGBOFindPageContent(TC13_AdminPortal_PG_BO_VerifyFindPageTest.java:107)
	at java.base/jdk.internal.reflect.NativeMethodAccessorImpl.invoke0(Native Method)
	at java.base/jdk.internal.reflect.NativeMethodAccessorImpl.invoke(NativeMethodAccessorImpl.java:78)
	at java.base/jdk.internal.reflect.DelegatingMethodAccessorImpl.invoke(DelegatingMethodAccessorImpl.java:43)
	at java.base/java.lang.reflect.Method.invoke(Method.java:567)
	at org.testng.internal.MethodInvocationHelper.invokeMethod(MethodInvocationHelper.java:133)
	at org.testng.internal.TestInvoker.invokeMethod(TestInvoker.java:598)
	at org.testng.internal.TestInvoker.invokeTestMethod(TestInvoker.java:173)
	at org.testng.internal.MethodRunner.runInSequence(MethodRunner.java:46)
	at org.testng.internal.TestInvoker$MethodInvocationAgent.invoke(TestInvoker.java:824)
	at org.testng.internal.TestInvoker.invokeTestMethods(TestInvoker.java:146)
	at org.testng.internal.TestMethodWorker.invokeTestMethods(TestMethodWorker.java:146)
	at org.testng.internal.TestMethodWorker.run(TestMethodWorker.java:128)
	at java.base/java.util.ArrayList.forEach(ArrayList.java:1511)
	at org.testng.TestRunner.privateRun(TestRunner.java:794)
	at org.testng.TestRunner.run(TestRunner.java:596)
	at org.testng.SuiteRunner.runTest(SuiteRunner.java:377)
	at org.testng.SuiteRunner.runSequentially(SuiteRunner.java:371)
	at org.testng.SuiteRunner.privateRun(SuiteRunner.java:332)
	at org.testng.SuiteRunner.run(SuiteRunner.java:276)
	at org.testng.SuiteRunnerWorker.runSuite(SuiteRunnerWorker.java:53)
	at org.testng.SuiteRunnerWorker.run(SuiteRunnerWorker.java:96)
	at org.testng.TestNG.runSuitesSequentially(TestNG.java:1212)
	at org.testng.TestNG.runSuitesLocally(TestNG.java:1134)
	at org.testng.TestNG.runSuites(TestNG.java:1063)
	at org.testng.TestNG.run(TestNG.java:1031)
	at org.testng.remote.AbstractRemoteTestNG.run(AbstractRemoteTestNG.java:115)
	at org.testng.remote.RemoteTestNG.initAndRun(RemoteTestNG.java:251)
	at org.testng.remote.RemoteTestNG.main(RemoteTestNG.java:77)
</pre></div><a href='#' onClick='toggleBox("stack-trace459025285", this, "Click to show all stack frames", "Click to hide stack frames")'>Click to show all stack frames</a>
<div class='stack-trace' id='stack-trace459025285'><pre>org.openqa.selenium.NoSuchElementException: no such element: Unable to locate element: {&quot;method&quot;:&quot;link text&quot;,&quot;selector&quot;:&quot;Search Provider&quot;}
  (Session info: chrome=98.0.4758.82)
For documentation on this error, please visit: https://www.seleniumhq.org/exceptions/no_such_element.html
Build info: version: &apos;3.141.59&apos;, revision: &apos;e82be7d358&apos;, time: &apos;2018-11-14T08:17:03&apos;
System info: host: &apos;LPANDIRI-E7440&apos;, ip: &apos;10.5.220.115&apos;, os.name: &apos;Windows 10&apos;, os.arch: &apos;amd64&apos;, os.version: &apos;10.0&apos;, java.version: &apos;16.0.2&apos;
Driver info: org.openqa.selenium.chrome.ChromeDriver
Capabilities {acceptInsecureCerts: false, browserName: chrome, browserVersion: 98.0.4758.82, chrome: {chromedriverVersion: 97.0.4692.71 (adefa7837d02a..., userDataDir: C:\Users\LAHARI~1.PAN\AppDa...}, goog:chromeOptions: {debuggerAddress: localhost:60896}, javascriptEnabled: true, networkConnectionEnabled: false, pageLoadStrategy: normal, platform: WINDOWS, platformName: WINDOWS, proxy: Proxy(), setWindowRect: true, strictFileInteractability: false, timeouts: {implicit: 0, pageLoad: 300000, script: 30000}, unhandledPromptBehavior: dismiss and notify, webauthn:extension:credBlob: true, webauthn:extension:largeBlob: true, webauthn:virtualAuthenticators: true}
Session ID: 58ee90b2ae2da091567da5d8fb3f945a
*** Element info: {Using=link text, value=Search Provider}
	at java.base/jdk.internal.reflect.NativeConstructorAccessorImpl.newInstance0(Native Method)
	at java.base/jdk.internal.reflect.NativeConstructorAccessorImpl.newInstance(NativeConstructorAccessorImpl.java:78)
	at java.base/jdk.internal.reflect.DelegatingConstructorAccessorImpl.newInstance(DelegatingConstructorAccessorImpl.java:45)
	at java.base/java.lang.reflect.Constructor.newInstanceWithCaller(Constructor.java:499)
	at java.base/java.lang.reflect.Constructor.newInstance(Constructor.java:480)
	at org.openqa.selenium.remote.http.W3CHttpResponseCodec.createException(W3CHttpResponseCodec.java:187)
	at org.openqa.selenium.remote.http.W3CHttpResponseCodec.decode(W3CHttpResponseCodec.java:122)
	at org.openqa.selenium.remote.http.W3CHttpResponseCodec.decode(W3CHttpResponseCodec.java:49)
	at org.openqa.selenium.remote.HttpCommandExecutor.execute(HttpCommandExecutor.java:158)
	at org.openqa.selenium.remote.service.DriverCommandExecutor.execute(DriverCommandExecutor.java:83)
	at org.openqa.selenium.remote.RemoteWebDriver.execute(RemoteWebDriver.java:552)
	at org.openqa.selenium.remote.RemoteWebDriver.findElement(RemoteWebDriver.java:323)
	at org.openqa.selenium.remote.RemoteWebDriver.findElementByLinkText(RemoteWebDriver.java:380)
	at org.openqa.selenium.By$ByLinkText.findElement(By.java:220)
	at org.openqa.selenium.remote.RemoteWebDriver.findElement(RemoteWebDriver.java:315)
	at com.juno.qa.pages.AdminPortalHomePage.SearchProvider(AdminPortalHomePage.java:39)
	at com.adminXolair.qa.providerstest.tests.TC13_AdminPortal_PG_BO_VerifyFindPageTest.VerifyPGBOFindPageContent(TC13_AdminPortal_PG_BO_VerifyFindPageTest.java:107)
	at java.base/jdk.internal.reflect.NativeMethodAccessorImpl.invoke0(Native Method)
	at java.base/jdk.internal.reflect.NativeMethodAccessorImpl.invoke(NativeMethodAccessorImpl.java:78)
	at java.base/jdk.internal.reflect.DelegatingMethodAccessorImpl.invoke(DelegatingMethodAccessorImpl.java:43)
	at java.base/java.lang.reflect.Method.invoke(Method.java:567)
	at org.testng.internal.MethodInvocationHelper.invokeMethod(MethodInvocationHelper.java:133)
	at org.testng.internal.TestInvoker.invokeMethod(TestInvoker.java:598)
	at org.testng.internal.TestInvoker.invokeTestMethod(TestInvoker.java:173)
	at org.testng.internal.MethodRunner.runInSequence(MethodRunner.java:46)
	at org.testng.internal.TestInvoker$MethodInvocationAgent.invoke(TestInvoker.java:824)
	at org.testng.internal.TestInvoker.invokeTestMethods(TestInvoker.java:146)
	at org.testng.internal.TestMethodWorker.invokeTestMethods(TestMethodWorker.java:146)
	at org.testng.internal.TestMethodWorker.run(TestMethodWorker.java:128)
	at java.base/java.util.ArrayList.forEach(ArrayList.java:1511)
	at org.testng.TestRunner.privateRun(TestRunner.java:794)
	at org.testng.TestRunner.run(TestRunner.java:596)
	at org.testng.SuiteRunner.runTest(SuiteRunner.java:377)
	at org.testng.SuiteRunner.runSequentially(SuiteRunner.java:371)
	at org.testng.SuiteRunner.privateRun(SuiteRunner.java:332)
	at org.testng.SuiteRunner.run(SuiteRunner.java:276)
	at org.testng.SuiteRunnerWorker.runSuite(SuiteRunnerWorker.java:53)
	at org.testng.SuiteRunnerWorker.run(SuiteRunnerWorker.java:96)
	at org.testng.TestNG.runSuitesSequentially(TestNG.java:1212)
	at org.testng.TestNG.runSuitesLocally(TestNG.java:1134)
	at org.testng.TestNG.runSuites(TestNG.java:1063)
	at org.testng.TestNG.run(TestNG.java:1031)
	at org.testng.remote.AbstractRemoteTestNG.run(AbstractRemoteTestNG.java:115)
	at org.testng.remote.RemoteTestNG.initAndRun(RemoteTestNG.java:251)
	at org.testng.remote.RemoteTestNG.main(RemoteTestNG.java:77)
</pre></div></td>
<td>72</td>
<td>com.adminXolair.qa.providerstest.tests.TC13_AdminPortal_PG_BO_VerifyFindPageTest@7f839ec5</td></tr>
<tr>
<td title='com.Replatform.qa.Fax.test.TC12_AdminPortal_Faxes_AssignmentRules_AddNewAssignmentRuleTest.Verify_AssignmentRules_CreateAssignmentRule_OustisdeHoursN()'><b>Verify_AssignmentRules_CreateAssignmentRule_OustisdeHoursN</b><br>Test class: com.Replatform.qa.Fax.test.TC12_AdminPortal_Faxes_AssignmentRules_AddNewAssignmentRuleTest<br>Test method: Verify ability to create assignment rules with Catch outside hours as N</td>
<td><div><pre>org.openqa.selenium.NoSuchElementException: no such element: Unable to locate element: {&quot;method&quot;:&quot;xpath&quot;,&quot;selector&quot;:&quot;//*[@id=&apos;form-table&apos;]/div/div[1]/table/tbody/tr/td[2]&quot;}
  (Session info: chrome=98.0.4758.82)
For documentation on this error, please visit: https://www.seleniumhq.org/exceptions/no_such_element.html
Build info: version: &apos;3.141.59&apos;, revision: &apos;e82be7d358&apos;, time: &apos;2018-11-14T08:17:03&apos;
System info: host: &apos;LPANDIRI-E7440&apos;, ip: &apos;10.5.220.115&apos;, os.name: &apos;Windows 10&apos;, os.arch: &apos;amd64&apos;, os.version: &apos;10.0&apos;, java.version: &apos;16.0.2&apos;
Driver info: org.openqa.selenium.chrome.ChromeDriver
Capabilities {acceptInsecureCerts: false, browserName: chrome, browserVersion: 98.0.4758.82, chrome: {chromedriverVersion: 97.0.4692.71 (adefa7837d02a..., userDataDir: C:\Users\LAHARI~1.PAN\AppDa...}, goog:chromeOptions: {debuggerAddress: localhost:59217}, javascriptEnabled: true, networkConnectionEnabled: false, pageLoadStrategy: normal, platform: WINDOWS, platformName: WINDOWS, proxy: Proxy(), setWindowRect: true, strictFileInteractability: false, timeouts: {implicit: 0, pageLoad: 300000, script: 30000}, unhandledPromptBehavior: dismiss and notify, webauthn:extension:credBlob: true, webauthn:extension:largeBlob: true, webauthn:virtualAuthenticators: true}
Session ID: 09b822acfb47a2d73fcd8288a0b5fe7d
*** Element info: {Using=xpath, value=//*[@id=&apos;form-table&apos;]/div/div[1]/table/tbody/tr/td[2]}
	at java.base/jdk.internal.reflect.NativeConstructorAccessorImpl.newInstance0(Native Method)
	at java.base/jdk.internal.reflect.NativeConstructorAccessorImpl.newInstance(NativeConstructorAccessorImpl.java:78)
	at java.base/jdk.internal.reflect.DelegatingConstructorAccessorImpl.newInstance(DelegatingConstructorAccessorImpl.java:45)
	at java.base/java.lang.reflect.Constructor.newInstanceWithCaller(Constructor.java:499)
	at java.base/java.lang.reflect.Constructor.newInstance(Constructor.java:480)
	at org.openqa.selenium.remote.http.W3CHttpResponseCodec.createException(W3CHttpResponseCodec.java:187)
	at org.openqa.selenium.remote.http.W3CHttpResponseCodec.decode(W3CHttpResponseCodec.java:122)
	at org.openqa.selenium.remote.http.W3CHttpResponseCodec.decode(W3CHttpResponseCodec.java:49)
	at org.openqa.selenium.remote.HttpCommandExecutor.execute(HttpCommandExecutor.java:158)
	at org.openqa.selenium.remote.service.DriverCommandExecutor.execute(DriverCommandExecutor.java:83)
	at org.openqa.selenium.remote.RemoteWebDriver.execute(RemoteWebDriver.java:552)
	at org.openqa.selenium.remote.RemoteWebDriver.findElement(RemoteWebDriver.java:323)
	at org.openqa.selenium.remote.RemoteWebDriver.findElementByXPath(RemoteWebDriver.java:428)
	at org.openqa.selenium.By$ByXPath.findElement(By.java:353)
	at org.openqa.selenium.remote.RemoteWebDriver.findElement(RemoteWebDriver.java:315)
	at com.juno.qa.pages.AdminPortal_Faxes_AssignmentRulesPage.TotalCountLabelAndValue(AdminPortal_Faxes_AssignmentRulesPage.java:140)
	at com.Replatform.qa.Fax.test.TC12_AdminPortal_Faxes_AssignmentRules_AddNewAssignmentRuleTest.Verify_AssignmentRules_CreateAssignmentRule_OustisdeHoursN(TC12_AdminPortal_Faxes_AssignmentRules_AddNewAssignmentRuleTest.java:93)
	at java.base/jdk.internal.reflect.NativeMethodAccessorImpl.invoke0(Native Method)
	at java.base/jdk.internal.reflect.NativeMethodAccessorImpl.invoke(NativeMethodAccessorImpl.java:78)
	at java.base/jdk.internal.reflect.DelegatingMethodAccessorImpl.invoke(DelegatingMethodAccessorImpl.java:43)
	at java.base/java.lang.reflect.Method.invoke(Method.java:567)
	at org.testng.internal.MethodInvocationHelper.invokeMethod(MethodInvocationHelper.java:133)
	at org.testng.internal.TestInvoker.invokeMethod(TestInvoker.java:598)
	at org.testng.internal.TestInvoker.invokeTestMethod(TestInvoker.java:173)
	at org.testng.internal.MethodRunner.runInSequence(MethodRunner.java:46)
	at org.testng.internal.TestInvoker$MethodInvocationAgent.invoke(TestInvoker.java:824)
	at org.testng.internal.TestInvoker.invokeTestMethods(TestInvoker.java:146)
	at org.testng.internal.TestMethodWorker.invokeTestMethods(TestMethodWorker.java:146)
	at org.testng.internal.TestMethodWorker.run(TestMethodWorker.java:128)
	at java.base/java.util.ArrayList.forEach(ArrayList.java:1511)
	at org.testng.TestRunner.privateRun(TestRunner.java:794)
	at org.testng.TestRunner.run(TestRunner.java:596)
	at org.testng.SuiteRunner.runTest(SuiteRunner.java:377)
	at org.testng.SuiteRunner.runSequentially(SuiteRunner.java:371)
	at org.testng.SuiteRunner.privateRun(SuiteRunner.java:332)
	at org.testng.SuiteRunner.run(SuiteRunner.java:276)
	at org.testng.SuiteRunnerWorker.runSuite(SuiteRunnerWorker.java:53)
	at org.testng.SuiteRunnerWorker.run(SuiteRunnerWorker.java:96)
	at org.testng.TestNG.runSuitesSequentially(TestNG.java:1212)
	at org.testng.TestNG.runSuitesLocally(TestNG.java:1134)
	at org.testng.TestNG.runSuites(TestNG.java:1063)
	at org.testng.TestNG.run(TestNG.java:1031)
	at org.testng.remote.AbstractRemoteTestNG.run(AbstractRemoteTestNG.java:115)
	at org.testng.remote.RemoteTestNG.initAndRun(RemoteTestNG.java:251)
	at org.testng.remote.RemoteTestNG.main(RemoteTestNG.java:77)
</pre></div><a href='#' onClick='toggleBox("stack-trace472722801", this, "Click to show all stack frames", "Click to hide stack frames")'>Click to show all stack frames</a>
<div class='stack-trace' id='stack-trace472722801'><pre>org.openqa.selenium.NoSuchElementException: no such element: Unable to locate element: {&quot;method&quot;:&quot;xpath&quot;,&quot;selector&quot;:&quot;//*[@id=&apos;form-table&apos;]/div/div[1]/table/tbody/tr/td[2]&quot;}
  (Session info: chrome=98.0.4758.82)
For documentation on this error, please visit: https://www.seleniumhq.org/exceptions/no_such_element.html
Build info: version: &apos;3.141.59&apos;, revision: &apos;e82be7d358&apos;, time: &apos;2018-11-14T08:17:03&apos;
System info: host: &apos;LPANDIRI-E7440&apos;, ip: &apos;10.5.220.115&apos;, os.name: &apos;Windows 10&apos;, os.arch: &apos;amd64&apos;, os.version: &apos;10.0&apos;, java.version: &apos;16.0.2&apos;
Driver info: org.openqa.selenium.chrome.ChromeDriver
Capabilities {acceptInsecureCerts: false, browserName: chrome, browserVersion: 98.0.4758.82, chrome: {chromedriverVersion: 97.0.4692.71 (adefa7837d02a..., userDataDir: C:\Users\LAHARI~1.PAN\AppDa...}, goog:chromeOptions: {debuggerAddress: localhost:59217}, javascriptEnabled: true, networkConnectionEnabled: false, pageLoadStrategy: normal, platform: WINDOWS, platformName: WINDOWS, proxy: Proxy(), setWindowRect: true, strictFileInteractability: false, timeouts: {implicit: 0, pageLoad: 300000, script: 30000}, unhandledPromptBehavior: dismiss and notify, webauthn:extension:credBlob: true, webauthn:extension:largeBlob: true, webauthn:virtualAuthenticators: true}
Session ID: 09b822acfb47a2d73fcd8288a0b5fe7d
*** Element info: {Using=xpath, value=//*[@id=&apos;form-table&apos;]/div/div[1]/table/tbody/tr/td[2]}
	at java.base/jdk.internal.reflect.NativeConstructorAccessorImpl.newInstance0(Native Method)
	at java.base/jdk.internal.reflect.NativeConstructorAccessorImpl.newInstance(NativeConstructorAccessorImpl.java:78)
	at java.base/jdk.internal.reflect.DelegatingConstructorAccessorImpl.newInstance(DelegatingConstructorAccessorImpl.java:45)
	at java.base/java.lang.reflect.Constructor.newInstanceWithCaller(Constructor.java:499)
	at java.base/java.lang.reflect.Constructor.newInstance(Constructor.java:480)
	at org.openqa.selenium.remote.http.W3CHttpResponseCodec.createException(W3CHttpResponseCodec.java:187)
	at org.openqa.selenium.remote.http.W3CHttpResponseCodec.decode(W3CHttpResponseCodec.java:122)
	at org.openqa.selenium.remote.http.W3CHttpResponseCodec.decode(W3CHttpResponseCodec.java:49)
	at org.openqa.selenium.remote.HttpCommandExecutor.execute(HttpCommandExecutor.java:158)
	at org.openqa.selenium.remote.service.DriverCommandExecutor.execute(DriverCommandExecutor.java:83)
	at org.openqa.selenium.remote.RemoteWebDriver.execute(RemoteWebDriver.java:552)
	at org.openqa.selenium.remote.RemoteWebDriver.findElement(RemoteWebDriver.java:323)
	at org.openqa.selenium.remote.RemoteWebDriver.findElementByXPath(RemoteWebDriver.java:428)
	at org.openqa.selenium.By$ByXPath.findElement(By.java:353)
	at org.openqa.selenium.remote.RemoteWebDriver.findElement(RemoteWebDriver.java:315)
	at com.juno.qa.pages.AdminPortal_Faxes_AssignmentRulesPage.TotalCountLabelAndValue(AdminPortal_Faxes_AssignmentRulesPage.java:140)
	at com.Replatform.qa.Fax.test.TC12_AdminPortal_Faxes_AssignmentRules_AddNewAssignmentRuleTest.Verify_AssignmentRules_CreateAssignmentRule_OustisdeHoursN(TC12_AdminPortal_Faxes_AssignmentRules_AddNewAssignmentRuleTest.java:93)
	at java.base/jdk.internal.reflect.NativeMethodAccessorImpl.invoke0(Native Method)
	at java.base/jdk.internal.reflect.NativeMethodAccessorImpl.invoke(NativeMethodAccessorImpl.java:78)
	at java.base/jdk.internal.reflect.DelegatingMethodAccessorImpl.invoke(DelegatingMethodAccessorImpl.java:43)
	at java.base/java.lang.reflect.Method.invoke(Method.java:567)
	at org.testng.internal.MethodInvocationHelper.invokeMethod(MethodInvocationHelper.java:133)
	at org.testng.internal.TestInvoker.invokeMethod(TestInvoker.java:598)
	at org.testng.internal.TestInvoker.invokeTestMethod(TestInvoker.java:173)
	at org.testng.internal.MethodRunner.runInSequence(MethodRunner.java:46)
	at org.testng.internal.TestInvoker$MethodInvocationAgent.invoke(TestInvoker.java:824)
	at org.testng.internal.TestInvoker.invokeTestMethods(TestInvoker.java:146)
	at org.testng.internal.TestMethodWorker.invokeTestMethods(TestMethodWorker.java:146)
	at org.testng.internal.TestMethodWorker.run(TestMethodWorker.java:128)
	at java.base/java.util.ArrayList.forEach(ArrayList.java:1511)
	at org.testng.TestRunner.privateRun(TestRunner.java:794)
	at org.testng.TestRunner.run(TestRunner.java:596)
	at org.testng.SuiteRunner.runTest(SuiteRunner.java:377)
	at org.testng.SuiteRunner.runSequentially(SuiteRunner.java:371)
	at org.testng.SuiteRunner.privateRun(SuiteRunner.java:332)
	at org.testng.SuiteRunner.run(SuiteRunner.java:276)
	at org.testng.SuiteRunnerWorker.runSuite(SuiteRunnerWorker.java:53)
	at org.testng.SuiteRunnerWorker.run(SuiteRunnerWorker.java:96)
	at org.testng.TestNG.runSuitesSequentially(TestNG.java:1212)
	at org.testng.TestNG.runSuitesLocally(TestNG.java:1134)
	at org.testng.TestNG.runSuites(TestNG.java:1063)
	at org.testng.TestNG.run(TestNG.java:1031)
	at org.testng.remote.AbstractRemoteTestNG.run(AbstractRemoteTestNG.java:115)
	at org.testng.remote.RemoteTestNG.initAndRun(RemoteTestNG.java:251)
	at org.testng.remote.RemoteTestNG.main(RemoteTestNG.java:77)
</pre></div></td>
<td>72</td>
<td>com.Replatform.qa.Fax.test.TC12_AdminPortal_Faxes_AssignmentRules_AddNewAssignmentRuleTest@c31419f</td></tr>
<tr>
<td title='com.qa.regression.adminportal.patients.tests.TC28_AdminPortal_TreatmentsTab_VerifyBOSearchAutosuggest.VerifyBONPISearchInTreatmentsTabForPatient()'><b>VerifyBONPISearchInTreatmentsTabForPatient</b><br>Test class: com.qa.regression.adminportal.patients.tests.TC28_AdminPortal_TreatmentsTab_VerifyBOSearchAutosuggest<br>Test method: Verify the BO NPI search in treatments tab for a patient</td>
<td><div><pre>java.lang.AssertionError: expected [1639596034] but found []
	at org.testng.Assert.fail(Assert.java:99)
	at org.testng.Assert.failNotEquals(Assert.java:1037)
	at org.testng.Assert.assertEqualsImpl(Assert.java:140)
	at org.testng.Assert.assertEquals(Assert.java:122)
	at org.testng.Assert.assertEquals(Assert.java:629)
	at org.testng.Assert.assertEquals(Assert.java:639)
	at com.qa.regression.adminportal.patients.tests.TC28_AdminPortal_TreatmentsTab_VerifyBOSearchAutosuggest.VerifyBONPISearchInTreatmentsTabForPatient(TC28_AdminPortal_TreatmentsTab_VerifyBOSearchAutosuggest.java:275)
	at java.base/jdk.internal.reflect.NativeMethodAccessorImpl.invoke0(Native Method)
	at java.base/jdk.internal.reflect.NativeMethodAccessorImpl.invoke(NativeMethodAccessorImpl.java:78)
	at java.base/jdk.internal.reflect.DelegatingMethodAccessorImpl.invoke(DelegatingMethodAccessorImpl.java:43)
	at java.base/java.lang.reflect.Method.invoke(Method.java:567)
	at org.testng.internal.MethodInvocationHelper.invokeMethod(MethodInvocationHelper.java:133)
	at org.testng.internal.TestInvoker.invokeMethod(TestInvoker.java:598)
	at org.testng.internal.TestInvoker.invokeTestMethod(TestInvoker.java:173)
	at org.testng.internal.MethodRunner.runInSequence(MethodRunner.java:46)
	at org.testng.internal.TestInvoker$MethodInvocationAgent.invoke(TestInvoker.java:824)
	at org.testng.internal.TestInvoker.invokeTestMethods(TestInvoker.java:146)
	at org.testng.internal.TestMethodWorker.invokeTestMethods(TestMethodWorker.java:146)
	at org.testng.internal.TestMethodWorker.run(TestMethodWorker.java:128)
	at java.base/java.util.ArrayList.forEach(ArrayList.java:1511)
	at org.testng.TestRunner.privateRun(TestRunner.java:794)
	at org.testng.TestRunner.run(TestRunner.java:596)
	at org.testng.SuiteRunner.runTest(SuiteRunner.java:377)
	at org.testng.SuiteRunner.runSequentially(SuiteRunner.java:371)
	at org.testng.SuiteRunner.privateRun(SuiteRunner.java:332)
	at org.testng.SuiteRunner.run(SuiteRunner.java:276)
	at org.testng.SuiteRunnerWorker.runSuite(SuiteRunnerWorker.java:53)
	at org.testng.SuiteRunnerWorker.run(SuiteRunnerWorker.java:96)
	at org.testng.TestNG.runSuitesSequentially(TestNG.java:1212)
	at org.testng.TestNG.runSuitesLocally(TestNG.java:1134)
	at org.testng.TestNG.runSuites(TestNG.java:1063)
	at org.testng.TestNG.run(TestNG.java:1031)
	at org.testng.remote.AbstractRemoteTestNG.run(AbstractRemoteTestNG.java:115)
	at org.testng.remote.RemoteTestNG.initAndRun(RemoteTestNG.java:251)
	at org.testng.remote.RemoteTestNG.main(RemoteTestNG.java:77)
</pre></div><a href='#' onClick='toggleBox("stack-trace1437939208", this, "Click to show all stack frames", "Click to hide stack frames")'>Click to show all stack frames</a>
<div class='stack-trace' id='stack-trace1437939208'><pre>java.lang.AssertionError: expected [1639596034] but found []
	at org.testng.Assert.fail(Assert.java:99)
	at org.testng.Assert.failNotEquals(Assert.java:1037)
	at org.testng.Assert.assertEqualsImpl(Assert.java:140)
	at org.testng.Assert.assertEquals(Assert.java:122)
	at org.testng.Assert.assertEquals(Assert.java:629)
	at org.testng.Assert.assertEquals(Assert.java:639)
	at com.qa.regression.adminportal.patients.tests.TC28_AdminPortal_TreatmentsTab_VerifyBOSearchAutosuggest.VerifyBONPISearchInTreatmentsTabForPatient(TC28_AdminPortal_TreatmentsTab_VerifyBOSearchAutosuggest.java:275)
	at java.base/jdk.internal.reflect.NativeMethodAccessorImpl.invoke0(Native Method)
	at java.base/jdk.internal.reflect.NativeMethodAccessorImpl.invoke(NativeMethodAccessorImpl.java:78)
	at java.base/jdk.internal.reflect.DelegatingMethodAccessorImpl.invoke(DelegatingMethodAccessorImpl.java:43)
	at java.base/java.lang.reflect.Method.invoke(Method.java:567)
	at org.testng.internal.MethodInvocationHelper.invokeMethod(MethodInvocationHelper.java:133)
	at org.testng.internal.TestInvoker.invokeMethod(TestInvoker.java:598)
	at org.testng.internal.TestInvoker.invokeTestMethod(TestInvoker.java:173)
	at org.testng.internal.MethodRunner.runInSequence(MethodRunner.java:46)
	at org.testng.internal.TestInvoker$MethodInvocationAgent.invoke(TestInvoker.java:824)
	at org.testng.internal.TestInvoker.invokeTestMethods(TestInvoker.java:146)
	at org.testng.internal.TestMethodWorker.invokeTestMethods(TestMethodWorker.java:146)
	at org.testng.internal.TestMethodWorker.run(TestMethodWorker.java:128)
	at java.base/java.util.ArrayList.forEach(ArrayList.java:1511)
	at org.testng.TestRunner.privateRun(TestRunner.java:794)
	at org.testng.TestRunner.run(TestRunner.java:596)
	at org.testng.SuiteRunner.runTest(SuiteRunner.java:377)
	at org.testng.SuiteRunner.runSequentially(SuiteRunner.java:371)
	at org.testng.SuiteRunner.privateRun(SuiteRunner.java:332)
	at org.testng.SuiteRunner.run(SuiteRunner.java:276)
	at org.testng.SuiteRunnerWorker.runSuite(SuiteRunnerWorker.java:53)
	at org.testng.SuiteRunnerWorker.run(SuiteRunnerWorker.java:96)
	at org.testng.TestNG.runSuitesSequentially(TestNG.java:1212)
	at org.testng.TestNG.runSuitesLocally(TestNG.java:1134)
	at org.testng.TestNG.runSuites(TestNG.java:1063)
	at org.testng.TestNG.run(TestNG.java:1031)
	at org.testng.remote.AbstractRemoteTestNG.run(AbstractRemoteTestNG.java:115)
	at org.testng.remote.RemoteTestNG.initAndRun(RemoteTestNG.java:251)
	at org.testng.remote.RemoteTestNG.main(RemoteTestNG.java:77)
</pre></div></td>
<td>127</td>
<td>com.qa.regression.adminportal.patients.tests.TC28_AdminPortal_TreatmentsTab_VerifyBOSearchAutosuggest@7a65c995</td></tr>
<tr>
<td title='com.qa.regression.adminportal.patients.tests.TC44_AdminPortal_TreatmentsTab_VerifyClaimCreationF.VerifyClaimForMaxBalanceAvailable_DrugReimbursement_CTM()'><b>VerifyClaimForMaxBalanceAvailable_DrugReimbursement_CTM</b><br>Test class: com.qa.regression.adminportal.patients.tests.TC44_AdminPortal_TreatmentsTab_VerifyClaimCreationF<br>Test method: Rule#2; case#2: Verify that the treatment claim is accepted if patient's available benefits is greater than or equal to patient's responsibility for CTM</td>
<td><div><pre>org.openqa.selenium.NoSuchElementException: no such element: Unable to locate element: {&quot;method&quot;:&quot;css selector&quot;,&quot;selector&quot;:&quot;.search_display_box&quot;}
  (Session info: chrome=98.0.4758.82)
For documentation on this error, please visit: https://www.seleniumhq.org/exceptions/no_such_element.html
Build info: version: &apos;3.141.59&apos;, revision: &apos;e82be7d358&apos;, time: &apos;2018-11-14T08:17:03&apos;
System info: host: &apos;LPANDIRI-E7440&apos;, ip: &apos;10.5.220.115&apos;, os.name: &apos;Windows 10&apos;, os.arch: &apos;amd64&apos;, os.version: &apos;10.0&apos;, java.version: &apos;16.0.2&apos;
Driver info: org.openqa.selenium.chrome.ChromeDriver
Capabilities {acceptInsecureCerts: false, browserName: chrome, browserVersion: 98.0.4758.82, chrome: {chromedriverVersion: 97.0.4692.71 (adefa7837d02a..., userDataDir: C:\Users\LAHARI~1.PAN\AppDa...}, goog:chromeOptions: {debuggerAddress: localhost:58150}, javascriptEnabled: true, networkConnectionEnabled: false, pageLoadStrategy: normal, platform: WINDOWS, platformName: WINDOWS, proxy: Proxy(), setWindowRect: true, strictFileInteractability: false, timeouts: {implicit: 0, pageLoad: 300000, script: 30000}, unhandledPromptBehavior: dismiss and notify, webauthn:extension:credBlob: true, webauthn:extension:largeBlob: true, webauthn:virtualAuthenticators: true}
Session ID: ee616ae1582c15a372d34899fa93ffe7
*** Element info: {Using=class name, value=search_display_box}
	at java.base/jdk.internal.reflect.NativeConstructorAccessorImpl.newInstance0(Native Method)
	at java.base/jdk.internal.reflect.NativeConstructorAccessorImpl.newInstance(NativeConstructorAccessorImpl.java:78)
	at java.base/jdk.internal.reflect.DelegatingConstructorAccessorImpl.newInstance(DelegatingConstructorAccessorImpl.java:45)
	at java.base/java.lang.reflect.Constructor.newInstanceWithCaller(Constructor.java:499)
	at java.base/java.lang.reflect.Constructor.newInstance(Constructor.java:480)
	at org.openqa.selenium.remote.http.W3CHttpResponseCodec.createException(W3CHttpResponseCodec.java:187)
	at org.openqa.selenium.remote.http.W3CHttpResponseCodec.decode(W3CHttpResponseCodec.java:122)
	at org.openqa.selenium.remote.http.W3CHttpResponseCodec.decode(W3CHttpResponseCodec.java:49)
	at org.openqa.selenium.remote.HttpCommandExecutor.execute(HttpCommandExecutor.java:158)
	at org.openqa.selenium.remote.service.DriverCommandExecutor.execute(DriverCommandExecutor.java:83)
	at org.openqa.selenium.remote.RemoteWebDriver.execute(RemoteWebDriver.java:552)
	at org.openqa.selenium.remote.RemoteWebDriver.findElement(RemoteWebDriver.java:323)
	at org.openqa.selenium.remote.RemoteWebDriver.findElementByClassName(RemoteWebDriver.java:412)
	at org.openqa.selenium.By$ByClassName.findElement(By.java:389)
	at org.openqa.selenium.remote.RemoteWebDriver.findElement(RemoteWebDriver.java:315)
	at com.juno.qa.pages.AdminPortal_Patients_TreatmentsPage.SearchDisplayBox(AdminPortal_Patients_TreatmentsPage.java:233)
	at com.juno.qa.pages.AdminPortal_Patients_TreatmentsPage.AddFaxInformationAndTreatmentToEnrolledPatientForMaxPatientResponsibility(AdminPortal_Patients_TreatmentsPage.java:2441)
	at com.qa.regression.adminportal.patients.tests.TC44_AdminPortal_TreatmentsTab_VerifyClaimCreationF.VerifyClaimForMaxBalanceAvailable_DrugReimbursement_CTM(TC44_AdminPortal_TreatmentsTab_VerifyClaimCreationF.java:428)
	at java.base/jdk.internal.reflect.NativeMethodAccessorImpl.invoke0(Native Method)
	at java.base/jdk.internal.reflect.NativeMethodAccessorImpl.invoke(NativeMethodAccessorImpl.java:78)
	at java.base/jdk.internal.reflect.DelegatingMethodAccessorImpl.invoke(DelegatingMethodAccessorImpl.java:43)
	at java.base/java.lang.reflect.Method.invoke(Method.java:567)
	at org.testng.internal.MethodInvocationHelper.invokeMethod(MethodInvocationHelper.java:133)
	at org.testng.internal.TestInvoker.invokeMethod(TestInvoker.java:598)
	at org.testng.internal.TestInvoker.invokeTestMethod(TestInvoker.java:173)
	at org.testng.internal.MethodRunner.runInSequence(MethodRunner.java:46)
	at org.testng.internal.TestInvoker$MethodInvocationAgent.invoke(TestInvoker.java:824)
	at org.testng.internal.TestInvoker.invokeTestMethods(TestInvoker.java:146)
	at org.testng.internal.TestMethodWorker.invokeTestMethods(TestMethodWorker.java:146)
	at org.testng.internal.TestMethodWorker.run(TestMethodWorker.java:128)
	at java.base/java.util.ArrayList.forEach(ArrayList.java:1511)
	at org.testng.TestRunner.privateRun(TestRunner.java:794)
	at org.testng.TestRunner.run(TestRunner.java:596)
	at org.testng.SuiteRunner.runTest(SuiteRunner.java:377)
	at org.testng.SuiteRunner.runSequentially(SuiteRunner.java:371)
	at org.testng.SuiteRunner.privateRun(SuiteRunner.java:332)
	at org.testng.SuiteRunner.run(SuiteRunner.java:276)
	at org.testng.SuiteRunnerWorker.runSuite(SuiteRunnerWorker.java:53)
	at org.testng.SuiteRunnerWorker.run(SuiteRunnerWorker.java:96)
	at org.testng.TestNG.runSuitesSequentially(TestNG.java:1212)
	at org.testng.TestNG.runSuitesLocally(TestNG.java:1134)
	at org.testng.TestNG.runSuites(TestNG.java:1063)
	at org.testng.TestNG.run(TestNG.java:1031)
	at org.testng.remote.AbstractRemoteTestNG.run(AbstractRemoteTestNG.java:115)
	at org.testng.remote.RemoteTestNG.initAndRun(RemoteTestNG.java:251)
	at org.testng.remote.RemoteTestNG.main(RemoteTestNG.java:77)
</pre></div><a href='#' onClick='toggleBox("stack-trace659984905", this, "Click to show all stack frames", "Click to hide stack frames")'>Click to show all stack frames</a>
<div class='stack-trace' id='stack-trace659984905'><pre>org.openqa.selenium.NoSuchElementException: no such element: Unable to locate element: {&quot;method&quot;:&quot;css selector&quot;,&quot;selector&quot;:&quot;.search_display_box&quot;}
  (Session info: chrome=98.0.4758.82)
For documentation on this error, please visit: https://www.seleniumhq.org/exceptions/no_such_element.html
Build info: version: &apos;3.141.59&apos;, revision: &apos;e82be7d358&apos;, time: &apos;2018-11-14T08:17:03&apos;
System info: host: &apos;LPANDIRI-E7440&apos;, ip: &apos;10.5.220.115&apos;, os.name: &apos;Windows 10&apos;, os.arch: &apos;amd64&apos;, os.version: &apos;10.0&apos;, java.version: &apos;16.0.2&apos;
Driver info: org.openqa.selenium.chrome.ChromeDriver
Capabilities {acceptInsecureCerts: false, browserName: chrome, browserVersion: 98.0.4758.82, chrome: {chromedriverVersion: 97.0.4692.71 (adefa7837d02a..., userDataDir: C:\Users\LAHARI~1.PAN\AppDa...}, goog:chromeOptions: {debuggerAddress: localhost:58150}, javascriptEnabled: true, networkConnectionEnabled: false, pageLoadStrategy: normal, platform: WINDOWS, platformName: WINDOWS, proxy: Proxy(), setWindowRect: true, strictFileInteractability: false, timeouts: {implicit: 0, pageLoad: 300000, script: 30000}, unhandledPromptBehavior: dismiss and notify, webauthn:extension:credBlob: true, webauthn:extension:largeBlob: true, webauthn:virtualAuthenticators: true}
Session ID: ee616ae1582c15a372d34899fa93ffe7
*** Element info: {Using=class name, value=search_display_box}
	at java.base/jdk.internal.reflect.NativeConstructorAccessorImpl.newInstance0(Native Method)
	at java.base/jdk.internal.reflect.NativeConstructorAccessorImpl.newInstance(NativeConstructorAccessorImpl.java:78)
	at java.base/jdk.internal.reflect.DelegatingConstructorAccessorImpl.newInstance(DelegatingConstructorAccessorImpl.java:45)
	at java.base/java.lang.reflect.Constructor.newInstanceWithCaller(Constructor.java:499)
	at java.base/java.lang.reflect.Constructor.newInstance(Constructor.java:480)
	at org.openqa.selenium.remote.http.W3CHttpResponseCodec.createException(W3CHttpResponseCodec.java:187)
	at org.openqa.selenium.remote.http.W3CHttpResponseCodec.decode(W3CHttpResponseCodec.java:122)
	at org.openqa.selenium.remote.http.W3CHttpResponseCodec.decode(W3CHttpResponseCodec.java:49)
	at org.openqa.selenium.remote.HttpCommandExecutor.execute(HttpCommandExecutor.java:158)
	at org.openqa.selenium.remote.service.DriverCommandExecutor.execute(DriverCommandExecutor.java:83)
	at org.openqa.selenium.remote.RemoteWebDriver.execute(RemoteWebDriver.java:552)
	at org.openqa.selenium.remote.RemoteWebDriver.findElement(RemoteWebDriver.java:323)
	at org.openqa.selenium.remote.RemoteWebDriver.findElementByClassName(RemoteWebDriver.java:412)
	at org.openqa.selenium.By$ByClassName.findElement(By.java:389)
	at org.openqa.selenium.remote.RemoteWebDriver.findElement(RemoteWebDriver.java:315)
	at com.juno.qa.pages.AdminPortal_Patients_TreatmentsPage.SearchDisplayBox(AdminPortal_Patients_TreatmentsPage.java:233)
	at com.juno.qa.pages.AdminPortal_Patients_TreatmentsPage.AddFaxInformationAndTreatmentToEnrolledPatientForMaxPatientResponsibility(AdminPortal_Patients_TreatmentsPage.java:2441)
	at com.qa.regression.adminportal.patients.tests.TC44_AdminPortal_TreatmentsTab_VerifyClaimCreationF.VerifyClaimForMaxBalanceAvailable_DrugReimbursement_CTM(TC44_AdminPortal_TreatmentsTab_VerifyClaimCreationF.java:428)
	at java.base/jdk.internal.reflect.NativeMethodAccessorImpl.invoke0(Native Method)
	at java.base/jdk.internal.reflect.NativeMethodAccessorImpl.invoke(NativeMethodAccessorImpl.java:78)
	at java.base/jdk.internal.reflect.DelegatingMethodAccessorImpl.invoke(DelegatingMethodAccessorImpl.java:43)
	at java.base/java.lang.reflect.Method.invoke(Method.java:567)
	at org.testng.internal.MethodInvocationHelper.invokeMethod(MethodInvocationHelper.java:133)
	at org.testng.internal.TestInvoker.invokeMethod(TestInvoker.java:598)
	at org.testng.internal.TestInvoker.invokeTestMethod(TestInvoker.java:173)
	at org.testng.internal.MethodRunner.runInSequence(MethodRunner.java:46)
	at org.testng.internal.TestInvoker$MethodInvocationAgent.invoke(TestInvoker.java:824)
	at org.testng.internal.TestInvoker.invokeTestMethods(TestInvoker.java:146)
	at org.testng.internal.TestMethodWorker.invokeTestMethods(TestMethodWorker.java:146)
	at org.testng.internal.TestMethodWorker.run(TestMethodWorker.java:128)
	at java.base/java.util.ArrayList.forEach(ArrayList.java:1511)
	at org.testng.TestRunner.privateRun(TestRunner.java:794)
	at org.testng.TestRunner.run(TestRunner.java:596)
	at org.testng.SuiteRunner.runTest(SuiteRunner.java:377)
	at org.testng.SuiteRunner.runSequentially(SuiteRunner.java:371)
	at org.testng.SuiteRunner.privateRun(SuiteRunner.java:332)
	at org.testng.SuiteRunner.run(SuiteRunner.java:276)
	at org.testng.SuiteRunnerWorker.runSuite(SuiteRunnerWorker.java:53)
	at org.testng.SuiteRunnerWorker.run(SuiteRunnerWorker.java:96)
	at org.testng.TestNG.runSuitesSequentially(TestNG.java:1212)
	at org.testng.TestNG.runSuitesLocally(TestNG.java:1134)
	at org.testng.TestNG.runSuites(TestNG.java:1063)
	at org.testng.TestNG.run(TestNG.java:1031)
	at org.testng.remote.AbstractRemoteTestNG.run(AbstractRemoteTestNG.java:115)
	at org.testng.remote.RemoteTestNG.initAndRun(RemoteTestNG.java:251)
	at org.testng.remote.RemoteTestNG.main(RemoteTestNG.java:77)
</pre></div></td>
<td>233</td>
<td>com.qa.regression.adminportal.patients.tests.TC44_AdminPortal_TreatmentsTab_VerifyClaimCreationF@76105ac0</td></tr>
</table><p>
<table width='100%' border='1' class='invocation-passed'>
<tr><td colspan='4' align='center'><b>PASSED TESTS</b></td></tr>
<tr><td><b>Test method</b></td>
<td width="30%"><b>Exception</b></td>
<td width="10%"><b>Time (seconds)</b></td>
<td><b>Instance</b></td>
</tr>
<tr>
<td title='com.qa.regression.adminportal.patients.tests.TC12_AdminPortal_Patients_MatchPatientWithPhysicianByGPName.Verify_Patients_MatchPrimaryPhysician_GPName_DrugReimbursement()'><b>Verify_Patients_MatchPrimaryPhysician_GPName_DrugReimbursement</b><br>Test class: com.qa.regression.adminportal.patients.tests.TC12_AdminPortal_Patients_MatchPatientWithPhysicianByGPName<br>Test method: Verify ability to match a Physician as primary to a patient by GPName in DrugReimbursement</td>
<td></td>
<td>28</td>
<td>com.qa.regression.adminportal.patients.tests.TC12_AdminPortal_Patients_MatchPatientWithPhysicianByGPName@27a7ef08</td></tr>
<tr>
<td title='com.qa.regression.adminportal.patients.tests.TC38_AdminPortal_Active_VerifyMemberIDSearch.VerifyPatientsFindPage_SearchByMemberID_DrugReimbursement()'><b>VerifyPatientsFindPage_SearchByMemberID_DrugReimbursement</b><br>Test class: com.qa.regression.adminportal.patients.tests.TC38_AdminPortal_Active_VerifyMemberIDSearch<br>Test method: Verify Patients-->Find page -->MemberID Search in DrugReimbursement</td>
<td></td>
<td>171</td>
<td>com.qa.regression.adminportal.patients.tests.TC38_AdminPortal_Active_VerifyMemberIDSearch@304744a1</td></tr>
<tr>
<td title='com.qa.regression.adminportal.patients.tests.TC36_AdminPortal_TreatmentsTab_VerifyGPSearchAutosuggest.VerifyBONPISearchInTreatmentsTabForPatient()'><b>VerifyBONPISearchInTreatmentsTabForPatient</b><br>Test class: com.qa.regression.adminportal.patients.tests.TC36_AdminPortal_TreatmentsTab_VerifyGPSearchAutosuggest<br>Test method: Verify the GP NPI search in treatments tab for a patient</td>
<td></td>
<td>46</td>
<td>com.qa.regression.adminportal.patients.tests.TC36_AdminPortal_TreatmentsTab_VerifyGPSearchAutosuggest@52856ff9</td></tr>
<tr>
<td title='com.qa.regression.adminportal.patients.tests.TC11_AdminPortal_Patients_MatchPatientWithPhysicianByProviderNPI.Verify_Patients_MatchSecondaryPhysician_ProviderNPI_DrugReimbursement()'><b>Verify_Patients_MatchSecondaryPhysician_ProviderNPI_DrugReimbursement</b><br>Test class: com.qa.regression.adminportal.patients.tests.TC11_AdminPortal_Patients_MatchPatientWithPhysicianByProviderNPI<br>Test method: Verify ability to match a Physician as secondary to a patient by ProviderNPI in DrugReimbursement</td>
<td></td>
<td>36</td>
<td>com.qa.regression.adminportal.patients.tests.TC11_AdminPortal_Patients_MatchPatientWithPhysicianByProviderNPI@5a67e962</td></tr>
<tr>
<td title='com.qa.regression.adminportal.patients.tests.TC28_AdminPortal_TreatmentsTab_VerifyBOSearchAutosuggest.VerifyBOLastNameSearchInTreatmentsTabForPatient()'><b>VerifyBOLastNameSearchInTreatmentsTabForPatient</b><br>Test class: com.qa.regression.adminportal.patients.tests.TC28_AdminPortal_TreatmentsTab_VerifyBOSearchAutosuggest<br>Test method: Verify the BO last name search in treatments tab for a patient</td>
<td></td>
<td>124</td>
<td>com.qa.regression.adminportal.patients.tests.TC28_AdminPortal_TreatmentsTab_VerifyBOSearchAutosuggest@7a65c995</td></tr>
<tr>
<td title='com.qa.regression.adminportal.patients.tests.TC43_AdminPortal_TreatmentsTab_VerifyPayToPracticeDefaultSelection.VerifyPayToPracticeRadioButtonDefaultSelectionInTreatmentsTabForPatient()'><b>VerifyPayToPracticeRadioButtonDefaultSelectionInTreatmentsTabForPatient</b><br>Test class: com.qa.regression.adminportal.patients.tests.TC43_AdminPortal_TreatmentsTab_VerifyPayToPracticeDefaultSelection<br>Test method: Verify that Pay To Practice radio button is selected by default</td>
<td></td>
<td>49</td>
<td>com.qa.regression.adminportal.patients.tests.TC43_AdminPortal_TreatmentsTab_VerifyPayToPracticeDefaultSelection@1174676f</td></tr>
<tr>
<td title='com.adminXolair.qa.providerstest.tests.TC27_AdminPortal_PG_GP_VerifyZipCodeUpdates.verifyUpdatesToZipCodeInGPAndCardInfoTab()'><b>verifyUpdatesToZipCodeInGPAndCardInfoTab</b><br>Test class: com.adminXolair.qa.providerstest.tests.TC27_AdminPortal_PG_GP_VerifyZipCodeUpdates<br>Test method: Verify ability to update Zipcode in GP and card info tab</td>
<td></td>
<td>88</td>
<td>com.adminXolair.qa.providerstest.tests.TC27_AdminPortal_PG_GP_VerifyZipCodeUpdates@7611e295</td></tr>
<tr>
<td title='com.qa.regression.adminportal.patients.tests.TC20_AdminPortal_Patients_VerifyReadOnlyFieldsInTreatmentsTab.VerifyRejectReasonDropdownEnableDisableFeature_DrugReimbursement()'><b>VerifyRejectReasonDropdownEnableDisableFeature_DrugReimbursement</b><br>Test class: com.qa.regression.adminportal.patients.tests.TC20_AdminPortal_Patients_VerifyReadOnlyFieldsInTreatmentsTab<br>Test method: Verify that the Reject Reason dropdown is enabled when the Treatment Status is set to Rejected </td>
<td></td>
<td>52</td>
<td>com.qa.regression.adminportal.patients.tests.TC20_AdminPortal_Patients_VerifyReadOnlyFieldsInTreatmentsTab@727320fa</td></tr>
<tr>
<td title='com.adminXolair.qa.providerstest.tests.TC23_AdminPortal_PG_BO_VerifyAbilityToUpdateNotesInBOTest.VerifyUpdatingNotesToBO()'><b>VerifyUpdatingNotesToBO</b><br>Test class: com.adminXolair.qa.providerstest.tests.TC23_AdminPortal_PG_BO_VerifyAbilityToUpdateNotesInBOTest<br>Test method: verify the ability to update notes for a BO</td>
<td></td>
<td>74</td>
<td>com.adminXolair.qa.providerstest.tests.TC23_AdminPortal_PG_BO_VerifyAbilityToUpdateNotesInBOTest@395115ac</td></tr>
<tr>
<td title='com.Replatform.qa.Fax.test.TC14_AdminPortal_Faxes_AssignmentRules_UpdateAssignmentRuleTest.Verify_AssignmentRules_UpdateAssignmentRule_OustisdeHoursYToOutsideHoursN()'><b>Verify_AssignmentRules_UpdateAssignmentRule_OustisdeHoursYToOutsideHoursN</b><br>Test class: com.Replatform.qa.Fax.test.TC14_AdminPortal_Faxes_AssignmentRules_UpdateAssignmentRuleTest<br>Test method: Verify ability to update assignment rules for OutsideHoursY to OutsideHoursN</td>
<td></td>
<td>17</td>
<td>com.Replatform.qa.Fax.test.TC14_AdminPortal_Faxes_AssignmentRules_UpdateAssignmentRuleTest@5dff108c</td></tr>
<tr>
<td title='com.Replatform.qa.Fax.test.TC01_HCPPortal_UploadDocument.HCPUpload()'><b>HCPUpload</b><br>Test class: com.Replatform.qa.Fax.test.TC01_HCPPortal_UploadDocument<br>Test method: HCP Upload document</td>
<td></td>
<td>69</td>
<td>com.Replatform.qa.Fax.test.TC01_HCPPortal_UploadDocument@640a6d4b</td></tr>
<tr>
<td title='com.adminXolair.qa.providerstest.tests.TC04_AdminPortal_PG_GP_VerifyListPageTest.CrossVerifyGPCountsBetweenAlphabetListAndFindPage()'><b>CrossVerifyGPCountsBetweenAlphabetListAndFindPage</b><br>Test class: com.adminXolair.qa.providerstest.tests.TC04_AdminPortal_PG_GP_VerifyListPageTest<br>Test method: Varify the total count after searching with GP</td>
<td></td>
<td>19</td>
<td>com.adminXolair.qa.providerstest.tests.TC04_AdminPortal_PG_GP_VerifyListPageTest@1f2497d9</td></tr>
<tr>
<td title='com.qa.regression.adminportal.patients.tests.TC16_AdminPortal_Patients_MatchPatientWithPhysicianByBOLastName.Verify_Patients_MatchPrimaryPhysician_BOLastName_DrugReimbursement()'><b>Verify_Patients_MatchPrimaryPhysician_BOLastName_DrugReimbursement</b><br>Test class: com.qa.regression.adminportal.patients.tests.TC16_AdminPortal_Patients_MatchPatientWithPhysicianByBOLastName<br>Test method: Verify ability to match a Physician as primary to a patient by BOLastName in DrugReimbursement</td>
<td></td>
<td>25</td>
<td>com.qa.regression.adminportal.patients.tests.TC16_AdminPortal_Patients_MatchPatientWithPhysicianByBOLastName@21bd20ee</td></tr>
<tr>
<td title='com.qa.regression.adminportal.patients.tests.TC24_AdminPortal_Patients_VerifyEOBDatePriorToDOSMsgTest.VerifyEOBDatePriorToDOSMsgTreatmentsTab()'><b>VerifyEOBDatePriorToDOSMsgTreatmentsTab</b><br>Test class: com.qa.regression.adminportal.patients.tests.TC24_AdminPortal_Patients_VerifyEOBDatePriorToDOSMsgTest<br>Test method: Verify EOB Date is prior is to DOS In Treatments Tab</td>
<td></td>
<td>130</td>
<td>com.qa.regression.adminportal.patients.tests.TC24_AdminPortal_Patients_VerifyEOBDatePriorToDOSMsgTest@64bebd55</td></tr>
<tr>
<td title='com.adminXolair.qa.providerstest.tests.TC03_AdminPortal_PG_GP_FindGPTest.VerifyNumberOfRecordsBtwFindAndListAll()'><b>VerifyNumberOfRecordsBtwFindAndListAll</b><br>Test class: com.adminXolair.qa.providerstest.tests.TC03_AdminPortal_PG_GP_FindGPTest<br>Test method: Verify the number of records displayed in Find page with no parameters passed and List(All) pages are the same</td>
<td></td>
<td>15</td>
<td>com.adminXolair.qa.providerstest.tests.TC03_AdminPortal_PG_GP_FindGPTest@37b1218</td></tr>
<tr>
<td title='com.Replatform.qa.Fax.test.TC02_AdminPortal_AdminCloneAFax.SearchFax()'><b>SearchFax</b><br>Test class: com.Replatform.qa.Fax.test.TC02_AdminPortal_AdminCloneAFax<br>Test method: Clone a Fax</td>
<td></td>
<td>45</td>
<td>com.Replatform.qa.Fax.test.TC02_AdminPortal_AdminCloneAFax@402676e3</td></tr>
<tr>
<td title='com.qa.regression.adminportal.patients.tests.TC17_AdminPortal_Patients_MatchPatientWithPhysicianByBONPI.Verify_Patients_MatchPrimaryPhysician_BONPI_DrugReimbursement()'><b>Verify_Patients_MatchPrimaryPhysician_BONPI_DrugReimbursement</b><br>Test class: com.qa.regression.adminportal.patients.tests.TC17_AdminPortal_Patients_MatchPatientWithPhysicianByBONPI<br>Test method: Verify ability to match a Physician as primary to a patient by BONPI in DrugReimbursement</td>
<td></td>
<td>27</td>
<td>com.qa.regression.adminportal.patients.tests.TC17_AdminPortal_Patients_MatchPatientWithPhysicianByBONPI@31c628e7</td></tr>
<tr>
<td title='com.qa.regression.adminportal.patients.tests.TC15_AdminPortal_Patients_MatchPatientWithPhysicianByBOName.Verify_Patients_MatchSecondaryPhysician_BOName_DrugReimbursement()'><b>Verify_Patients_MatchSecondaryPhysician_BOName_DrugReimbursement</b><br>Test class: com.qa.regression.adminportal.patients.tests.TC15_AdminPortal_Patients_MatchPatientWithPhysicianByBOName<br>Test method: Verify ability to match a Physician as secondary to a patient by BOName in DrugReimbursement</td>
<td></td>
<td>27</td>
<td>com.qa.regression.adminportal.patients.tests.TC15_AdminPortal_Patients_MatchPatientWithPhysicianByBOName@7cea0110</td></tr>
<tr>
<td title='com.qa.regression.adminportal.patients.tests.TC23_AdminPortal_Patients_VerifyDOSAndEOBDatePickersFutureDatesDisabledTest.VerifyFutureDatesDisabledForEOBDateTreatmentsTab()'><b>VerifyFutureDatesDisabledForEOBDateTreatmentsTab</b><br>Test class: com.qa.regression.adminportal.patients.tests.TC23_AdminPortal_Patients_VerifyDOSAndEOBDatePickersFutureDatesDisabledTest<br>Test method: Verify EOB date picker future date/month/year are disabled/not available In Treatments Tab</td>
<td></td>
<td>104</td>
<td>com.qa.regression.adminportal.patients.tests.TC23_AdminPortal_Patients_VerifyDOSAndEOBDatePickersFutureDatesDisabledTest@609319c3</td></tr>
<tr>
<td title='com.qa.regression.adminportal.patients.tests.TC01_AdminPortal_UpdatePatientInfoAndVerifyInHCPPortalTest.UpdatePatientInfoInAdminAndVerifyInHub_DrugReimbursement()'><b>UpdatePatientInfoInAdminAndVerifyInHub_DrugReimbursement</b><br>Test class: com.qa.regression.adminportal.patients.tests.TC01_AdminPortal_UpdatePatientInfoAndVerifyInHCPPortalTest<br>Test method: Verify updates made to patient info in admin portal for drug reimbursement and reflected in hub portal </td>
<td></td>
<td>93</td>
<td>com.qa.regression.adminportal.patients.tests.TC01_AdminPortal_UpdatePatientInfoAndVerifyInHCPPortalTest@3f1c5af9</td></tr>
<tr>
<td title='com.adminXolair.qa.providerstest.tests.TC19_AdminPortal_PG_BO_VerifyAbilityToAddPhysicianInBOAndUngroupBOInPhysicianProvidersTabTest.Verify_PG_BO_ProvidersTab_AddAndUngroupProviderByProviderName()'><b>Verify_PG_BO_ProvidersTab_AddAndUngroupProviderByProviderName</b><br>Test class: com.adminXolair.qa.providerstest.tests.TC19_AdminPortal_PG_BO_VerifyAbilityToAddPhysicianInBOAndUngroupBOInPhysicianProvidersTabTest<br>Test method: Verify the ability to add and ungroup a provider using ProviderName in PG-->BO-->Review-->ProvidersTab</td>
<td></td>
<td>102</td>
<td>com.adminXolair.qa.providerstest.tests.TC19_AdminPortal_PG_BO_VerifyAbilityToAddPhysicianInBOAndUngroupBOInPhysicianProvidersTabTest@45b2b0ed</td></tr>
<tr>
<td title='com.qa.regression.adminportal.patients.tests.TC07_AdminPortal_Patients_VerifyDropdownValuesInNotesTabTest.VerifyReasonDropdownValuesInHDNotesForPatient()'><b>VerifyReasonDropdownValuesInHDNotesForPatient</b><br>Test class: com.qa.regression.adminportal.patients.tests.TC07_AdminPortal_Patients_VerifyDropdownValuesInNotesTabTest<br>Test method: verify the values in reason dropdown in helpdesk notes for a patient</td>
<td></td>
<td>97</td>
<td>com.qa.regression.adminportal.patients.tests.TC07_AdminPortal_Patients_VerifyDropdownValuesInNotesTabTest@4010d494</td></tr>
<tr>
<td title='com.adminXolair.qa.providerstest.tests.TC06_AdminPortal_PG_GP_VerifyProvidersTabInGPAndCardInfoPageTest.Verify_PG_GP_ProvidersTab()'><b>Verify_PG_GP_ProvidersTab</b><br>Test class: com.adminXolair.qa.providerstest.tests.TC06_AdminPortal_PG_GP_VerifyProvidersTabInGPAndCardInfoPageTest<br>Test method: Verify the Providers tab page content in PG-->GP-->Review-->GP&CardInfo details page-->Providers tab</td>
<td></td>
<td>32</td>
<td>com.adminXolair.qa.providerstest.tests.TC06_AdminPortal_PG_GP_VerifyProvidersTabInGPAndCardInfoPageTest@3140ad41</td></tr>
<tr>
<td title='com.adminXolair.qa.providerstest.tests.TC22_AdminPortal_PG_BO_VerifyAbilityToAddNotesToBOTest.VerifyFieldRequiredMsgForNotesInBO()'><b>VerifyFieldRequiredMsgForNotesInBO</b><br>Test class: com.adminXolair.qa.providerstest.tests.TC22_AdminPortal_PG_BO_VerifyAbilityToAddNotesToBOTest<br>Test method: Verify the field value required message and default value for Caller and Reason dropdowns for Notes tab fields in BO</td>
<td></td>
<td>39</td>
<td>com.adminXolair.qa.providerstest.tests.TC22_AdminPortal_PG_BO_VerifyAbilityToAddNotesToBOTest@105cdf61</td></tr>
<tr>
<td title='com.Replatform.qa.Fax.test.TC10_AdminPortal_Faxes_Assignments_VerifyFaxIDDoesNotExistMsg.Verify_Assignments_FaxIDDoesNotExistMsg()'><b>Verify_Assignments_FaxIDDoesNotExistMsg</b><br>Test class: com.Replatform.qa.Fax.test.TC10_AdminPortal_Faxes_Assignments_VerifyFaxIDDoesNotExistMsg<br>Test method: Verify the FaxID does not exist message</td>
<td></td>
<td>22</td>
<td>com.Replatform.qa.Fax.test.TC10_AdminPortal_Faxes_Assignments_VerifyFaxIDDoesNotExistMsg@11cdf948</td></tr>
<tr>
<td title='com.qa.regression.adminportal.patients.tests.TC30_AdminPortal_TreatmentsTab_VerifyAbilityToResetBOSearch.VerifyBOResetSearchInTreatmentsTabForPatient_DrugReimbursement()'><b>VerifyBOResetSearchInTreatmentsTabForPatient_DrugReimbursement</b><br>Test class: com.qa.regression.adminportal.patients.tests.TC30_AdminPortal_TreatmentsTab_VerifyAbilityToResetBOSearch<br>Test method: Verify the BO reset search in treatments tab for a patient in DrugReimbursement</td>
<td></td>
<td>88</td>
<td>com.qa.regression.adminportal.patients.tests.TC30_AdminPortal_TreatmentsTab_VerifyAbilityToResetBOSearch@68aec50</td></tr>
<tr>
<td title='com.qa.regression.adminportal.patients.tests.TC37_AdminPortal_TreatmentsTab_VerifyAddNewPracticeLocationLink.VerifyAddNewGPLinkInTreatmentsTabForPatient()'><b>VerifyAddNewGPLinkInTreatmentsTabForPatient</b><br>Test class: com.qa.regression.adminportal.patients.tests.TC37_AdminPortal_TreatmentsTab_VerifyAddNewPracticeLocationLink<br>Test method: Verify the Add New Practice Location Link in treatments tab for a patient</td>
<td></td>
<td>60</td>
<td>com.qa.regression.adminportal.patients.tests.TC37_AdminPortal_TreatmentsTab_VerifyAddNewPracticeLocationLink@54e0f76f</td></tr>
<tr>
<td title='com.adminXolair.qa.providerstest.tests.TC22_AdminPortal_PG_BO_VerifyAbilityToAddNotesToBOTest.VerifyAbilityToAddNotesInBO()'><b>VerifyAbilityToAddNotesInBO</b><br>Test class: com.adminXolair.qa.providerstest.tests.TC22_AdminPortal_PG_BO_VerifyAbilityToAddNotesToBOTest<br>Test method: Verify ability to add notes in Notes tab in BO</td>
<td></td>
<td>53</td>
<td>com.adminXolair.qa.providerstest.tests.TC22_AdminPortal_PG_BO_VerifyAbilityToAddNotesToBOTest@105cdf61</td></tr>
<tr>
<td title='com.qa.regression.adminportal.patients.tests.TC05_AdminPortal_Patients_VerifyAbilityToAddHelpDeskNotes.VerifyAddingHelpDeskNotes_DrugReimbursement()'><b>VerifyAddingHelpDeskNotes_DrugReimbursement</b><br>Test class: com.qa.regression.adminportal.patients.tests.TC05_AdminPortal_Patients_VerifyAbilityToAddHelpDeskNotes<br>Test method: verify the ability to add helpdesk notes for a patient </td>
<td></td>
<td>177</td>
<td>com.qa.regression.adminportal.patients.tests.TC05_AdminPortal_Patients_VerifyAbilityToAddHelpDeskNotes@4d4d8fcf</td></tr>
<tr>
<td title='com.qa.regression.adminportal.patients.tests.TC03_ExternalPortal_Enrollment.HubLogin()'><b>HubLogin</b><br>Test class: com.qa.regression.adminportal.patients.tests.TC03_ExternalPortal_Enrollment<br>Test method: Sucessful Login</td>
<td></td>
<td>60</td>
<td>com.qa.regression.adminportal.patients.tests.TC03_ExternalPortal_Enrollment@1cf2fed4</td></tr>
<tr>
<td title='com.adminXolair.qa.providerstest.tests.TC01_AdminPortal_PG_GP_VerifyRequiredFieldsInGPNewPage.VerifyMaxCharLimitForRequiredFieldsInGroupPracticeNewPage()'><b>VerifyMaxCharLimitForRequiredFieldsInGroupPracticeNewPage</b><br>Test class: com.adminXolair.qa.providerstest.tests.TC01_AdminPortal_PG_GP_VerifyRequiredFieldsInGPNewPage<br>Test method: Verify the max number of chars for the required fields in Provider Groups --> Group Practice --> New</td>
<td></td>
<td>20</td>
<td>com.adminXolair.qa.providerstest.tests.TC01_AdminPortal_PG_GP_VerifyRequiredFieldsInGPNewPage@1abea1ed</td></tr>
<tr>
<td title='com.Replatform.qa.Fax.test.TC09_AdminPortal_Faxes_Assignments_VerifyRequiredFieldsMsg.Verify_Assignments_RequiredFieldsMsg()'><b>Verify_Assignments_RequiredFieldsMsg</b><br>Test class: com.Replatform.qa.Fax.test.TC09_AdminPortal_Faxes_Assignments_VerifyRequiredFieldsMsg<br>Test method: Verify the required fields message</td>
<td></td>
<td>27</td>
<td>com.Replatform.qa.Fax.test.TC09_AdminPortal_Faxes_Assignments_VerifyRequiredFieldsMsg@52849956</td></tr>
<tr>
<td title='com.Replatform.qa.Fax.test.TC16_AdminPortal_Faxes_Assignments_VerifyPage.Verify_Assignments_PageContent()'><b>Verify_Assignments_PageContent</b><br>Test class: com.Replatform.qa.Fax.test.TC16_AdminPortal_Faxes_Assignments_VerifyPage<br>Test method: Verify assignments page content test</td>
<td></td>
<td>22</td>
<td>com.Replatform.qa.Fax.test.TC16_AdminPortal_Faxes_Assignments_VerifyPage@123d0816</td></tr>
<tr>
<td title='com.Replatform.qa.Fax.test.TC03_AdminPortal_AdminCloneFaxWithCard.SearchFax()'><b>SearchFax</b><br>Test class: com.Replatform.qa.Fax.test.TC03_AdminPortal_AdminCloneFaxWithCard<br>Test method: Clone a Fax</td>
<td></td>
<td>43</td>
<td>com.Replatform.qa.Fax.test.TC03_AdminPortal_AdminCloneFaxWithCard@1aee6983</td></tr>
<tr>
<td title='com.qa.regression.adminportal.patients.tests.TC02_AdminPortal_VerifyPatientAndInsuranceInfoAfterEnrollmentTest.VeriftPatientCardAndInsuranceAfterEnrollment_DrugReimbursement()'><b>VeriftPatientCardAndInsuranceAfterEnrollment_DrugReimbursement</b><br>Test class: com.qa.regression.adminportal.patients.tests.TC02_AdminPortal_VerifyPatientAndInsuranceInfoAfterEnrollmentTest<br>Test method: Verify Patient and Card tab and Insurance tab information after enrollment in DrugReimbursement</td>
<td></td>
<td>85</td>
<td>com.qa.regression.adminportal.patients.tests.TC02_AdminPortal_VerifyPatientAndInsuranceInfoAfterEnrollmentTest@1fc0053e</td></tr>
<tr>
<td title='com.qa.regression.adminportal.patients.tests.TC08_AdminPortal_Patients_VerifyFindPageContentTest.VerifyPatientsFindPageContent()'><b>VerifyPatientsFindPageContent</b><br>Test class: com.qa.regression.adminportal.patients.tests.TC08_AdminPortal_Patients_VerifyFindPageContentTest<br>Test method: Verify Patients-->Find page content</td>
<td></td>
<td>136</td>
<td>com.qa.regression.adminportal.patients.tests.TC08_AdminPortal_Patients_VerifyFindPageContentTest@5652f555</td></tr>
<tr>
<td title='com.adminXolair.qa.providerstest.tests.TC08_AdminPortal_PG_GP_VerifyAbilityToAddPhysicianInGPAndUngroupGPInPhysicianParentProvidersTabTest.Verify_PG_GP_ProvidersTab_AddAndUngroupProviderByProviderNPI()'><b>Verify_PG_GP_ProvidersTab_AddAndUngroupProviderByProviderNPI</b><br>Test class: com.adminXolair.qa.providerstest.tests.TC08_AdminPortal_PG_GP_VerifyAbilityToAddPhysicianInGPAndUngroupGPInPhysicianParentProvidersTabTest<br>Test method: Verify the ability to add and ungroup a provider using ProviderNPI in PG-->GP-->Review-->ProvidersTab</td>
<td></td>
<td>94</td>
<td>com.adminXolair.qa.providerstest.tests.TC08_AdminPortal_PG_GP_VerifyAbilityToAddPhysicianInGPAndUngroupGPInPhysicianParentProvidersTabTest@41e76252</td></tr>
<tr>
<td title='com.adminXolair.qa.providerstest.tests.TC15_AdminPortal_PG_BO_VerifyRequiredFieldsInBONewPage.VerifyRequiredFieldsInNewBillingOfficePage()'><b>VerifyRequiredFieldsInNewBillingOfficePage</b><br>Test class: com.adminXolair.qa.providerstest.tests.TC15_AdminPortal_PG_BO_VerifyRequiredFieldsInBONewPage<br>Test method: Verify the display of required fields in Provider Groups-->BillingOffice--> New page</td>
<td></td>
<td>29</td>
<td>com.adminXolair.qa.providerstest.tests.TC15_AdminPortal_PG_BO_VerifyRequiredFieldsInBONewPage@8113ea7</td></tr>
<tr>
<td title='com.adminXolair.qa.providerstest.tests.TC19_AdminPortal_PG_BO_VerifyAbilityToAddPhysicianInBOAndUngroupBOInPhysicianProvidersTabTest.Verify_PG_BO_ProvidersTab_AddAndUngroupProviderByProviderLastName()'><b>Verify_PG_BO_ProvidersTab_AddAndUngroupProviderByProviderLastName</b><br>Test class: com.adminXolair.qa.providerstest.tests.TC19_AdminPortal_PG_BO_VerifyAbilityToAddPhysicianInBOAndUngroupBOInPhysicianProvidersTabTest<br>Test method: Verify the ability to add and ungroup a provider using ProviderLastName in PG-->BO-->Review-->ProvidersTab</td>
<td></td>
<td>128</td>
<td>com.adminXolair.qa.providerstest.tests.TC19_AdminPortal_PG_BO_VerifyAbilityToAddPhysicianInBOAndUngroupBOInPhysicianProvidersTabTest@45b2b0ed</td></tr>
<tr>
<td title='com.qa.regression.adminportal.patients.tests.TC14_AdminPortal_Patients_MatchPatientWithPhysicianByGPNPI.Verify_Patients_MatchPrimaryPhysician_GPNPI_DrugReimbursement()'><b>Verify_Patients_MatchPrimaryPhysician_GPNPI_DrugReimbursement</b><br>Test class: com.qa.regression.adminportal.patients.tests.TC14_AdminPortal_Patients_MatchPatientWithPhysicianByGPNPI<br>Test method: Verify ability to match a Physician as primary to a patient by GPNPI in DrugReimbursement</td>
<td></td>
<td>28</td>
<td>com.qa.regression.adminportal.patients.tests.TC14_AdminPortal_Patients_MatchPatientWithPhysicianByGPNPI@53b8afea</td></tr>
<tr>
<td title='com.adminXolair.qa.providerstest.tests.TC17_AdminPortal_PG_BO_VerifyProvidersTabInBOAndCardInfoPageTest.Verify_PG_GP_ProvidersTab()'><b>Verify_PG_GP_ProvidersTab</b><br>Test class: com.adminXolair.qa.providerstest.tests.TC17_AdminPortal_PG_BO_VerifyProvidersTabInBOAndCardInfoPageTest<br>Test method: Verify the Providers tab page content in PG-->BO-->Review-->BO&CardInfo details page-->Providers tab</td>
<td></td>
<td>40</td>
<td>com.adminXolair.qa.providerstest.tests.TC17_AdminPortal_PG_BO_VerifyProvidersTabInBOAndCardInfoPageTest@e23af91</td></tr>
<tr>
<td title='com.qa.regression.adminportal.patients.tests.TC07_AdminPortal_Patients_VerifyDropdownValuesInNotesTabTest.VerifyCallerDropdownValuesInHDNotesForPatient()'><b>VerifyCallerDropdownValuesInHDNotesForPatient</b><br>Test class: com.qa.regression.adminportal.patients.tests.TC07_AdminPortal_Patients_VerifyDropdownValuesInNotesTabTest<br>Test method: verify the values in caller dropdown in helpdesk notes for a patient</td>
<td></td>
<td>85</td>
<td>com.qa.regression.adminportal.patients.tests.TC07_AdminPortal_Patients_VerifyDropdownValuesInNotesTabTest@4010d494</td></tr>
<tr>
<td title='com.qa.regression.adminportal.patients.tests.TC26_AdminPortal_TreatmentsTab_VerifyRejectReasonDropdownValues.VerifyRejectReasonDropdownValuesInTreatmentsTabForPatient()'><b>VerifyRejectReasonDropdownValuesInTreatmentsTabForPatient</b><br>Test class: com.qa.regression.adminportal.patients.tests.TC26_AdminPortal_TreatmentsTab_VerifyRejectReasonDropdownValues<br>Test method: Verify the values in Reject Reason dropdown in treatments tab for a patient</td>
<td></td>
<td>161</td>
<td>com.qa.regression.adminportal.patients.tests.TC26_AdminPortal_TreatmentsTab_VerifyRejectReasonDropdownValues@383cb5ce</td></tr>
<tr>
<td title='com.qa.regression.adminportal.patients.tests.TC41_AdminPortal_Active_VerifyEnrollDateSearch.VerifyPatientsFindPage_SearchByMemberID_DrugReimbursement()'><b>VerifyPatientsFindPage_SearchByMemberID_DrugReimbursement</b><br>Test class: com.qa.regression.adminportal.patients.tests.TC41_AdminPortal_Active_VerifyEnrollDateSearch<br>Test method: Verify Patients-->Find page -->MemberID Search in DrugReimbursement</td>
<td></td>
<td>165</td>
<td>com.qa.regression.adminportal.patients.tests.TC41_AdminPortal_Active_VerifyEnrollDateSearch@3dd750ba</td></tr>
<tr>
<td title='com.qa.regression.adminportal.patients.tests.TC12_AdminPortal_Patients_MatchPatientWithPhysicianByGPName.Verify_Patients_MatchSecondaryPhysician_GPName_DrugReimbursement()'><b>Verify_Patients_MatchSecondaryPhysician_GPName_DrugReimbursement</b><br>Test class: com.qa.regression.adminportal.patients.tests.TC12_AdminPortal_Patients_MatchPatientWithPhysicianByGPName<br>Test method: Verify ability to match a Physician as secondary to a patient by GPName in DrugReimbursement</td>
<td></td>
<td>30</td>
<td>com.qa.regression.adminportal.patients.tests.TC12_AdminPortal_Patients_MatchPatientWithPhysicianByGPName@27a7ef08</td></tr>
<tr>
<td title='com.Replatform.qa.Fax.test.TC13_AdminPortal_Faxes_AssignmentRules_VerifyFieldValidationMsgTest.Verify_AssignmentRules_FieldValidationMsgs()'><b>Verify_AssignmentRules_FieldValidationMsgs</b><br>Test class: com.Replatform.qa.Fax.test.TC13_AdminPortal_Faxes_AssignmentRules_VerifyFieldValidationMsgTest<br>Test method: Verify field validation messages displayed for Assigment Rules Page</td>
<td></td>
<td>22</td>
<td>com.Replatform.qa.Fax.test.TC13_AdminPortal_Faxes_AssignmentRules_VerifyFieldValidationMsgTest@4946dfde</td></tr>
<tr>
<td title='com.qa.regression.adminportal.patients.tests.TC11_AdminPortal_Patients_MatchPatientWithPhysicianByProviderNPI.Verify_Patients_MatchPrimaryPhysician_ProviderNPI_DrugReimbursement()'><b>Verify_Patients_MatchPrimaryPhysician_ProviderNPI_DrugReimbursement</b><br>Test class: com.qa.regression.adminportal.patients.tests.TC11_AdminPortal_Patients_MatchPatientWithPhysicianByProviderNPI<br>Test method: Verify ability to match a Physician as primary to a patient by ProviderNPI in DrugReimbursement</td>
<td></td>
<td>25</td>
<td>com.qa.regression.adminportal.patients.tests.TC11_AdminPortal_Patients_MatchPatientWithPhysicianByProviderNPI@5a67e962</td></tr>
<tr>
<td title='com.qa.regression.adminportal.patients.tests.TC09_AdminPortal_Patients_MatchPatientWithPhysicianByProviderName.Verify_Patients_MatchSecondaryPhysician_ProviderName_DrugReimbursement()'><b>Verify_Patients_MatchSecondaryPhysician_ProviderName_DrugReimbursement</b><br>Test class: com.qa.regression.adminportal.patients.tests.TC09_AdminPortal_Patients_MatchPatientWithPhysicianByProviderName<br>Test method: Verify ability to match a Physician as secondary to a patient by ProviderName in DrugReimbursement</td>
<td></td>
<td>63</td>
<td>com.qa.regression.adminportal.patients.tests.TC09_AdminPortal_Patients_MatchPatientWithPhysicianByProviderName@7004e3d</td></tr>
<tr>
<td title='com.qa.regression.adminportal.patients.tests.TC17_AdminPortal_Patients_MatchPatientWithPhysicianByBONPI.Verify_Patients_MatchSecondaryPhysician_BONPI_DrugReimbursement()'><b>Verify_Patients_MatchSecondaryPhysician_BONPI_DrugReimbursement</b><br>Test class: com.qa.regression.adminportal.patients.tests.TC17_AdminPortal_Patients_MatchPatientWithPhysicianByBONPI<br>Test method: Verify ability to match a Physician as secondary to a patient by BONPI in DrugReimbursement</td>
<td></td>
<td>39</td>
<td>com.qa.regression.adminportal.patients.tests.TC17_AdminPortal_Patients_MatchPatientWithPhysicianByBONPI@31c628e7</td></tr>
<tr>
<td title='com.adminXolair.qa.providerstest.tests.TC10_AdminPortal_PG_GP_NavigateToPatientInfoTabFromGPTest.VerifyPatientsTabContentInGP_DrugReimbursement()'><b>VerifyPatientsTabContentInGP_DrugReimbursement</b><br>Test class: com.adminXolair.qa.providerstest.tests.TC10_AdminPortal_PG_GP_NavigateToPatientInfoTabFromGPTest<br>Test method: verify the ability to view patient info in patients tab of PG-->GP in DrugReimbursement</td>
<td></td>
<td>87</td>
<td>com.adminXolair.qa.providerstest.tests.TC10_AdminPortal_PG_GP_NavigateToPatientInfoTabFromGPTest@294a3f2a</td></tr>
<tr>
<td title='com.qa.regression.adminportal.patients.tests.TC42_AdminPortal_VerifyMaxBenefitsExceeded.VerifyMaxBenefitsExceededMsg_DrugReimbursement()'><b>VerifyMaxBenefitsExceededMsg_DrugReimbursement</b><br>Test class: com.qa.regression.adminportal.patients.tests.TC42_AdminPortal_VerifyMaxBenefitsExceeded<br>Test method: Verify that the Max Benefits Exceeded Msg is displayed in DrugReimbursement</td>
<td></td>
<td>121</td>
<td>com.qa.regression.adminportal.patients.tests.TC42_AdminPortal_VerifyMaxBenefitsExceeded@4e4bfd9c</td></tr>
<tr>
<td title='com.qa.regression.adminportal.patients.tests.TC15_AdminPortal_Patients_MatchPatientWithPhysicianByBOName.Verify_Patients_MatchPrimaryPhysician_BOName_DrugReimbursement()'><b>Verify_Patients_MatchPrimaryPhysician_BOName_DrugReimbursement</b><br>Test class: com.qa.regression.adminportal.patients.tests.TC15_AdminPortal_Patients_MatchPatientWithPhysicianByBOName<br>Test method: Verify ability to match a Physician as primary to a patient by BOName in DrugReimbursement</td>
<td></td>
<td>24</td>
<td>com.qa.regression.adminportal.patients.tests.TC15_AdminPortal_Patients_MatchPatientWithPhysicianByBOName@7cea0110</td></tr>
<tr>
<td title='com.qa.regression.adminportal.patients.tests.TC13_AdminPortal_Patients_MatchPatientWithPhysicianByGPLastName.Verify_Patients_MatchPrimaryPhysician_GPLastName_DrugReimbursement()'><b>Verify_Patients_MatchPrimaryPhysician_GPLastName_DrugReimbursement</b><br>Test class: com.qa.regression.adminportal.patients.tests.TC13_AdminPortal_Patients_MatchPatientWithPhysicianByGPLastName<br>Test method: Verify ability to match a Physician as primary to a patient by GPLastName in DrugReimbursement</td>
<td></td>
<td>27</td>
<td>com.qa.regression.adminportal.patients.tests.TC13_AdminPortal_Patients_MatchPatientWithPhysicianByGPLastName@3cff0139</td></tr>
<tr>
<td title='com.adminXolair.qa.providerstest.tests.TC24_AdminPortal_PG_BO_VerifyAbilityToAddAndUngroupPhysicianInBOTest.Verify_Providers_ParentProvidersTab_AddAndUngroupProvider()'><b>Verify_Providers_ParentProvidersTab_AddAndUngroupProvider</b><br>Test class: com.adminXolair.qa.providerstest.tests.TC24_AdminPortal_PG_BO_VerifyAbilityToAddAndUngroupPhysicianInBOTest<br>Test method: Verify the ability to add and ungroup a provider in PG-->BO-->Review-->ProvidersTab </td>
<td></td>
<td>84</td>
<td>com.adminXolair.qa.providerstest.tests.TC24_AdminPortal_PG_BO_VerifyAbilityToAddAndUngroupPhysicianInBOTest@6dadcf58</td></tr>
<tr>
<td title='com.qa.regression.adminportal.patients.tests.TC06_AdminPortal_Patients_VerifyUpdatehelpDeskNotesTest.VerifyUpdatingHelpDeskNotes_DrugReimbursement()'><b>VerifyUpdatingHelpDeskNotes_DrugReimbursement</b><br>Test class: com.qa.regression.adminportal.patients.tests.TC06_AdminPortal_Patients_VerifyUpdatehelpDeskNotesTest<br>Test method: verify the ability to update helpdesk notes for a patient</td>
<td></td>
<td>67</td>
<td>com.qa.regression.adminportal.patients.tests.TC06_AdminPortal_Patients_VerifyUpdatehelpDeskNotesTest@30457e14</td></tr>
<tr>
<td title='com.adminXolair.qa.providerstest.tests.TC19_AdminPortal_PG_BO_VerifyAbilityToAddPhysicianInBOAndUngroupBOInPhysicianProvidersTabTest.Verify_PG_BO_ProvidersTab_AddAndUngroupProviderByProviderNPI()'><b>Verify_PG_BO_ProvidersTab_AddAndUngroupProviderByProviderNPI</b><br>Test class: com.adminXolair.qa.providerstest.tests.TC19_AdminPortal_PG_BO_VerifyAbilityToAddPhysicianInBOAndUngroupBOInPhysicianProvidersTabTest<br>Test method: Verify the ability to add and ungroup a provider using ProviderNPI in PG-->BO-->Review-->ProvidersTab</td>
<td></td>
<td>111</td>
<td>com.adminXolair.qa.providerstest.tests.TC19_AdminPortal_PG_BO_VerifyAbilityToAddPhysicianInBOAndUngroupBOInPhysicianProvidersTabTest@45b2b0ed</td></tr>
<tr>
<td title='com.qa.regression.adminportal.patients.tests.TC14_AdminPortal_Patients_MatchPatientWithPhysicianByGPNPI.Verify_Patients_MatchSecondaryPhysician_GPNPI_DrugReimbursement()'><b>Verify_Patients_MatchSecondaryPhysician_GPNPI_DrugReimbursement</b><br>Test class: com.qa.regression.adminportal.patients.tests.TC14_AdminPortal_Patients_MatchPatientWithPhysicianByGPNPI<br>Test method: Verify ability to match a Physician as secondary to a patient by GPNPI in DrugReimbursement</td>
<td></td>
<td>21</td>
<td>com.qa.regression.adminportal.patients.tests.TC14_AdminPortal_Patients_MatchPatientWithPhysicianByGPNPI@53b8afea</td></tr>
<tr>
<td title='com.adminXolair.qa.providerstest.tests.TC18_AdminPortal_PG_BO_VerifyMandatoryFieldsInProvidersTabTest.Verify_PG_GP_ProvidersTab_RequiredFieldsMsg()'><b>Verify_PG_GP_ProvidersTab_RequiredFieldsMsg</b><br>Test class: com.adminXolair.qa.providerstest.tests.TC18_AdminPortal_PG_BO_VerifyMandatoryFieldsInProvidersTabTest<br>Test method: Verify the required fields error msg in PG-->BO-->Review-->ProvidersTab</td>
<td></td>
<td>45</td>
<td>com.adminXolair.qa.providerstest.tests.TC18_AdminPortal_PG_BO_VerifyMandatoryFieldsInProvidersTabTest@2cf669f2</td></tr>
<tr>
<td title='com.qa.regression.adminportal.patients.tests.TC39_AdminPortal_Active_VerifyPartnerPatientIDSearch.VerifyPatientsFindPage_SearchByMemberID_DrugReimbursement()'><b>VerifyPatientsFindPage_SearchByMemberID_DrugReimbursement</b><br>Test class: com.qa.regression.adminportal.patients.tests.TC39_AdminPortal_Active_VerifyPartnerPatientIDSearch<br>Test method: Verify Patients-->Find page -->MemberID Search in DrugReimbursement</td>
<td></td>
<td>170</td>
<td>com.qa.regression.adminportal.patients.tests.TC39_AdminPortal_Active_VerifyPartnerPatientIDSearch@3a3316b6</td></tr>
<tr>
<td title='com.adminXolair.qa.providerstest.tests.TC25_AdminPortal_PG_BO_VerifyAbilityToAddGPInBOAndUngroupBOInGPParentProvidersTabTest.Verify_PG_BO_ProvidersTab_AddAndUngroupProviderByProviderNPI()'><b>Verify_PG_BO_ProvidersTab_AddAndUngroupProviderByProviderNPI</b><br>Test class: com.adminXolair.qa.providerstest.tests.TC25_AdminPortal_PG_BO_VerifyAbilityToAddGPInBOAndUngroupBOInGPParentProvidersTabTest<br>Test method: Verify the ability to add and ungroup a provider using ProviderNPI in PG-->BO-->Review-->ProvidersTab</td>
<td></td>
<td>85</td>
<td>com.adminXolair.qa.providerstest.tests.TC25_AdminPortal_PG_BO_VerifyAbilityToAddGPInBOAndUngroupBOInGPParentProvidersTabTest@643a73fa</td></tr>
<tr>
<td title='com.qa.regression.adminportal.patients.tests.TC36_AdminPortal_TreatmentsTab_VerifyGPSearchAutosuggest.VerifyGPNameSearchInTreatmentsTabForPatient()'><b>VerifyGPNameSearchInTreatmentsTabForPatient</b><br>Test class: com.qa.regression.adminportal.patients.tests.TC36_AdminPortal_TreatmentsTab_VerifyGPSearchAutosuggest<br>Test method: Verify the GP name search in treatments tab for a patient</td>
<td></td>
<td>48</td>
<td>com.qa.regression.adminportal.patients.tests.TC36_AdminPortal_TreatmentsTab_VerifyGPSearchAutosuggest@52856ff9</td></tr>
<tr>
<td title='com.qa.regression.adminportal.patients.tests.TC21_AdminPortal_Patients_VerifyRequiredFieldsInTreatmentsTabTest.VerifyRequiredFieldsInTreatmentsTab_DrugReimbursement()'><b>VerifyRequiredFieldsInTreatmentsTab_DrugReimbursement</b><br>Test class: com.qa.regression.adminportal.patients.tests.TC21_AdminPortal_Patients_VerifyRequiredFieldsInTreatmentsTabTest<br>Test method: Verify required Fields In Treatments Tab</td>
<td></td>
<td>51</td>
<td>com.qa.regression.adminportal.patients.tests.TC21_AdminPortal_Patients_VerifyRequiredFieldsInTreatmentsTabTest@7affc159</td></tr>
<tr>
<td title='com.adminXolair.qa.providerstest.tests.TC25_AdminPortal_PG_BO_VerifyAbilityToAddGPInBOAndUngroupBOInGPParentProvidersTabTest.Verify_PG_BO_ProvidersTab_AddAndUngroupProviderByProviderLastName()'><b>Verify_PG_BO_ProvidersTab_AddAndUngroupProviderByProviderLastName</b><br>Test class: com.adminXolair.qa.providerstest.tests.TC25_AdminPortal_PG_BO_VerifyAbilityToAddGPInBOAndUngroupBOInGPParentProvidersTabTest<br>Test method: Verify the ability to add and ungroup a provider using ProviderLastName in PG-->BO-->Review-->ProvidersTab</td>
<td></td>
<td>87</td>
<td>com.adminXolair.qa.providerstest.tests.TC25_AdminPortal_PG_BO_VerifyAbilityToAddGPInBOAndUngroupBOInGPParentProvidersTabTest@643a73fa</td></tr>
<tr>
<td title='com.qa.regression.adminportal.patients.tests.TC09_AdminPortal_Patients_MatchPatientWithPhysicianByProviderName.Verify_Patients_MatchPrimaryPhysician_ProviderName_DrugReimbursement()'><b>Verify_Patients_MatchPrimaryPhysician_ProviderName_DrugReimbursement</b><br>Test class: com.qa.regression.adminportal.patients.tests.TC09_AdminPortal_Patients_MatchPatientWithPhysicianByProviderName<br>Test method: Verify ability to match a Physician as primary to a patient by ProviderName in DrugReimbursement</td>
<td></td>
<td>36</td>
<td>com.qa.regression.adminportal.patients.tests.TC09_AdminPortal_Patients_MatchPatientWithPhysicianByProviderName@7004e3d</td></tr>
<tr>
<td title='com.qa.regression.adminportal.patients.tests.TC19_AdminPortal_Patients_VerifyFaxInfoTabPage.VerifyLinksInFaxInfoTab_DrugReimbursement()'><b>VerifyLinksInFaxInfoTab_DrugReimbursement</b><br>Test class: com.qa.regression.adminportal.patients.tests.TC19_AdminPortal_Patients_VerifyFaxInfoTabPage<br>Test method: verify the links in FaxInfoTab </td>
<td></td>
<td>32</td>
<td>com.qa.regression.adminportal.patients.tests.TC19_AdminPortal_Patients_VerifyFaxInfoTabPage@6af5bbd0</td></tr>
<tr>
<td title='com.Replatform.qa.Fax.test.TC14_AdminPortal_Faxes_AssignmentRules_UpdateAssignmentRuleTest.Verify_AssignmentRules_UpdateAssignmentRule_OustisdeHoursN()'><b>Verify_AssignmentRules_UpdateAssignmentRule_OustisdeHoursN</b><br>Test class: com.Replatform.qa.Fax.test.TC14_AdminPortal_Faxes_AssignmentRules_UpdateAssignmentRuleTest<br>Test method: Verify ability to update assignment rules for OutsideHoursN</td>
<td></td>
<td>17</td>
<td>com.Replatform.qa.Fax.test.TC14_AdminPortal_Faxes_AssignmentRules_UpdateAssignmentRuleTest@5dff108c</td></tr>
<tr>
<td title='com.qa.regression.adminportal.patients.tests.TC10_AdminPortal_Patients_MatchPatientWithPhysicianByProviderLastName.Verify_Patients_MatchSecondaryPhysician_ProviderLastName_DrugReimbursement()'><b>Verify_Patients_MatchSecondaryPhysician_ProviderLastName_DrugReimbursement</b><br>Test class: com.qa.regression.adminportal.patients.tests.TC10_AdminPortal_Patients_MatchPatientWithPhysicianByProviderLastName<br>Test method: Verify ability to match a Physician as secondary to a patient by ProviderLastName in DrugReimbursement</td>
<td></td>
<td>25</td>
<td>com.qa.regression.adminportal.patients.tests.TC10_AdminPortal_Patients_MatchPatientWithPhysicianByProviderLastName@566d0c69</td></tr>
<tr>
<td title='com.Replatform.qa.Fax.test.TC14_AdminPortal_Faxes_AssignmentRules_UpdateAssignmentRuleTest.Verify_AssignmentRules_UpdateAssignmentRule_OutsideHoursYToOutsideHoursN()'><b>Verify_AssignmentRules_UpdateAssignmentRule_OutsideHoursYToOutsideHoursN</b><br>Test class: com.Replatform.qa.Fax.test.TC14_AdminPortal_Faxes_AssignmentRules_UpdateAssignmentRuleTest<br>Test method: Verify ability to update assignment rules for OutsideHoursY to OutsideHoursN</td>
<td></td>
<td>17</td>
<td>com.Replatform.qa.Fax.test.TC14_AdminPortal_Faxes_AssignmentRules_UpdateAssignmentRuleTest@5dff108c</td></tr>
<tr>
<td title='com.adminXolair.qa.providerstest.tests.TC09_AdminPortal_PG_GP_VerifyAbilityToAddAndUngroupPhysicianInGPTest.Verify_Providers_ParentProvidersTab_AddAndUngroupProvider()'><b>Verify_Providers_ParentProvidersTab_AddAndUngroupProvider</b><br>Test class: com.adminXolair.qa.providerstest.tests.TC09_AdminPortal_PG_GP_VerifyAbilityToAddAndUngroupPhysicianInGPTest<br>Test method: Verify the ability to add and ungroup a provider in PG-->GP-->Review-->ProvidersTab</td>
<td></td>
<td>103</td>
<td>com.adminXolair.qa.providerstest.tests.TC09_AdminPortal_PG_GP_VerifyAbilityToAddAndUngroupPhysicianInGPTest@37c45154</td></tr>
<tr>
<td title='com.qa.regression.adminportal.patients.tests.TC20_AdminPortal_Patients_VerifyReadOnlyFieldsInTreatmentsTab.VerifyReadOnlyFieldsInTreatmentsTab_DrugReimbursement()'><b>VerifyReadOnlyFieldsInTreatmentsTab_DrugReimbursement</b><br>Test class: com.qa.regression.adminportal.patients.tests.TC20_AdminPortal_Patients_VerifyReadOnlyFieldsInTreatmentsTab<br>Test method: Verify ReadOnly Fields In Treatments Tab </td>
<td></td>
<td>88</td>
<td>com.qa.regression.adminportal.patients.tests.TC20_AdminPortal_Patients_VerifyReadOnlyFieldsInTreatmentsTab@727320fa</td></tr>
<tr>
<td title='com.qa.regression.adminportal.patients.tests.TC16_AdminPortal_Patients_MatchPatientWithPhysicianByBOLastName.Verify_Patients_MatchSecondaryPhysician_BOLastName_DrugReimbursement()'><b>Verify_Patients_MatchSecondaryPhysician_BOLastName_DrugReimbursement</b><br>Test class: com.qa.regression.adminportal.patients.tests.TC16_AdminPortal_Patients_MatchPatientWithPhysicianByBOLastName<br>Test method: Verify ability to match a Physician as secondary to a patient by BOLastName in DrugReimbursement</td>
<td></td>
<td>25</td>
<td>com.qa.regression.adminportal.patients.tests.TC16_AdminPortal_Patients_MatchPatientWithPhysicianByBOLastName@21bd20ee</td></tr>
<tr>
<td title='com.qa.regression.adminportal.patients.tests.TC10_AdminPortal_Patients_MatchPatientWithPhysicianByProviderLastName.Verify_Patients_MatchPrimaryPhysician_ProviderLastName_DrugReimbursement()'><b>Verify_Patients_MatchPrimaryPhysician_ProviderLastName_DrugReimbursement</b><br>Test class: com.qa.regression.adminportal.patients.tests.TC10_AdminPortal_Patients_MatchPatientWithPhysicianByProviderLastName<br>Test method: Verify ability to match a Physician as primary to a patient by ProviderLastName in DrugReimbursement</td>
<td></td>
<td>31</td>
<td>com.qa.regression.adminportal.patients.tests.TC10_AdminPortal_Patients_MatchPatientWithPhysicianByProviderLastName@566d0c69</td></tr>
<tr>
<td title='com.Replatform.qa.Fax.test.TC05_AdminPortal_Faxes_IncomingFaxesReviewPageContentTest.Verify_Incoming_ReviewPageContent()'><b>Verify_Incoming_ReviewPageContent</b><br>Test class: com.Replatform.qa.Fax.test.TC05_AdminPortal_Faxes_IncomingFaxesReviewPageContentTest<br>Test method: Verify the Faxes Incoming ReviewPage content</td>
<td></td>
<td>79</td>
<td>com.Replatform.qa.Fax.test.TC05_AdminPortal_Faxes_IncomingFaxesReviewPageContentTest@236a3e4</td></tr>
<tr>
<td title='com.Replatform.qa.Fax.test.New_TC01_HCPPortal_UploadDocument.HCPUpload()'><b>HCPUpload</b><br>Test class: com.Replatform.qa.Fax.test.New_TC01_HCPPortal_UploadDocument<br>Test method: HCP Upload document</td>
<td></td>
<td>69</td>
<td>com.Replatform.qa.Fax.test.New_TC01_HCPPortal_UploadDocument@3f6d36eb</td></tr>
<tr>
<td title='com.adminXolair.qa.providerstest.tests.TC08_AdminPortal_PG_GP_VerifyAbilityToAddPhysicianInGPAndUngroupGPInPhysicianParentProvidersTabTest.Verify_PG_GP_ProvidersTab_AddAndUngroupProviderByProviderName()'><b>Verify_PG_GP_ProvidersTab_AddAndUngroupProviderByProviderName</b><br>Test class: com.adminXolair.qa.providerstest.tests.TC08_AdminPortal_PG_GP_VerifyAbilityToAddPhysicianInGPAndUngroupGPInPhysicianParentProvidersTabTest<br>Test method: Verify the ability to add and ungroup a provider using ProviderName in PG-->GP-->Review-->ProvidersTab</td>
<td></td>
<td>96</td>
<td>com.adminXolair.qa.providerstest.tests.TC08_AdminPortal_PG_GP_VerifyAbilityToAddPhysicianInGPAndUngroupGPInPhysicianParentProvidersTabTest@41e76252</td></tr>
<tr>
<td title='com.adminXolair.qa.providerstest.tests.TC29_AdminPortal_PG_BO_VerifyPaymentsTab.VerifyBOPaymentsTabContent()'><b>VerifyBOPaymentsTabContent</b><br>Test class: com.adminXolair.qa.providerstest.tests.TC29_AdminPortal_PG_BO_VerifyPaymentsTab<br>Test method: Verify BO Payments tab content</td>
<td></td>
<td>150</td>
<td>com.adminXolair.qa.providerstest.tests.TC29_AdminPortal_PG_BO_VerifyPaymentsTab@4afdb05e</td></tr>
<tr>
<td title='com.Replatform.qa.Fax.test.New_TC04_HCPPortal_UploadDocument.HCPUpload()'><b>HCPUpload</b><br>Test class: com.Replatform.qa.Fax.test.New_TC04_HCPPortal_UploadDocument<br>Test method: HCP Upload document</td>
<td></td>
<td>18</td>
<td>com.Replatform.qa.Fax.test.New_TC04_HCPPortal_UploadDocument@40b8158d</td></tr>
<tr>
<td title='com.qa.regression.adminportal.patients.tests.TC27_AdminPortal_TreatmentsTab_VerifyPatientPaysFieldDefaultValueTest.VerifyPatientPaysDefaultValueInTreatmentsTabForPatient()'><b>VerifyPatientPaysDefaultValueInTreatmentsTabForPatient</b><br>Test class: com.qa.regression.adminportal.patients.tests.TC27_AdminPortal_TreatmentsTab_VerifyPatientPaysFieldDefaultValueTest<br>Test method: Verify the default value for Patient Pays in treatments tab for a patient</td>
<td></td>
<td>118</td>
<td>com.qa.regression.adminportal.patients.tests.TC27_AdminPortal_TreatmentsTab_VerifyPatientPaysFieldDefaultValueTest@e91af20</td></tr>
<tr>
<td title='com.adminXolair.qa.providerstest.tests.TC21_AdminPortal_PG_BO_VerifyTabsInBOReview.Verify_PG_BO_Review_TabsAvailableVerification()'><b>Verify_PG_BO_Review_TabsAvailableVerification</b><br>Test class: com.adminXolair.qa.providerstest.tests.TC21_AdminPortal_PG_BO_VerifyTabsInBOReview<br>Test method: Verify the tabs in PG-->BO-->Review</td>
<td></td>
<td>26</td>
<td>com.adminXolair.qa.providerstest.tests.TC21_AdminPortal_PG_BO_VerifyTabsInBOReview@779136bf</td></tr>
<tr>
<td title='com.adminXolair.qa.providerstest.tests.TC11_AdminPortal_PG_GP_VerifyAbilityToAddNotesToGPTest.VerifyAbilityToAddNotesInGP()'><b>VerifyAbilityToAddNotesInGP</b><br>Test class: com.adminXolair.qa.providerstest.tests.TC11_AdminPortal_PG_GP_VerifyAbilityToAddNotesToGPTest<br>Test method: Verify ability to add notes in Notes tab in GP</td>
<td></td>
<td>46</td>
<td>com.adminXolair.qa.providerstest.tests.TC11_AdminPortal_PG_GP_VerifyAbilityToAddNotesToGPTest@6cfac0bd</td></tr>
<tr>
<td title='com.qa.regression.adminportal.patients.tests.TC35_AdminPortal_Verify_Address2Update.VerifyPatientsFindPage_SearchByMemberID_DrugReimbursement()'><b>VerifyPatientsFindPage_SearchByMemberID_DrugReimbursement</b><br>Test class: com.qa.regression.adminportal.patients.tests.TC35_AdminPortal_Verify_Address2Update<br>Test method: Verify Patients-->Find page -->MemberID Search in DrugReimbursement</td>
<td></td>
<td>266</td>
<td>com.qa.regression.adminportal.patients.tests.TC35_AdminPortal_Verify_Address2Update@3b65084e</td></tr>
<tr>
<td title='com.adminXolair.qa.providerstest.tests.TC16_AdminPortal_PG_BO_VerifyUpdatesToBOAndCardInfoPageTest.verifyUpdatesToBOAndCardInfoTab()'><b>verifyUpdatesToBOAndCardInfoTab</b><br>Test class: com.adminXolair.qa.providerstest.tests.TC16_AdminPortal_PG_BO_VerifyUpdatesToBOAndCardInfoPageTest<br>Test method: Verify ability to update required fields in Billing office and card info tab</td>
<td></td>
<td>50</td>
<td>com.adminXolair.qa.providerstest.tests.TC16_AdminPortal_PG_BO_VerifyUpdatesToBOAndCardInfoPageTest@10abd94f</td></tr>
<tr>
<td title='com.qa.regression.adminportal.patients.tests.TC19_AdminPortal_Patients_VerifyFaxInfoTabPage.VerifyFaxInfoPageContent_DrugReimbursement()'><b>VerifyFaxInfoPageContent_DrugReimbursement</b><br>Test class: com.qa.regression.adminportal.patients.tests.TC19_AdminPortal_Patients_VerifyFaxInfoTabPage<br>Test method: verify the FaxInfo page content </td>
<td></td>
<td>100</td>
<td>com.qa.regression.adminportal.patients.tests.TC19_AdminPortal_Patients_VerifyFaxInfoTabPage@6af5bbd0</td></tr>
<tr>
<td title='com.Replatform.qa.Fax.test.TC15_AdminPortal_Faxes_Assignments.Verify_Assignments_AssignFaxFromOneUserToAnother_DrugReimbursement()'><b>Verify_Assignments_AssignFaxFromOneUserToAnother_DrugReimbursement</b><br>Test class: com.Replatform.qa.Fax.test.TC15_AdminPortal_Faxes_Assignments<br>Test method: Verify ability to assign fax from one user to another in DrugReimbursement</td>
<td></td>
<td>133</td>
<td>com.Replatform.qa.Fax.test.TC15_AdminPortal_Faxes_Assignments@6761f75b</td></tr>
<tr>
<td title='com.qa.regression.adminportal.patients.tests.TC22_AdminPortal_Patients_VerifySpecificRequiredFieldMsgInTreatmentsTabTest.VerifyEOBDateRequiredFieldInTreatmentsTab_DrugReimbursement()'><b>VerifyEOBDateRequiredFieldInTreatmentsTab_DrugReimbursement</b><br>Test class: com.qa.regression.adminportal.patients.tests.TC22_AdminPortal_Patients_VerifySpecificRequiredFieldMsgInTreatmentsTabTest<br>Test method: Verify EOB Date required Field In Treatments Tab in DrugReimbursement</td>
<td></td>
<td>84</td>
<td>com.qa.regression.adminportal.patients.tests.TC22_AdminPortal_Patients_VerifySpecificRequiredFieldMsgInTreatmentsTabTest@5426cb36</td></tr>
<tr>
<td title='com.qa.regression.adminportal.patients.tests.TC25_AdminPortal_TreatmentsTab_VerifyDOSAndEOBDateFieldsWithNonNumericCharsTest.VerifyDOSAndEOBNotAcceptNonNumeric()'><b>VerifyDOSAndEOBNotAcceptNonNumeric</b><br>Test class: com.qa.regression.adminportal.patients.tests.TC25_AdminPortal_TreatmentsTab_VerifyDOSAndEOBDateFieldsWithNonNumericCharsTest<br>Test method: Verify the DOS & EOB date fields do not accept non-numeric chars</td>
<td></td>
<td>110</td>
<td>com.qa.regression.adminportal.patients.tests.TC25_AdminPortal_TreatmentsTab_VerifyDOSAndEOBDateFieldsWithNonNumericCharsTest@77b3752b</td></tr>
<tr>
<td title='com.qa.regression.adminportal.patients.tests.TC13_AdminPortal_Patients_MatchPatientWithPhysicianByGPLastName.Verify_Patients_MatchSecondaryPhysician_GPLastName_DrugReimbursement()'><b>Verify_Patients_MatchSecondaryPhysician_GPLastName_DrugReimbursement</b><br>Test class: com.qa.regression.adminportal.patients.tests.TC13_AdminPortal_Patients_MatchPatientWithPhysicianByGPLastName<br>Test method: Verify ability to match a Physician as secondary to a patient by GPLastName in DrugReimbursement</td>
<td></td>
<td>24</td>
<td>com.qa.regression.adminportal.patients.tests.TC13_AdminPortal_Patients_MatchPatientWithPhysicianByGPLastName@3cff0139</td></tr>
<tr>
<td title='com.qa.regression.adminportal.patients.tests.TC18_AdminPortal_Patients_VerifyRequiredFieldsInMatchPageTest.Verify_Patients_RequiredFilesInMatchPage()'><b>Verify_Patients_RequiredFilesInMatchPage</b><br>Test class: com.qa.regression.adminportal.patients.tests.TC18_AdminPortal_Patients_VerifyRequiredFieldsInMatchPageTest<br>Test method: Verify the required fields in Match Page</td>
<td></td>
<td>33</td>
<td>com.qa.regression.adminportal.patients.tests.TC18_AdminPortal_Patients_VerifyRequiredFieldsInMatchPageTest@63dfada0</td></tr>
<tr>
<td title='com.adminXolair.qa.providerstest.tests.TC26_AdminPortal_PG_BO_VerifyListPageTest.CrossVerifyGPCountsBetweenAlphabetListAndFindPage()'><b>CrossVerifyGPCountsBetweenAlphabetListAndFindPage</b><br>Test class: com.adminXolair.qa.providerstest.tests.TC26_AdminPortal_PG_BO_VerifyListPageTest<br>Test method: verify pagination on provider search</td>
<td></td>
<td>18</td>
<td>com.adminXolair.qa.providerstest.tests.TC26_AdminPortal_PG_BO_VerifyListPageTest@3f1e18b1</td></tr>
<tr>
<td title='com.adminXolair.qa.providerstest.tests.TC01_AdminPortal_PG_GP_VerifyRequiredFieldsInGPNewPage.VerifyRequiredFieldsInNewGroupPracticePage()'><b>VerifyRequiredFieldsInNewGroupPracticePage</b><br>Test class: com.adminXolair.qa.providerstest.tests.TC01_AdminPortal_PG_GP_VerifyRequiredFieldsInGPNewPage<br>Test method: Verify the display of required fields in Provider Groups-->Group Practice--> New page</td>
<td></td>
<td>17</td>
<td>com.adminXolair.qa.providerstest.tests.TC01_AdminPortal_PG_GP_VerifyRequiredFieldsInGPNewPage@1abea1ed</td></tr>
<tr>
<td title='com.adminXolair.qa.providerstest.tests.TC07_AdminPortal_PG_GP_VerifyMandatoryFieldsInProvidersTabTest.Verify_PG_GP_ProvidersTab_RequiredFieldsMsg()'><b>Verify_PG_GP_ProvidersTab_RequiredFieldsMsg</b><br>Test class: com.adminXolair.qa.providerstest.tests.TC07_AdminPortal_PG_GP_VerifyMandatoryFieldsInProvidersTabTest<br>Test method: Verify the required fields error msg in PG-->GP-->Review-->ProvidersTab</td>
<td></td>
<td>32</td>
<td>com.adminXolair.qa.providerstest.tests.TC07_AdminPortal_PG_GP_VerifyMandatoryFieldsInProvidersTabTest@15a41088</td></tr>
<tr>
<td title='com.Replatform.qa.Fax.test.TC06_AdminPortal_Faxes_ListAll_FindPageTest.Verify_Outgoing_FindPageContent()'><b>Verify_Outgoing_FindPageContent</b><br>Test class: com.Replatform.qa.Fax.test.TC06_AdminPortal_Faxes_ListAll_FindPageTest<br>Test method: Verify the Faxes List All FindPage content</td>
<td></td>
<td>75</td>
<td>com.Replatform.qa.Fax.test.TC06_AdminPortal_Faxes_ListAll_FindPageTest@206b959c</td></tr>
<tr>
<td title='com.Replatform.qa.Fax.test.TC08_AdminPortal_Faxes_Assignments_VerifyFaxCountWrongErrorTest.Verify_Assignments_FaxCountWrongMsg()'><b>Verify_Assignments_FaxCountWrongMsg</b><br>Test class: com.Replatform.qa.Fax.test.TC08_AdminPortal_Faxes_Assignments_VerifyFaxCountWrongErrorTest<br>Test method: Verify the fax count wrong message</td>
<td></td>
<td>27</td>
<td>com.Replatform.qa.Fax.test.TC08_AdminPortal_Faxes_Assignments_VerifyFaxCountWrongErrorTest@58189b85</td></tr>
<tr>
<td title='com.adminXolair.qa.providerstest.tests.TC20_AdminPortal_PG_BO_NavigateToPatientInfoTabFromBOTest.VerifyPatientsTabContentInBO_DrugReimbursement()'><b>VerifyPatientsTabContentInBO_DrugReimbursement</b><br>Test class: com.adminXolair.qa.providerstest.tests.TC20_AdminPortal_PG_BO_NavigateToPatientInfoTabFromBOTest<br>Test method: verify the ability to view patient info in patients tab of PG-->BO in DrugReimbursement</td>
<td></td>
<td>93</td>
<td>com.adminXolair.qa.providerstest.tests.TC20_AdminPortal_PG_BO_NavigateToPatientInfoTabFromBOTest@72115c48</td></tr>
<tr>
<td title='com.qa.regression.adminportal.patients.tests.TC40_AdminPortal_Active_VerifyCardIDSearch.VerifyPatientsFindPage_SearchByMemberID_DrugReimbursement()'><b>VerifyPatientsFindPage_SearchByMemberID_DrugReimbursement</b><br>Test class: com.qa.regression.adminportal.patients.tests.TC40_AdminPortal_Active_VerifyCardIDSearch<br>Test method: Verify Patients-->Find page -->MemberID Search in DrugReimbursement</td>
<td></td>
<td>166</td>
<td>com.qa.regression.adminportal.patients.tests.TC40_AdminPortal_Active_VerifyCardIDSearch@41f7c02d</td></tr>
<tr>
<td title='com.adminXolair.qa.providerstest.tests.TC28_AdminPortal_PG_BO_VerifyZipCodeUpdates.verifyUpdatesToZipCodeInBOAndCardInfoTab()'><b>verifyUpdatesToZipCodeInBOAndCardInfoTab</b><br>Test class: com.adminXolair.qa.providerstest.tests.TC28_AdminPortal_PG_BO_VerifyZipCodeUpdates<br>Test method: Verify ability to update Zipcode in BO and card info tab</td>
<td></td>
<td>82</td>
<td>com.adminXolair.qa.providerstest.tests.TC28_AdminPortal_PG_BO_VerifyZipCodeUpdates@70680f88</td></tr>
<tr>
<td title='com.qa.regression.adminportal.patients.tests.TC23_AdminPortal_Patients_VerifyDOSAndEOBDatePickersFutureDatesDisabledTest.VerifyFutureDatesDisabledForDOSDateTreatmentsTab()'><b>VerifyFutureDatesDisabledForDOSDateTreatmentsTab</b><br>Test class: com.qa.regression.adminportal.patients.tests.TC23_AdminPortal_Patients_VerifyDOSAndEOBDatePickersFutureDatesDisabledTest<br>Test method: Verify DOS date picker future date/month/year are disabled/not available In Treatments Tab</td>
<td></td>
<td>146</td>
<td>com.qa.regression.adminportal.patients.tests.TC23_AdminPortal_Patients_VerifyDOSAndEOBDatePickersFutureDatesDisabledTest@609319c3</td></tr>
<tr>
<td title='com.adminXolair.qa.providerstest.tests.TC05_AdminPortal_PG_GP_VerifyUpdatesToGPAndCardInfoPageTest.verifyUpdatesToGPAndCardInfoTab()'><b>verifyUpdatesToGPAndCardInfoTab</b><br>Test class: com.adminXolair.qa.providerstest.tests.TC05_AdminPortal_PG_GP_VerifyUpdatesToGPAndCardInfoPageTest<br>Test method: Verify ability to update required fields in Group practice and card info tab</td>
<td></td>
<td>78</td>
<td>com.adminXolair.qa.providerstest.tests.TC05_AdminPortal_PG_GP_VerifyUpdatesToGPAndCardInfoPageTest@7d4135c9</td></tr>
<tr>
<td title='com.adminXolair.qa.providerstest.tests.TC25_AdminPortal_PG_BO_VerifyAbilityToAddGPInBOAndUngroupBOInGPParentProvidersTabTest.Verify_PG_BO_ProvidersTab_AddAndUngroupProviderByProviderName()'><b>Verify_PG_BO_ProvidersTab_AddAndUngroupProviderByProviderName</b><br>Test class: com.adminXolair.qa.providerstest.tests.TC25_AdminPortal_PG_BO_VerifyAbilityToAddGPInBOAndUngroupBOInGPParentProvidersTabTest<br>Test method: Verify the ability to add and ungroup a provider using ProviderName in PG-->BO-->Review-->ProvidersTab</td>
<td></td>
<td>87</td>
<td>com.adminXolair.qa.providerstest.tests.TC25_AdminPortal_PG_BO_VerifyAbilityToAddGPInBOAndUngroupBOInGPParentProvidersTabTest@643a73fa</td></tr>
<tr>
<td title='com.qa.regression.adminportal.patients.tests.TC32_AdminPortal_VerifyShipToAddressUpdate_CTM.VerifyShipToAddressUpdate_CTM()'><b>VerifyShipToAddressUpdate_CTM</b><br>Test class: com.qa.regression.adminportal.patients.tests.TC32_AdminPortal_VerifyShipToAddressUpdate_CTM<br>Test method: verify ship to address update</td>
<td></td>
<td>275</td>
<td>com.qa.regression.adminportal.patients.tests.TC32_AdminPortal_VerifyShipToAddressUpdate_CTM@41bb1f09</td></tr>
<tr>
<td title='com.qa.regression.adminportal.patients.tests.TC34_AdminPortal_TreatmentsTab_VerifyAbilityToResetGPSearch.VerifyGPResetSearchInTreatmentsTabForPatient_DrugReimbursement()'><b>VerifyGPResetSearchInTreatmentsTabForPatient_DrugReimbursement</b><br>Test class: com.qa.regression.adminportal.patients.tests.TC34_AdminPortal_TreatmentsTab_VerifyAbilityToResetGPSearch<br>Test method: Verify the GP reset search in treatments tab for a patient in DrugReimbursement</td>
<td></td>
<td>57</td>
<td>com.qa.regression.adminportal.patients.tests.TC34_AdminPortal_TreatmentsTab_VerifyAbilityToResetGPSearch@3b0ed98a</td></tr>
<tr>
<td title='com.Replatform.qa.Fax.test.TC07_AdminPortal_Faxes_Outgoing_FindPageTest.Verify_Outgoing_FindPageContent()'><b>Verify_Outgoing_FindPageContent</b><br>Test class: com.Replatform.qa.Fax.test.TC07_AdminPortal_Faxes_Outgoing_FindPageTest<br>Test method: Verify the Faxes Outgoing FindPage content</td>
<td></td>
<td>75</td>
<td>com.Replatform.qa.Fax.test.TC07_AdminPortal_Faxes_Outgoing_FindPageTest@3355d9ba</td></tr>
<tr>
<td title='com.adminXolair.qa.providerstest.tests.TC13_AdminPortal_PG_BO_VerifyFindPageTest.VerifyNumberOfRecordsBtwFindAndListAllForBO()'><b>VerifyNumberOfRecordsBtwFindAndListAllForBO</b><br>Test class: com.adminXolair.qa.providerstest.tests.TC13_AdminPortal_PG_BO_VerifyFindPageTest<br>Test method: Verify the number of records displayed in Find page with no parameters passed and List(All) pages are the same for BO</td>
<td></td>
<td>19</td>
<td>com.adminXolair.qa.providerstest.tests.TC13_AdminPortal_PG_BO_VerifyFindPageTest@7f839ec5</td></tr>
<tr>
<td title='com.adminXolair.qa.providerstest.tests.TC26_AdminPortal_PG_BO_VerifyListPageTest.verify_PG_Supervisors_ListPageContent()'><b>verify_PG_Supervisors_ListPageContent</b><br>Test class: com.adminXolair.qa.providerstest.tests.TC26_AdminPortal_PG_BO_VerifyListPageTest<br>Test method: verify the show entries drop down</td>
<td></td>
<td>24</td>
<td>com.adminXolair.qa.providerstest.tests.TC26_AdminPortal_PG_BO_VerifyListPageTest@3f1e18b1</td></tr>
</table><p>
</body>
</html>