<?xml version="1.0" encoding="UTF-8"?>
<!-- Generated by org.testng.reporters.JUnitXMLReporter -->
<testsuite ignored="4" hostname="LPANDIRI-E7440" failures="19" tests="123" name="Test" time="10608.31" errors="0" timestamp="2022-03-09T14:50:53 EST">
  <testcase classname="com.Replatform.qa.Fax.test.TC01_HCPPortal_UploadDocument" name="@AfterMethod CloseBrowser" time="0.302">
    <failure type="org.openqa.selenium.NoSuchSessionException" message="Session ID is null. Using WebDriver after calling quit()?
Build info: version: &amp;apos;3.141.59&amp;apos;, revision: &amp;apos;e82be7d358&amp;apos;, time: &amp;apos;2018-11-14T08:17:03&amp;apos;
System info: host: &amp;apos;LPANDIRI-E7440&amp;apos;, ip: &amp;apos;10.5.220.115&amp;apos;, os.name: &amp;apos;Windows 10&amp;apos;, os.arch: &amp;apos;amd64&amp;apos;, os.version: &amp;apos;10.0&amp;apos;, java.version: &amp;apos;16.0.2&amp;apos;
Driver info: driver.version: RemoteWebDriver">
      <![CDATA[org.openqa.selenium.NoSuchSessionException: Session ID is null. Using WebDriver after calling quit()?
Build info: version: '3.141.59', revision: 'e82be7d358', time: '2018-11-14T08:17:03'
System info: host: 'LPANDIRI-E7440', ip: '10.5.220.115', os.name: 'Windows 10', os.arch: 'amd64', os.version: '10.0', java.version: '16.0.2'
Driver info: driver.version: RemoteWebDriver
at org.openqa.selenium.remote.HttpCommandExecutor.execute(HttpCommandExecutor.java:125)
at org.openqa.selenium.remote.service.DriverCommandExecutor.execute(DriverCommandExecutor.java:83)
at org.openqa.selenium.remote.RemoteWebDriver.execute(RemoteWebDriver.java:552)
at org.openqa.selenium.remote.RemoteWebDriver.execute(RemoteWebDriver.java:609)
at org.openqa.selenium.remote.RemoteWebDriver.getScreenshotAs(RemoteWebDriver.java:295)
at com.juno.qa.base.TestBase.getScreenshotAsBase64(TestBase.java:319)
at com.juno.qa.base.TestBase.logReport(TestBase.java:119)
at com.Replatform.qa.Fax.test.TC01_HCPPortal_UploadDocument.CloseBrowser(TC01_HCPPortal_UploadDocument.java:196)
at java.base/jdk.internal.reflect.NativeMethodAccessorImpl.invoke0(Native Method)
at java.base/jdk.internal.reflect.NativeMethodAccessorImpl.invoke(NativeMethodAccessorImpl.java:78)
at java.base/jdk.internal.reflect.DelegatingMethodAccessorImpl.invoke(DelegatingMethodAccessorImpl.java:43)
at java.base/java.lang.reflect.Method.invoke(Method.java:567)
at org.testng.internal.MethodInvocationHelper.invokeMethod(MethodInvocationHelper.java:133)
at org.testng.internal.MethodInvocationHelper.invokeMethodConsideringTimeout(MethodInvocationHelper.java:62)
at org.testng.internal.ConfigInvoker.invokeConfigurationMethod(ConfigInvoker.java:385)
at org.testng.internal.ConfigInvoker.invokeConfigurations(ConfigInvoker.java:321)
at org.testng.internal.TestInvoker.runConfigMethods(TestInvoker.java:700)
at org.testng.internal.TestInvoker.runAfterGroupsConfigurations(TestInvoker.java:676)
at org.testng.internal.TestInvoker.invokeMethod(TestInvoker.java:660)
at org.testng.internal.TestInvoker.invokeTestMethod(TestInvoker.java:173)
at org.testng.internal.MethodRunner.runInSequence(MethodRunner.java:46)
at org.testng.internal.TestInvoker$MethodInvocationAgent.invoke(TestInvoker.java:824)
at org.testng.internal.TestInvoker.invokeTestMethods(TestInvoker.java:146)
at org.testng.internal.TestMethodWorker.invokeTestMethods(TestMethodWorker.java:146)
at org.testng.internal.TestMethodWorker.run(TestMethodWorker.java:128)
at java.base/java.util.ArrayList.forEach(ArrayList.java:1511)
at org.testng.TestRunner.privateRun(TestRunner.java:794)
at org.testng.TestRunner.run(TestRunner.java:596)
at org.testng.SuiteRunner.runTest(SuiteRunner.java:377)
at org.testng.SuiteRunner.runSequentially(SuiteRunner.java:371)
at org.testng.SuiteRunner.privateRun(SuiteRunner.java:332)
at org.testng.SuiteRunner.run(SuiteRunner.java:276)
at org.testng.SuiteRunnerWorker.runSuite(SuiteRunnerWorker.java:53)
at org.testng.SuiteRunnerWorker.run(SuiteRunnerWorker.java:96)
at org.testng.TestNG.runSuitesSequentially(TestNG.java:1212)
at org.testng.TestNG.runSuitesLocally(TestNG.java:1134)
at org.testng.TestNG.runSuites(TestNG.java:1063)
at org.testng.TestNG.run(TestNG.java:1031)
at org.testng.remote.AbstractRemoteTestNG.run(AbstractRemoteTestNG.java:115)
at org.testng.remote.RemoteTestNG.initAndRun(RemoteTestNG.java:251)
at org.testng.remote.RemoteTestNG.main(RemoteTestNG.java:77)
]]>
    </failure>
  </testcase> <!-- @AfterMethod CloseBrowser -->
  <testcase classname="com.qa.regression.adminportal.patients.tests.TC01_AdminPortal_UpdatePatientInfoAndVerifyInHCPPortalTest" name="UpdatePatientInfoInAdminAndVerifyInHub_DrugReimbursement" time="93.606"/>
  <testcase classname="com.qa.regression.adminportal.patients.tests.TC02_AdminPortal_VerifyPatientAndInsuranceInfoAfterEnrollmentTest" name="VeriftPatientCardAndInsuranceAfterEnrollment_DrugReimbursement" time="85.51"/>
  <testcase classname="com.qa.regression.adminportal.patients.tests.TC03_ExternalPortal_Enrollment" name="HubLogin" time="60.04"/>
  <testcase classname="com.qa.regression.adminportal.patients.tests.TC04_AdminPortal_VerifyBenefitsHistoryForPatientsTest" name="VerifyBenefitsHistoryPageForPatient_DrugReimbursement" time="62.605">
    <failure type="java.lang.AssertionError" message="expected [N] but found [Y]">
      <![CDATA[java.lang.AssertionError: expected [N] but found [Y]
at org.testng.Assert.fail(Assert.java:99)
at org.testng.Assert.failNotEquals(Assert.java:1037)
at org.testng.Assert.assertEqualsImpl(Assert.java:140)
at org.testng.Assert.assertEquals(Assert.java:122)
at org.testng.Assert.assertEquals(Assert.java:629)
at org.testng.Assert.assertEquals(Assert.java:639)
at com.qa.regression.adminportal.patients.tests.TC04_AdminPortal_VerifyBenefitsHistoryForPatientsTest.VerifyBenefitsHistoryPageForPatient_DrugReimbursement(TC04_AdminPortal_VerifyBenefitsHistoryForPatientsTest.java:122)
at java.base/jdk.internal.reflect.NativeMethodAccessorImpl.invoke0(Native Method)
at java.base/jdk.internal.reflect.NativeMethodAccessorImpl.invoke(NativeMethodAccessorImpl.java:78)
at java.base/jdk.internal.reflect.DelegatingMethodAccessorImpl.invoke(DelegatingMethodAccessorImpl.java:43)
at java.base/java.lang.reflect.Method.invoke(Method.java:567)
at org.testng.internal.MethodInvocationHelper.invokeMethod(MethodInvocationHelper.java:133)
at org.testng.internal.TestInvoker.invokeMethod(TestInvoker.java:598)
at org.testng.internal.TestInvoker.invokeTestMethod(TestInvoker.java:173)
at org.testng.internal.MethodRunner.runInSequence(MethodRunner.java:46)
at org.testng.internal.TestInvoker$MethodInvocationAgent.invoke(TestInvoker.java:824)
at org.testng.internal.TestInvoker.invokeTestMethods(TestInvoker.java:146)
at org.testng.internal.TestMethodWorker.invokeTestMethods(TestMethodWorker.java:146)
at org.testng.internal.TestMethodWorker.run(TestMethodWorker.java:128)
at java.base/java.util.ArrayList.forEach(ArrayList.java:1511)
at org.testng.TestRunner.privateRun(TestRunner.java:794)
at org.testng.TestRunner.run(TestRunner.java:596)
at org.testng.SuiteRunner.runTest(SuiteRunner.java:377)
at org.testng.SuiteRunner.runSequentially(SuiteRunner.java:371)
at org.testng.SuiteRunner.privateRun(SuiteRunner.java:332)
at org.testng.SuiteRunner.run(SuiteRunner.java:276)
at org.testng.SuiteRunnerWorker.runSuite(SuiteRunnerWorker.java:53)
at org.testng.SuiteRunnerWorker.run(SuiteRunnerWorker.java:96)
at org.testng.TestNG.runSuitesSequentially(TestNG.java:1212)
at org.testng.TestNG.runSuitesLocally(TestNG.java:1134)
at org.testng.TestNG.runSuites(TestNG.java:1063)
at org.testng.TestNG.run(TestNG.java:1031)
at org.testng.remote.AbstractRemoteTestNG.run(AbstractRemoteTestNG.java:115)
at org.testng.remote.RemoteTestNG.initAndRun(RemoteTestNG.java:251)
at org.testng.remote.RemoteTestNG.main(RemoteTestNG.java:77)
]]>
    </failure>
  </testcase> <!-- VerifyBenefitsHistoryPageForPatient_DrugReimbursement -->
  <testcase classname="com.qa.regression.adminportal.patients.tests.TC05_AdminPortal_Patients_VerifyAbilityToAddHelpDeskNotes" name="VerifyAddingHelpDeskNotes_DrugReimbursement" time="177.33"/>
  <testcase classname="com.qa.regression.adminportal.patients.tests.TC06_AdminPortal_Patients_VerifyUpdatehelpDeskNotesTest" name="VerifyUpdatingHelpDeskNotes_DrugReimbursement" time="67.309"/>
  <testcase classname="com.qa.regression.adminportal.patients.tests.TC07_AdminPortal_Patients_VerifyDropdownValuesInNotesTabTest" name="VerifyCallerDropdownValuesInHDNotesForPatient" time="85.954"/>
  <testcase classname="com.qa.regression.adminportal.patients.tests.TC07_AdminPortal_Patients_VerifyDropdownValuesInNotesTabTest" name="VerifyReasonDropdownValuesInHDNotesForPatient" time="97.221"/>
  <testcase classname="com.qa.regression.adminportal.patients.tests.TC08_AdminPortal_Patients_VerifyFindPageContentTest" name="VerifyPatientsFindPageContent" time="136.182"/>
  <testcase classname="com.qa.regression.adminportal.patients.tests.TC09_AdminPortal_Patients_MatchPatientWithPhysicianByProviderName" name="Verify_Patients_MatchPrimaryPhysician_ProviderName_DrugReimbursement" time="36.543"/>
  <testcase classname="com.qa.regression.adminportal.patients.tests.TC09_AdminPortal_Patients_MatchPatientWithPhysicianByProviderName" name="Verify_Patients_MatchSecondaryPhysician_ProviderName_DrugReimbursement" time="63.528"/>
  <testcase classname="com.qa.regression.adminportal.patients.tests.TC10_AdminPortal_Patients_MatchPatientWithPhysicianByProviderLastName" name="Verify_Patients_MatchPrimaryPhysician_ProviderLastName_DrugReimbursement" time="31.642"/>
  <testcase classname="com.qa.regression.adminportal.patients.tests.TC10_AdminPortal_Patients_MatchPatientWithPhysicianByProviderLastName" name="Verify_Patients_MatchSecondaryPhysician_ProviderLastName_DrugReimbursement" time="25.786"/>
  <testcase classname="com.qa.regression.adminportal.patients.tests.TC11_AdminPortal_Patients_MatchPatientWithPhysicianByProviderNPI" name="Verify_Patients_MatchPrimaryPhysician_ProviderNPI_DrugReimbursement" time="25.803"/>
  <testcase classname="com.qa.regression.adminportal.patients.tests.TC11_AdminPortal_Patients_MatchPatientWithPhysicianByProviderNPI" name="Verify_Patients_MatchSecondaryPhysician_ProviderNPI_DrugReimbursement" time="36.639"/>
  <testcase classname="com.qa.regression.adminportal.patients.tests.TC12_AdminPortal_Patients_MatchPatientWithPhysicianByGPName" name="Verify_Patients_MatchPrimaryPhysician_GPName_DrugReimbursement" time="28.21"/>
  <testcase classname="com.qa.regression.adminportal.patients.tests.TC12_AdminPortal_Patients_MatchPatientWithPhysicianByGPName" name="Verify_Patients_MatchSecondaryPhysician_GPName_DrugReimbursement" time="30.772"/>
  <testcase classname="com.qa.regression.adminportal.patients.tests.TC13_AdminPortal_Patients_MatchPatientWithPhysicianByGPLastName" name="Verify_Patients_MatchPrimaryPhysician_GPLastName_DrugReimbursement" time="27.559"/>
  <testcase classname="com.qa.regression.adminportal.patients.tests.TC13_AdminPortal_Patients_MatchPatientWithPhysicianByGPLastName" name="Verify_Patients_MatchSecondaryPhysician_GPLastName_DrugReimbursement" time="24.525"/>
  <testcase classname="com.qa.regression.adminportal.patients.tests.TC14_AdminPortal_Patients_MatchPatientWithPhysicianByGPNPI" name="Verify_Patients_MatchPrimaryPhysician_GPNPI_DrugReimbursement" time="28.658"/>
  <testcase classname="com.qa.regression.adminportal.patients.tests.TC14_AdminPortal_Patients_MatchPatientWithPhysicianByGPNPI" name="Verify_Patients_MatchSecondaryPhysician_GPNPI_DrugReimbursement" time="21.523"/>
  <testcase classname="com.qa.regression.adminportal.patients.tests.TC15_AdminPortal_Patients_MatchPatientWithPhysicianByBOName" name="Verify_Patients_MatchPrimaryPhysician_BOName_DrugReimbursement" time="24.108"/>
  <testcase classname="com.qa.regression.adminportal.patients.tests.TC15_AdminPortal_Patients_MatchPatientWithPhysicianByBOName" name="Verify_Patients_MatchSecondaryPhysician_BOName_DrugReimbursement" time="27.019"/>
  <testcase classname="com.qa.regression.adminportal.patients.tests.TC16_AdminPortal_Patients_MatchPatientWithPhysicianByBOLastName" name="Verify_Patients_MatchPrimaryPhysician_BOLastName_DrugReimbursement" time="25.265"/>
  <testcase classname="com.qa.regression.adminportal.patients.tests.TC16_AdminPortal_Patients_MatchPatientWithPhysicianByBOLastName" name="Verify_Patients_MatchSecondaryPhysician_BOLastName_DrugReimbursement" time="25.295"/>
  <testcase classname="com.qa.regression.adminportal.patients.tests.TC17_AdminPortal_Patients_MatchPatientWithPhysicianByBONPI" name="Verify_Patients_MatchPrimaryPhysician_BONPI_DrugReimbursement" time="27.941"/>
  <testcase classname="com.qa.regression.adminportal.patients.tests.TC17_AdminPortal_Patients_MatchPatientWithPhysicianByBONPI" name="Verify_Patients_MatchSecondaryPhysician_BONPI_DrugReimbursement" time="39.472"/>
  <testcase classname="com.qa.regression.adminportal.patients.tests.TC18_AdminPortal_Patients_VerifyRequiredFieldsInMatchPageTest" name="Verify_Patients_RequiredFilesInMatchPage" time="33.055"/>
  <testcase classname="com.qa.regression.adminportal.patients.tests.TC19_AdminPortal_Patients_VerifyFaxInfoTabPage" name="VerifyFaxInfoPageContent_DrugReimbursement" time="100.738"/>
  <testcase classname="com.qa.regression.adminportal.patients.tests.TC19_AdminPortal_Patients_VerifyFaxInfoTabPage" name="VerifyLinksInFaxInfoTab_DrugReimbursement" time="32.18"/>
  <testcase classname="com.qa.regression.adminportal.patients.tests.TC20_AdminPortal_Patients_VerifyReadOnlyFieldsInTreatmentsTab" name="VerifyReadOnlyFieldsInTreatmentsTab_DrugReimbursement" time="88.909"/>
  <testcase classname="com.qa.regression.adminportal.patients.tests.TC20_AdminPortal_Patients_VerifyReadOnlyFieldsInTreatmentsTab" name="VerifyRejectReasonDropdownEnableDisableFeature_DrugReimbursement" time="52.512"/>
  <testcase classname="com.qa.regression.adminportal.patients.tests.TC21_AdminPortal_Patients_VerifyRequiredFieldsInTreatmentsTabTest" name="VerifyRequiredFieldsInTreatmentsTab_DrugReimbursement" time="51.647"/>
  <testcase classname="com.qa.regression.adminportal.patients.tests.TC22_AdminPortal_Patients_VerifySpecificRequiredFieldMsgInTreatmentsTabTest" name="VerifyEOBDateRequiredFieldInTreatmentsTab_DrugReimbursement" time="84.657"/>
  <testcase classname="com.qa.regression.adminportal.patients.tests.TC23_AdminPortal_Patients_VerifyDOSAndEOBDatePickersFutureDatesDisabledTest" name="VerifyFutureDatesDisabledForDOSDateTreatmentsTab" time="146.569"/>
  <testcase classname="com.qa.regression.adminportal.patients.tests.TC23_AdminPortal_Patients_VerifyDOSAndEOBDatePickersFutureDatesDisabledTest" name="VerifyFutureDatesDisabledForEOBDateTreatmentsTab" time="104.799"/>
  <testcase classname="com.qa.regression.adminportal.patients.tests.TC24_AdminPortal_Patients_VerifyEOBDatePriorToDOSMsgTest" name="VerifyEOBDatePriorToDOSMsgTreatmentsTab" time="130.576"/>
  <testcase classname="com.qa.regression.adminportal.patients.tests.TC25_AdminPortal_TreatmentsTab_VerifyDOSAndEOBDateFieldsWithNonNumericCharsTest" name="VerifyDOSAndEOBNotAcceptNonNumeric" time="110.569"/>
  <testcase classname="com.qa.regression.adminportal.patients.tests.TC26_AdminPortal_TreatmentsTab_VerifyRejectReasonDropdownValues" name="VerifyRejectReasonDropdownValuesInTreatmentsTabForPatient" time="161.734"/>
  <testcase classname="com.qa.regression.adminportal.patients.tests.TC27_AdminPortal_TreatmentsTab_VerifyPatientPaysFieldDefaultValueTest" name="VerifyPatientPaysDefaultValueInTreatmentsTabForPatient" time="118.214"/>
  <testcase classname="com.qa.regression.adminportal.patients.tests.TC28_AdminPortal_TreatmentsTab_VerifyBOSearchAutosuggest" name="VerifyBOLastNameSearchInTreatmentsTabForPatient" time="124.529"/>
  <testcase classname="com.qa.regression.adminportal.patients.tests.TC28_AdminPortal_TreatmentsTab_VerifyBOSearchAutosuggest" name="VerifyBONPISearchInTreatmentsTabForPatient" time="127.711">
    <failure type="java.lang.AssertionError" message="expected [1639596034] but found []">
      <![CDATA[java.lang.AssertionError: expected [1639596034] but found []
at org.testng.Assert.fail(Assert.java:99)
at org.testng.Assert.failNotEquals(Assert.java:1037)
at org.testng.Assert.assertEqualsImpl(Assert.java:140)
at org.testng.Assert.assertEquals(Assert.java:122)
at org.testng.Assert.assertEquals(Assert.java:629)
at org.testng.Assert.assertEquals(Assert.java:639)
at com.qa.regression.adminportal.patients.tests.TC28_AdminPortal_TreatmentsTab_VerifyBOSearchAutosuggest.VerifyBONPISearchInTreatmentsTabForPatient(TC28_AdminPortal_TreatmentsTab_VerifyBOSearchAutosuggest.java:275)
at java.base/jdk.internal.reflect.NativeMethodAccessorImpl.invoke0(Native Method)
at java.base/jdk.internal.reflect.NativeMethodAccessorImpl.invoke(NativeMethodAccessorImpl.java:78)
at java.base/jdk.internal.reflect.DelegatingMethodAccessorImpl.invoke(DelegatingMethodAccessorImpl.java:43)
at java.base/java.lang.reflect.Method.invoke(Method.java:567)
at org.testng.internal.MethodInvocationHelper.invokeMethod(MethodInvocationHelper.java:133)
at org.testng.internal.TestInvoker.invokeMethod(TestInvoker.java:598)
at org.testng.internal.TestInvoker.invokeTestMethod(TestInvoker.java:173)
at org.testng.internal.MethodRunner.runInSequence(MethodRunner.java:46)
at org.testng.internal.TestInvoker$MethodInvocationAgent.invoke(TestInvoker.java:824)
at org.testng.internal.TestInvoker.invokeTestMethods(TestInvoker.java:146)
at org.testng.internal.TestMethodWorker.invokeTestMethods(TestMethodWorker.java:146)
at org.testng.internal.TestMethodWorker.run(TestMethodWorker.java:128)
at java.base/java.util.ArrayList.forEach(ArrayList.java:1511)
at org.testng.TestRunner.privateRun(TestRunner.java:794)
at org.testng.TestRunner.run(TestRunner.java:596)
at org.testng.SuiteRunner.runTest(SuiteRunner.java:377)
at org.testng.SuiteRunner.runSequentially(SuiteRunner.java:371)
at org.testng.SuiteRunner.privateRun(SuiteRunner.java:332)
at org.testng.SuiteRunner.run(SuiteRunner.java:276)
at org.testng.SuiteRunnerWorker.runSuite(SuiteRunnerWorker.java:53)
at org.testng.SuiteRunnerWorker.run(SuiteRunnerWorker.java:96)
at org.testng.TestNG.runSuitesSequentially(TestNG.java:1212)
at org.testng.TestNG.runSuitesLocally(TestNG.java:1134)
at org.testng.TestNG.runSuites(TestNG.java:1063)
at org.testng.TestNG.run(TestNG.java:1031)
at org.testng.remote.AbstractRemoteTestNG.run(AbstractRemoteTestNG.java:115)
at org.testng.remote.RemoteTestNG.initAndRun(RemoteTestNG.java:251)
at org.testng.remote.RemoteTestNG.main(RemoteTestNG.java:77)
]]>
    </failure>
  </testcase> <!-- VerifyBONPISearchInTreatmentsTabForPatient -->
  <testcase classname="com.qa.regression.adminportal.patients.tests.TC28_AdminPortal_TreatmentsTab_VerifyBOSearchAutosuggest" name="VerifyBONameSearchInTreatmentsTabForPatient" time="156.002">
    <failure type="java.lang.AssertionError" message="expected [1639596034] but found []">
      <![CDATA[java.lang.AssertionError: expected [1639596034] but found []
at org.testng.Assert.fail(Assert.java:99)
at org.testng.Assert.failNotEquals(Assert.java:1037)
at org.testng.Assert.assertEqualsImpl(Assert.java:140)
at org.testng.Assert.assertEquals(Assert.java:122)
at org.testng.Assert.assertEquals(Assert.java:629)
at org.testng.Assert.assertEquals(Assert.java:639)
at com.qa.regression.adminportal.patients.tests.TC28_AdminPortal_TreatmentsTab_VerifyBOSearchAutosuggest.VerifyBONameSearchInTreatmentsTabForPatient(TC28_AdminPortal_TreatmentsTab_VerifyBOSearchAutosuggest.java:129)
at java.base/jdk.internal.reflect.NativeMethodAccessorImpl.invoke0(Native Method)
at java.base/jdk.internal.reflect.NativeMethodAccessorImpl.invoke(NativeMethodAccessorImpl.java:78)
at java.base/jdk.internal.reflect.DelegatingMethodAccessorImpl.invoke(DelegatingMethodAccessorImpl.java:43)
at java.base/java.lang.reflect.Method.invoke(Method.java:567)
at org.testng.internal.MethodInvocationHelper.invokeMethod(MethodInvocationHelper.java:133)
at org.testng.internal.TestInvoker.invokeMethod(TestInvoker.java:598)
at org.testng.internal.TestInvoker.invokeTestMethod(TestInvoker.java:173)
at org.testng.internal.MethodRunner.runInSequence(MethodRunner.java:46)
at org.testng.internal.TestInvoker$MethodInvocationAgent.invoke(TestInvoker.java:824)
at org.testng.internal.TestInvoker.invokeTestMethods(TestInvoker.java:146)
at org.testng.internal.TestMethodWorker.invokeTestMethods(TestMethodWorker.java:146)
at org.testng.internal.TestMethodWorker.run(TestMethodWorker.java:128)
at java.base/java.util.ArrayList.forEach(ArrayList.java:1511)
at org.testng.TestRunner.privateRun(TestRunner.java:794)
at org.testng.TestRunner.run(TestRunner.java:596)
at org.testng.SuiteRunner.runTest(SuiteRunner.java:377)
at org.testng.SuiteRunner.runSequentially(SuiteRunner.java:371)
at org.testng.SuiteRunner.privateRun(SuiteRunner.java:332)
at org.testng.SuiteRunner.run(SuiteRunner.java:276)
at org.testng.SuiteRunnerWorker.runSuite(SuiteRunnerWorker.java:53)
at org.testng.SuiteRunnerWorker.run(SuiteRunnerWorker.java:96)
at org.testng.TestNG.runSuitesSequentially(TestNG.java:1212)
at org.testng.TestNG.runSuitesLocally(TestNG.java:1134)
at org.testng.TestNG.runSuites(TestNG.java:1063)
at org.testng.TestNG.run(TestNG.java:1031)
at org.testng.remote.AbstractRemoteTestNG.run(AbstractRemoteTestNG.java:115)
at org.testng.remote.RemoteTestNG.initAndRun(RemoteTestNG.java:251)
at org.testng.remote.RemoteTestNG.main(RemoteTestNG.java:77)
]]>
    </failure>
  </testcase> <!-- VerifyBONameSearchInTreatmentsTabForPatient -->
  <testcase classname="com.qa.regression.adminportal.patients.tests.TC29_AdminPortal_TreatmentsTab_VerifyBOAvailabilityInDropdown" name="verifyPrimaryBOAfterPatientMatchedWithBO_DrugReimbursement" time="184.825">
    <failure type="org.openqa.selenium.NoSuchElementException" message="no such element: Unable to locate element: {&amp;quot;method&amp;quot;:&amp;quot;xpath&amp;quot;,&amp;quot;selector&amp;quot;:&amp;quot;//app-enrollment-success/p[5]&amp;quot;}
  (Session info: chrome=98.0.4758.82)
For documentation on this error, please visit: https://www.seleniumhq.org/exceptions/no_such_element.html
Build info: version: &amp;apos;3.141.59&amp;apos;, revision: &amp;apos;e82be7d358&amp;apos;, time: &amp;apos;2018-11-14T08:17:03&amp;apos;
System info: host: &amp;apos;LPANDIRI-E7440&amp;apos;, ip: &amp;apos;10.5.220.115&amp;apos;, os.name: &amp;apos;Windows 10&amp;apos;, os.arch: &amp;apos;amd64&amp;apos;, os.version: &amp;apos;10.0&amp;apos;, java.version: &amp;apos;16.0.2&amp;apos;
Driver info: org.openqa.selenium.chrome.ChromeDriver
Capabilities {acceptInsecureCerts: false, browserName: chrome, browserVersion: 98.0.4758.82, chrome: {chromedriverVersion: 97.0.4692.71 (adefa7837d02a..., userDataDir: C:\Users\LAHARI~1.PAN\AppDa...}, goog:chromeOptions: {debuggerAddress: localhost:55516}, javascriptEnabled: true, networkConnectionEnabled: false, pageLoadStrategy: normal, platform: WINDOWS, platformName: WINDOWS, proxy: Proxy(), setWindowRect: true, strictFileInteractability: false, timeouts: {implicit: 0, pageLoad: 300000, script: 30000}, unhandledPromptBehavior: dismiss and notify, webauthn:extension:credBlob: true, webauthn:extension:largeBlob: true, webauthn:virtualAuthenticators: true}
Session ID: 1f37678705e5437329c206a97d29ee49
*** Element info: {Using=xpath, value=//app-enrollment-success/p[5]}">
      <![CDATA[org.openqa.selenium.NoSuchElementException: no such element: Unable to locate element: {"method":"xpath","selector":"//app-enrollment-success/p[5]"}
  (Session info: chrome=98.0.4758.82)
For documentation on this error, please visit: https://www.seleniumhq.org/exceptions/no_such_element.html
Build info: version: '3.141.59', revision: 'e82be7d358', time: '2018-11-14T08:17:03'
System info: host: 'LPANDIRI-E7440', ip: '10.5.220.115', os.name: 'Windows 10', os.arch: 'amd64', os.version: '10.0', java.version: '16.0.2'
Driver info: org.openqa.selenium.chrome.ChromeDriver
Capabilities {acceptInsecureCerts: false, browserName: chrome, browserVersion: 98.0.4758.82, chrome: {chromedriverVersion: 97.0.4692.71 (adefa7837d02a..., userDataDir: C:\Users\LAHARI~1.PAN\AppDa...}, goog:chromeOptions: {debuggerAddress: localhost:55516}, javascriptEnabled: true, networkConnectionEnabled: false, pageLoadStrategy: normal, platform: WINDOWS, platformName: WINDOWS, proxy: Proxy(), setWindowRect: true, strictFileInteractability: false, timeouts: {implicit: 0, pageLoad: 300000, script: 30000}, unhandledPromptBehavior: dismiss and notify, webauthn:extension:credBlob: true, webauthn:extension:largeBlob: true, webauthn:virtualAuthenticators: true}
Session ID: 1f37678705e5437329c206a97d29ee49
*** Element info: {Using=xpath, value=//app-enrollment-success/p[5]}
at java.base/jdk.internal.reflect.NativeConstructorAccessorImpl.newInstance0(Native Method)
at java.base/jdk.internal.reflect.NativeConstructorAccessorImpl.newInstance(NativeConstructorAccessorImpl.java:78)
at java.base/jdk.internal.reflect.DelegatingConstructorAccessorImpl.newInstance(DelegatingConstructorAccessorImpl.java:45)
at java.base/java.lang.reflect.Constructor.newInstanceWithCaller(Constructor.java:499)
at java.base/java.lang.reflect.Constructor.newInstance(Constructor.java:480)
at org.openqa.selenium.remote.http.W3CHttpResponseCodec.createException(W3CHttpResponseCodec.java:187)
at org.openqa.selenium.remote.http.W3CHttpResponseCodec.decode(W3CHttpResponseCodec.java:122)
at org.openqa.selenium.remote.http.W3CHttpResponseCodec.decode(W3CHttpResponseCodec.java:49)
at org.openqa.selenium.remote.HttpCommandExecutor.execute(HttpCommandExecutor.java:158)
at org.openqa.selenium.remote.service.DriverCommandExecutor.execute(DriverCommandExecutor.java:83)
at org.openqa.selenium.remote.RemoteWebDriver.execute(RemoteWebDriver.java:552)
at org.openqa.selenium.remote.RemoteWebDriver.findElement(RemoteWebDriver.java:323)
at org.openqa.selenium.remote.RemoteWebDriver.findElementByXPath(RemoteWebDriver.java:428)
at org.openqa.selenium.By$ByXPath.findElement(By.java:353)
at org.openqa.selenium.remote.RemoteWebDriver.findElement(RemoteWebDriver.java:315)
at com.juno.qa.pages.HubHomeLoginLogoutPage.GetMemberId(HubHomeLoginLogoutPage.java:1164)
at com.juno.qa.pages.HubHomeLoginLogoutPage.LucentisEnrollInPateintPortal(HubHomeLoginLogoutPage.java:2521)
at com.qa.regression.adminportal.patients.tests.TC29_AdminPortal_TreatmentsTab_VerifyBOAvailabilityInDropdown.verifyPrimaryBOAfterPatientMatchedWithBO_DrugReimbursement(TC29_AdminPortal_TreatmentsTab_VerifyBOAvailabilityInDropdown.java:90)
at java.base/jdk.internal.reflect.NativeMethodAccessorImpl.invoke0(Native Method)
at java.base/jdk.internal.reflect.NativeMethodAccessorImpl.invoke(NativeMethodAccessorImpl.java:78)
at java.base/jdk.internal.reflect.DelegatingMethodAccessorImpl.invoke(DelegatingMethodAccessorImpl.java:43)
at java.base/java.lang.reflect.Method.invoke(Method.java:567)
at org.testng.internal.MethodInvocationHelper.invokeMethod(MethodInvocationHelper.java:133)
at org.testng.internal.TestInvoker.invokeMethod(TestInvoker.java:598)
at org.testng.internal.TestInvoker.invokeTestMethod(TestInvoker.java:173)
at org.testng.internal.MethodRunner.runInSequence(MethodRunner.java:46)
at org.testng.internal.TestInvoker$MethodInvocationAgent.invoke(TestInvoker.java:824)
at org.testng.internal.TestInvoker.invokeTestMethods(TestInvoker.java:146)
at org.testng.internal.TestMethodWorker.invokeTestMethods(TestMethodWorker.java:146)
at org.testng.internal.TestMethodWorker.run(TestMethodWorker.java:128)
at java.base/java.util.ArrayList.forEach(ArrayList.java:1511)
at org.testng.TestRunner.privateRun(TestRunner.java:794)
at org.testng.TestRunner.run(TestRunner.java:596)
at org.testng.SuiteRunner.runTest(SuiteRunner.java:377)
at org.testng.SuiteRunner.runSequentially(SuiteRunner.java:371)
at org.testng.SuiteRunner.privateRun(SuiteRunner.java:332)
at org.testng.SuiteRunner.run(SuiteRunner.java:276)
at org.testng.SuiteRunnerWorker.runSuite(SuiteRunnerWorker.java:53)
at org.testng.SuiteRunnerWorker.run(SuiteRunnerWorker.java:96)
at org.testng.TestNG.runSuitesSequentially(TestNG.java:1212)
at org.testng.TestNG.runSuitesLocally(TestNG.java:1134)
at org.testng.TestNG.runSuites(TestNG.java:1063)
at org.testng.TestNG.run(TestNG.java:1031)
at org.testng.remote.AbstractRemoteTestNG.run(AbstractRemoteTestNG.java:115)
at org.testng.remote.RemoteTestNG.initAndRun(RemoteTestNG.java:251)
at org.testng.remote.RemoteTestNG.main(RemoteTestNG.java:77)
]]>
    </failure>
  </testcase> <!-- verifyPrimaryBOAfterPatientMatchedWithBO_DrugReimbursement -->
  <testcase classname="com.qa.regression.adminportal.patients.tests.TC30_AdminPortal_TreatmentsTab_VerifyAbilityToResetBOSearch" name="VerifyBOResetSearchInTreatmentsTabForPatient_DrugReimbursement" time="88.828"/>
  <testcase classname="com.qa.regression.adminportal.patients.tests.TC31_AdminPortal_TreatmentsTab_VerifyAddNewBillingOfficeLink" name="VerifyAddNewBOLinkInTreatmentsTabForPatient" time="102.29">
    <failure type="java.lang.AssertionError" message="expected [Select a Provider Type] but found [Billing Office]">
      <![CDATA[java.lang.AssertionError: expected [Select a Provider Type] but found [Billing Office]
at org.testng.Assert.fail(Assert.java:99)
at org.testng.Assert.failNotEquals(Assert.java:1037)
at org.testng.Assert.assertEqualsImpl(Assert.java:140)
at org.testng.Assert.assertEquals(Assert.java:122)
at org.testng.Assert.assertEquals(Assert.java:629)
at org.testng.Assert.assertEquals(Assert.java:639)
at com.qa.regression.adminportal.patients.tests.TC31_AdminPortal_TreatmentsTab_VerifyAddNewBillingOfficeLink.VerifyAddNewBOLinkInTreatmentsTabForPatient(TC31_AdminPortal_TreatmentsTab_VerifyAddNewBillingOfficeLink.java:100)
at java.base/jdk.internal.reflect.NativeMethodAccessorImpl.invoke0(Native Method)
at java.base/jdk.internal.reflect.NativeMethodAccessorImpl.invoke(NativeMethodAccessorImpl.java:78)
at java.base/jdk.internal.reflect.DelegatingMethodAccessorImpl.invoke(DelegatingMethodAccessorImpl.java:43)
at java.base/java.lang.reflect.Method.invoke(Method.java:567)
at org.testng.internal.MethodInvocationHelper.invokeMethod(MethodInvocationHelper.java:133)
at org.testng.internal.TestInvoker.invokeMethod(TestInvoker.java:598)
at org.testng.internal.TestInvoker.invokeTestMethod(TestInvoker.java:173)
at org.testng.internal.MethodRunner.runInSequence(MethodRunner.java:46)
at org.testng.internal.TestInvoker$MethodInvocationAgent.invoke(TestInvoker.java:824)
at org.testng.internal.TestInvoker.invokeTestMethods(TestInvoker.java:146)
at org.testng.internal.TestMethodWorker.invokeTestMethods(TestMethodWorker.java:146)
at org.testng.internal.TestMethodWorker.run(TestMethodWorker.java:128)
at java.base/java.util.ArrayList.forEach(ArrayList.java:1511)
at org.testng.TestRunner.privateRun(TestRunner.java:794)
at org.testng.TestRunner.run(TestRunner.java:596)
at org.testng.SuiteRunner.runTest(SuiteRunner.java:377)
at org.testng.SuiteRunner.runSequentially(SuiteRunner.java:371)
at org.testng.SuiteRunner.privateRun(SuiteRunner.java:332)
at org.testng.SuiteRunner.run(SuiteRunner.java:276)
at org.testng.SuiteRunnerWorker.runSuite(SuiteRunnerWorker.java:53)
at org.testng.SuiteRunnerWorker.run(SuiteRunnerWorker.java:96)
at org.testng.TestNG.runSuitesSequentially(TestNG.java:1212)
at org.testng.TestNG.runSuitesLocally(TestNG.java:1134)
at org.testng.TestNG.runSuites(TestNG.java:1063)
at org.testng.TestNG.run(TestNG.java:1031)
at org.testng.remote.AbstractRemoteTestNG.run(AbstractRemoteTestNG.java:115)
at org.testng.remote.RemoteTestNG.initAndRun(RemoteTestNG.java:251)
at org.testng.remote.RemoteTestNG.main(RemoteTestNG.java:77)
]]>
    </failure>
  </testcase> <!-- VerifyAddNewBOLinkInTreatmentsTabForPatient -->
  <testcase classname="com.qa.regression.adminportal.patients.tests.TC32_AdminPortal_VerifyShipToAddressUpdate_CTM" name="VerifyShipToAddressUpdate_CTM" time="275.046"/>
  <testcase classname="com.qa.regression.adminportal.patients.tests.TC33_AdminPortal_TreatmentsTab_VerifyTreatingPracticeAvailabilityInDropdown" name="verifyPrimaryTreatingPracticeAfterPatientMatchedWithTreatingPractice_DrugReimbursement" time="93.573">
    <failure type="org.openqa.selenium.ElementNotInteractableException" message="element not interactable
  (Session info: chrome=98.0.4758.82)
Build info: version: &amp;apos;3.141.59&amp;apos;, revision: &amp;apos;e82be7d358&amp;apos;, time: &amp;apos;2018-11-14T08:17:03&amp;apos;
System info: host: &amp;apos;LPANDIRI-E7440&amp;apos;, ip: &amp;apos;10.5.220.115&amp;apos;, os.name: &amp;apos;Windows 10&amp;apos;, os.arch: &amp;apos;amd64&amp;apos;, os.version: &amp;apos;10.0&amp;apos;, java.version: &amp;apos;16.0.2&amp;apos;
Driver info: org.openqa.selenium.chrome.ChromeDriver
Capabilities {acceptInsecureCerts: false, browserName: chrome, browserVersion: 98.0.4758.82, chrome: {chromedriverVersion: 97.0.4692.71 (adefa7837d02a..., userDataDir: C:\Users\LAHARI~1.PAN\AppDa...}, goog:chromeOptions: {debuggerAddress: localhost:56085}, javascriptEnabled: true, networkConnectionEnabled: false, pageLoadStrategy: normal, platform: WINDOWS, platformName: WINDOWS, proxy: Proxy(), setWindowRect: true, strictFileInteractability: false, timeouts: {implicit: 0, pageLoad: 300000, script: 30000}, unhandledPromptBehavior: dismiss and notify, webauthn:extension:credBlob: true, webauthn:extension:largeBlob: true, webauthn:virtualAuthenticators: true}
Session ID: 30f75032aa76559a18421d0c2dae9640">
      <![CDATA[org.openqa.selenium.ElementNotInteractableException: element not interactable
  (Session info: chrome=98.0.4758.82)
Build info: version: '3.141.59', revision: 'e82be7d358', time: '2018-11-14T08:17:03'
System info: host: 'LPANDIRI-E7440', ip: '10.5.220.115', os.name: 'Windows 10', os.arch: 'amd64', os.version: '10.0', java.version: '16.0.2'
Driver info: org.openqa.selenium.chrome.ChromeDriver
Capabilities {acceptInsecureCerts: false, browserName: chrome, browserVersion: 98.0.4758.82, chrome: {chromedriverVersion: 97.0.4692.71 (adefa7837d02a..., userDataDir: C:\Users\LAHARI~1.PAN\AppDa...}, goog:chromeOptions: {debuggerAddress: localhost:56085}, javascriptEnabled: true, networkConnectionEnabled: false, pageLoadStrategy: normal, platform: WINDOWS, platformName: WINDOWS, proxy: Proxy(), setWindowRect: true, strictFileInteractability: false, timeouts: {implicit: 0, pageLoad: 300000, script: 30000}, unhandledPromptBehavior: dismiss and notify, webauthn:extension:credBlob: true, webauthn:extension:largeBlob: true, webauthn:virtualAuthenticators: true}
Session ID: 30f75032aa76559a18421d0c2dae9640
at java.base/jdk.internal.reflect.NativeConstructorAccessorImpl.newInstance0(Native Method)
at java.base/jdk.internal.reflect.NativeConstructorAccessorImpl.newInstance(NativeConstructorAccessorImpl.java:78)
at java.base/jdk.internal.reflect.DelegatingConstructorAccessorImpl.newInstance(DelegatingConstructorAccessorImpl.java:45)
at java.base/java.lang.reflect.Constructor.newInstanceWithCaller(Constructor.java:499)
at java.base/java.lang.reflect.Constructor.newInstance(Constructor.java:480)
at org.openqa.selenium.remote.http.W3CHttpResponseCodec.createException(W3CHttpResponseCodec.java:187)
at org.openqa.selenium.remote.http.W3CHttpResponseCodec.decode(W3CHttpResponseCodec.java:122)
at org.openqa.selenium.remote.http.W3CHttpResponseCodec.decode(W3CHttpResponseCodec.java:49)
at org.openqa.selenium.remote.HttpCommandExecutor.execute(HttpCommandExecutor.java:158)
at org.openqa.selenium.remote.service.DriverCommandExecutor.execute(DriverCommandExecutor.java:83)
at org.openqa.selenium.remote.RemoteWebDriver.execute(RemoteWebDriver.java:552)
at org.openqa.selenium.remote.RemoteWebElement.execute(RemoteWebElement.java:285)
at org.openqa.selenium.remote.RemoteWebElement.click(RemoteWebElement.java:84)
at com.juno.qa.pages.HubHomeLoginLogoutPage.EnrollInAdminPortal(HubHomeLoginLogoutPage.java:3538)
at com.qa.regression.adminportal.patients.tests.TC33_AdminPortal_TreatmentsTab_VerifyTreatingPracticeAvailabilityInDropdown.verifyPrimaryTreatingPracticeAfterPatientMatchedWithTreatingPractice_DrugReimbursement(TC33_AdminPortal_TreatmentsTab_VerifyTreatingPracticeAvailabilityInDropdown.java:103)
at java.base/jdk.internal.reflect.NativeMethodAccessorImpl.invoke0(Native Method)
at java.base/jdk.internal.reflect.NativeMethodAccessorImpl.invoke(NativeMethodAccessorImpl.java:78)
at java.base/jdk.internal.reflect.DelegatingMethodAccessorImpl.invoke(DelegatingMethodAccessorImpl.java:43)
at java.base/java.lang.reflect.Method.invoke(Method.java:567)
at org.testng.internal.MethodInvocationHelper.invokeMethod(MethodInvocationHelper.java:133)
at org.testng.internal.TestInvoker.invokeMethod(TestInvoker.java:598)
at org.testng.internal.TestInvoker.invokeTestMethod(TestInvoker.java:173)
at org.testng.internal.MethodRunner.runInSequence(MethodRunner.java:46)
at org.testng.internal.TestInvoker$MethodInvocationAgent.invoke(TestInvoker.java:824)
at org.testng.internal.TestInvoker.invokeTestMethods(TestInvoker.java:146)
at org.testng.internal.TestMethodWorker.invokeTestMethods(TestMethodWorker.java:146)
at org.testng.internal.TestMethodWorker.run(TestMethodWorker.java:128)
at java.base/java.util.ArrayList.forEach(ArrayList.java:1511)
at org.testng.TestRunner.privateRun(TestRunner.java:794)
at org.testng.TestRunner.run(TestRunner.java:596)
at org.testng.SuiteRunner.runTest(SuiteRunner.java:377)
at org.testng.SuiteRunner.runSequentially(SuiteRunner.java:371)
at org.testng.SuiteRunner.privateRun(SuiteRunner.java:332)
at org.testng.SuiteRunner.run(SuiteRunner.java:276)
at org.testng.SuiteRunnerWorker.runSuite(SuiteRunnerWorker.java:53)
at org.testng.SuiteRunnerWorker.run(SuiteRunnerWorker.java:96)
at org.testng.TestNG.runSuitesSequentially(TestNG.java:1212)
at org.testng.TestNG.runSuitesLocally(TestNG.java:1134)
at org.testng.TestNG.runSuites(TestNG.java:1063)
at org.testng.TestNG.run(TestNG.java:1031)
at org.testng.remote.AbstractRemoteTestNG.run(AbstractRemoteTestNG.java:115)
at org.testng.remote.RemoteTestNG.initAndRun(RemoteTestNG.java:251)
at org.testng.remote.RemoteTestNG.main(RemoteTestNG.java:77)
]]>
    </failure>
  </testcase> <!-- verifyPrimaryTreatingPracticeAfterPatientMatchedWithTreatingPractice_DrugReimbursement -->
  <testcase classname="com.qa.regression.adminportal.patients.tests.TC34_AdminPortal_TreatmentsTab_VerifyAbilityToResetGPSearch" name="VerifyGPResetSearchInTreatmentsTabForPatient_DrugReimbursement" time="57.516"/>
  <testcase classname="com.qa.regression.adminportal.patients.tests.TC35_AdminPortal_Verify_Address2Update" name="VerifyPatientsFindPage_SearchByMemberID_DrugReimbursement" time="266.435"/>
  <testcase classname="com.qa.regression.adminportal.patients.tests.TC36_AdminPortal_TreatmentsTab_VerifyGPSearchAutosuggest" name="VerifyBONPISearchInTreatmentsTabForPatient" time="46.571"/>
  <testcase classname="com.qa.regression.adminportal.patients.tests.TC36_AdminPortal_TreatmentsTab_VerifyGPSearchAutosuggest" name="VerifyGPNameSearchInTreatmentsTabForPatient" time="48.593"/>
  <testcase classname="com.qa.regression.adminportal.patients.tests.TC37_AdminPortal_TreatmentsTab_VerifyAddNewPracticeLocationLink" name="VerifyAddNewGPLinkInTreatmentsTabForPatient" time="60.102"/>
  <testcase classname="com.qa.regression.adminportal.patients.tests.TC38_AdminPortal_Active_VerifyMemberIDSearch" name="VerifyPatientsFindPage_SearchByMemberID_DrugReimbursement" time="171.294"/>
  <testcase classname="com.qa.regression.adminportal.patients.tests.TC39_AdminPortal_Active_VerifyPartnerPatientIDSearch" name="VerifyPatientsFindPage_SearchByMemberID_DrugReimbursement" time="170.83"/>
  <testcase classname="com.qa.regression.adminportal.patients.tests.TC40_AdminPortal_Active_VerifyCardIDSearch" name="VerifyPatientsFindPage_SearchByMemberID_DrugReimbursement" time="166.275"/>
  <testcase classname="com.qa.regression.adminportal.patients.tests.TC41_AdminPortal_Active_VerifyEnrollDateSearch" name="VerifyPatientsFindPage_SearchByMemberID_DrugReimbursement" time="165.565"/>
  <testcase classname="com.qa.regression.adminportal.patients.tests.TC42_AdminPortal_VerifyMaxBenefitsExceeded" name="VerifyMaxBenefitsExceededMsg_DrugReimbursement" time="121.374"/>
  <testcase classname="com.qa.regression.adminportal.patients.tests.TC43_AdminPortal_TreatmentsTab_VerifyPayToPracticeDefaultSelection" name="VerifyPayToPracticeRadioButtonDefaultSelectionInTreatmentsTabForPatient" time="49.921"/>
  <testcase classname="com.qa.regression.adminportal.patients.tests.TC44_AdminPortal_TreatmentsTab_VerifyClaimCreationF" name="VerifyClaimForMaxBalanceAvailable_DrugReimbursement_ACH" time="240.172">
    <failure type="org.openqa.selenium.NoSuchElementException" message="no such element: Unable to locate element: {&amp;quot;method&amp;quot;:&amp;quot;css selector&amp;quot;,&amp;quot;selector&amp;quot;:&amp;quot;.search_display_box&amp;quot;}
  (Session info: chrome=98.0.4758.82)
For documentation on this error, please visit: https://www.seleniumhq.org/exceptions/no_such_element.html
Build info: version: &amp;apos;3.141.59&amp;apos;, revision: &amp;apos;e82be7d358&amp;apos;, time: &amp;apos;2018-11-14T08:17:03&amp;apos;
System info: host: &amp;apos;LPANDIRI-E7440&amp;apos;, ip: &amp;apos;10.5.220.115&amp;apos;, os.name: &amp;apos;Windows 10&amp;apos;, os.arch: &amp;apos;amd64&amp;apos;, os.version: &amp;apos;10.0&amp;apos;, java.version: &amp;apos;16.0.2&amp;apos;
Driver info: org.openqa.selenium.chrome.ChromeDriver
Capabilities {acceptInsecureCerts: false, browserName: chrome, browserVersion: 98.0.4758.82, chrome: {chromedriverVersion: 97.0.4692.71 (adefa7837d02a..., userDataDir: C:\Users\LAHARI~1.PAN\AppDa...}, goog:chromeOptions: {debuggerAddress: localhost:57968}, javascriptEnabled: true, networkConnectionEnabled: false, pageLoadStrategy: normal, platform: WINDOWS, platformName: WINDOWS, proxy: Proxy(), setWindowRect: true, strictFileInteractability: false, timeouts: {implicit: 0, pageLoad: 300000, script: 30000}, unhandledPromptBehavior: dismiss and notify, webauthn:extension:credBlob: true, webauthn:extension:largeBlob: true, webauthn:virtualAuthenticators: true}
Session ID: e453fa1d3a1a23e1ab1f1b3329680a87
*** Element info: {Using=class name, value=search_display_box}">
      <![CDATA[org.openqa.selenium.NoSuchElementException: no such element: Unable to locate element: {"method":"css selector","selector":".search_display_box"}
  (Session info: chrome=98.0.4758.82)
For documentation on this error, please visit: https://www.seleniumhq.org/exceptions/no_such_element.html
Build info: version: '3.141.59', revision: 'e82be7d358', time: '2018-11-14T08:17:03'
System info: host: 'LPANDIRI-E7440', ip: '10.5.220.115', os.name: 'Windows 10', os.arch: 'amd64', os.version: '10.0', java.version: '16.0.2'
Driver info: org.openqa.selenium.chrome.ChromeDriver
Capabilities {acceptInsecureCerts: false, browserName: chrome, browserVersion: 98.0.4758.82, chrome: {chromedriverVersion: 97.0.4692.71 (adefa7837d02a..., userDataDir: C:\Users\LAHARI~1.PAN\AppDa...}, goog:chromeOptions: {debuggerAddress: localhost:57968}, javascriptEnabled: true, networkConnectionEnabled: false, pageLoadStrategy: normal, platform: WINDOWS, platformName: WINDOWS, proxy: Proxy(), setWindowRect: true, strictFileInteractability: false, timeouts: {implicit: 0, pageLoad: 300000, script: 30000}, unhandledPromptBehavior: dismiss and notify, webauthn:extension:credBlob: true, webauthn:extension:largeBlob: true, webauthn:virtualAuthenticators: true}
Session ID: e453fa1d3a1a23e1ab1f1b3329680a87
*** Element info: {Using=class name, value=search_display_box}
at java.base/jdk.internal.reflect.NativeConstructorAccessorImpl.newInstance0(Native Method)
at java.base/jdk.internal.reflect.NativeConstructorAccessorImpl.newInstance(NativeConstructorAccessorImpl.java:78)
at java.base/jdk.internal.reflect.DelegatingConstructorAccessorImpl.newInstance(DelegatingConstructorAccessorImpl.java:45)
at java.base/java.lang.reflect.Constructor.newInstanceWithCaller(Constructor.java:499)
at java.base/java.lang.reflect.Constructor.newInstance(Constructor.java:480)
at org.openqa.selenium.remote.http.W3CHttpResponseCodec.createException(W3CHttpResponseCodec.java:187)
at org.openqa.selenium.remote.http.W3CHttpResponseCodec.decode(W3CHttpResponseCodec.java:122)
at org.openqa.selenium.remote.http.W3CHttpResponseCodec.decode(W3CHttpResponseCodec.java:49)
at org.openqa.selenium.remote.HttpCommandExecutor.execute(HttpCommandExecutor.java:158)
at org.openqa.selenium.remote.service.DriverCommandExecutor.execute(DriverCommandExecutor.java:83)
at org.openqa.selenium.remote.RemoteWebDriver.execute(RemoteWebDriver.java:552)
at org.openqa.selenium.remote.RemoteWebDriver.findElement(RemoteWebDriver.java:323)
at org.openqa.selenium.remote.RemoteWebDriver.findElementByClassName(RemoteWebDriver.java:412)
at org.openqa.selenium.By$ByClassName.findElement(By.java:389)
at org.openqa.selenium.remote.RemoteWebDriver.findElement(RemoteWebDriver.java:315)
at com.juno.qa.pages.AdminPortal_Patients_TreatmentsPage.SearchDisplayBox(AdminPortal_Patients_TreatmentsPage.java:233)
at com.juno.qa.pages.AdminPortal_Patients_TreatmentsPage.AddFaxInformationAndTreatmentToEnrolledPatientForMaxPatientResponsibility(AdminPortal_Patients_TreatmentsPage.java:2441)
at com.qa.regression.adminportal.patients.tests.TC44_AdminPortal_TreatmentsTab_VerifyClaimCreationF.VerifyClaimForMaxBalanceAvailable_DrugReimbursement_ACH(TC44_AdminPortal_TreatmentsTab_VerifyClaimCreationF.java:204)
at java.base/jdk.internal.reflect.NativeMethodAccessorImpl.invoke0(Native Method)
at java.base/jdk.internal.reflect.NativeMethodAccessorImpl.invoke(NativeMethodAccessorImpl.java:78)
at java.base/jdk.internal.reflect.DelegatingMethodAccessorImpl.invoke(DelegatingMethodAccessorImpl.java:43)
at java.base/java.lang.reflect.Method.invoke(Method.java:567)
at org.testng.internal.MethodInvocationHelper.invokeMethod(MethodInvocationHelper.java:133)
at org.testng.internal.TestInvoker.invokeMethod(TestInvoker.java:598)
at org.testng.internal.TestInvoker.invokeTestMethod(TestInvoker.java:173)
at org.testng.internal.MethodRunner.runInSequence(MethodRunner.java:46)
at org.testng.internal.TestInvoker$MethodInvocationAgent.invoke(TestInvoker.java:824)
at org.testng.internal.TestInvoker.invokeTestMethods(TestInvoker.java:146)
at org.testng.internal.TestMethodWorker.invokeTestMethods(TestMethodWorker.java:146)
at org.testng.internal.TestMethodWorker.run(TestMethodWorker.java:128)
at java.base/java.util.ArrayList.forEach(ArrayList.java:1511)
at org.testng.TestRunner.privateRun(TestRunner.java:794)
at org.testng.TestRunner.run(TestRunner.java:596)
at org.testng.SuiteRunner.runTest(SuiteRunner.java:377)
at org.testng.SuiteRunner.runSequentially(SuiteRunner.java:371)
at org.testng.SuiteRunner.privateRun(SuiteRunner.java:332)
at org.testng.SuiteRunner.run(SuiteRunner.java:276)
at org.testng.SuiteRunnerWorker.runSuite(SuiteRunnerWorker.java:53)
at org.testng.SuiteRunnerWorker.run(SuiteRunnerWorker.java:96)
at org.testng.TestNG.runSuitesSequentially(TestNG.java:1212)
at org.testng.TestNG.runSuitesLocally(TestNG.java:1134)
at org.testng.TestNG.runSuites(TestNG.java:1063)
at org.testng.TestNG.run(TestNG.java:1031)
at org.testng.remote.AbstractRemoteTestNG.run(AbstractRemoteTestNG.java:115)
at org.testng.remote.RemoteTestNG.initAndRun(RemoteTestNG.java:251)
at org.testng.remote.RemoteTestNG.main(RemoteTestNG.java:77)
]]>
    </failure>
  </testcase> <!-- VerifyClaimForMaxBalanceAvailable_DrugReimbursement_ACH -->
  <testcase classname="com.qa.regression.adminportal.patients.tests.TC44_AdminPortal_TreatmentsTab_VerifyClaimCreationF" name="VerifyClaimForMaxBalanceAvailable_DrugReimbursement_CTM" time="233.535">
    <failure type="org.openqa.selenium.NoSuchElementException" message="no such element: Unable to locate element: {&amp;quot;method&amp;quot;:&amp;quot;css selector&amp;quot;,&amp;quot;selector&amp;quot;:&amp;quot;.search_display_box&amp;quot;}
  (Session info: chrome=98.0.4758.82)
For documentation on this error, please visit: https://www.seleniumhq.org/exceptions/no_such_element.html
Build info: version: &amp;apos;3.141.59&amp;apos;, revision: &amp;apos;e82be7d358&amp;apos;, time: &amp;apos;2018-11-14T08:17:03&amp;apos;
System info: host: &amp;apos;LPANDIRI-E7440&amp;apos;, ip: &amp;apos;10.5.220.115&amp;apos;, os.name: &amp;apos;Windows 10&amp;apos;, os.arch: &amp;apos;amd64&amp;apos;, os.version: &amp;apos;10.0&amp;apos;, java.version: &amp;apos;16.0.2&amp;apos;
Driver info: org.openqa.selenium.chrome.ChromeDriver
Capabilities {acceptInsecureCerts: false, browserName: chrome, browserVersion: 98.0.4758.82, chrome: {chromedriverVersion: 97.0.4692.71 (adefa7837d02a..., userDataDir: C:\Users\LAHARI~1.PAN\AppDa...}, goog:chromeOptions: {debuggerAddress: localhost:58150}, javascriptEnabled: true, networkConnectionEnabled: false, pageLoadStrategy: normal, platform: WINDOWS, platformName: WINDOWS, proxy: Proxy(), setWindowRect: true, strictFileInteractability: false, timeouts: {implicit: 0, pageLoad: 300000, script: 30000}, unhandledPromptBehavior: dismiss and notify, webauthn:extension:credBlob: true, webauthn:extension:largeBlob: true, webauthn:virtualAuthenticators: true}
Session ID: ee616ae1582c15a372d34899fa93ffe7
*** Element info: {Using=class name, value=search_display_box}">
      <![CDATA[org.openqa.selenium.NoSuchElementException: no such element: Unable to locate element: {"method":"css selector","selector":".search_display_box"}
  (Session info: chrome=98.0.4758.82)
For documentation on this error, please visit: https://www.seleniumhq.org/exceptions/no_such_element.html
Build info: version: '3.141.59', revision: 'e82be7d358', time: '2018-11-14T08:17:03'
System info: host: 'LPANDIRI-E7440', ip: '10.5.220.115', os.name: 'Windows 10', os.arch: 'amd64', os.version: '10.0', java.version: '16.0.2'
Driver info: org.openqa.selenium.chrome.ChromeDriver
Capabilities {acceptInsecureCerts: false, browserName: chrome, browserVersion: 98.0.4758.82, chrome: {chromedriverVersion: 97.0.4692.71 (adefa7837d02a..., userDataDir: C:\Users\LAHARI~1.PAN\AppDa...}, goog:chromeOptions: {debuggerAddress: localhost:58150}, javascriptEnabled: true, networkConnectionEnabled: false, pageLoadStrategy: normal, platform: WINDOWS, platformName: WINDOWS, proxy: Proxy(), setWindowRect: true, strictFileInteractability: false, timeouts: {implicit: 0, pageLoad: 300000, script: 30000}, unhandledPromptBehavior: dismiss and notify, webauthn:extension:credBlob: true, webauthn:extension:largeBlob: true, webauthn:virtualAuthenticators: true}
Session ID: ee616ae1582c15a372d34899fa93ffe7
*** Element info: {Using=class name, value=search_display_box}
at java.base/jdk.internal.reflect.NativeConstructorAccessorImpl.newInstance0(Native Method)
at java.base/jdk.internal.reflect.NativeConstructorAccessorImpl.newInstance(NativeConstructorAccessorImpl.java:78)
at java.base/jdk.internal.reflect.DelegatingConstructorAccessorImpl.newInstance(DelegatingConstructorAccessorImpl.java:45)
at java.base/java.lang.reflect.Constructor.newInstanceWithCaller(Constructor.java:499)
at java.base/java.lang.reflect.Constructor.newInstance(Constructor.java:480)
at org.openqa.selenium.remote.http.W3CHttpResponseCodec.createException(W3CHttpResponseCodec.java:187)
at org.openqa.selenium.remote.http.W3CHttpResponseCodec.decode(W3CHttpResponseCodec.java:122)
at org.openqa.selenium.remote.http.W3CHttpResponseCodec.decode(W3CHttpResponseCodec.java:49)
at org.openqa.selenium.remote.HttpCommandExecutor.execute(HttpCommandExecutor.java:158)
at org.openqa.selenium.remote.service.DriverCommandExecutor.execute(DriverCommandExecutor.java:83)
at org.openqa.selenium.remote.RemoteWebDriver.execute(RemoteWebDriver.java:552)
at org.openqa.selenium.remote.RemoteWebDriver.findElement(RemoteWebDriver.java:323)
at org.openqa.selenium.remote.RemoteWebDriver.findElementByClassName(RemoteWebDriver.java:412)
at org.openqa.selenium.By$ByClassName.findElement(By.java:389)
at org.openqa.selenium.remote.RemoteWebDriver.findElement(RemoteWebDriver.java:315)
at com.juno.qa.pages.AdminPortal_Patients_TreatmentsPage.SearchDisplayBox(AdminPortal_Patients_TreatmentsPage.java:233)
at com.juno.qa.pages.AdminPortal_Patients_TreatmentsPage.AddFaxInformationAndTreatmentToEnrolledPatientForMaxPatientResponsibility(AdminPortal_Patients_TreatmentsPage.java:2441)
at com.qa.regression.adminportal.patients.tests.TC44_AdminPortal_TreatmentsTab_VerifyClaimCreationF.VerifyClaimForMaxBalanceAvailable_DrugReimbursement_CTM(TC44_AdminPortal_TreatmentsTab_VerifyClaimCreationF.java:428)
at java.base/jdk.internal.reflect.NativeMethodAccessorImpl.invoke0(Native Method)
at java.base/jdk.internal.reflect.NativeMethodAccessorImpl.invoke(NativeMethodAccessorImpl.java:78)
at java.base/jdk.internal.reflect.DelegatingMethodAccessorImpl.invoke(DelegatingMethodAccessorImpl.java:43)
at java.base/java.lang.reflect.Method.invoke(Method.java:567)
at org.testng.internal.MethodInvocationHelper.invokeMethod(MethodInvocationHelper.java:133)
at org.testng.internal.TestInvoker.invokeMethod(TestInvoker.java:598)
at org.testng.internal.TestInvoker.invokeTestMethod(TestInvoker.java:173)
at org.testng.internal.MethodRunner.runInSequence(MethodRunner.java:46)
at org.testng.internal.TestInvoker$MethodInvocationAgent.invoke(TestInvoker.java:824)
at org.testng.internal.TestInvoker.invokeTestMethods(TestInvoker.java:146)
at org.testng.internal.TestMethodWorker.invokeTestMethods(TestMethodWorker.java:146)
at org.testng.internal.TestMethodWorker.run(TestMethodWorker.java:128)
at java.base/java.util.ArrayList.forEach(ArrayList.java:1511)
at org.testng.TestRunner.privateRun(TestRunner.java:794)
at org.testng.TestRunner.run(TestRunner.java:596)
at org.testng.SuiteRunner.runTest(SuiteRunner.java:377)
at org.testng.SuiteRunner.runSequentially(SuiteRunner.java:371)
at org.testng.SuiteRunner.privateRun(SuiteRunner.java:332)
at org.testng.SuiteRunner.run(SuiteRunner.java:276)
at org.testng.SuiteRunnerWorker.runSuite(SuiteRunnerWorker.java:53)
at org.testng.SuiteRunnerWorker.run(SuiteRunnerWorker.java:96)
at org.testng.TestNG.runSuitesSequentially(TestNG.java:1212)
at org.testng.TestNG.runSuitesLocally(TestNG.java:1134)
at org.testng.TestNG.runSuites(TestNG.java:1063)
at org.testng.TestNG.run(TestNG.java:1031)
at org.testng.remote.AbstractRemoteTestNG.run(AbstractRemoteTestNG.java:115)
at org.testng.remote.RemoteTestNG.initAndRun(RemoteTestNG.java:251)
at org.testng.remote.RemoteTestNG.main(RemoteTestNG.java:77)
]]>
    </failure>
  </testcase> <!-- VerifyClaimForMaxBalanceAvailable_DrugReimbursement_CTM -->
  <testcase classname="com.qa.regression.adminportal.patients.tests.TC44_AdminPortal_TreatmentsTab_VerifyClaimCreationF" name="VerifyClaimForMaxBalanceAvailable_DrugReimbursement_CTP" time="236.028">
    <failure type="org.openqa.selenium.NoSuchElementException" message="no such element: Unable to locate element: {&amp;quot;method&amp;quot;:&amp;quot;css selector&amp;quot;,&amp;quot;selector&amp;quot;:&amp;quot;.search_display_box&amp;quot;}
  (Session info: chrome=98.0.4758.82)
For documentation on this error, please visit: https://www.seleniumhq.org/exceptions/no_such_element.html
Build info: version: &amp;apos;3.141.59&amp;apos;, revision: &amp;apos;e82be7d358&amp;apos;, time: &amp;apos;2018-11-14T08:17:03&amp;apos;
System info: host: &amp;apos;LPANDIRI-E7440&amp;apos;, ip: &amp;apos;10.5.220.115&amp;apos;, os.name: &amp;apos;Windows 10&amp;apos;, os.arch: &amp;apos;amd64&amp;apos;, os.version: &amp;apos;10.0&amp;apos;, java.version: &amp;apos;16.0.2&amp;apos;
Driver info: org.openqa.selenium.chrome.ChromeDriver
Capabilities {acceptInsecureCerts: false, browserName: chrome, browserVersion: 98.0.4758.82, chrome: {chromedriverVersion: 97.0.4692.71 (adefa7837d02a..., userDataDir: C:\Users\LAHARI~1.PAN\AppDa...}, goog:chromeOptions: {debuggerAddress: localhost:58334}, javascriptEnabled: true, networkConnectionEnabled: false, pageLoadStrategy: normal, platform: WINDOWS, platformName: WINDOWS, proxy: Proxy(), setWindowRect: true, strictFileInteractability: false, timeouts: {implicit: 0, pageLoad: 300000, script: 30000}, unhandledPromptBehavior: dismiss and notify, webauthn:extension:credBlob: true, webauthn:extension:largeBlob: true, webauthn:virtualAuthenticators: true}
Session ID: a84d1f966faf99f81e13de1744cd2b9d
*** Element info: {Using=class name, value=search_display_box}">
      <![CDATA[org.openqa.selenium.NoSuchElementException: no such element: Unable to locate element: {"method":"css selector","selector":".search_display_box"}
  (Session info: chrome=98.0.4758.82)
For documentation on this error, please visit: https://www.seleniumhq.org/exceptions/no_such_element.html
Build info: version: '3.141.59', revision: 'e82be7d358', time: '2018-11-14T08:17:03'
System info: host: 'LPANDIRI-E7440', ip: '10.5.220.115', os.name: 'Windows 10', os.arch: 'amd64', os.version: '10.0', java.version: '16.0.2'
Driver info: org.openqa.selenium.chrome.ChromeDriver
Capabilities {acceptInsecureCerts: false, browserName: chrome, browserVersion: 98.0.4758.82, chrome: {chromedriverVersion: 97.0.4692.71 (adefa7837d02a..., userDataDir: C:\Users\LAHARI~1.PAN\AppDa...}, goog:chromeOptions: {debuggerAddress: localhost:58334}, javascriptEnabled: true, networkConnectionEnabled: false, pageLoadStrategy: normal, platform: WINDOWS, platformName: WINDOWS, proxy: Proxy(), setWindowRect: true, strictFileInteractability: false, timeouts: {implicit: 0, pageLoad: 300000, script: 30000}, unhandledPromptBehavior: dismiss and notify, webauthn:extension:credBlob: true, webauthn:extension:largeBlob: true, webauthn:virtualAuthenticators: true}
Session ID: a84d1f966faf99f81e13de1744cd2b9d
*** Element info: {Using=class name, value=search_display_box}
at java.base/jdk.internal.reflect.NativeConstructorAccessorImpl.newInstance0(Native Method)
at java.base/jdk.internal.reflect.NativeConstructorAccessorImpl.newInstance(NativeConstructorAccessorImpl.java:78)
at java.base/jdk.internal.reflect.DelegatingConstructorAccessorImpl.newInstance(DelegatingConstructorAccessorImpl.java:45)
at java.base/java.lang.reflect.Constructor.newInstanceWithCaller(Constructor.java:499)
at java.base/java.lang.reflect.Constructor.newInstance(Constructor.java:480)
at org.openqa.selenium.remote.http.W3CHttpResponseCodec.createException(W3CHttpResponseCodec.java:187)
at org.openqa.selenium.remote.http.W3CHttpResponseCodec.decode(W3CHttpResponseCodec.java:122)
at org.openqa.selenium.remote.http.W3CHttpResponseCodec.decode(W3CHttpResponseCodec.java:49)
at org.openqa.selenium.remote.HttpCommandExecutor.execute(HttpCommandExecutor.java:158)
at org.openqa.selenium.remote.service.DriverCommandExecutor.execute(DriverCommandExecutor.java:83)
at org.openqa.selenium.remote.RemoteWebDriver.execute(RemoteWebDriver.java:552)
at org.openqa.selenium.remote.RemoteWebDriver.findElement(RemoteWebDriver.java:323)
at org.openqa.selenium.remote.RemoteWebDriver.findElementByClassName(RemoteWebDriver.java:412)
at org.openqa.selenium.By$ByClassName.findElement(By.java:389)
at org.openqa.selenium.remote.RemoteWebDriver.findElement(RemoteWebDriver.java:315)
at com.juno.qa.pages.AdminPortal_Patients_TreatmentsPage.SearchDisplayBox(AdminPortal_Patients_TreatmentsPage.java:233)
at com.juno.qa.pages.AdminPortal_Patients_TreatmentsPage.AddFaxInformationAndTreatmentToEnrolledPatientForMaxPatientResponsibility(AdminPortal_Patients_TreatmentsPage.java:2441)
at com.qa.regression.adminportal.patients.tests.TC44_AdminPortal_TreatmentsTab_VerifyClaimCreationF.VerifyClaimForMaxBalanceAvailable_DrugReimbursement_CTP(TC44_AdminPortal_TreatmentsTab_VerifyClaimCreationF.java:313)
at java.base/jdk.internal.reflect.NativeMethodAccessorImpl.invoke0(Native Method)
at java.base/jdk.internal.reflect.NativeMethodAccessorImpl.invoke(NativeMethodAccessorImpl.java:78)
at java.base/jdk.internal.reflect.DelegatingMethodAccessorImpl.invoke(DelegatingMethodAccessorImpl.java:43)
at java.base/java.lang.reflect.Method.invoke(Method.java:567)
at org.testng.internal.MethodInvocationHelper.invokeMethod(MethodInvocationHelper.java:133)
at org.testng.internal.TestInvoker.invokeMethod(TestInvoker.java:598)
at org.testng.internal.TestInvoker.invokeTestMethod(TestInvoker.java:173)
at org.testng.internal.MethodRunner.runInSequence(MethodRunner.java:46)
at org.testng.internal.TestInvoker$MethodInvocationAgent.invoke(TestInvoker.java:824)
at org.testng.internal.TestInvoker.invokeTestMethods(TestInvoker.java:146)
at org.testng.internal.TestMethodWorker.invokeTestMethods(TestMethodWorker.java:146)
at org.testng.internal.TestMethodWorker.run(TestMethodWorker.java:128)
at java.base/java.util.ArrayList.forEach(ArrayList.java:1511)
at org.testng.TestRunner.privateRun(TestRunner.java:794)
at org.testng.TestRunner.run(TestRunner.java:596)
at org.testng.SuiteRunner.runTest(SuiteRunner.java:377)
at org.testng.SuiteRunner.runSequentially(SuiteRunner.java:371)
at org.testng.SuiteRunner.privateRun(SuiteRunner.java:332)
at org.testng.SuiteRunner.run(SuiteRunner.java:276)
at org.testng.SuiteRunnerWorker.runSuite(SuiteRunnerWorker.java:53)
at org.testng.SuiteRunnerWorker.run(SuiteRunnerWorker.java:96)
at org.testng.TestNG.runSuitesSequentially(TestNG.java:1212)
at org.testng.TestNG.runSuitesLocally(TestNG.java:1134)
at org.testng.TestNG.runSuites(TestNG.java:1063)
at org.testng.TestNG.run(TestNG.java:1031)
at org.testng.remote.AbstractRemoteTestNG.run(AbstractRemoteTestNG.java:115)
at org.testng.remote.RemoteTestNG.initAndRun(RemoteTestNG.java:251)
at org.testng.remote.RemoteTestNG.main(RemoteTestNG.java:77)
]]>
    </failure>
  </testcase> <!-- VerifyClaimForMaxBalanceAvailable_DrugReimbursement_CTP -->
  <testcase classname="com.Replatform.qa.Fax.test.New_TC01_HCPPortal_UploadDocument" name="HCPUpload" time="69.803"/>
  <testcase classname="com.Replatform.qa.Fax.test.New_TC04_HCPPortal_UploadDocument" name="HCPUpload" time="18.842"/>
  <testcase classname="com.Replatform.qa.Fax.test.TC01_HCPPortal_UploadDocument" name="HCPUpload" time="69.992"/>
  <testcase classname="com.Replatform.qa.Fax.test.TC02_AdminPortal_AdminCloneAFax" name="SearchFax" time="45.008"/>
  <testcase classname="com.Replatform.qa.Fax.test.TC03_AdminPortal_AdminCloneFaxWithCard" name="SearchFax" time="43.012"/>
  <testcase classname="com.Replatform.qa.Fax.test.TC05_AdminPortal_Faxes_IncomingFaxesReviewPageContentTest" name="Verify_Incoming_ReviewPageContent" time="79.255"/>
  <testcase classname="com.Replatform.qa.Fax.test.TC06_AdminPortal_Faxes_ListAll_FindPageTest" name="Verify_Outgoing_FindPageContent" time="75.228"/>
  <testcase classname="com.Replatform.qa.Fax.test.TC07_AdminPortal_Faxes_Outgoing_FindPageTest" name="Verify_Outgoing_FindPageContent" time="75.924"/>
  <testcase classname="com.Replatform.qa.Fax.test.TC08_AdminPortal_Faxes_Assignments_VerifyFaxCountWrongErrorTest" name="Verify_Assignments_FaxCountWrongMsg" time="27.622"/>
  <testcase classname="com.Replatform.qa.Fax.test.TC09_AdminPortal_Faxes_Assignments_VerifyRequiredFieldsMsg" name="Verify_Assignments_RequiredFieldsMsg" time="27.527"/>
  <testcase classname="com.Replatform.qa.Fax.test.TC10_AdminPortal_Faxes_Assignments_VerifyFaxIDDoesNotExistMsg" name="Verify_Assignments_FaxIDDoesNotExistMsg" time="22.642"/>
  <testcase classname="com.Replatform.qa.Fax.test.TC11_AdminPortal_Faxes_Assignments_VerifyMarkAsOutTest" name="Verify_Assignments_MarkAsOutAndCancelOut" time="38.576">
    <failure type="java.lang.ArrayIndexOutOfBoundsException" message="Index 2 out of bounds for length 1">
      <![CDATA[java.lang.ArrayIndexOutOfBoundsException: Index 2 out of bounds for length 1
at com.Replatform.qa.Fax.test.TC11_AdminPortal_Faxes_Assignments_VerifyMarkAsOutTest.Verify_Assignments_MarkAsOutAndCancelOut(TC11_AdminPortal_Faxes_Assignments_VerifyMarkAsOutTest.java:121)
at java.base/jdk.internal.reflect.NativeMethodAccessorImpl.invoke0(Native Method)
at java.base/jdk.internal.reflect.NativeMethodAccessorImpl.invoke(NativeMethodAccessorImpl.java:78)
at java.base/jdk.internal.reflect.DelegatingMethodAccessorImpl.invoke(DelegatingMethodAccessorImpl.java:43)
at java.base/java.lang.reflect.Method.invoke(Method.java:567)
at org.testng.internal.MethodInvocationHelper.invokeMethod(MethodInvocationHelper.java:133)
at org.testng.internal.TestInvoker.invokeMethod(TestInvoker.java:598)
at org.testng.internal.TestInvoker.invokeTestMethod(TestInvoker.java:173)
at org.testng.internal.MethodRunner.runInSequence(MethodRunner.java:46)
at org.testng.internal.TestInvoker$MethodInvocationAgent.invoke(TestInvoker.java:824)
at org.testng.internal.TestInvoker.invokeTestMethods(TestInvoker.java:146)
at org.testng.internal.TestMethodWorker.invokeTestMethods(TestMethodWorker.java:146)
at org.testng.internal.TestMethodWorker.run(TestMethodWorker.java:128)
at java.base/java.util.ArrayList.forEach(ArrayList.java:1511)
at org.testng.TestRunner.privateRun(TestRunner.java:794)
at org.testng.TestRunner.run(TestRunner.java:596)
at org.testng.SuiteRunner.runTest(SuiteRunner.java:377)
at org.testng.SuiteRunner.runSequentially(SuiteRunner.java:371)
at org.testng.SuiteRunner.privateRun(SuiteRunner.java:332)
at org.testng.SuiteRunner.run(SuiteRunner.java:276)
at org.testng.SuiteRunnerWorker.runSuite(SuiteRunnerWorker.java:53)
at org.testng.SuiteRunnerWorker.run(SuiteRunnerWorker.java:96)
at org.testng.TestNG.runSuitesSequentially(TestNG.java:1212)
at org.testng.TestNG.runSuitesLocally(TestNG.java:1134)
at org.testng.TestNG.runSuites(TestNG.java:1063)
at org.testng.TestNG.run(TestNG.java:1031)
at org.testng.remote.AbstractRemoteTestNG.run(AbstractRemoteTestNG.java:115)
at org.testng.remote.RemoteTestNG.initAndRun(RemoteTestNG.java:251)
at org.testng.remote.RemoteTestNG.main(RemoteTestNG.java:77)
]]>
    </failure>
  </testcase> <!-- Verify_Assignments_MarkAsOutAndCancelOut -->
  <testcase classname="com.Replatform.qa.Fax.test.TC12_AdminPortal_Faxes_AssignmentRules_AddNewAssignmentRuleTest" name="Verify_AssignmentRules_CreateAssignmentRule_OustisdeHoursN" time="72.78">
    <failure type="org.openqa.selenium.NoSuchElementException" message="no such element: Unable to locate element: {&amp;quot;method&amp;quot;:&amp;quot;xpath&amp;quot;,&amp;quot;selector&amp;quot;:&amp;quot;//*[@id=&amp;apos;form-table&amp;apos;]/div/div[1]/table/tbody/tr/td[2]&amp;quot;}
  (Session info: chrome=98.0.4758.82)
For documentation on this error, please visit: https://www.seleniumhq.org/exceptions/no_such_element.html
Build info: version: &amp;apos;3.141.59&amp;apos;, revision: &amp;apos;e82be7d358&amp;apos;, time: &amp;apos;2018-11-14T08:17:03&amp;apos;
System info: host: &amp;apos;LPANDIRI-E7440&amp;apos;, ip: &amp;apos;10.5.220.115&amp;apos;, os.name: &amp;apos;Windows 10&amp;apos;, os.arch: &amp;apos;amd64&amp;apos;, os.version: &amp;apos;10.0&amp;apos;, java.version: &amp;apos;16.0.2&amp;apos;
Driver info: org.openqa.selenium.chrome.ChromeDriver
Capabilities {acceptInsecureCerts: false, browserName: chrome, browserVersion: 98.0.4758.82, chrome: {chromedriverVersion: 97.0.4692.71 (adefa7837d02a..., userDataDir: C:\Users\LAHARI~1.PAN\AppDa...}, goog:chromeOptions: {debuggerAddress: localhost:59217}, javascriptEnabled: true, networkConnectionEnabled: false, pageLoadStrategy: normal, platform: WINDOWS, platformName: WINDOWS, proxy: Proxy(), setWindowRect: true, strictFileInteractability: false, timeouts: {implicit: 0, pageLoad: 300000, script: 30000}, unhandledPromptBehavior: dismiss and notify, webauthn:extension:credBlob: true, webauthn:extension:largeBlob: true, webauthn:virtualAuthenticators: true}
Session ID: 09b822acfb47a2d73fcd8288a0b5fe7d
*** Element info: {Using=xpath, value=//*[@id=&amp;apos;form-table&amp;apos;]/div/div[1]/table/tbody/tr/td[2]}">
      <![CDATA[org.openqa.selenium.NoSuchElementException: no such element: Unable to locate element: {"method":"xpath","selector":"//*[@id='form-table']/div/div[1]/table/tbody/tr/td[2]"}
  (Session info: chrome=98.0.4758.82)
For documentation on this error, please visit: https://www.seleniumhq.org/exceptions/no_such_element.html
Build info: version: '3.141.59', revision: 'e82be7d358', time: '2018-11-14T08:17:03'
System info: host: 'LPANDIRI-E7440', ip: '10.5.220.115', os.name: 'Windows 10', os.arch: 'amd64', os.version: '10.0', java.version: '16.0.2'
Driver info: org.openqa.selenium.chrome.ChromeDriver
Capabilities {acceptInsecureCerts: false, browserName: chrome, browserVersion: 98.0.4758.82, chrome: {chromedriverVersion: 97.0.4692.71 (adefa7837d02a..., userDataDir: C:\Users\LAHARI~1.PAN\AppDa...}, goog:chromeOptions: {debuggerAddress: localhost:59217}, javascriptEnabled: true, networkConnectionEnabled: false, pageLoadStrategy: normal, platform: WINDOWS, platformName: WINDOWS, proxy: Proxy(), setWindowRect: true, strictFileInteractability: false, timeouts: {implicit: 0, pageLoad: 300000, script: 30000}, unhandledPromptBehavior: dismiss and notify, webauthn:extension:credBlob: true, webauthn:extension:largeBlob: true, webauthn:virtualAuthenticators: true}
Session ID: 09b822acfb47a2d73fcd8288a0b5fe7d
*** Element info: {Using=xpath, value=//*[@id='form-table']/div/div[1]/table/tbody/tr/td[2]}
at java.base/jdk.internal.reflect.NativeConstructorAccessorImpl.newInstance0(Native Method)
at java.base/jdk.internal.reflect.NativeConstructorAccessorImpl.newInstance(NativeConstructorAccessorImpl.java:78)
at java.base/jdk.internal.reflect.DelegatingConstructorAccessorImpl.newInstance(DelegatingConstructorAccessorImpl.java:45)
at java.base/java.lang.reflect.Constructor.newInstanceWithCaller(Constructor.java:499)
at java.base/java.lang.reflect.Constructor.newInstance(Constructor.java:480)
at org.openqa.selenium.remote.http.W3CHttpResponseCodec.createException(W3CHttpResponseCodec.java:187)
at org.openqa.selenium.remote.http.W3CHttpResponseCodec.decode(W3CHttpResponseCodec.java:122)
at org.openqa.selenium.remote.http.W3CHttpResponseCodec.decode(W3CHttpResponseCodec.java:49)
at org.openqa.selenium.remote.HttpCommandExecutor.execute(HttpCommandExecutor.java:158)
at org.openqa.selenium.remote.service.DriverCommandExecutor.execute(DriverCommandExecutor.java:83)
at org.openqa.selenium.remote.RemoteWebDriver.execute(RemoteWebDriver.java:552)
at org.openqa.selenium.remote.RemoteWebDriver.findElement(RemoteWebDriver.java:323)
at org.openqa.selenium.remote.RemoteWebDriver.findElementByXPath(RemoteWebDriver.java:428)
at org.openqa.selenium.By$ByXPath.findElement(By.java:353)
at org.openqa.selenium.remote.RemoteWebDriver.findElement(RemoteWebDriver.java:315)
at com.juno.qa.pages.AdminPortal_Faxes_AssignmentRulesPage.TotalCountLabelAndValue(AdminPortal_Faxes_AssignmentRulesPage.java:140)
at com.Replatform.qa.Fax.test.TC12_AdminPortal_Faxes_AssignmentRules_AddNewAssignmentRuleTest.Verify_AssignmentRules_CreateAssignmentRule_OustisdeHoursN(TC12_AdminPortal_Faxes_AssignmentRules_AddNewAssignmentRuleTest.java:93)
at java.base/jdk.internal.reflect.NativeMethodAccessorImpl.invoke0(Native Method)
at java.base/jdk.internal.reflect.NativeMethodAccessorImpl.invoke(NativeMethodAccessorImpl.java:78)
at java.base/jdk.internal.reflect.DelegatingMethodAccessorImpl.invoke(DelegatingMethodAccessorImpl.java:43)
at java.base/java.lang.reflect.Method.invoke(Method.java:567)
at org.testng.internal.MethodInvocationHelper.invokeMethod(MethodInvocationHelper.java:133)
at org.testng.internal.TestInvoker.invokeMethod(TestInvoker.java:598)
at org.testng.internal.TestInvoker.invokeTestMethod(TestInvoker.java:173)
at org.testng.internal.MethodRunner.runInSequence(MethodRunner.java:46)
at org.testng.internal.TestInvoker$MethodInvocationAgent.invoke(TestInvoker.java:824)
at org.testng.internal.TestInvoker.invokeTestMethods(TestInvoker.java:146)
at org.testng.internal.TestMethodWorker.invokeTestMethods(TestMethodWorker.java:146)
at org.testng.internal.TestMethodWorker.run(TestMethodWorker.java:128)
at java.base/java.util.ArrayList.forEach(ArrayList.java:1511)
at org.testng.TestRunner.privateRun(TestRunner.java:794)
at org.testng.TestRunner.run(TestRunner.java:596)
at org.testng.SuiteRunner.runTest(SuiteRunner.java:377)
at org.testng.SuiteRunner.runSequentially(SuiteRunner.java:371)
at org.testng.SuiteRunner.privateRun(SuiteRunner.java:332)
at org.testng.SuiteRunner.run(SuiteRunner.java:276)
at org.testng.SuiteRunnerWorker.runSuite(SuiteRunnerWorker.java:53)
at org.testng.SuiteRunnerWorker.run(SuiteRunnerWorker.java:96)
at org.testng.TestNG.runSuitesSequentially(TestNG.java:1212)
at org.testng.TestNG.runSuitesLocally(TestNG.java:1134)
at org.testng.TestNG.runSuites(TestNG.java:1063)
at org.testng.TestNG.run(TestNG.java:1031)
at org.testng.remote.AbstractRemoteTestNG.run(AbstractRemoteTestNG.java:115)
at org.testng.remote.RemoteTestNG.initAndRun(RemoteTestNG.java:251)
at org.testng.remote.RemoteTestNG.main(RemoteTestNG.java:77)
]]>
    </failure>
  </testcase> <!-- Verify_AssignmentRules_CreateAssignmentRule_OustisdeHoursN -->
  <testcase classname="com.Replatform.qa.Fax.test.TC12_AdminPortal_Faxes_AssignmentRules_AddNewAssignmentRuleTest" name="Verify_AssignmentRules_CreateAssignmentRule_OustisdeHoursY" time="72.944">
    <failure type="org.openqa.selenium.NoSuchElementException" message="no such element: Unable to locate element: {&amp;quot;method&amp;quot;:&amp;quot;xpath&amp;quot;,&amp;quot;selector&amp;quot;:&amp;quot;//*[@id=&amp;apos;form-table&amp;apos;]/div/div[1]/table/tbody/tr/td[2]&amp;quot;}
  (Session info: chrome=98.0.4758.82)
For documentation on this error, please visit: https://www.seleniumhq.org/exceptions/no_such_element.html
Build info: version: &amp;apos;3.141.59&amp;apos;, revision: &amp;apos;e82be7d358&amp;apos;, time: &amp;apos;2018-11-14T08:17:03&amp;apos;
System info: host: &amp;apos;LPANDIRI-E7440&amp;apos;, ip: &amp;apos;10.5.220.115&amp;apos;, os.name: &amp;apos;Windows 10&amp;apos;, os.arch: &amp;apos;amd64&amp;apos;, os.version: &amp;apos;10.0&amp;apos;, java.version: &amp;apos;16.0.2&amp;apos;
Driver info: org.openqa.selenium.chrome.ChromeDriver
Capabilities {acceptInsecureCerts: false, browserName: chrome, browserVersion: 98.0.4758.82, chrome: {chromedriverVersion: 97.0.4692.71 (adefa7837d02a..., userDataDir: C:\Users\LAHARI~1.PAN\AppDa...}, goog:chromeOptions: {debuggerAddress: localhost:59266}, javascriptEnabled: true, networkConnectionEnabled: false, pageLoadStrategy: normal, platform: WINDOWS, platformName: WINDOWS, proxy: Proxy(), setWindowRect: true, strictFileInteractability: false, timeouts: {implicit: 0, pageLoad: 300000, script: 30000}, unhandledPromptBehavior: dismiss and notify, webauthn:extension:credBlob: true, webauthn:extension:largeBlob: true, webauthn:virtualAuthenticators: true}
Session ID: 7cbd7751b35bbdfbf97776d6f501cf3b
*** Element info: {Using=xpath, value=//*[@id=&amp;apos;form-table&amp;apos;]/div/div[1]/table/tbody/tr/td[2]}">
      <![CDATA[org.openqa.selenium.NoSuchElementException: no such element: Unable to locate element: {"method":"xpath","selector":"//*[@id='form-table']/div/div[1]/table/tbody/tr/td[2]"}
  (Session info: chrome=98.0.4758.82)
For documentation on this error, please visit: https://www.seleniumhq.org/exceptions/no_such_element.html
Build info: version: '3.141.59', revision: 'e82be7d358', time: '2018-11-14T08:17:03'
System info: host: 'LPANDIRI-E7440', ip: '10.5.220.115', os.name: 'Windows 10', os.arch: 'amd64', os.version: '10.0', java.version: '16.0.2'
Driver info: org.openqa.selenium.chrome.ChromeDriver
Capabilities {acceptInsecureCerts: false, browserName: chrome, browserVersion: 98.0.4758.82, chrome: {chromedriverVersion: 97.0.4692.71 (adefa7837d02a..., userDataDir: C:\Users\LAHARI~1.PAN\AppDa...}, goog:chromeOptions: {debuggerAddress: localhost:59266}, javascriptEnabled: true, networkConnectionEnabled: false, pageLoadStrategy: normal, platform: WINDOWS, platformName: WINDOWS, proxy: Proxy(), setWindowRect: true, strictFileInteractability: false, timeouts: {implicit: 0, pageLoad: 300000, script: 30000}, unhandledPromptBehavior: dismiss and notify, webauthn:extension:credBlob: true, webauthn:extension:largeBlob: true, webauthn:virtualAuthenticators: true}
Session ID: 7cbd7751b35bbdfbf97776d6f501cf3b
*** Element info: {Using=xpath, value=//*[@id='form-table']/div/div[1]/table/tbody/tr/td[2]}
at java.base/jdk.internal.reflect.NativeConstructorAccessorImpl.newInstance0(Native Method)
at java.base/jdk.internal.reflect.NativeConstructorAccessorImpl.newInstance(NativeConstructorAccessorImpl.java:78)
at java.base/jdk.internal.reflect.DelegatingConstructorAccessorImpl.newInstance(DelegatingConstructorAccessorImpl.java:45)
at java.base/java.lang.reflect.Constructor.newInstanceWithCaller(Constructor.java:499)
at java.base/java.lang.reflect.Constructor.newInstance(Constructor.java:480)
at org.openqa.selenium.remote.http.W3CHttpResponseCodec.createException(W3CHttpResponseCodec.java:187)
at org.openqa.selenium.remote.http.W3CHttpResponseCodec.decode(W3CHttpResponseCodec.java:122)
at org.openqa.selenium.remote.http.W3CHttpResponseCodec.decode(W3CHttpResponseCodec.java:49)
at org.openqa.selenium.remote.HttpCommandExecutor.execute(HttpCommandExecutor.java:158)
at org.openqa.selenium.remote.service.DriverCommandExecutor.execute(DriverCommandExecutor.java:83)
at org.openqa.selenium.remote.RemoteWebDriver.execute(RemoteWebDriver.java:552)
at org.openqa.selenium.remote.RemoteWebDriver.findElement(RemoteWebDriver.java:323)
at org.openqa.selenium.remote.RemoteWebDriver.findElementByXPath(RemoteWebDriver.java:428)
at org.openqa.selenium.By$ByXPath.findElement(By.java:353)
at org.openqa.selenium.remote.RemoteWebDriver.findElement(RemoteWebDriver.java:315)
at com.juno.qa.pages.AdminPortal_Faxes_AssignmentRulesPage.TotalCountLabelAndValue(AdminPortal_Faxes_AssignmentRulesPage.java:140)
at com.Replatform.qa.Fax.test.TC12_AdminPortal_Faxes_AssignmentRules_AddNewAssignmentRuleTest.Verify_AssignmentRules_CreateAssignmentRule_OustisdeHoursY(TC12_AdminPortal_Faxes_AssignmentRules_AddNewAssignmentRuleTest.java:146)
at java.base/jdk.internal.reflect.NativeMethodAccessorImpl.invoke0(Native Method)
at java.base/jdk.internal.reflect.NativeMethodAccessorImpl.invoke(NativeMethodAccessorImpl.java:78)
at java.base/jdk.internal.reflect.DelegatingMethodAccessorImpl.invoke(DelegatingMethodAccessorImpl.java:43)
at java.base/java.lang.reflect.Method.invoke(Method.java:567)
at org.testng.internal.MethodInvocationHelper.invokeMethod(MethodInvocationHelper.java:133)
at org.testng.internal.TestInvoker.invokeMethod(TestInvoker.java:598)
at org.testng.internal.TestInvoker.invokeTestMethod(TestInvoker.java:173)
at org.testng.internal.MethodRunner.runInSequence(MethodRunner.java:46)
at org.testng.internal.TestInvoker$MethodInvocationAgent.invoke(TestInvoker.java:824)
at org.testng.internal.TestInvoker.invokeTestMethods(TestInvoker.java:146)
at org.testng.internal.TestMethodWorker.invokeTestMethods(TestMethodWorker.java:146)
at org.testng.internal.TestMethodWorker.run(TestMethodWorker.java:128)
at java.base/java.util.ArrayList.forEach(ArrayList.java:1511)
at org.testng.TestRunner.privateRun(TestRunner.java:794)
at org.testng.TestRunner.run(TestRunner.java:596)
at org.testng.SuiteRunner.runTest(SuiteRunner.java:377)
at org.testng.SuiteRunner.runSequentially(SuiteRunner.java:371)
at org.testng.SuiteRunner.privateRun(SuiteRunner.java:332)
at org.testng.SuiteRunner.run(SuiteRunner.java:276)
at org.testng.SuiteRunnerWorker.runSuite(SuiteRunnerWorker.java:53)
at org.testng.SuiteRunnerWorker.run(SuiteRunnerWorker.java:96)
at org.testng.TestNG.runSuitesSequentially(TestNG.java:1212)
at org.testng.TestNG.runSuitesLocally(TestNG.java:1134)
at org.testng.TestNG.runSuites(TestNG.java:1063)
at org.testng.TestNG.run(TestNG.java:1031)
at org.testng.remote.AbstractRemoteTestNG.run(AbstractRemoteTestNG.java:115)
at org.testng.remote.RemoteTestNG.initAndRun(RemoteTestNG.java:251)
at org.testng.remote.RemoteTestNG.main(RemoteTestNG.java:77)
]]>
    </failure>
  </testcase> <!-- Verify_AssignmentRules_CreateAssignmentRule_OustisdeHoursY -->
  <testcase classname="com.Replatform.qa.Fax.test.TC13_AdminPortal_Faxes_AssignmentRules_VerifyFieldValidationMsgTest" name="Verify_AssignmentRules_FieldValidationMsgs" time="22.368"/>
  <testcase classname="com.Replatform.qa.Fax.test.TC14_AdminPortal_Faxes_AssignmentRules_UpdateAssignmentRuleTest" name="Verify_AssignmentRules_UpdateAssignmentRule_OustisdeHoursN" time="17.705"/>
  <testcase classname="com.Replatform.qa.Fax.test.TC14_AdminPortal_Faxes_AssignmentRules_UpdateAssignmentRuleTest" name="Verify_AssignmentRules_UpdateAssignmentRule_OustisdeHoursYToOutsideHoursN" time="17.945"/>
  <testcase classname="com.Replatform.qa.Fax.test.TC14_AdminPortal_Faxes_AssignmentRules_UpdateAssignmentRuleTest" name="Verify_AssignmentRules_UpdateAssignmentRule_OutsideHoursYToOutsideHoursN" time="17.04"/>
  <testcase classname="com.Replatform.qa.Fax.test.TC15_AdminPortal_Faxes_Assignments" name="Verify_Assignments_AssignFaxFromOneUserToAnother_DrugReimbursement" time="133.036"/>
  <testcase classname="com.Replatform.qa.Fax.test.TC16_AdminPortal_Faxes_Assignments_VerifyPage" name="Verify_Assignments_PageContent" time="22.071"/>
  <testcase classname="com.adminXolair.qa.providerstest.tests.TC01_AdminPortal_PG_GP_VerifyRequiredFieldsInGPNewPage" name="VerifyMaxCharLimitForRequiredFieldsInGroupPracticeNewPage" time="20.368"/>
  <testcase classname="com.adminXolair.qa.providerstest.tests.TC01_AdminPortal_PG_GP_VerifyRequiredFieldsInGPNewPage" name="VerifyRequiredFieldsInNewGroupPracticePage" time="17.734"/>
  <testcase classname="com.adminXolair.qa.providerstest.tests.TC03_AdminPortal_PG_GP_FindGPTest" name="SearchProviderGroupByLastName" time="22.77">
    <failure type="java.lang.AssertionError" message="expected [Parent Provider ID] but found [NPI]">
      <![CDATA[java.lang.AssertionError: expected [Parent Provider ID] but found [NPI]
at org.testng.Assert.fail(Assert.java:99)
at org.testng.Assert.failNotEquals(Assert.java:1037)
at org.testng.Assert.assertEqualsImpl(Assert.java:140)
at org.testng.Assert.assertEquals(Assert.java:122)
at org.testng.Assert.assertEquals(Assert.java:629)
at org.testng.Assert.assertEquals(Assert.java:639)
at com.adminXolair.qa.providerstest.tests.TC03_AdminPortal_PG_GP_FindGPTest.SearchProviderGroupByLastName(TC03_AdminPortal_PG_GP_FindGPTest.java:156)
at java.base/jdk.internal.reflect.NativeMethodAccessorImpl.invoke0(Native Method)
at java.base/jdk.internal.reflect.NativeMethodAccessorImpl.invoke(NativeMethodAccessorImpl.java:78)
at java.base/jdk.internal.reflect.DelegatingMethodAccessorImpl.invoke(DelegatingMethodAccessorImpl.java:43)
at java.base/java.lang.reflect.Method.invoke(Method.java:567)
at org.testng.internal.MethodInvocationHelper.invokeMethod(MethodInvocationHelper.java:133)
at org.testng.internal.TestInvoker.invokeMethod(TestInvoker.java:598)
at org.testng.internal.TestInvoker.invokeTestMethod(TestInvoker.java:173)
at org.testng.internal.MethodRunner.runInSequence(MethodRunner.java:46)
at org.testng.internal.TestInvoker$MethodInvocationAgent.invoke(TestInvoker.java:824)
at org.testng.internal.TestInvoker.invokeTestMethods(TestInvoker.java:146)
at org.testng.internal.TestMethodWorker.invokeTestMethods(TestMethodWorker.java:146)
at org.testng.internal.TestMethodWorker.run(TestMethodWorker.java:128)
at java.base/java.util.ArrayList.forEach(ArrayList.java:1511)
at org.testng.TestRunner.privateRun(TestRunner.java:794)
at org.testng.TestRunner.run(TestRunner.java:596)
at org.testng.SuiteRunner.runTest(SuiteRunner.java:377)
at org.testng.SuiteRunner.runSequentially(SuiteRunner.java:371)
at org.testng.SuiteRunner.privateRun(SuiteRunner.java:332)
at org.testng.SuiteRunner.run(SuiteRunner.java:276)
at org.testng.SuiteRunnerWorker.runSuite(SuiteRunnerWorker.java:53)
at org.testng.SuiteRunnerWorker.run(SuiteRunnerWorker.java:96)
at org.testng.TestNG.runSuitesSequentially(TestNG.java:1212)
at org.testng.TestNG.runSuitesLocally(TestNG.java:1134)
at org.testng.TestNG.runSuites(TestNG.java:1063)
at org.testng.TestNG.run(TestNG.java:1031)
at org.testng.remote.AbstractRemoteTestNG.run(AbstractRemoteTestNG.java:115)
at org.testng.remote.RemoteTestNG.initAndRun(RemoteTestNG.java:251)
at org.testng.remote.RemoteTestNG.main(RemoteTestNG.java:77)
]]>
    </failure>
  </testcase> <!-- SearchProviderGroupByLastName -->
  <testcase classname="com.adminXolair.qa.providerstest.tests.TC03_AdminPortal_PG_GP_FindGPTest" name="VerifyNumberOfRecordsBtwFindAndListAll" time="15.486"/>
  <testcase classname="com.adminXolair.qa.providerstest.tests.TC04_AdminPortal_PG_GP_VerifyListPageTest" name="CrossVerifyGPCountsBetweenAlphabetListAndFindPage" time="19.297"/>
  <testcase classname="com.adminXolair.qa.providerstest.tests.TC04_AdminPortal_PG_GP_VerifyListPageTest" name="verify_PG_GP_ListPageContent" time="16.492">
    <failure type="java.lang.AssertionError" message="expected [Parent Provider ID] but found [NPI]">
      <![CDATA[java.lang.AssertionError: expected [Parent Provider ID] but found [NPI]
at org.testng.Assert.fail(Assert.java:99)
at org.testng.Assert.failNotEquals(Assert.java:1037)
at org.testng.Assert.assertEqualsImpl(Assert.java:140)
at org.testng.Assert.assertEquals(Assert.java:122)
at org.testng.Assert.assertEquals(Assert.java:629)
at org.testng.Assert.assertEquals(Assert.java:639)
at com.adminXolair.qa.providerstest.tests.TC04_AdminPortal_PG_GP_VerifyListPageTest.verify_PG_GP_ListPageContent(TC04_AdminPortal_PG_GP_VerifyListPageTest.java:93)
at java.base/jdk.internal.reflect.NativeMethodAccessorImpl.invoke0(Native Method)
at java.base/jdk.internal.reflect.NativeMethodAccessorImpl.invoke(NativeMethodAccessorImpl.java:78)
at java.base/jdk.internal.reflect.DelegatingMethodAccessorImpl.invoke(DelegatingMethodAccessorImpl.java:43)
at java.base/java.lang.reflect.Method.invoke(Method.java:567)
at org.testng.internal.MethodInvocationHelper.invokeMethod(MethodInvocationHelper.java:133)
at org.testng.internal.TestInvoker.invokeMethod(TestInvoker.java:598)
at org.testng.internal.TestInvoker.invokeTestMethod(TestInvoker.java:173)
at org.testng.internal.MethodRunner.runInSequence(MethodRunner.java:46)
at org.testng.internal.TestInvoker$MethodInvocationAgent.invoke(TestInvoker.java:824)
at org.testng.internal.TestInvoker.invokeTestMethods(TestInvoker.java:146)
at org.testng.internal.TestMethodWorker.invokeTestMethods(TestMethodWorker.java:146)
at org.testng.internal.TestMethodWorker.run(TestMethodWorker.java:128)
at java.base/java.util.ArrayList.forEach(ArrayList.java:1511)
at org.testng.TestRunner.privateRun(TestRunner.java:794)
at org.testng.TestRunner.run(TestRunner.java:596)
at org.testng.SuiteRunner.runTest(SuiteRunner.java:377)
at org.testng.SuiteRunner.runSequentially(SuiteRunner.java:371)
at org.testng.SuiteRunner.privateRun(SuiteRunner.java:332)
at org.testng.SuiteRunner.run(SuiteRunner.java:276)
at org.testng.SuiteRunnerWorker.runSuite(SuiteRunnerWorker.java:53)
at org.testng.SuiteRunnerWorker.run(SuiteRunnerWorker.java:96)
at org.testng.TestNG.runSuitesSequentially(TestNG.java:1212)
at org.testng.TestNG.runSuitesLocally(TestNG.java:1134)
at org.testng.TestNG.runSuites(TestNG.java:1063)
at org.testng.TestNG.run(TestNG.java:1031)
at org.testng.remote.AbstractRemoteTestNG.run(AbstractRemoteTestNG.java:115)
at org.testng.remote.RemoteTestNG.initAndRun(RemoteTestNG.java:251)
at org.testng.remote.RemoteTestNG.main(RemoteTestNG.java:77)
]]>
    </failure>
  </testcase> <!-- verify_PG_GP_ListPageContent -->
  <testcase classname="com.adminXolair.qa.providerstest.tests.TC05_AdminPortal_PG_GP_VerifyUpdatesToGPAndCardInfoPageTest" name="verifyUpdatesToGPAndCardInfoTab" time="78.525"/>
  <testcase classname="com.adminXolair.qa.providerstest.tests.TC06_AdminPortal_PG_GP_VerifyProvidersTabInGPAndCardInfoPageTest" name="Verify_PG_GP_ProvidersTab" time="32.72"/>
  <testcase classname="com.adminXolair.qa.providerstest.tests.TC07_AdminPortal_PG_GP_VerifyMandatoryFieldsInProvidersTabTest" name="Verify_PG_GP_ProvidersTab_RequiredFieldsMsg" time="32.734"/>
  <testcase classname="com.adminXolair.qa.providerstest.tests.TC08_AdminPortal_PG_GP_VerifyAbilityToAddPhysicianInGPAndUngroupGPInPhysicianParentProvidersTabTest" name="Verify_PG_GP_ProvidersTab_AddAndUngroupProviderByProviderLastName" time="43.868">
    <failure type="java.lang.AssertionError" message="expected [Added provider ADAMS SERRHEL ( Levine) to the group] but found [Added provider Asano Matthew ( Levine) to the group]">
      <![CDATA[java.lang.AssertionError: expected [Added provider ADAMS SERRHEL ( Levine) to the group] but found [Added provider Asano Matthew ( Levine) to the group]
at org.testng.Assert.fail(Assert.java:99)
at org.testng.Assert.failNotEquals(Assert.java:1037)
at org.testng.Assert.assertEqualsImpl(Assert.java:140)
at org.testng.Assert.assertEquals(Assert.java:122)
at org.testng.Assert.assertEquals(Assert.java:629)
at org.testng.Assert.assertEquals(Assert.java:639)
at com.adminXolair.qa.providerstest.tests.TC08_AdminPortal_PG_GP_VerifyAbilityToAddPhysicianInGPAndUngroupGPInPhysicianParentProvidersTabTest.Verify_PG_GP_ProvidersTab_AddAndUngroupProviderByProviderLastName(TC08_AdminPortal_PG_GP_VerifyAbilityToAddPhysicianInGPAndUngro.java:213)
at java.base/jdk.internal.reflect.NativeMethodAccessorImpl.invoke0(Native Method)
at java.base/jdk.internal.reflect.NativeMethodAccessorImpl.invoke(NativeMethodAccessorImpl.java:78)
at java.base/jdk.internal.reflect.DelegatingMethodAccessorImpl.invoke(DelegatingMethodAccessorImpl.java:43)
at java.base/java.lang.reflect.Method.invoke(Method.java:567)
at org.testng.internal.MethodInvocationHelper.invokeMethod(MethodInvocationHelper.java:133)
at org.testng.internal.TestInvoker.invokeMethod(TestInvoker.java:598)
at org.testng.internal.TestInvoker.invokeTestMethod(TestInvoker.java:173)
at org.testng.internal.MethodRunner.runInSequence(MethodRunner.java:46)
at org.testng.internal.TestInvoker$MethodInvocationAgent.invoke(TestInvoker.java:824)
at org.testng.internal.TestInvoker.invokeTestMethods(TestInvoker.java:146)
at org.testng.internal.TestMethodWorker.invokeTestMethods(TestMethodWorker.java:146)
at org.testng.internal.TestMethodWorker.run(TestMethodWorker.java:128)
at java.base/java.util.ArrayList.forEach(ArrayList.java:1511)
at org.testng.TestRunner.privateRun(TestRunner.java:794)
at org.testng.TestRunner.run(TestRunner.java:596)
at org.testng.SuiteRunner.runTest(SuiteRunner.java:377)
at org.testng.SuiteRunner.runSequentially(SuiteRunner.java:371)
at org.testng.SuiteRunner.privateRun(SuiteRunner.java:332)
at org.testng.SuiteRunner.run(SuiteRunner.java:276)
at org.testng.SuiteRunnerWorker.runSuite(SuiteRunnerWorker.java:53)
at org.testng.SuiteRunnerWorker.run(SuiteRunnerWorker.java:96)
at org.testng.TestNG.runSuitesSequentially(TestNG.java:1212)
at org.testng.TestNG.runSuitesLocally(TestNG.java:1134)
at org.testng.TestNG.runSuites(TestNG.java:1063)
at org.testng.TestNG.run(TestNG.java:1031)
at org.testng.remote.AbstractRemoteTestNG.run(AbstractRemoteTestNG.java:115)
at org.testng.remote.RemoteTestNG.initAndRun(RemoteTestNG.java:251)
at org.testng.remote.RemoteTestNG.main(RemoteTestNG.java:77)
]]>
    </failure>
  </testcase> <!-- Verify_PG_GP_ProvidersTab_AddAndUngroupProviderByProviderLastName -->
  <testcase classname="com.adminXolair.qa.providerstest.tests.TC08_AdminPortal_PG_GP_VerifyAbilityToAddPhysicianInGPAndUngroupGPInPhysicianParentProvidersTabTest" name="Verify_PG_GP_ProvidersTab_AddAndUngroupProviderByProviderNPI" time="94.778"/>
  <testcase classname="com.adminXolair.qa.providerstest.tests.TC08_AdminPortal_PG_GP_VerifyAbilityToAddPhysicianInGPAndUngroupGPInPhysicianParentProvidersTabTest" name="Verify_PG_GP_ProvidersTab_AddAndUngroupProviderByProviderName" time="96.929"/>
  <testcase classname="com.adminXolair.qa.providerstest.tests.TC09_AdminPortal_PG_GP_VerifyAbilityToAddAndUngroupPhysicianInGPTest" name="Verify_Providers_ParentProvidersTab_AddAndUngroupProvider" time="103.724"/>
  <testcase classname="com.adminXolair.qa.providerstest.tests.TC10_AdminPortal_PG_GP_NavigateToPatientInfoTabFromGPTest" name="VerifyPatientsTabContentInGP_DrugReimbursement" time="87.082"/>
  <testcase classname="com.adminXolair.qa.providerstest.tests.TC11_AdminPortal_PG_GP_VerifyAbilityToAddNotesToGPTest" name="VerifyAbilityToAddNotesInGP" time="46.456"/>
  <testcase classname="com.adminXolair.qa.providerstest.tests.TC11_AdminPortal_PG_GP_VerifyAbilityToAddNotesToGPTest" name="VerifyFieldRequiredMsgForNotesInGP" time="74.881">
    <failure type="org.openqa.selenium.NoSuchElementException" message="no such element: Unable to locate element: {&amp;quot;method&amp;quot;:&amp;quot;xpath&amp;quot;,&amp;quot;selector&amp;quot;:&amp;quot;//*[@id=&amp;apos;providers-list&amp;apos;]/tbody/tr//*[@name=&amp;apos;Review&amp;apos;]&amp;quot;}
  (Session info: chrome=98.0.4758.82)
For documentation on this error, please visit: https://www.seleniumhq.org/exceptions/no_such_element.html
Build info: version: &amp;apos;3.141.59&amp;apos;, revision: &amp;apos;e82be7d358&amp;apos;, time: &amp;apos;2018-11-14T08:17:03&amp;apos;
System info: host: &amp;apos;LPANDIRI-E7440&amp;apos;, ip: &amp;apos;10.5.220.115&amp;apos;, os.name: &amp;apos;Windows 10&amp;apos;, os.arch: &amp;apos;amd64&amp;apos;, os.version: &amp;apos;10.0&amp;apos;, java.version: &amp;apos;16.0.2&amp;apos;
Driver info: org.openqa.selenium.chrome.ChromeDriver
Capabilities {acceptInsecureCerts: false, browserName: chrome, browserVersion: 98.0.4758.82, chrome: {chromedriverVersion: 97.0.4692.71 (adefa7837d02a..., userDataDir: C:\Users\LAHARI~1.PAN\AppDa...}, goog:chromeOptions: {debuggerAddress: localhost:60682}, javascriptEnabled: true, networkConnectionEnabled: false, pageLoadStrategy: normal, platform: WINDOWS, platformName: WINDOWS, proxy: Proxy(), setWindowRect: true, strictFileInteractability: false, timeouts: {implicit: 0, pageLoad: 300000, script: 30000}, unhandledPromptBehavior: dismiss and notify, webauthn:extension:credBlob: true, webauthn:extension:largeBlob: true, webauthn:virtualAuthenticators: true}
Session ID: 80aee8c1cc5e1d5e25c37ab304c95b3a
*** Element info: {Using=xpath, value=//*[@id=&amp;apos;providers-list&amp;apos;]/tbody/tr//*[@name=&amp;apos;Review&amp;apos;]}">
      <![CDATA[org.openqa.selenium.NoSuchElementException: no such element: Unable to locate element: {"method":"xpath","selector":"//*[@id='providers-list']/tbody/tr//*[@name='Review']"}
  (Session info: chrome=98.0.4758.82)
For documentation on this error, please visit: https://www.seleniumhq.org/exceptions/no_such_element.html
Build info: version: '3.141.59', revision: 'e82be7d358', time: '2018-11-14T08:17:03'
System info: host: 'LPANDIRI-E7440', ip: '10.5.220.115', os.name: 'Windows 10', os.arch: 'amd64', os.version: '10.0', java.version: '16.0.2'
Driver info: org.openqa.selenium.chrome.ChromeDriver
Capabilities {acceptInsecureCerts: false, browserName: chrome, browserVersion: 98.0.4758.82, chrome: {chromedriverVersion: 97.0.4692.71 (adefa7837d02a..., userDataDir: C:\Users\LAHARI~1.PAN\AppDa...}, goog:chromeOptions: {debuggerAddress: localhost:60682}, javascriptEnabled: true, networkConnectionEnabled: false, pageLoadStrategy: normal, platform: WINDOWS, platformName: WINDOWS, proxy: Proxy(), setWindowRect: true, strictFileInteractability: false, timeouts: {implicit: 0, pageLoad: 300000, script: 30000}, unhandledPromptBehavior: dismiss and notify, webauthn:extension:credBlob: true, webauthn:extension:largeBlob: true, webauthn:virtualAuthenticators: true}
Session ID: 80aee8c1cc5e1d5e25c37ab304c95b3a
*** Element info: {Using=xpath, value=//*[@id='providers-list']/tbody/tr//*[@name='Review']}
at java.base/jdk.internal.reflect.NativeConstructorAccessorImpl.newInstance0(Native Method)
at java.base/jdk.internal.reflect.NativeConstructorAccessorImpl.newInstance(NativeConstructorAccessorImpl.java:78)
at java.base/jdk.internal.reflect.DelegatingConstructorAccessorImpl.newInstance(DelegatingConstructorAccessorImpl.java:45)
at java.base/java.lang.reflect.Constructor.newInstanceWithCaller(Constructor.java:499)
at java.base/java.lang.reflect.Constructor.newInstance(Constructor.java:480)
at org.openqa.selenium.remote.http.W3CHttpResponseCodec.createException(W3CHttpResponseCodec.java:187)
at org.openqa.selenium.remote.http.W3CHttpResponseCodec.decode(W3CHttpResponseCodec.java:122)
at org.openqa.selenium.remote.http.W3CHttpResponseCodec.decode(W3CHttpResponseCodec.java:49)
at org.openqa.selenium.remote.HttpCommandExecutor.execute(HttpCommandExecutor.java:158)
at org.openqa.selenium.remote.service.DriverCommandExecutor.execute(DriverCommandExecutor.java:83)
at org.openqa.selenium.remote.RemoteWebDriver.execute(RemoteWebDriver.java:552)
at org.openqa.selenium.remote.RemoteWebDriver.findElement(RemoteWebDriver.java:323)
at org.openqa.selenium.remote.RemoteWebDriver.findElementByXPath(RemoteWebDriver.java:428)
at org.openqa.selenium.By$ByXPath.findElement(By.java:353)
at org.openqa.selenium.remote.RemoteWebDriver.findElement(RemoteWebDriver.java:315)
at com.juno.qa.pages.AdminPortal_PG_GP_FindPage.FirstReviewLinkInSearchGrid(AdminPortal_PG_GP_FindPage.java:194)
at com.adminXolair.qa.providerstest.tests.TC11_AdminPortal_PG_GP_VerifyAbilityToAddNotesToGPTest.VerifyFieldRequiredMsgForNotesInGP(TC11_AdminPortal_PG_GP_VerifyAbilityToAddNotesToGPTest.java:93)
at java.base/jdk.internal.reflect.NativeMethodAccessorImpl.invoke0(Native Method)
at java.base/jdk.internal.reflect.NativeMethodAccessorImpl.invoke(NativeMethodAccessorImpl.java:78)
at java.base/jdk.internal.reflect.DelegatingMethodAccessorImpl.invoke(DelegatingMethodAccessorImpl.java:43)
at java.base/java.lang.reflect.Method.invoke(Method.java:567)
at org.testng.internal.MethodInvocationHelper.invokeMethod(MethodInvocationHelper.java:133)
at org.testng.internal.TestInvoker.invokeMethod(TestInvoker.java:598)
at org.testng.internal.TestInvoker.invokeTestMethod(TestInvoker.java:173)
at org.testng.internal.MethodRunner.runInSequence(MethodRunner.java:46)
at org.testng.internal.TestInvoker$MethodInvocationAgent.invoke(TestInvoker.java:824)
at org.testng.internal.TestInvoker.invokeTestMethods(TestInvoker.java:146)
at org.testng.internal.TestMethodWorker.invokeTestMethods(TestMethodWorker.java:146)
at org.testng.internal.TestMethodWorker.run(TestMethodWorker.java:128)
at java.base/java.util.ArrayList.forEach(ArrayList.java:1511)
at org.testng.TestRunner.privateRun(TestRunner.java:794)
at org.testng.TestRunner.run(TestRunner.java:596)
at org.testng.SuiteRunner.runTest(SuiteRunner.java:377)
at org.testng.SuiteRunner.runSequentially(SuiteRunner.java:371)
at org.testng.SuiteRunner.privateRun(SuiteRunner.java:332)
at org.testng.SuiteRunner.run(SuiteRunner.java:276)
at org.testng.SuiteRunnerWorker.runSuite(SuiteRunnerWorker.java:53)
at org.testng.SuiteRunnerWorker.run(SuiteRunnerWorker.java:96)
at org.testng.TestNG.runSuitesSequentially(TestNG.java:1212)
at org.testng.TestNG.runSuitesLocally(TestNG.java:1134)
at org.testng.TestNG.runSuites(TestNG.java:1063)
at org.testng.TestNG.run(TestNG.java:1031)
at org.testng.remote.AbstractRemoteTestNG.run(AbstractRemoteTestNG.java:115)
at org.testng.remote.RemoteTestNG.initAndRun(RemoteTestNG.java:251)
at org.testng.remote.RemoteTestNG.main(RemoteTestNG.java:77)
]]>
    </failure>
  </testcase> <!-- VerifyFieldRequiredMsgForNotesInGP -->
  <testcase classname="com.adminXolair.qa.providerstest.tests.TC12_AdminPortal_PG_GP_VerifyAbilityToUpdateNotesInGPTest" name="VerifyUpdatingNotesToGP" time="74.973">
    <failure type="org.openqa.selenium.NoSuchElementException" message="no such element: Unable to locate element: {&amp;quot;method&amp;quot;:&amp;quot;xpath&amp;quot;,&amp;quot;selector&amp;quot;:&amp;quot;//*[@id=&amp;apos;providers-list&amp;apos;]/tbody/tr//*[@name=&amp;apos;Review&amp;apos;]&amp;quot;}
  (Session info: chrome=98.0.4758.82)
For documentation on this error, please visit: https://www.seleniumhq.org/exceptions/no_such_element.html
Build info: version: &amp;apos;3.141.59&amp;apos;, revision: &amp;apos;e82be7d358&amp;apos;, time: &amp;apos;2018-11-14T08:17:03&amp;apos;
System info: host: &amp;apos;LPANDIRI-E7440&amp;apos;, ip: &amp;apos;10.5.220.115&amp;apos;, os.name: &amp;apos;Windows 10&amp;apos;, os.arch: &amp;apos;amd64&amp;apos;, os.version: &amp;apos;10.0&amp;apos;, java.version: &amp;apos;16.0.2&amp;apos;
Driver info: org.openqa.selenium.chrome.ChromeDriver
Capabilities {acceptInsecureCerts: false, browserName: chrome, browserVersion: 98.0.4758.82, chrome: {chromedriverVersion: 97.0.4692.71 (adefa7837d02a..., userDataDir: C:\Users\LAHARI~1.PAN\AppDa...}, goog:chromeOptions: {debuggerAddress: localhost:60748}, javascriptEnabled: true, networkConnectionEnabled: false, pageLoadStrategy: normal, platform: WINDOWS, platformName: WINDOWS, proxy: Proxy(), setWindowRect: true, strictFileInteractability: false, timeouts: {implicit: 0, pageLoad: 300000, script: 30000}, unhandledPromptBehavior: dismiss and notify, webauthn:extension:credBlob: true, webauthn:extension:largeBlob: true, webauthn:virtualAuthenticators: true}
Session ID: 1858761d3d13e41d2f7df09249a83e1a
*** Element info: {Using=xpath, value=//*[@id=&amp;apos;providers-list&amp;apos;]/tbody/tr//*[@name=&amp;apos;Review&amp;apos;]}">
      <![CDATA[org.openqa.selenium.NoSuchElementException: no such element: Unable to locate element: {"method":"xpath","selector":"//*[@id='providers-list']/tbody/tr//*[@name='Review']"}
  (Session info: chrome=98.0.4758.82)
For documentation on this error, please visit: https://www.seleniumhq.org/exceptions/no_such_element.html
Build info: version: '3.141.59', revision: 'e82be7d358', time: '2018-11-14T08:17:03'
System info: host: 'LPANDIRI-E7440', ip: '10.5.220.115', os.name: 'Windows 10', os.arch: 'amd64', os.version: '10.0', java.version: '16.0.2'
Driver info: org.openqa.selenium.chrome.ChromeDriver
Capabilities {acceptInsecureCerts: false, browserName: chrome, browserVersion: 98.0.4758.82, chrome: {chromedriverVersion: 97.0.4692.71 (adefa7837d02a..., userDataDir: C:\Users\LAHARI~1.PAN\AppDa...}, goog:chromeOptions: {debuggerAddress: localhost:60748}, javascriptEnabled: true, networkConnectionEnabled: false, pageLoadStrategy: normal, platform: WINDOWS, platformName: WINDOWS, proxy: Proxy(), setWindowRect: true, strictFileInteractability: false, timeouts: {implicit: 0, pageLoad: 300000, script: 30000}, unhandledPromptBehavior: dismiss and notify, webauthn:extension:credBlob: true, webauthn:extension:largeBlob: true, webauthn:virtualAuthenticators: true}
Session ID: 1858761d3d13e41d2f7df09249a83e1a
*** Element info: {Using=xpath, value=//*[@id='providers-list']/tbody/tr//*[@name='Review']}
at java.base/jdk.internal.reflect.NativeConstructorAccessorImpl.newInstance0(Native Method)
at java.base/jdk.internal.reflect.NativeConstructorAccessorImpl.newInstance(NativeConstructorAccessorImpl.java:78)
at java.base/jdk.internal.reflect.DelegatingConstructorAccessorImpl.newInstance(DelegatingConstructorAccessorImpl.java:45)
at java.base/java.lang.reflect.Constructor.newInstanceWithCaller(Constructor.java:499)
at java.base/java.lang.reflect.Constructor.newInstance(Constructor.java:480)
at org.openqa.selenium.remote.http.W3CHttpResponseCodec.createException(W3CHttpResponseCodec.java:187)
at org.openqa.selenium.remote.http.W3CHttpResponseCodec.decode(W3CHttpResponseCodec.java:122)
at org.openqa.selenium.remote.http.W3CHttpResponseCodec.decode(W3CHttpResponseCodec.java:49)
at org.openqa.selenium.remote.HttpCommandExecutor.execute(HttpCommandExecutor.java:158)
at org.openqa.selenium.remote.service.DriverCommandExecutor.execute(DriverCommandExecutor.java:83)
at org.openqa.selenium.remote.RemoteWebDriver.execute(RemoteWebDriver.java:552)
at org.openqa.selenium.remote.RemoteWebDriver.findElement(RemoteWebDriver.java:323)
at org.openqa.selenium.remote.RemoteWebDriver.findElementByXPath(RemoteWebDriver.java:428)
at org.openqa.selenium.By$ByXPath.findElement(By.java:353)
at org.openqa.selenium.remote.RemoteWebDriver.findElement(RemoteWebDriver.java:315)
at com.juno.qa.pages.AdminPortal_PG_GP_FindPage.FirstReviewLinkInSearchGrid(AdminPortal_PG_GP_FindPage.java:194)
at com.adminXolair.qa.providerstest.tests.TC12_AdminPortal_PG_GP_VerifyAbilityToUpdateNotesInGPTest.VerifyUpdatingNotesToGP(TC12_AdminPortal_PG_GP_VerifyAbilityToUpdateNotesInGPTest.java:100)
at java.base/jdk.internal.reflect.NativeMethodAccessorImpl.invoke0(Native Method)
at java.base/jdk.internal.reflect.NativeMethodAccessorImpl.invoke(NativeMethodAccessorImpl.java:78)
at java.base/jdk.internal.reflect.DelegatingMethodAccessorImpl.invoke(DelegatingMethodAccessorImpl.java:43)
at java.base/java.lang.reflect.Method.invoke(Method.java:567)
at org.testng.internal.MethodInvocationHelper.invokeMethod(MethodInvocationHelper.java:133)
at org.testng.internal.TestInvoker.invokeMethod(TestInvoker.java:598)
at org.testng.internal.TestInvoker.invokeTestMethod(TestInvoker.java:173)
at org.testng.internal.MethodRunner.runInSequence(MethodRunner.java:46)
at org.testng.internal.TestInvoker$MethodInvocationAgent.invoke(TestInvoker.java:824)
at org.testng.internal.TestInvoker.invokeTestMethods(TestInvoker.java:146)
at org.testng.internal.TestMethodWorker.invokeTestMethods(TestMethodWorker.java:146)
at org.testng.internal.TestMethodWorker.run(TestMethodWorker.java:128)
at java.base/java.util.ArrayList.forEach(ArrayList.java:1511)
at org.testng.TestRunner.privateRun(TestRunner.java:794)
at org.testng.TestRunner.run(TestRunner.java:596)
at org.testng.SuiteRunner.runTest(SuiteRunner.java:377)
at org.testng.SuiteRunner.runSequentially(SuiteRunner.java:371)
at org.testng.SuiteRunner.privateRun(SuiteRunner.java:332)
at org.testng.SuiteRunner.run(SuiteRunner.java:276)
at org.testng.SuiteRunnerWorker.runSuite(SuiteRunnerWorker.java:53)
at org.testng.SuiteRunnerWorker.run(SuiteRunnerWorker.java:96)
at org.testng.TestNG.runSuitesSequentially(TestNG.java:1212)
at org.testng.TestNG.runSuitesLocally(TestNG.java:1134)
at org.testng.TestNG.runSuites(TestNG.java:1063)
at org.testng.TestNG.run(TestNG.java:1031)
at org.testng.remote.AbstractRemoteTestNG.run(AbstractRemoteTestNG.java:115)
at org.testng.remote.RemoteTestNG.initAndRun(RemoteTestNG.java:251)
at org.testng.remote.RemoteTestNG.main(RemoteTestNG.java:77)
]]>
    </failure>
  </testcase> <!-- VerifyUpdatingNotesToGP -->
  <testcase classname="com.adminXolair.qa.providerstest.tests.TC13_AdminPortal_PG_BO_VerifyFindPageTest" name="SearchProviderGroupByLastNameInBO" time="79.173">
    <failure type="org.openqa.selenium.NoSuchElementException" message="no such element: Unable to locate element: {&amp;quot;method&amp;quot;:&amp;quot;xpath&amp;quot;,&amp;quot;selector&amp;quot;:&amp;quot;//table[@id=&amp;apos;providers-list&amp;apos;]//*[@value=&amp;apos;Review&amp;apos;]&amp;quot;}
  (Session info: chrome=98.0.4758.82)
For documentation on this error, please visit: https://www.seleniumhq.org/exceptions/no_such_element.html
Build info: version: &amp;apos;3.141.59&amp;apos;, revision: &amp;apos;e82be7d358&amp;apos;, time: &amp;apos;2018-11-14T08:17:03&amp;apos;
System info: host: &amp;apos;LPANDIRI-E7440&amp;apos;, ip: &amp;apos;10.5.220.115&amp;apos;, os.name: &amp;apos;Windows 10&amp;apos;, os.arch: &amp;apos;amd64&amp;apos;, os.version: &amp;apos;10.0&amp;apos;, java.version: &amp;apos;16.0.2&amp;apos;
Driver info: org.openqa.selenium.chrome.ChromeDriver
Capabilities {acceptInsecureCerts: false, browserName: chrome, browserVersion: 98.0.4758.82, chrome: {chromedriverVersion: 97.0.4692.71 (adefa7837d02a..., userDataDir: C:\Users\LAHARI~1.PAN\AppDa...}, goog:chromeOptions: {debuggerAddress: localhost:60808}, javascriptEnabled: true, networkConnectionEnabled: false, pageLoadStrategy: normal, platform: WINDOWS, platformName: WINDOWS, proxy: Proxy(), setWindowRect: true, strictFileInteractability: false, timeouts: {implicit: 0, pageLoad: 300000, script: 30000}, unhandledPromptBehavior: dismiss and notify, webauthn:extension:credBlob: true, webauthn:extension:largeBlob: true, webauthn:virtualAuthenticators: true}
Session ID: 7bacc9fe485243727ea7bc8c08cabd2b
*** Element info: {Using=xpath, value=//table[@id=&amp;apos;providers-list&amp;apos;]//*[@value=&amp;apos;Review&amp;apos;]}">
      <![CDATA[org.openqa.selenium.NoSuchElementException: no such element: Unable to locate element: {"method":"xpath","selector":"//table[@id='providers-list']//*[@value='Review']"}
  (Session info: chrome=98.0.4758.82)
For documentation on this error, please visit: https://www.seleniumhq.org/exceptions/no_such_element.html
Build info: version: '3.141.59', revision: 'e82be7d358', time: '2018-11-14T08:17:03'
System info: host: 'LPANDIRI-E7440', ip: '10.5.220.115', os.name: 'Windows 10', os.arch: 'amd64', os.version: '10.0', java.version: '16.0.2'
Driver info: org.openqa.selenium.chrome.ChromeDriver
Capabilities {acceptInsecureCerts: false, browserName: chrome, browserVersion: 98.0.4758.82, chrome: {chromedriverVersion: 97.0.4692.71 (adefa7837d02a..., userDataDir: C:\Users\LAHARI~1.PAN\AppDa...}, goog:chromeOptions: {debuggerAddress: localhost:60808}, javascriptEnabled: true, networkConnectionEnabled: false, pageLoadStrategy: normal, platform: WINDOWS, platformName: WINDOWS, proxy: Proxy(), setWindowRect: true, strictFileInteractability: false, timeouts: {implicit: 0, pageLoad: 300000, script: 30000}, unhandledPromptBehavior: dismiss and notify, webauthn:extension:credBlob: true, webauthn:extension:largeBlob: true, webauthn:virtualAuthenticators: true}
Session ID: 7bacc9fe485243727ea7bc8c08cabd2b
*** Element info: {Using=xpath, value=//table[@id='providers-list']//*[@value='Review']}
at java.base/jdk.internal.reflect.NativeConstructorAccessorImpl.newInstance0(Native Method)
at java.base/jdk.internal.reflect.NativeConstructorAccessorImpl.newInstance(NativeConstructorAccessorImpl.java:78)
at java.base/jdk.internal.reflect.DelegatingConstructorAccessorImpl.newInstance(DelegatingConstructorAccessorImpl.java:45)
at java.base/java.lang.reflect.Constructor.newInstanceWithCaller(Constructor.java:499)
at java.base/java.lang.reflect.Constructor.newInstance(Constructor.java:480)
at org.openqa.selenium.remote.http.W3CHttpResponseCodec.createException(W3CHttpResponseCodec.java:187)
at org.openqa.selenium.remote.http.W3CHttpResponseCodec.decode(W3CHttpResponseCodec.java:122)
at org.openqa.selenium.remote.http.W3CHttpResponseCodec.decode(W3CHttpResponseCodec.java:49)
at org.openqa.selenium.remote.HttpCommandExecutor.execute(HttpCommandExecutor.java:158)
at org.openqa.selenium.remote.service.DriverCommandExecutor.execute(DriverCommandExecutor.java:83)
at org.openqa.selenium.remote.RemoteWebDriver.execute(RemoteWebDriver.java:552)
at org.openqa.selenium.remote.RemoteWebDriver.findElement(RemoteWebDriver.java:323)
at org.openqa.selenium.remote.RemoteWebDriver.findElementByXPath(RemoteWebDriver.java:428)
at org.openqa.selenium.By$ByXPath.findElement(By.java:353)
at org.openqa.selenium.remote.RemoteWebDriver.findElement(RemoteWebDriver.java:315)
at com.juno.qa.pages.AdminPortal_PG_BO_FindPage.FirstReviewLinkInSearchGrid(AdminPortal_PG_BO_FindPage.java:189)
at com.adminXolair.qa.providerstest.tests.TC13_AdminPortal_PG_BO_VerifyFindPageTest.SearchProviderGroupByLastNameInBO(TC13_AdminPortal_PG_BO_VerifyFindPageTest.java:178)
at java.base/jdk.internal.reflect.NativeMethodAccessorImpl.invoke0(Native Method)
at java.base/jdk.internal.reflect.NativeMethodAccessorImpl.invoke(NativeMethodAccessorImpl.java:78)
at java.base/jdk.internal.reflect.DelegatingMethodAccessorImpl.invoke(DelegatingMethodAccessorImpl.java:43)
at java.base/java.lang.reflect.Method.invoke(Method.java:567)
at org.testng.internal.MethodInvocationHelper.invokeMethod(MethodInvocationHelper.java:133)
at org.testng.internal.TestInvoker.invokeMethod(TestInvoker.java:598)
at org.testng.internal.TestInvoker.invokeTestMethod(TestInvoker.java:173)
at org.testng.internal.MethodRunner.runInSequence(MethodRunner.java:46)
at org.testng.internal.TestInvoker$MethodInvocationAgent.invoke(TestInvoker.java:824)
at org.testng.internal.TestInvoker.invokeTestMethods(TestInvoker.java:146)
at org.testng.internal.TestMethodWorker.invokeTestMethods(TestMethodWorker.java:146)
at org.testng.internal.TestMethodWorker.run(TestMethodWorker.java:128)
at java.base/java.util.ArrayList.forEach(ArrayList.java:1511)
at org.testng.TestRunner.privateRun(TestRunner.java:794)
at org.testng.TestRunner.run(TestRunner.java:596)
at org.testng.SuiteRunner.runTest(SuiteRunner.java:377)
at org.testng.SuiteRunner.runSequentially(SuiteRunner.java:371)
at org.testng.SuiteRunner.privateRun(SuiteRunner.java:332)
at org.testng.SuiteRunner.run(SuiteRunner.java:276)
at org.testng.SuiteRunnerWorker.runSuite(SuiteRunnerWorker.java:53)
at org.testng.SuiteRunnerWorker.run(SuiteRunnerWorker.java:96)
at org.testng.TestNG.runSuitesSequentially(TestNG.java:1212)
at org.testng.TestNG.runSuitesLocally(TestNG.java:1134)
at org.testng.TestNG.runSuites(TestNG.java:1063)
at org.testng.TestNG.run(TestNG.java:1031)
at org.testng.remote.AbstractRemoteTestNG.run(AbstractRemoteTestNG.java:115)
at org.testng.remote.RemoteTestNG.initAndRun(RemoteTestNG.java:251)
at org.testng.remote.RemoteTestNG.main(RemoteTestNG.java:77)
]]>
    </failure>
  </testcase> <!-- SearchProviderGroupByLastNameInBO -->
  <testcase classname="com.adminXolair.qa.providerstest.tests.TC13_AdminPortal_PG_BO_VerifyFindPageTest" name="VerifyNumberOfRecordsBtwFindAndListAllForBO" time="19.582"/>
  <testcase classname="com.adminXolair.qa.providerstest.tests.TC13_AdminPortal_PG_BO_VerifyFindPageTest" name="VerifyPGBOFindPageContent" time="72.27">
    <failure type="org.openqa.selenium.NoSuchElementException" message="no such element: Unable to locate element: {&amp;quot;method&amp;quot;:&amp;quot;link text&amp;quot;,&amp;quot;selector&amp;quot;:&amp;quot;Search Provider&amp;quot;}
  (Session info: chrome=98.0.4758.82)
For documentation on this error, please visit: https://www.seleniumhq.org/exceptions/no_such_element.html
Build info: version: &amp;apos;3.141.59&amp;apos;, revision: &amp;apos;e82be7d358&amp;apos;, time: &amp;apos;2018-11-14T08:17:03&amp;apos;
System info: host: &amp;apos;LPANDIRI-E7440&amp;apos;, ip: &amp;apos;10.5.220.115&amp;apos;, os.name: &amp;apos;Windows 10&amp;apos;, os.arch: &amp;apos;amd64&amp;apos;, os.version: &amp;apos;10.0&amp;apos;, java.version: &amp;apos;16.0.2&amp;apos;
Driver info: org.openqa.selenium.chrome.ChromeDriver
Capabilities {acceptInsecureCerts: false, browserName: chrome, browserVersion: 98.0.4758.82, chrome: {chromedriverVersion: 97.0.4692.71 (adefa7837d02a..., userDataDir: C:\Users\LAHARI~1.PAN\AppDa...}, goog:chromeOptions: {debuggerAddress: localhost:60896}, javascriptEnabled: true, networkConnectionEnabled: false, pageLoadStrategy: normal, platform: WINDOWS, platformName: WINDOWS, proxy: Proxy(), setWindowRect: true, strictFileInteractability: false, timeouts: {implicit: 0, pageLoad: 300000, script: 30000}, unhandledPromptBehavior: dismiss and notify, webauthn:extension:credBlob: true, webauthn:extension:largeBlob: true, webauthn:virtualAuthenticators: true}
Session ID: 58ee90b2ae2da091567da5d8fb3f945a
*** Element info: {Using=link text, value=Search Provider}">
      <![CDATA[org.openqa.selenium.NoSuchElementException: no such element: Unable to locate element: {"method":"link text","selector":"Search Provider"}
  (Session info: chrome=98.0.4758.82)
For documentation on this error, please visit: https://www.seleniumhq.org/exceptions/no_such_element.html
Build info: version: '3.141.59', revision: 'e82be7d358', time: '2018-11-14T08:17:03'
System info: host: 'LPANDIRI-E7440', ip: '10.5.220.115', os.name: 'Windows 10', os.arch: 'amd64', os.version: '10.0', java.version: '16.0.2'
Driver info: org.openqa.selenium.chrome.ChromeDriver
Capabilities {acceptInsecureCerts: false, browserName: chrome, browserVersion: 98.0.4758.82, chrome: {chromedriverVersion: 97.0.4692.71 (adefa7837d02a..., userDataDir: C:\Users\LAHARI~1.PAN\AppDa...}, goog:chromeOptions: {debuggerAddress: localhost:60896}, javascriptEnabled: true, networkConnectionEnabled: false, pageLoadStrategy: normal, platform: WINDOWS, platformName: WINDOWS, proxy: Proxy(), setWindowRect: true, strictFileInteractability: false, timeouts: {implicit: 0, pageLoad: 300000, script: 30000}, unhandledPromptBehavior: dismiss and notify, webauthn:extension:credBlob: true, webauthn:extension:largeBlob: true, webauthn:virtualAuthenticators: true}
Session ID: 58ee90b2ae2da091567da5d8fb3f945a
*** Element info: {Using=link text, value=Search Provider}
at java.base/jdk.internal.reflect.NativeConstructorAccessorImpl.newInstance0(Native Method)
at java.base/jdk.internal.reflect.NativeConstructorAccessorImpl.newInstance(NativeConstructorAccessorImpl.java:78)
at java.base/jdk.internal.reflect.DelegatingConstructorAccessorImpl.newInstance(DelegatingConstructorAccessorImpl.java:45)
at java.base/java.lang.reflect.Constructor.newInstanceWithCaller(Constructor.java:499)
at java.base/java.lang.reflect.Constructor.newInstance(Constructor.java:480)
at org.openqa.selenium.remote.http.W3CHttpResponseCodec.createException(W3CHttpResponseCodec.java:187)
at org.openqa.selenium.remote.http.W3CHttpResponseCodec.decode(W3CHttpResponseCodec.java:122)
at org.openqa.selenium.remote.http.W3CHttpResponseCodec.decode(W3CHttpResponseCodec.java:49)
at org.openqa.selenium.remote.HttpCommandExecutor.execute(HttpCommandExecutor.java:158)
at org.openqa.selenium.remote.service.DriverCommandExecutor.execute(DriverCommandExecutor.java:83)
at org.openqa.selenium.remote.RemoteWebDriver.execute(RemoteWebDriver.java:552)
at org.openqa.selenium.remote.RemoteWebDriver.findElement(RemoteWebDriver.java:323)
at org.openqa.selenium.remote.RemoteWebDriver.findElementByLinkText(RemoteWebDriver.java:380)
at org.openqa.selenium.By$ByLinkText.findElement(By.java:220)
at org.openqa.selenium.remote.RemoteWebDriver.findElement(RemoteWebDriver.java:315)
at com.juno.qa.pages.AdminPortalHomePage.SearchProvider(AdminPortalHomePage.java:39)
at com.adminXolair.qa.providerstest.tests.TC13_AdminPortal_PG_BO_VerifyFindPageTest.VerifyPGBOFindPageContent(TC13_AdminPortal_PG_BO_VerifyFindPageTest.java:107)
at java.base/jdk.internal.reflect.NativeMethodAccessorImpl.invoke0(Native Method)
at java.base/jdk.internal.reflect.NativeMethodAccessorImpl.invoke(NativeMethodAccessorImpl.java:78)
at java.base/jdk.internal.reflect.DelegatingMethodAccessorImpl.invoke(DelegatingMethodAccessorImpl.java:43)
at java.base/java.lang.reflect.Method.invoke(Method.java:567)
at org.testng.internal.MethodInvocationHelper.invokeMethod(MethodInvocationHelper.java:133)
at org.testng.internal.TestInvoker.invokeMethod(TestInvoker.java:598)
at org.testng.internal.TestInvoker.invokeTestMethod(TestInvoker.java:173)
at org.testng.internal.MethodRunner.runInSequence(MethodRunner.java:46)
at org.testng.internal.TestInvoker$MethodInvocationAgent.invoke(TestInvoker.java:824)
at org.testng.internal.TestInvoker.invokeTestMethods(TestInvoker.java:146)
at org.testng.internal.TestMethodWorker.invokeTestMethods(TestMethodWorker.java:146)
at org.testng.internal.TestMethodWorker.run(TestMethodWorker.java:128)
at java.base/java.util.ArrayList.forEach(ArrayList.java:1511)
at org.testng.TestRunner.privateRun(TestRunner.java:794)
at org.testng.TestRunner.run(TestRunner.java:596)
at org.testng.SuiteRunner.runTest(SuiteRunner.java:377)
at org.testng.SuiteRunner.runSequentially(SuiteRunner.java:371)
at org.testng.SuiteRunner.privateRun(SuiteRunner.java:332)
at org.testng.SuiteRunner.run(SuiteRunner.java:276)
at org.testng.SuiteRunnerWorker.runSuite(SuiteRunnerWorker.java:53)
at org.testng.SuiteRunnerWorker.run(SuiteRunnerWorker.java:96)
at org.testng.TestNG.runSuitesSequentially(TestNG.java:1212)
at org.testng.TestNG.runSuitesLocally(TestNG.java:1134)
at org.testng.TestNG.runSuites(TestNG.java:1063)
at org.testng.TestNG.run(TestNG.java:1031)
at org.testng.remote.AbstractRemoteTestNG.run(AbstractRemoteTestNG.java:115)
at org.testng.remote.RemoteTestNG.initAndRun(RemoteTestNG.java:251)
at org.testng.remote.RemoteTestNG.main(RemoteTestNG.java:77)
]]>
    </failure>
  </testcase> <!-- VerifyPGBOFindPageContent -->
  <testcase classname="com.adminXolair.qa.providerstest.tests.TC15_AdminPortal_PG_BO_VerifyRequiredFieldsInBONewPage" name="VerifyRequiredFieldsInNewBillingOfficePage" time="29.046"/>
  <testcase classname="com.adminXolair.qa.providerstest.tests.TC16_AdminPortal_PG_BO_VerifyUpdatesToBOAndCardInfoPageTest" name="verifyUpdatesToBOAndCardInfoTab" time="50.264"/>
  <testcase classname="com.adminXolair.qa.providerstest.tests.TC17_AdminPortal_PG_BO_VerifyProvidersTabInBOAndCardInfoPageTest" name="Verify_PG_GP_ProvidersTab" time="40.11"/>
  <testcase classname="com.adminXolair.qa.providerstest.tests.TC18_AdminPortal_PG_BO_VerifyMandatoryFieldsInProvidersTabTest" name="Verify_PG_GP_ProvidersTab_RequiredFieldsMsg" time="45.114"/>
  <testcase classname="com.adminXolair.qa.providerstest.tests.TC19_AdminPortal_PG_BO_VerifyAbilityToAddPhysicianInBOAndUngroupBOInPhysicianProvidersTabTest" name="Verify_PG_BO_ProvidersTab_AddAndUngroupProviderByProviderLastName" time="128.871"/>
  <testcase classname="com.adminXolair.qa.providerstest.tests.TC19_AdminPortal_PG_BO_VerifyAbilityToAddPhysicianInBOAndUngroupBOInPhysicianProvidersTabTest" name="Verify_PG_BO_ProvidersTab_AddAndUngroupProviderByProviderNPI" time="111.72"/>
  <testcase classname="com.adminXolair.qa.providerstest.tests.TC19_AdminPortal_PG_BO_VerifyAbilityToAddPhysicianInBOAndUngroupBOInPhysicianProvidersTabTest" name="Verify_PG_BO_ProvidersTab_AddAndUngroupProviderByProviderName" time="102.725"/>
  <testcase classname="com.adminXolair.qa.providerstest.tests.TC20_AdminPortal_PG_BO_NavigateToPatientInfoTabFromBOTest" name="VerifyPatientsTabContentInBO_DrugReimbursement" time="93.847"/>
  <testcase classname="com.adminXolair.qa.providerstest.tests.TC21_AdminPortal_PG_BO_VerifyTabsInBOReview" name="Verify_PG_BO_Review_TabsAvailableVerification" time="26.599"/>
  <testcase classname="com.adminXolair.qa.providerstest.tests.TC22_AdminPortal_PG_BO_VerifyAbilityToAddNotesToBOTest" name="VerifyAbilityToAddNotesInBO" time="53.447"/>
  <testcase classname="com.adminXolair.qa.providerstest.tests.TC22_AdminPortal_PG_BO_VerifyAbilityToAddNotesToBOTest" name="VerifyFieldRequiredMsgForNotesInBO" time="39.097"/>
  <testcase classname="com.adminXolair.qa.providerstest.tests.TC23_AdminPortal_PG_BO_VerifyAbilityToUpdateNotesInBOTest" name="VerifyUpdatingNotesToBO" time="74.123"/>
  <testcase classname="com.adminXolair.qa.providerstest.tests.TC24_AdminPortal_PG_BO_VerifyAbilityToAddAndUngroupPhysicianInBOTest" name="Verify_Providers_ParentProvidersTab_AddAndUngroupProvider" time="84.099"/>
  <testcase classname="com.adminXolair.qa.providerstest.tests.TC25_AdminPortal_PG_BO_VerifyAbilityToAddGPInBOAndUngroupBOInGPParentProvidersTabTest" name="Verify_PG_BO_ProvidersTab_AddAndUngroupProviderByProviderLastName" time="87.225"/>
  <testcase classname="com.adminXolair.qa.providerstest.tests.TC25_AdminPortal_PG_BO_VerifyAbilityToAddGPInBOAndUngroupBOInGPParentProvidersTabTest" name="Verify_PG_BO_ProvidersTab_AddAndUngroupProviderByProviderNPI" time="85.013"/>
  <testcase classname="com.adminXolair.qa.providerstest.tests.TC25_AdminPortal_PG_BO_VerifyAbilityToAddGPInBOAndUngroupBOInGPParentProvidersTabTest" name="Verify_PG_BO_ProvidersTab_AddAndUngroupProviderByProviderName" time="87.67"/>
  <testcase classname="com.adminXolair.qa.providerstest.tests.TC26_AdminPortal_PG_BO_VerifyListPageTest" name="CrossVerifyGPCountsBetweenAlphabetListAndFindPage" time="18.577"/>
  <testcase classname="com.adminXolair.qa.providerstest.tests.TC26_AdminPortal_PG_BO_VerifyListPageTest" name="verify_PG_Supervisors_ListPageContent" time="24.078"/>
  <testcase classname="com.adminXolair.qa.providerstest.tests.TC27_AdminPortal_PG_GP_VerifyZipCodeUpdates" name="verifyUpdatesToZipCodeInGPAndCardInfoTab" time="88.977"/>
  <testcase classname="com.adminXolair.qa.providerstest.tests.TC28_AdminPortal_PG_BO_VerifyZipCodeUpdates" name="verifyUpdatesToZipCodeInBOAndCardInfoTab" time="82.676"/>
  <testcase classname="com.adminXolair.qa.providerstest.tests.TC29_AdminPortal_PG_BO_VerifyPaymentsTab" name="VerifyBOPaymentsTabContent" time="150.678"/>
  <testcase classname="com.qa.regression.adminportal.patients.tests.TC27_AdminPortal_TreatmentsTab_VerifyPatientPaysFieldDefaultValueTest" name="VerifyPatientPaysDefaultValueInTreatmentsTabForPatient_BothTypeEnrollment" time="0.0">
    <ignored/>
  </testcase> <!-- VerifyPatientPaysDefaultValueInTreatmentsTabForPatient_BothTypeEnrollment -->
  <testcase classname="com.adminXolair.qa.providerstest.tests.TC14_AdminPortal_PG_BO_VerifyAbilityToCreateNewBO" name="VerifyBOCreateRecord" time="0.0">
    <ignored/>
  </testcase> <!-- VerifyBOCreateRecord -->
  <testcase classname="com.adminXolair.qa.providerstest.tests.TC02_AdminPortal_PG_GP_VerifyAbilityToCreateNewGP" name="VerifyGPCreateRecord" time="0.0">
    <ignored/>
  </testcase> <!-- VerifyGPCreateRecord -->
  <testcase classname="com.qa.regression.adminportal.patients.tests.TC26_AdminPortal_TreatmentsTab_VerifyRejectReasonDropdownValues" name="VerifyRejectReasonDropdownValuesInTreatmentsTabForPatient_BothTypeEnrollment" time="0.0">
    <ignored/>
  </testcase> <!-- VerifyRejectReasonDropdownValuesInTreatmentsTabForPatient_BothTypeEnrollment -->
</testsuite> <!-- Test -->
