<?xml version="1.0" encoding="UTF-8"?>
<!-- Generated by org.testng.reporters.JUnitXMLReporter -->
<testsuite ignored="7" hostname="LPANDIRI-E7440" failures="17" tests="19" name="Test(failed)" time="1975.388" errors="0" timestamp="2022-03-10T11:50:12 EST">
  <testcase classname="com.adminXolair.qa.providerstest.tests.TC03_AdminPortal_PG_GP_FindGPTest" name="SearchProviderGroupByLastName" time="22.629">
    <failure type="java.lang.AssertionError" message="expected [Parent Provider ID] but found [NPI]">
      <![CDATA[java.lang.AssertionError: expected [Parent Provider ID] but found [NPI]
at com.adminXolair.qa.providerstest.tests.TC03_AdminPortal_PG_GP_FindGPTest.SearchProviderGroupByLastName(TC03_AdminPortal_PG_GP_FindGPTest.java:156)
at java.base/java.util.ArrayList.forEach(ArrayList.java:1511)
... Removed 33 stack frames]]>
    </failure>
  </testcase> <!-- SearchProviderGroupByLastName -->
  <testcase classname="com.Replatform.qa.Fax.test.TC12_AdminPortal_Faxes_AssignmentRules_AddNewAssignmentRuleTest" name="Verify_AssignmentRules_CreateAssignmentRule_OustisdeHoursY" time="71.855">
    <failure type="org.openqa.selenium.NoSuchElementException" message="no such element: Unable to locate element: {&amp;quot;method&amp;quot;:&amp;quot;xpath&amp;quot;,&amp;quot;selector&amp;quot;:&amp;quot;//*[@id=&amp;apos;form-table&amp;apos;]/div/div[1]/table/tbody/tr/td[2]&amp;quot;}
  (Session info: chrome=98.0.4758.82)
For documentation on this error, please visit: https://www.seleniumhq.org/exceptions/no_such_element.html
Build info: version: &amp;apos;3.141.59&amp;apos;, revision: &amp;apos;e82be7d358&amp;apos;, time: &amp;apos;2018-11-14T08:17:03&amp;apos;
System info: host: &amp;apos;LPANDIRI-E7440&amp;apos;, ip: &amp;apos;10.10.91.205&amp;apos;, os.name: &amp;apos;Windows 10&amp;apos;, os.arch: &amp;apos;amd64&amp;apos;, os.version: &amp;apos;10.0&amp;apos;, java.version: &amp;apos;16.0.2&amp;apos;
Driver info: org.openqa.selenium.chrome.ChromeDriver
Capabilities {acceptInsecureCerts: false, browserName: chrome, browserVersion: 98.0.4758.82, chrome: {chromedriverVersion: 97.0.4692.71 (adefa7837d02a..., userDataDir: C:\Users\LAHARI~1.PAN\AppDa...}, goog:chromeOptions: {debuggerAddress: localhost:58691}, javascriptEnabled: true, networkConnectionEnabled: false, pageLoadStrategy: normal, platform: WINDOWS, platformName: WINDOWS, proxy: Proxy(), setWindowRect: true, strictFileInteractability: false, timeouts: {implicit: 0, pageLoad: 300000, script: 30000}, unhandledPromptBehavior: dismiss and notify, webauthn:extension:credBlob: true, webauthn:extension:largeBlob: true, webauthn:virtualAuthenticators: true}
Session ID: b8bd3f8c6130b0a697b3ee1fa541d410
*** Element info: {Using=xpath, value=//*[@id=&amp;apos;form-table&amp;apos;]/div/div[1]/table/tbody/tr/td[2]}">
      <![CDATA[org.openqa.selenium.NoSuchElementException: no such element: Unable to locate element: {"method":"xpath","selector":"//*[@id='form-table']/div/div[1]/table/tbody/tr/td[2]"}
  (Session info: chrome=98.0.4758.82)
For documentation on this error, please visit: https://www.seleniumhq.org/exceptions/no_such_element.html
Build info: version: '3.141.59', revision: 'e82be7d358', time: '2018-11-14T08:17:03'
System info: host: 'LPANDIRI-E7440', ip: '10.10.91.205', os.name: 'Windows 10', os.arch: 'amd64', os.version: '10.0', java.version: '16.0.2'
Driver info: org.openqa.selenium.chrome.ChromeDriver
Capabilities {acceptInsecureCerts: false, browserName: chrome, browserVersion: 98.0.4758.82, chrome: {chromedriverVersion: 97.0.4692.71 (adefa7837d02a..., userDataDir: C:\Users\LAHARI~1.PAN\AppDa...}, goog:chromeOptions: {debuggerAddress: localhost:58691}, javascriptEnabled: true, networkConnectionEnabled: false, pageLoadStrategy: normal, platform: WINDOWS, platformName: WINDOWS, proxy: Proxy(), setWindowRect: true, strictFileInteractability: false, timeouts: {implicit: 0, pageLoad: 300000, script: 30000}, unhandledPromptBehavior: dismiss and notify, webauthn:extension:credBlob: true, webauthn:extension:largeBlob: true, webauthn:virtualAuthenticators: true}
Session ID: b8bd3f8c6130b0a697b3ee1fa541d410
*** Element info: {Using=xpath, value=//*[@id='form-table']/div/div[1]/table/tbody/tr/td[2]}
at org.openqa.selenium.remote.http.W3CHttpResponseCodec.createException(W3CHttpResponseCodec.java:187)
at org.openqa.selenium.remote.http.W3CHttpResponseCodec.decode(W3CHttpResponseCodec.java:122)
at org.openqa.selenium.remote.http.W3CHttpResponseCodec.decode(W3CHttpResponseCodec.java:49)
at org.openqa.selenium.remote.HttpCommandExecutor.execute(HttpCommandExecutor.java:158)
at org.openqa.selenium.remote.service.DriverCommandExecutor.execute(DriverCommandExecutor.java:83)
at org.openqa.selenium.remote.RemoteWebDriver.execute(RemoteWebDriver.java:552)
at org.openqa.selenium.remote.RemoteWebDriver.findElement(RemoteWebDriver.java:323)
at org.openqa.selenium.remote.RemoteWebDriver.findElementByXPath(RemoteWebDriver.java:428)
at org.openqa.selenium.By$ByXPath.findElement(By.java:353)
at org.openqa.selenium.remote.RemoteWebDriver.findElement(RemoteWebDriver.java:315)
at com.juno.qa.pages.AdminPortal_Faxes_AssignmentRulesPage.TotalCountLabelAndValue(AdminPortal_Faxes_AssignmentRulesPage.java:140)
at com.Replatform.qa.Fax.test.TC12_AdminPortal_Faxes_AssignmentRules_AddNewAssignmentRuleTest.Verify_AssignmentRules_CreateAssignmentRule_OustisdeHoursY(TC12_AdminPortal_Faxes_AssignmentRules_AddNewAssignmentRuleTest.java:146)
at java.base/java.util.ArrayList.forEach(ArrayList.java:1511)
... Removed 32 stack frames]]>
    </failure>
  </testcase> <!-- Verify_AssignmentRules_CreateAssignmentRule_OustisdeHoursY -->
  <testcase classname="com.Replatform.qa.Fax.test.TC12_AdminPortal_Faxes_AssignmentRules_AddNewAssignmentRuleTest" name="Verify_AssignmentRules_CreateAssignmentRule_OustisdeHoursN" time="71.638">
    <failure type="org.openqa.selenium.NoSuchElementException" message="no such element: Unable to locate element: {&amp;quot;method&amp;quot;:&amp;quot;xpath&amp;quot;,&amp;quot;selector&amp;quot;:&amp;quot;//*[@id=&amp;apos;form-table&amp;apos;]/div/div[1]/table/tbody/tr/td[2]&amp;quot;}
  (Session info: chrome=98.0.4758.82)
For documentation on this error, please visit: https://www.seleniumhq.org/exceptions/no_such_element.html
Build info: version: &amp;apos;3.141.59&amp;apos;, revision: &amp;apos;e82be7d358&amp;apos;, time: &amp;apos;2018-11-14T08:17:03&amp;apos;
System info: host: &amp;apos;LPANDIRI-E7440&amp;apos;, ip: &amp;apos;10.10.91.205&amp;apos;, os.name: &amp;apos;Windows 10&amp;apos;, os.arch: &amp;apos;amd64&amp;apos;, os.version: &amp;apos;10.0&amp;apos;, java.version: &amp;apos;16.0.2&amp;apos;
Driver info: org.openqa.selenium.chrome.ChromeDriver
Capabilities {acceptInsecureCerts: false, browserName: chrome, browserVersion: 98.0.4758.82, chrome: {chromedriverVersion: 97.0.4692.71 (adefa7837d02a..., userDataDir: C:\Users\LAHARI~1.PAN\AppDa...}, goog:chromeOptions: {debuggerAddress: localhost:58747}, javascriptEnabled: true, networkConnectionEnabled: false, pageLoadStrategy: normal, platform: WINDOWS, platformName: WINDOWS, proxy: Proxy(), setWindowRect: true, strictFileInteractability: false, timeouts: {implicit: 0, pageLoad: 300000, script: 30000}, unhandledPromptBehavior: dismiss and notify, webauthn:extension:credBlob: true, webauthn:extension:largeBlob: true, webauthn:virtualAuthenticators: true}
Session ID: 1e8cee0e233f3381f3c666caf63aac53
*** Element info: {Using=xpath, value=//*[@id=&amp;apos;form-table&amp;apos;]/div/div[1]/table/tbody/tr/td[2]}">
      <![CDATA[org.openqa.selenium.NoSuchElementException: no such element: Unable to locate element: {"method":"xpath","selector":"//*[@id='form-table']/div/div[1]/table/tbody/tr/td[2]"}
  (Session info: chrome=98.0.4758.82)
For documentation on this error, please visit: https://www.seleniumhq.org/exceptions/no_such_element.html
Build info: version: '3.141.59', revision: 'e82be7d358', time: '2018-11-14T08:17:03'
System info: host: 'LPANDIRI-E7440', ip: '10.10.91.205', os.name: 'Windows 10', os.arch: 'amd64', os.version: '10.0', java.version: '16.0.2'
Driver info: org.openqa.selenium.chrome.ChromeDriver
Capabilities {acceptInsecureCerts: false, browserName: chrome, browserVersion: 98.0.4758.82, chrome: {chromedriverVersion: 97.0.4692.71 (adefa7837d02a..., userDataDir: C:\Users\LAHARI~1.PAN\AppDa...}, goog:chromeOptions: {debuggerAddress: localhost:58747}, javascriptEnabled: true, networkConnectionEnabled: false, pageLoadStrategy: normal, platform: WINDOWS, platformName: WINDOWS, proxy: Proxy(), setWindowRect: true, strictFileInteractability: false, timeouts: {implicit: 0, pageLoad: 300000, script: 30000}, unhandledPromptBehavior: dismiss and notify, webauthn:extension:credBlob: true, webauthn:extension:largeBlob: true, webauthn:virtualAuthenticators: true}
Session ID: 1e8cee0e233f3381f3c666caf63aac53
*** Element info: {Using=xpath, value=//*[@id='form-table']/div/div[1]/table/tbody/tr/td[2]}
at org.openqa.selenium.remote.http.W3CHttpResponseCodec.createException(W3CHttpResponseCodec.java:187)
at org.openqa.selenium.remote.http.W3CHttpResponseCodec.decode(W3CHttpResponseCodec.java:122)
at org.openqa.selenium.remote.http.W3CHttpResponseCodec.decode(W3CHttpResponseCodec.java:49)
at org.openqa.selenium.remote.HttpCommandExecutor.execute(HttpCommandExecutor.java:158)
at org.openqa.selenium.remote.service.DriverCommandExecutor.execute(DriverCommandExecutor.java:83)
at org.openqa.selenium.remote.RemoteWebDriver.execute(RemoteWebDriver.java:552)
at org.openqa.selenium.remote.RemoteWebDriver.findElement(RemoteWebDriver.java:323)
at org.openqa.selenium.remote.RemoteWebDriver.findElementByXPath(RemoteWebDriver.java:428)
at org.openqa.selenium.By$ByXPath.findElement(By.java:353)
at org.openqa.selenium.remote.RemoteWebDriver.findElement(RemoteWebDriver.java:315)
at com.juno.qa.pages.AdminPortal_Faxes_AssignmentRulesPage.TotalCountLabelAndValue(AdminPortal_Faxes_AssignmentRulesPage.java:140)
at com.Replatform.qa.Fax.test.TC12_AdminPortal_Faxes_AssignmentRules_AddNewAssignmentRuleTest.Verify_AssignmentRules_CreateAssignmentRule_OustisdeHoursN(TC12_AdminPortal_Faxes_AssignmentRules_AddNewAssignmentRuleTest.java:93)
at java.base/java.util.ArrayList.forEach(ArrayList.java:1511)
... Removed 32 stack frames]]>
    </failure>
  </testcase> <!-- Verify_AssignmentRules_CreateAssignmentRule_OustisdeHoursN -->
  <testcase classname="com.adminXolair.qa.providerstest.tests.TC04_AdminPortal_PG_GP_VerifyListPageTest" name="verify_PG_GP_ListPageContent" time="13.748">
    <failure type="java.lang.AssertionError" message="expected [Parent Provider ID] but found [NPI]">
      <![CDATA[java.lang.AssertionError: expected [Parent Provider ID] but found [NPI]
at com.adminXolair.qa.providerstest.tests.TC04_AdminPortal_PG_GP_VerifyListPageTest.verify_PG_GP_ListPageContent(TC04_AdminPortal_PG_GP_VerifyListPageTest.java:93)
at java.base/java.util.ArrayList.forEach(ArrayList.java:1511)
... Removed 33 stack frames]]>
    </failure>
  </testcase> <!-- verify_PG_GP_ListPageContent -->
  <testcase classname="com.qa.regression.adminportal.patients.tests.TC31_AdminPortal_TreatmentsTab_VerifyAddNewBillingOfficeLink" name="VerifyAddNewBOLinkInTreatmentsTabForPatient" time="90.503">
    <failure type="java.lang.AssertionError" message="expected [Select a Provider Type] but found [Billing Office]">
      <![CDATA[java.lang.AssertionError: expected [Select a Provider Type] but found [Billing Office]
at com.qa.regression.adminportal.patients.tests.TC31_AdminPortal_TreatmentsTab_VerifyAddNewBillingOfficeLink.VerifyAddNewBOLinkInTreatmentsTabForPatient(TC31_AdminPortal_TreatmentsTab_VerifyAddNewBillingOfficeLink.java:100)
at java.base/java.util.ArrayList.forEach(ArrayList.java:1511)
... Removed 33 stack frames]]>
    </failure>
  </testcase> <!-- VerifyAddNewBOLinkInTreatmentsTabForPatient -->
  <testcase classname="com.adminXolair.qa.providerstest.tests.TC08_AdminPortal_PG_GP_VerifyAbilityToAddPhysicianInGPAndUngroupGPInPhysicianParentProvidersTabTest" name="Verify_PG_GP_ProvidersTab_AddAndUngroupProviderByProviderLastName" time="42.043">
    <failure type="java.lang.AssertionError" message="expected [Added provider ADAMS SERRHEL ( Levine) to the group] but found [Added provider Quantum Vision Center ( Levine) to the group]">
      <![CDATA[java.lang.AssertionError: expected [Added provider ADAMS SERRHEL ( Levine) to the group] but found [Added provider Quantum Vision Center ( Levine) to the group]
at com.adminXolair.qa.providerstest.tests.TC08_AdminPortal_PG_GP_VerifyAbilityToAddPhysicianInGPAndUngroupGPInPhysicianParentProvidersTabTest.Verify_PG_GP_ProvidersTab_AddAndUngroupProviderByProviderLastName(TC08_AdminPortal_PG_GP_VerifyAbilityToAddPhysicianInGPAndUngro.java:213)
at java.base/java.util.ArrayList.forEach(ArrayList.java:1511)
... Removed 33 stack frames]]>
    </failure>
  </testcase> <!-- Verify_PG_GP_ProvidersTab_AddAndUngroupProviderByProviderLastName -->
  <testcase classname="com.adminXolair.qa.providerstest.tests.TC12_AdminPortal_PG_GP_VerifyAbilityToUpdateNotesInGPTest" name="VerifyUpdatingNotesToGP" time="56.498"/>
  <testcase classname="com.qa.regression.adminportal.patients.tests.TC04_AdminPortal_VerifyBenefitsHistoryForPatientsTest" name="VerifyBenefitsHistoryPageForPatient_DrugReimbursement" time="62.919">
    <failure type="java.lang.AssertionError" message="expected [N] but found [Y]">
      <![CDATA[java.lang.AssertionError: expected [N] but found [Y]
at com.qa.regression.adminportal.patients.tests.TC04_AdminPortal_VerifyBenefitsHistoryForPatientsTest.VerifyBenefitsHistoryPageForPatient_DrugReimbursement(TC04_AdminPortal_VerifyBenefitsHistoryForPatientsTest.java:122)
at java.base/java.util.ArrayList.forEach(ArrayList.java:1511)
... Removed 33 stack frames]]>
    </failure>
  </testcase> <!-- VerifyBenefitsHistoryPageForPatient_DrugReimbursement -->
  <testcase classname="com.qa.regression.adminportal.patients.tests.TC29_AdminPortal_TreatmentsTab_VerifyBOAvailabilityInDropdown" name="verifyPrimaryBOAfterPatientMatchedWithBO_DrugReimbursement" time="200.688">
    <failure type="java.lang.AssertionError" message="expected [Ralph] but found [Alex]">
      <![CDATA[java.lang.AssertionError: expected [Ralph] but found [Alex]
at com.juno.qa.pages.AdminPortal_Patients_MatchPage.VerifyAbilityToMatchProviderWithPatientAndBOAvailableInTreatmentsTab(AdminPortal_Patients_MatchPage.java:434)
at com.qa.regression.adminportal.patients.tests.TC29_AdminPortal_TreatmentsTab_VerifyBOAvailabilityInDropdown.verifyPrimaryBOAfterPatientMatchedWithBO_DrugReimbursement(TC29_AdminPortal_TreatmentsTab_VerifyBOAvailabilityInDropdown.java:126)
at java.base/java.util.ArrayList.forEach(ArrayList.java:1511)
... Removed 33 stack frames]]>
    </failure>
  </testcase> <!-- verifyPrimaryBOAfterPatientMatchedWithBO_DrugReimbursement -->
  <testcase classname="com.qa.regression.adminportal.patients.tests.TC28_AdminPortal_TreatmentsTab_VerifyBOSearchAutosuggest" name="VerifyBONPISearchInTreatmentsTabForPatient" time="116.305">
    <failure type="java.lang.AssertionError" message="expected [1639596034] but found []">
      <![CDATA[java.lang.AssertionError: expected [1639596034] but found []
at com.qa.regression.adminportal.patients.tests.TC28_AdminPortal_TreatmentsTab_VerifyBOSearchAutosuggest.VerifyBONPISearchInTreatmentsTabForPatient(TC28_AdminPortal_TreatmentsTab_VerifyBOSearchAutosuggest.java:275)
at java.base/java.util.ArrayList.forEach(ArrayList.java:1511)
... Removed 33 stack frames]]>
    </failure>
  </testcase> <!-- VerifyBONPISearchInTreatmentsTabForPatient -->
  <testcase classname="com.qa.regression.adminportal.patients.tests.TC28_AdminPortal_TreatmentsTab_VerifyBOSearchAutosuggest" name="VerifyBONameSearchInTreatmentsTabForPatient" time="120.757">
    <failure type="java.lang.AssertionError" message="expected [1639596034] but found []">
      <![CDATA[java.lang.AssertionError: expected [1639596034] but found []
at com.qa.regression.adminportal.patients.tests.TC28_AdminPortal_TreatmentsTab_VerifyBOSearchAutosuggest.VerifyBONameSearchInTreatmentsTabForPatient(TC28_AdminPortal_TreatmentsTab_VerifyBOSearchAutosuggest.java:129)
at java.base/java.util.ArrayList.forEach(ArrayList.java:1511)
... Removed 33 stack frames]]>
    </failure>
  </testcase> <!-- VerifyBONameSearchInTreatmentsTabForPatient -->
  <testcase classname="com.qa.regression.adminportal.patients.tests.TC44_AdminPortal_TreatmentsTab_VerifyClaimCreationF" name="VerifyClaimForMaxBalanceAvailable_DrugReimbursement_ACH" time="231.889">
    <failure type="org.openqa.selenium.NoSuchElementException" message="no such element: Unable to locate element: {&amp;quot;method&amp;quot;:&amp;quot;css selector&amp;quot;,&amp;quot;selector&amp;quot;:&amp;quot;.search_display_box&amp;quot;}
  (Session info: chrome=98.0.4758.82)
For documentation on this error, please visit: https://www.seleniumhq.org/exceptions/no_such_element.html
Build info: version: &amp;apos;3.141.59&amp;apos;, revision: &amp;apos;e82be7d358&amp;apos;, time: &amp;apos;2018-11-14T08:17:03&amp;apos;
System info: host: &amp;apos;LPANDIRI-E7440&amp;apos;, ip: &amp;apos;10.10.91.205&amp;apos;, os.name: &amp;apos;Windows 10&amp;apos;, os.arch: &amp;apos;amd64&amp;apos;, os.version: &amp;apos;10.0&amp;apos;, java.version: &amp;apos;16.0.2&amp;apos;
Driver info: org.openqa.selenium.chrome.ChromeDriver
Capabilities {acceptInsecureCerts: false, browserName: chrome, browserVersion: 98.0.4758.82, chrome: {chromedriverVersion: 97.0.4692.71 (adefa7837d02a..., userDataDir: C:\Users\LAHARI~1.PAN\AppDa...}, goog:chromeOptions: {debuggerAddress: localhost:59430}, javascriptEnabled: true, networkConnectionEnabled: false, pageLoadStrategy: normal, platform: WINDOWS, platformName: WINDOWS, proxy: Proxy(), setWindowRect: true, strictFileInteractability: false, timeouts: {implicit: 0, pageLoad: 300000, script: 30000}, unhandledPromptBehavior: dismiss and notify, webauthn:extension:credBlob: true, webauthn:extension:largeBlob: true, webauthn:virtualAuthenticators: true}
Session ID: b4c346f0b924028ba235e406b7a14828
*** Element info: {Using=class name, value=search_display_box}">
      <![CDATA[org.openqa.selenium.NoSuchElementException: no such element: Unable to locate element: {"method":"css selector","selector":".search_display_box"}
  (Session info: chrome=98.0.4758.82)
For documentation on this error, please visit: https://www.seleniumhq.org/exceptions/no_such_element.html
Build info: version: '3.141.59', revision: 'e82be7d358', time: '2018-11-14T08:17:03'
System info: host: 'LPANDIRI-E7440', ip: '10.10.91.205', os.name: 'Windows 10', os.arch: 'amd64', os.version: '10.0', java.version: '16.0.2'
Driver info: org.openqa.selenium.chrome.ChromeDriver
Capabilities {acceptInsecureCerts: false, browserName: chrome, browserVersion: 98.0.4758.82, chrome: {chromedriverVersion: 97.0.4692.71 (adefa7837d02a..., userDataDir: C:\Users\LAHARI~1.PAN\AppDa...}, goog:chromeOptions: {debuggerAddress: localhost:59430}, javascriptEnabled: true, networkConnectionEnabled: false, pageLoadStrategy: normal, platform: WINDOWS, platformName: WINDOWS, proxy: Proxy(), setWindowRect: true, strictFileInteractability: false, timeouts: {implicit: 0, pageLoad: 300000, script: 30000}, unhandledPromptBehavior: dismiss and notify, webauthn:extension:credBlob: true, webauthn:extension:largeBlob: true, webauthn:virtualAuthenticators: true}
Session ID: b4c346f0b924028ba235e406b7a14828
*** Element info: {Using=class name, value=search_display_box}
at org.openqa.selenium.remote.http.W3CHttpResponseCodec.createException(W3CHttpResponseCodec.java:187)
at org.openqa.selenium.remote.http.W3CHttpResponseCodec.decode(W3CHttpResponseCodec.java:122)
at org.openqa.selenium.remote.http.W3CHttpResponseCodec.decode(W3CHttpResponseCodec.java:49)
at org.openqa.selenium.remote.HttpCommandExecutor.execute(HttpCommandExecutor.java:158)
at org.openqa.selenium.remote.service.DriverCommandExecutor.execute(DriverCommandExecutor.java:83)
at org.openqa.selenium.remote.RemoteWebDriver.execute(RemoteWebDriver.java:552)
at org.openqa.selenium.remote.RemoteWebDriver.findElement(RemoteWebDriver.java:323)
at org.openqa.selenium.remote.RemoteWebDriver.findElementByClassName(RemoteWebDriver.java:412)
at org.openqa.selenium.By$ByClassName.findElement(By.java:389)
at org.openqa.selenium.remote.RemoteWebDriver.findElement(RemoteWebDriver.java:315)
at com.juno.qa.pages.AdminPortal_Patients_TreatmentsPage.SearchDisplayBox(AdminPortal_Patients_TreatmentsPage.java:233)
at com.juno.qa.pages.AdminPortal_Patients_TreatmentsPage.AddFaxInformationAndTreatmentToEnrolledPatientForMaxPatientResponsibility(AdminPortal_Patients_TreatmentsPage.java:2441)
at com.qa.regression.adminportal.patients.tests.TC44_AdminPortal_TreatmentsTab_VerifyClaimCreationF.VerifyClaimForMaxBalanceAvailable_DrugReimbursement_ACH(TC44_AdminPortal_TreatmentsTab_VerifyClaimCreationF.java:204)
at java.base/java.util.ArrayList.forEach(ArrayList.java:1511)
... Removed 32 stack frames]]>
    </failure>
  </testcase> <!-- VerifyClaimForMaxBalanceAvailable_DrugReimbursement_ACH -->
  <testcase classname="com.qa.regression.adminportal.patients.tests.TC44_AdminPortal_TreatmentsTab_VerifyClaimCreationF" name="VerifyClaimForMaxBalanceAvailable_DrugReimbursement_CTP" time="223.751">
    <failure type="org.openqa.selenium.NoSuchElementException" message="no such element: Unable to locate element: {&amp;quot;method&amp;quot;:&amp;quot;css selector&amp;quot;,&amp;quot;selector&amp;quot;:&amp;quot;.search_display_box&amp;quot;}
  (Session info: chrome=98.0.4758.82)
For documentation on this error, please visit: https://www.seleniumhq.org/exceptions/no_such_element.html
Build info: version: &amp;apos;3.141.59&amp;apos;, revision: &amp;apos;e82be7d358&amp;apos;, time: &amp;apos;2018-11-14T08:17:03&amp;apos;
System info: host: &amp;apos;LPANDIRI-E7440&amp;apos;, ip: &amp;apos;10.10.91.205&amp;apos;, os.name: &amp;apos;Windows 10&amp;apos;, os.arch: &amp;apos;amd64&amp;apos;, os.version: &amp;apos;10.0&amp;apos;, java.version: &amp;apos;16.0.2&amp;apos;
Driver info: org.openqa.selenium.chrome.ChromeDriver
Capabilities {acceptInsecureCerts: false, browserName: chrome, browserVersion: 98.0.4758.82, chrome: {chromedriverVersion: 97.0.4692.71 (adefa7837d02a..., userDataDir: C:\Users\LAHARI~1.PAN\AppDa...}, goog:chromeOptions: {debuggerAddress: localhost:59656}, javascriptEnabled: true, networkConnectionEnabled: false, pageLoadStrategy: normal, platform: WINDOWS, platformName: WINDOWS, proxy: Proxy(), setWindowRect: true, strictFileInteractability: false, timeouts: {implicit: 0, pageLoad: 300000, script: 30000}, unhandledPromptBehavior: dismiss and notify, webauthn:extension:credBlob: true, webauthn:extension:largeBlob: true, webauthn:virtualAuthenticators: true}
Session ID: ed87b52ddce2f4a370eaf3be46383e2a
*** Element info: {Using=class name, value=search_display_box}">
      <![CDATA[org.openqa.selenium.NoSuchElementException: no such element: Unable to locate element: {"method":"css selector","selector":".search_display_box"}
  (Session info: chrome=98.0.4758.82)
For documentation on this error, please visit: https://www.seleniumhq.org/exceptions/no_such_element.html
Build info: version: '3.141.59', revision: 'e82be7d358', time: '2018-11-14T08:17:03'
System info: host: 'LPANDIRI-E7440', ip: '10.10.91.205', os.name: 'Windows 10', os.arch: 'amd64', os.version: '10.0', java.version: '16.0.2'
Driver info: org.openqa.selenium.chrome.ChromeDriver
Capabilities {acceptInsecureCerts: false, browserName: chrome, browserVersion: 98.0.4758.82, chrome: {chromedriverVersion: 97.0.4692.71 (adefa7837d02a..., userDataDir: C:\Users\LAHARI~1.PAN\AppDa...}, goog:chromeOptions: {debuggerAddress: localhost:59656}, javascriptEnabled: true, networkConnectionEnabled: false, pageLoadStrategy: normal, platform: WINDOWS, platformName: WINDOWS, proxy: Proxy(), setWindowRect: true, strictFileInteractability: false, timeouts: {implicit: 0, pageLoad: 300000, script: 30000}, unhandledPromptBehavior: dismiss and notify, webauthn:extension:credBlob: true, webauthn:extension:largeBlob: true, webauthn:virtualAuthenticators: true}
Session ID: ed87b52ddce2f4a370eaf3be46383e2a
*** Element info: {Using=class name, value=search_display_box}
at org.openqa.selenium.remote.http.W3CHttpResponseCodec.createException(W3CHttpResponseCodec.java:187)
at org.openqa.selenium.remote.http.W3CHttpResponseCodec.decode(W3CHttpResponseCodec.java:122)
at org.openqa.selenium.remote.http.W3CHttpResponseCodec.decode(W3CHttpResponseCodec.java:49)
at org.openqa.selenium.remote.HttpCommandExecutor.execute(HttpCommandExecutor.java:158)
at org.openqa.selenium.remote.service.DriverCommandExecutor.execute(DriverCommandExecutor.java:83)
at org.openqa.selenium.remote.RemoteWebDriver.execute(RemoteWebDriver.java:552)
at org.openqa.selenium.remote.RemoteWebDriver.findElement(RemoteWebDriver.java:323)
at org.openqa.selenium.remote.RemoteWebDriver.findElementByClassName(RemoteWebDriver.java:412)
at org.openqa.selenium.By$ByClassName.findElement(By.java:389)
at org.openqa.selenium.remote.RemoteWebDriver.findElement(RemoteWebDriver.java:315)
at com.juno.qa.pages.AdminPortal_Patients_TreatmentsPage.SearchDisplayBox(AdminPortal_Patients_TreatmentsPage.java:233)
at com.juno.qa.pages.AdminPortal_Patients_TreatmentsPage.AddFaxInformationAndTreatmentToEnrolledPatientForMaxPatientResponsibility(AdminPortal_Patients_TreatmentsPage.java:2441)
at com.qa.regression.adminportal.patients.tests.TC44_AdminPortal_TreatmentsTab_VerifyClaimCreationF.VerifyClaimForMaxBalanceAvailable_DrugReimbursement_CTP(TC44_AdminPortal_TreatmentsTab_VerifyClaimCreationF.java:313)
at java.base/java.util.ArrayList.forEach(ArrayList.java:1511)
... Removed 32 stack frames]]>
    </failure>
  </testcase> <!-- VerifyClaimForMaxBalanceAvailable_DrugReimbursement_CTP -->
  <testcase classname="com.qa.regression.adminportal.patients.tests.TC44_AdminPortal_TreatmentsTab_VerifyClaimCreationF" name="VerifyClaimForMaxBalanceAvailable_DrugReimbursement_CTM" time="223.92">
    <failure type="org.openqa.selenium.NoSuchElementException" message="no such element: Unable to locate element: {&amp;quot;method&amp;quot;:&amp;quot;css selector&amp;quot;,&amp;quot;selector&amp;quot;:&amp;quot;.search_display_box&amp;quot;}
  (Session info: chrome=98.0.4758.82)
For documentation on this error, please visit: https://www.seleniumhq.org/exceptions/no_such_element.html
Build info: version: &amp;apos;3.141.59&amp;apos;, revision: &amp;apos;e82be7d358&amp;apos;, time: &amp;apos;2018-11-14T08:17:03&amp;apos;
System info: host: &amp;apos;LPANDIRI-E7440&amp;apos;, ip: &amp;apos;10.10.91.205&amp;apos;, os.name: &amp;apos;Windows 10&amp;apos;, os.arch: &amp;apos;amd64&amp;apos;, os.version: &amp;apos;10.0&amp;apos;, java.version: &amp;apos;16.0.2&amp;apos;
Driver info: org.openqa.selenium.chrome.ChromeDriver
Capabilities {acceptInsecureCerts: false, browserName: chrome, browserVersion: 98.0.4758.82, chrome: {chromedriverVersion: 97.0.4692.71 (adefa7837d02a..., userDataDir: C:\Users\LAHARI~1.PAN\AppDa...}, goog:chromeOptions: {debuggerAddress: localhost:59900}, javascriptEnabled: true, networkConnectionEnabled: false, pageLoadStrategy: normal, platform: WINDOWS, platformName: WINDOWS, proxy: Proxy(), setWindowRect: true, strictFileInteractability: false, timeouts: {implicit: 0, pageLoad: 300000, script: 30000}, unhandledPromptBehavior: dismiss and notify, webauthn:extension:credBlob: true, webauthn:extension:largeBlob: true, webauthn:virtualAuthenticators: true}
Session ID: 6ad9a6f1a16ef62a1866dcc86c3a08d9
*** Element info: {Using=class name, value=search_display_box}">
      <![CDATA[org.openqa.selenium.NoSuchElementException: no such element: Unable to locate element: {"method":"css selector","selector":".search_display_box"}
  (Session info: chrome=98.0.4758.82)
For documentation on this error, please visit: https://www.seleniumhq.org/exceptions/no_such_element.html
Build info: version: '3.141.59', revision: 'e82be7d358', time: '2018-11-14T08:17:03'
System info: host: 'LPANDIRI-E7440', ip: '10.10.91.205', os.name: 'Windows 10', os.arch: 'amd64', os.version: '10.0', java.version: '16.0.2'
Driver info: org.openqa.selenium.chrome.ChromeDriver
Capabilities {acceptInsecureCerts: false, browserName: chrome, browserVersion: 98.0.4758.82, chrome: {chromedriverVersion: 97.0.4692.71 (adefa7837d02a..., userDataDir: C:\Users\LAHARI~1.PAN\AppDa...}, goog:chromeOptions: {debuggerAddress: localhost:59900}, javascriptEnabled: true, networkConnectionEnabled: false, pageLoadStrategy: normal, platform: WINDOWS, platformName: WINDOWS, proxy: Proxy(), setWindowRect: true, strictFileInteractability: false, timeouts: {implicit: 0, pageLoad: 300000, script: 30000}, unhandledPromptBehavior: dismiss and notify, webauthn:extension:credBlob: true, webauthn:extension:largeBlob: true, webauthn:virtualAuthenticators: true}
Session ID: 6ad9a6f1a16ef62a1866dcc86c3a08d9
*** Element info: {Using=class name, value=search_display_box}
at org.openqa.selenium.remote.http.W3CHttpResponseCodec.createException(W3CHttpResponseCodec.java:187)
at org.openqa.selenium.remote.http.W3CHttpResponseCodec.decode(W3CHttpResponseCodec.java:122)
at org.openqa.selenium.remote.http.W3CHttpResponseCodec.decode(W3CHttpResponseCodec.java:49)
at org.openqa.selenium.remote.HttpCommandExecutor.execute(HttpCommandExecutor.java:158)
at org.openqa.selenium.remote.service.DriverCommandExecutor.execute(DriverCommandExecutor.java:83)
at org.openqa.selenium.remote.RemoteWebDriver.execute(RemoteWebDriver.java:552)
at org.openqa.selenium.remote.RemoteWebDriver.findElement(RemoteWebDriver.java:323)
at org.openqa.selenium.remote.RemoteWebDriver.findElementByClassName(RemoteWebDriver.java:412)
at org.openqa.selenium.By$ByClassName.findElement(By.java:389)
at org.openqa.selenium.remote.RemoteWebDriver.findElement(RemoteWebDriver.java:315)
at com.juno.qa.pages.AdminPortal_Patients_TreatmentsPage.SearchDisplayBox(AdminPortal_Patients_TreatmentsPage.java:233)
at com.juno.qa.pages.AdminPortal_Patients_TreatmentsPage.AddFaxInformationAndTreatmentToEnrolledPatientForMaxPatientResponsibility(AdminPortal_Patients_TreatmentsPage.java:2441)
at com.qa.regression.adminportal.patients.tests.TC44_AdminPortal_TreatmentsTab_VerifyClaimCreationF.VerifyClaimForMaxBalanceAvailable_DrugReimbursement_CTM(TC44_AdminPortal_TreatmentsTab_VerifyClaimCreationF.java:428)
at java.base/java.util.ArrayList.forEach(ArrayList.java:1511)
... Removed 32 stack frames]]>
    </failure>
  </testcase> <!-- VerifyClaimForMaxBalanceAvailable_DrugReimbursement_CTM -->
  <testcase classname="com.qa.regression.adminportal.patients.tests.TC33_AdminPortal_TreatmentsTab_VerifyTreatingPracticeAvailabilityInDropdown" name="verifyPrimaryTreatingPracticeAfterPatientMatchedWithTreatingPractice_DrugReimbursement" time="93.093">
    <failure type="org.openqa.selenium.ElementNotInteractableException" message="element not interactable
  (Session info: chrome=98.0.4758.82)
Build info: version: &amp;apos;3.141.59&amp;apos;, revision: &amp;apos;e82be7d358&amp;apos;, time: &amp;apos;2018-11-14T08:17:03&amp;apos;
System info: host: &amp;apos;LPANDIRI-E7440&amp;apos;, ip: &amp;apos;10.10.91.205&amp;apos;, os.name: &amp;apos;Windows 10&amp;apos;, os.arch: &amp;apos;amd64&amp;apos;, os.version: &amp;apos;10.0&amp;apos;, java.version: &amp;apos;16.0.2&amp;apos;
Driver info: org.openqa.selenium.chrome.ChromeDriver
Capabilities {acceptInsecureCerts: false, browserName: chrome, browserVersion: 98.0.4758.82, chrome: {chromedriverVersion: 97.0.4692.71 (adefa7837d02a..., userDataDir: C:\Users\LAHARI~1.PAN\AppDa...}, goog:chromeOptions: {debuggerAddress: localhost:59966}, javascriptEnabled: true, networkConnectionEnabled: false, pageLoadStrategy: normal, platform: WINDOWS, platformName: WINDOWS, proxy: Proxy(), setWindowRect: true, strictFileInteractability: false, timeouts: {implicit: 0, pageLoad: 300000, script: 30000}, unhandledPromptBehavior: dismiss and notify, webauthn:extension:credBlob: true, webauthn:extension:largeBlob: true, webauthn:virtualAuthenticators: true}
Session ID: 8b0ae1de8c52e68536df478aa46ae797">
      <![CDATA[org.openqa.selenium.ElementNotInteractableException: element not interactable
  (Session info: chrome=98.0.4758.82)
Build info: version: '3.141.59', revision: 'e82be7d358', time: '2018-11-14T08:17:03'
System info: host: 'LPANDIRI-E7440', ip: '10.10.91.205', os.name: 'Windows 10', os.arch: 'amd64', os.version: '10.0', java.version: '16.0.2'
Driver info: org.openqa.selenium.chrome.ChromeDriver
Capabilities {acceptInsecureCerts: false, browserName: chrome, browserVersion: 98.0.4758.82, chrome: {chromedriverVersion: 97.0.4692.71 (adefa7837d02a..., userDataDir: C:\Users\LAHARI~1.PAN\AppDa...}, goog:chromeOptions: {debuggerAddress: localhost:59966}, javascriptEnabled: true, networkConnectionEnabled: false, pageLoadStrategy: normal, platform: WINDOWS, platformName: WINDOWS, proxy: Proxy(), setWindowRect: true, strictFileInteractability: false, timeouts: {implicit: 0, pageLoad: 300000, script: 30000}, unhandledPromptBehavior: dismiss and notify, webauthn:extension:credBlob: true, webauthn:extension:largeBlob: true, webauthn:virtualAuthenticators: true}
Session ID: 8b0ae1de8c52e68536df478aa46ae797
at org.openqa.selenium.remote.http.W3CHttpResponseCodec.createException(W3CHttpResponseCodec.java:187)
at org.openqa.selenium.remote.http.W3CHttpResponseCodec.decode(W3CHttpResponseCodec.java:122)
at org.openqa.selenium.remote.http.W3CHttpResponseCodec.decode(W3CHttpResponseCodec.java:49)
at org.openqa.selenium.remote.HttpCommandExecutor.execute(HttpCommandExecutor.java:158)
at org.openqa.selenium.remote.service.DriverCommandExecutor.execute(DriverCommandExecutor.java:83)
at org.openqa.selenium.remote.RemoteWebDriver.execute(RemoteWebDriver.java:552)
at org.openqa.selenium.remote.RemoteWebElement.execute(RemoteWebElement.java:285)
at org.openqa.selenium.remote.RemoteWebElement.click(RemoteWebElement.java:84)
at com.juno.qa.pages.HubHomeLoginLogoutPage.EnrollInAdminPortal(HubHomeLoginLogoutPage.java:3538)
at com.qa.regression.adminportal.patients.tests.TC33_AdminPortal_TreatmentsTab_VerifyTreatingPracticeAvailabilityInDropdown.verifyPrimaryTreatingPracticeAfterPatientMatchedWithTreatingPractice_DrugReimbursement(TC33_AdminPortal_TreatmentsTab_VerifyTreatingPracticeAvailabilityInDropdown.java:103)
at java.base/java.util.ArrayList.forEach(ArrayList.java:1511)
... Removed 32 stack frames]]>
    </failure>
  </testcase> <!-- verifyPrimaryTreatingPracticeAfterPatientMatchedWithTreatingPractice_DrugReimbursement -->
  <testcase classname="com.adminXolair.qa.providerstest.tests.TC11_AdminPortal_PG_GP_VerifyAbilityToAddNotesToGPTest" name="VerifyFieldRequiredMsgForNotesInGP" time="30.865"/>
  <testcase classname="com.Replatform.qa.Fax.test.TC11_AdminPortal_Faxes_Assignments_VerifyMarkAsOutTest" name="Verify_Assignments_MarkAsOutAndCancelOut" time="40.018">
    <failure type="java.lang.ArrayIndexOutOfBoundsException" message="Index 2 out of bounds for length 1">
      <![CDATA[java.lang.ArrayIndexOutOfBoundsException: Index 2 out of bounds for length 1
at com.Replatform.qa.Fax.test.TC11_AdminPortal_Faxes_Assignments_VerifyMarkAsOutTest.Verify_Assignments_MarkAsOutAndCancelOut(TC11_AdminPortal_Faxes_Assignments_VerifyMarkAsOutTest.java:121)
at java.base/java.util.ArrayList.forEach(ArrayList.java:1511)
... Removed 27 stack frames]]>
    </failure>
  </testcase> <!-- Verify_Assignments_MarkAsOutAndCancelOut -->
  <testcase classname="com.adminXolair.qa.providerstest.tests.TC13_AdminPortal_PG_BO_VerifyFindPageTest" name="SearchProviderGroupByLastNameInBO" time="37.136">
    <failure type="java.lang.AssertionError" message="expected [] but found [67-8767876]">
      <![CDATA[java.lang.AssertionError: expected [] but found [67-8767876]
at com.adminXolair.qa.providerstest.tests.TC13_AdminPortal_PG_BO_VerifyFindPageTest.SearchProviderGroupByLastNameInBO(TC13_AdminPortal_PG_BO_VerifyFindPageTest.java:208)
at java.base/java.util.ArrayList.forEach(ArrayList.java:1511)
... Removed 33 stack frames]]>
    </failure>
  </testcase> <!-- SearchProviderGroupByLastNameInBO -->
  <testcase classname="com.adminXolair.qa.providerstest.tests.TC13_AdminPortal_PG_BO_VerifyFindPageTest" name="VerifyPGBOFindPageContent" time="15.865">
    <failure type="java.lang.AssertionError" message="expected [Parent Provider ID] but found [NPI]">
      <![CDATA[java.lang.AssertionError: expected [Parent Provider ID] but found [NPI]
at com.adminXolair.qa.providerstest.tests.TC13_AdminPortal_PG_BO_VerifyFindPageTest.VerifyPGBOFindPageContent(TC13_AdminPortal_PG_BO_VerifyFindPageTest.java:127)
at java.base/java.util.ArrayList.forEach(ArrayList.java:1511)
... Removed 33 stack frames]]>
    </failure>
  </testcase> <!-- VerifyPGBOFindPageContent -->
  <testcase classname="com.adminXolair.qa.providerstest.tests.TC11_AdminPortal_PG_GP_VerifyAbilityToAddNotesToGPTest" name="VerifyAbilityToAddNotesInGP" time="0.0">
    <ignored/>
  </testcase> <!-- VerifyAbilityToAddNotesInGP -->
  <testcase classname="com.adminXolair.qa.providerstest.tests.TC13_AdminPortal_PG_BO_VerifyFindPageTest" name="VerifyNumberOfRecordsBtwFindAndListAllForBO" time="0.0">
    <ignored/>
  </testcase> <!-- VerifyNumberOfRecordsBtwFindAndListAllForBO -->
  <testcase classname="com.adminXolair.qa.providerstest.tests.TC03_AdminPortal_PG_GP_FindGPTest" name="VerifyNumberOfRecordsBtwFindAndListAll" time="0.0">
    <ignored/>
  </testcase> <!-- VerifyNumberOfRecordsBtwFindAndListAll -->
  <testcase classname="com.adminXolair.qa.providerstest.tests.TC04_AdminPortal_PG_GP_VerifyListPageTest" name="CrossVerifyGPCountsBetweenAlphabetListAndFindPage" time="0.0">
    <ignored/>
  </testcase> <!-- CrossVerifyGPCountsBetweenAlphabetListAndFindPage -->
  <testcase classname="com.adminXolair.qa.providerstest.tests.TC08_AdminPortal_PG_GP_VerifyAbilityToAddPhysicianInGPAndUngroupGPInPhysicianParentProvidersTabTest" name="Verify_PG_GP_ProvidersTab_AddAndUngroupProviderByProviderName" time="0.0">
    <ignored/>
  </testcase> <!-- Verify_PG_GP_ProvidersTab_AddAndUngroupProviderByProviderName -->
  <testcase classname="com.adminXolair.qa.providerstest.tests.TC08_AdminPortal_PG_GP_VerifyAbilityToAddPhysicianInGPAndUngroupGPInPhysicianParentProvidersTabTest" name="Verify_PG_GP_ProvidersTab_AddAndUngroupProviderByProviderNPI" time="0.0">
    <ignored/>
  </testcase> <!-- Verify_PG_GP_ProvidersTab_AddAndUngroupProviderByProviderNPI -->
  <testcase classname="com.qa.regression.adminportal.patients.tests.TC28_AdminPortal_TreatmentsTab_VerifyBOSearchAutosuggest" name="VerifyBOLastNameSearchInTreatmentsTabForPatient" time="0.0">
    <ignored/>
  </testcase> <!-- VerifyBOLastNameSearchInTreatmentsTabForPatient -->
</testsuite> <!-- Test(failed) -->
