<!DOCTYPE html PUBLIC "-//W3C//DTD XHTML 1.1//EN" "https://www.w3.org/TR/xhtml11/DTD/xhtml11.dtd">
<html xmlns="https://www.w3.org/1999/xhtml">
<head>
<meta http-equiv="content-type" content="text/html; charset=UTF-8"/>
<title>TestNG Report</title>
<style type="text/css">table {margin-bottom:10px;border-collapse:collapse;empty-cells:show}th,td {border:1px solid #009;padding:.25em .5em}th {vertical-align:bottom}td {vertical-align:top}table a {font-weight:bold}.stripe td {background-color: #E6EBF9}.num {text-align:right}.passedodd td {background-color: #3F3}.passedeven td {background-color: #0A0}.skippedodd td {background-color: #DDD}.skippedeven td {background-color: #CCC}.failedodd td,.attn {background-color: #F33}.failedeven td,.stripe .attn {background-color: #D00}.stacktrace {white-space:pre;font-family:monospace}.totop {font-size:85%;text-align:center;border-bottom:2px solid #000}.invisible {display:none}</style>
</head>
<body>
<table>
<tr><th>Test</th><th># Passed</th><th># Skipped</th><th># Retried</th><th># Failed</th><th>Time (ms)</th><th>Included Groups</th><th>Excluded Groups</th></tr>
<tr><th colspan="8">Failed suite [Suite]</th></tr>
<tr><td><a href="#t0">Test(failed)</a></td><td class="num">2</td><td class="num">0</td><td class="num">0</td><td class="num attn">17</td><td class="num">1,975,388</td><td></td><td></td></tr>
</table>
<table id='summary'><thead><tr><th>Class</th><th>Method</th><th>Start</th><th>Time (ms)</th></tr></thead><tbody><tr><th colspan="4">Failed suite [Suite]</th></tr></tbody><tbody id="t0"><tr><th colspan="4">Test(failed) &#8212; failed</th></tr><tr class="failedeven"><td rowspan="1">com.Replatform.qa.Fax.test.TC11_AdminPortal_Faxes_Assignments_VerifyMarkAsOutTest</td><td><a href="#m0">Verify_Assignments_MarkAsOutAndCancelOut</a></td><td rowspan="1">1646930901127</td><td rowspan="1">40018</td></tr><tr class="failedodd"><td rowspan="2">com.Replatform.qa.Fax.test.TC12_AdminPortal_Faxes_AssignmentRules_AddNewAssignmentRuleTest</td><td><a href="#m1">Verify_AssignmentRules_CreateAssignmentRule_OustisdeHoursN</a></td><td rowspan="1">1646929159835</td><td rowspan="1">71638</td></tr><tr class="failedodd"><td><a href="#m2">Verify_AssignmentRules_CreateAssignmentRule_OustisdeHoursY</a></td><td rowspan="1">1646929081178</td><td rowspan="1">71855</td></tr><tr class="failedeven"><td rowspan="1">com.adminXolair.qa.providerstest.tests.TC03_AdminPortal_PG_GP_FindGPTest</td><td><a href="#m3">SearchProviderGroupByLastName</a></td><td rowspan="1">1646929048230</td><td rowspan="1">22629</td></tr><tr class="failedodd"><td rowspan="1">com.adminXolair.qa.providerstest.tests.TC04_AdminPortal_PG_GP_VerifyListPageTest</td><td><a href="#m4">verify_PG_GP_ListPageContent</a></td><td rowspan="1">1646929238418</td><td rowspan="1">13748</td></tr><tr class="failedeven"><td rowspan="1">com.adminXolair.qa.providerstest.tests.TC08_AdminPortal_PG_GP_VerifyAbilityToAddPhysicianInGPAndUngroupGPInPhysicianParentProvidersTabTest</td><td><a href="#m5">Verify_PG_GP_ProvidersTab_AddAndUngroupProviderByProviderLastName</a></td><td rowspan="1">1646929358937</td><td rowspan="1">42043</td></tr><tr class="failedodd"><td rowspan="2">com.adminXolair.qa.providerstest.tests.TC13_AdminPortal_PG_BO_VerifyFindPageTest</td><td><a href="#m6">SearchProviderGroupByLastNameInBO</a></td><td rowspan="1">1646930948871</td><td rowspan="1">37136</td></tr><tr class="failedodd"><td><a href="#m7">VerifyPGBOFindPageContent</a></td><td rowspan="1">1646930994525</td><td rowspan="1">15865</td></tr><tr class="failedeven"><td rowspan="1">com.qa.regression.adminportal.patients.tests.TC04_AdminPortal_VerifyBenefitsHistoryForPatientsTest</td><td><a href="#m8">VerifyBenefitsHistoryPageForPatient_DrugReimbursement</a></td><td rowspan="1">1646929474275</td><td rowspan="1">62919</td></tr><tr class="failedodd"><td rowspan="2">com.qa.regression.adminportal.patients.tests.TC28_AdminPortal_TreatmentsTab_VerifyBOSearchAutosuggest</td><td><a href="#m9">VerifyBONPISearchInTreatmentsTabForPatient</a></td><td rowspan="1">1646929765696</td><td rowspan="1">116305</td></tr><tr class="failedodd"><td><a href="#m10">VerifyBONameSearchInTreatmentsTabForPatient</a></td><td rowspan="1">1646929889422</td><td rowspan="1">120757</td></tr><tr class="failedeven"><td rowspan="1">com.qa.regression.adminportal.patients.tests.TC29_AdminPortal_TreatmentsTab_VerifyBOAvailabilityInDropdown</td><td><a href="#m11">verifyPrimaryBOAfterPatientMatchedWithBO_DrugReimbursement</a></td><td rowspan="1">1646929557335</td><td rowspan="1">200688</td></tr><tr class="failedodd"><td rowspan="1">com.qa.regression.adminportal.patients.tests.TC31_AdminPortal_TreatmentsTab_VerifyAddNewBillingOfficeLink</td><td><a href="#m12">VerifyAddNewBOLinkInTreatmentsTabForPatient</a></td><td rowspan="1">1646929260846</td><td rowspan="1">90503</td></tr><tr class="failedeven"><td rowspan="1">com.qa.regression.adminportal.patients.tests.TC33_AdminPortal_TreatmentsTab_VerifyTreatingPracticeAvailabilityInDropdown</td><td><a href="#m13">verifyPrimaryTreatingPracticeAfterPatientMatchedWithTreatingPractice_DrugReimbursement</a></td><td rowspan="1">1646930759843</td><td rowspan="1">93093</td></tr><tr class="failedodd"><td rowspan="3">com.qa.regression.adminportal.patients.tests.TC44_AdminPortal_TreatmentsTab_VerifyClaimCreationF</td><td><a href="#m14">VerifyClaimForMaxBalanceAvailable_DrugReimbursement_ACH</a></td><td rowspan="1">1646930030044</td><td rowspan="1">231889</td></tr><tr class="failedodd"><td><a href="#m15">VerifyClaimForMaxBalanceAvailable_DrugReimbursement_CTM</a></td><td rowspan="1">1646930519279</td><td rowspan="1">223920</td></tr><tr class="failedodd"><td><a href="#m16">VerifyClaimForMaxBalanceAvailable_DrugReimbursement_CTP</a></td><td rowspan="1">1646930278677</td><td rowspan="1">223751</td></tr><tr><th colspan="4">Test(failed) &#8212; passed</th></tr><tr class="passedeven"><td rowspan="1">com.adminXolair.qa.providerstest.tests.TC11_AdminPortal_PG_GP_VerifyAbilityToAddNotesToGPTest</td><td><a href="#m17">VerifyFieldRequiredMsgForNotesInGP</a></td><td rowspan="1">1646930861774</td><td rowspan="1">30865</td></tr><tr class="passedodd"><td rowspan="1">com.adminXolair.qa.providerstest.tests.TC12_AdminPortal_PG_GP_VerifyAbilityToUpdateNotesInGPTest</td><td><a href="#m18">VerifyUpdatingNotesToGP</a></td><td rowspan="1">1646929409079</td><td rowspan="1">56498</td></tr></tbody>
</table>
<h2>Test(failed)</h2><h3 id="m0">com.Replatform.qa.Fax.test.TC11_AdminPortal_Faxes_Assignments_VerifyMarkAsOutTest#Verify_Assignments_MarkAsOutAndCancelOut</h3><table class="result"><tr><th>Exception</th></tr><tr><td><div class="stacktrace">java.lang.ArrayIndexOutOfBoundsException: Index 2 out of bounds for length 1
	at com.Replatform.qa.Fax.test.TC11_AdminPortal_Faxes_Assignments_VerifyMarkAsOutTest.Verify_Assignments_MarkAsOutAndCancelOut(TC11_AdminPortal_Faxes_Assignments_VerifyMarkAsOutTest.java:121)
	at java.base/java.util.ArrayList.forEach(ArrayList.java:1511)
... Removed 27 stack frames</div></td></tr></table><p class="totop"><a href="#summary">back to summary</a></p>
<h3 id="m1">com.Replatform.qa.Fax.test.TC12_AdminPortal_Faxes_AssignmentRules_AddNewAssignmentRuleTest#Verify_AssignmentRules_CreateAssignmentRule_OustisdeHoursN</h3><table class="result"><tr><th>Exception</th></tr><tr><td><div class="stacktrace">org.openqa.selenium.NoSuchElementException: no such element: Unable to locate element: {&quot;method&quot;:&quot;xpath&quot;,&quot;selector&quot;:&quot;//*[@id=&apos;form-table&apos;]/div/div[1]/table/tbody/tr/td[2]&quot;}
  (Session info: chrome=98.0.4758.82)
For documentation on this error, please visit: https://www.seleniumhq.org/exceptions/no_such_element.html
Build info: version: &apos;3.141.59&apos;, revision: &apos;e82be7d358&apos;, time: &apos;2018-11-14T08:17:03&apos;
System info: host: &apos;LPANDIRI-E7440&apos;, ip: &apos;10.10.91.205&apos;, os.name: &apos;Windows 10&apos;, os.arch: &apos;amd64&apos;, os.version: &apos;10.0&apos;, java.version: &apos;16.0.2&apos;
Driver info: org.openqa.selenium.chrome.ChromeDriver
Capabilities {acceptInsecureCerts: false, browserName: chrome, browserVersion: 98.0.4758.82, chrome: {chromedriverVersion: 97.0.4692.71 (adefa7837d02a..., userDataDir: C:\Users\LAHARI~1.PAN\AppDa...}, goog:chromeOptions: {debuggerAddress: localhost:58747}, javascriptEnabled: true, networkConnectionEnabled: false, pageLoadStrategy: normal, platform: WINDOWS, platformName: WINDOWS, proxy: Proxy(), setWindowRect: true, strictFileInteractability: false, timeouts: {implicit: 0, pageLoad: 300000, script: 30000}, unhandledPromptBehavior: dismiss and notify, webauthn:extension:credBlob: true, webauthn:extension:largeBlob: true, webauthn:virtualAuthenticators: true}
Session ID: 1e8cee0e233f3381f3c666caf63aac53
*** Element info: {Using=xpath, value=//*[@id=&apos;form-table&apos;]/div/div[1]/table/tbody/tr/td[2]}
	at org.openqa.selenium.remote.http.W3CHttpResponseCodec.createException(W3CHttpResponseCodec.java:187)
	at org.openqa.selenium.remote.http.W3CHttpResponseCodec.decode(W3CHttpResponseCodec.java:122)
	at org.openqa.selenium.remote.http.W3CHttpResponseCodec.decode(W3CHttpResponseCodec.java:49)
	at org.openqa.selenium.remote.HttpCommandExecutor.execute(HttpCommandExecutor.java:158)
	at org.openqa.selenium.remote.service.DriverCommandExecutor.execute(DriverCommandExecutor.java:83)
	at org.openqa.selenium.remote.RemoteWebDriver.execute(RemoteWebDriver.java:552)
	at org.openqa.selenium.remote.RemoteWebDriver.findElement(RemoteWebDriver.java:323)
	at org.openqa.selenium.remote.RemoteWebDriver.findElementByXPath(RemoteWebDriver.java:428)
	at org.openqa.selenium.By$ByXPath.findElement(By.java:353)
	at org.openqa.selenium.remote.RemoteWebDriver.findElement(RemoteWebDriver.java:315)
	at com.juno.qa.pages.AdminPortal_Faxes_AssignmentRulesPage.TotalCountLabelAndValue(AdminPortal_Faxes_AssignmentRulesPage.java:140)
	at com.Replatform.qa.Fax.test.TC12_AdminPortal_Faxes_AssignmentRules_AddNewAssignmentRuleTest.Verify_AssignmentRules_CreateAssignmentRule_OustisdeHoursN(TC12_AdminPortal_Faxes_AssignmentRules_AddNewAssignmentRuleTest.java:93)
	at java.base/java.util.ArrayList.forEach(ArrayList.java:1511)
... Removed 32 stack frames</div></td></tr></table><p class="totop"><a href="#summary">back to summary</a></p>
<h3 id="m2">com.Replatform.qa.Fax.test.TC12_AdminPortal_Faxes_AssignmentRules_AddNewAssignmentRuleTest#Verify_AssignmentRules_CreateAssignmentRule_OustisdeHoursY</h3><table class="result"><tr><th>Exception</th></tr><tr><td><div class="stacktrace">org.openqa.selenium.NoSuchElementException: no such element: Unable to locate element: {&quot;method&quot;:&quot;xpath&quot;,&quot;selector&quot;:&quot;//*[@id=&apos;form-table&apos;]/div/div[1]/table/tbody/tr/td[2]&quot;}
  (Session info: chrome=98.0.4758.82)
For documentation on this error, please visit: https://www.seleniumhq.org/exceptions/no_such_element.html
Build info: version: &apos;3.141.59&apos;, revision: &apos;e82be7d358&apos;, time: &apos;2018-11-14T08:17:03&apos;
System info: host: &apos;LPANDIRI-E7440&apos;, ip: &apos;10.10.91.205&apos;, os.name: &apos;Windows 10&apos;, os.arch: &apos;amd64&apos;, os.version: &apos;10.0&apos;, java.version: &apos;16.0.2&apos;
Driver info: org.openqa.selenium.chrome.ChromeDriver
Capabilities {acceptInsecureCerts: false, browserName: chrome, browserVersion: 98.0.4758.82, chrome: {chromedriverVersion: 97.0.4692.71 (adefa7837d02a..., userDataDir: C:\Users\LAHARI~1.PAN\AppDa...}, goog:chromeOptions: {debuggerAddress: localhost:58691}, javascriptEnabled: true, networkConnectionEnabled: false, pageLoadStrategy: normal, platform: WINDOWS, platformName: WINDOWS, proxy: Proxy(), setWindowRect: true, strictFileInteractability: false, timeouts: {implicit: 0, pageLoad: 300000, script: 30000}, unhandledPromptBehavior: dismiss and notify, webauthn:extension:credBlob: true, webauthn:extension:largeBlob: true, webauthn:virtualAuthenticators: true}
Session ID: b8bd3f8c6130b0a697b3ee1fa541d410
*** Element info: {Using=xpath, value=//*[@id=&apos;form-table&apos;]/div/div[1]/table/tbody/tr/td[2]}
	at org.openqa.selenium.remote.http.W3CHttpResponseCodec.createException(W3CHttpResponseCodec.java:187)
	at org.openqa.selenium.remote.http.W3CHttpResponseCodec.decode(W3CHttpResponseCodec.java:122)
	at org.openqa.selenium.remote.http.W3CHttpResponseCodec.decode(W3CHttpResponseCodec.java:49)
	at org.openqa.selenium.remote.HttpCommandExecutor.execute(HttpCommandExecutor.java:158)
	at org.openqa.selenium.remote.service.DriverCommandExecutor.execute(DriverCommandExecutor.java:83)
	at org.openqa.selenium.remote.RemoteWebDriver.execute(RemoteWebDriver.java:552)
	at org.openqa.selenium.remote.RemoteWebDriver.findElement(RemoteWebDriver.java:323)
	at org.openqa.selenium.remote.RemoteWebDriver.findElementByXPath(RemoteWebDriver.java:428)
	at org.openqa.selenium.By$ByXPath.findElement(By.java:353)
	at org.openqa.selenium.remote.RemoteWebDriver.findElement(RemoteWebDriver.java:315)
	at com.juno.qa.pages.AdminPortal_Faxes_AssignmentRulesPage.TotalCountLabelAndValue(AdminPortal_Faxes_AssignmentRulesPage.java:140)
	at com.Replatform.qa.Fax.test.TC12_AdminPortal_Faxes_AssignmentRules_AddNewAssignmentRuleTest.Verify_AssignmentRules_CreateAssignmentRule_OustisdeHoursY(TC12_AdminPortal_Faxes_AssignmentRules_AddNewAssignmentRuleTest.java:146)
	at java.base/java.util.ArrayList.forEach(ArrayList.java:1511)
... Removed 32 stack frames</div></td></tr></table><p class="totop"><a href="#summary">back to summary</a></p>
<h3 id="m3">com.adminXolair.qa.providerstest.tests.TC03_AdminPortal_PG_GP_FindGPTest#SearchProviderGroupByLastName</h3><table class="result"><tr><th>Exception</th></tr><tr><td><div class="stacktrace">java.lang.AssertionError: expected [Parent Provider ID] but found [NPI]
	at com.adminXolair.qa.providerstest.tests.TC03_AdminPortal_PG_GP_FindGPTest.SearchProviderGroupByLastName(TC03_AdminPortal_PG_GP_FindGPTest.java:156)
	at java.base/java.util.ArrayList.forEach(ArrayList.java:1511)
... Removed 33 stack frames</div></td></tr></table><p class="totop"><a href="#summary">back to summary</a></p>
<h3 id="m4">com.adminXolair.qa.providerstest.tests.TC04_AdminPortal_PG_GP_VerifyListPageTest#verify_PG_GP_ListPageContent</h3><table class="result"><tr><th>Exception</th></tr><tr><td><div class="stacktrace">java.lang.AssertionError: expected [Parent Provider ID] but found [NPI]
	at com.adminXolair.qa.providerstest.tests.TC04_AdminPortal_PG_GP_VerifyListPageTest.verify_PG_GP_ListPageContent(TC04_AdminPortal_PG_GP_VerifyListPageTest.java:93)
	at java.base/java.util.ArrayList.forEach(ArrayList.java:1511)
... Removed 33 stack frames</div></td></tr></table><p class="totop"><a href="#summary">back to summary</a></p>
<h3 id="m5">com.adminXolair.qa.providerstest.tests.TC08_AdminPortal_PG_GP_VerifyAbilityToAddPhysicianInGPAndUngroupGPInPhysicianParentProvidersTabTest#Verify_PG_GP_ProvidersTab_AddAndUngroupProviderByProviderLastName</h3><table class="result"><tr><th>Exception</th></tr><tr><td><div class="stacktrace">java.lang.AssertionError: expected [Added provider ADAMS SERRHEL ( Levine) to the group] but found [Added provider Quantum Vision Center ( Levine) to the group]
	at com.adminXolair.qa.providerstest.tests.TC08_AdminPortal_PG_GP_VerifyAbilityToAddPhysicianInGPAndUngroupGPInPhysicianParentProvidersTabTest.Verify_PG_GP_ProvidersTab_AddAndUngroupProviderByProviderLastName(TC08_AdminPortal_PG_GP_VerifyAbilityToAddPhysicianInGPAndUngro.java:213)
	at java.base/java.util.ArrayList.forEach(ArrayList.java:1511)
... Removed 33 stack frames</div></td></tr></table><p class="totop"><a href="#summary">back to summary</a></p>
<h3 id="m6">com.adminXolair.qa.providerstest.tests.TC13_AdminPortal_PG_BO_VerifyFindPageTest#SearchProviderGroupByLastNameInBO</h3><table class="result"><tr><th>Exception</th></tr><tr><td><div class="stacktrace">java.lang.AssertionError: expected [] but found [67-8767876]
	at com.adminXolair.qa.providerstest.tests.TC13_AdminPortal_PG_BO_VerifyFindPageTest.SearchProviderGroupByLastNameInBO(TC13_AdminPortal_PG_BO_VerifyFindPageTest.java:208)
	at java.base/java.util.ArrayList.forEach(ArrayList.java:1511)
... Removed 33 stack frames</div></td></tr></table><p class="totop"><a href="#summary">back to summary</a></p>
<h3 id="m7">com.adminXolair.qa.providerstest.tests.TC13_AdminPortal_PG_BO_VerifyFindPageTest#VerifyPGBOFindPageContent</h3><table class="result"><tr><th>Exception</th></tr><tr><td><div class="stacktrace">java.lang.AssertionError: expected [Parent Provider ID] but found [NPI]
	at com.adminXolair.qa.providerstest.tests.TC13_AdminPortal_PG_BO_VerifyFindPageTest.VerifyPGBOFindPageContent(TC13_AdminPortal_PG_BO_VerifyFindPageTest.java:127)
	at java.base/java.util.ArrayList.forEach(ArrayList.java:1511)
... Removed 33 stack frames</div></td></tr></table><p class="totop"><a href="#summary">back to summary</a></p>
<h3 id="m8">com.qa.regression.adminportal.patients.tests.TC04_AdminPortal_VerifyBenefitsHistoryForPatientsTest#VerifyBenefitsHistoryPageForPatient_DrugReimbursement</h3><table class="result"><tr><th>Exception</th></tr><tr><td><div class="stacktrace">java.lang.AssertionError: expected [N] but found [Y]
	at com.qa.regression.adminportal.patients.tests.TC04_AdminPortal_VerifyBenefitsHistoryForPatientsTest.VerifyBenefitsHistoryPageForPatient_DrugReimbursement(TC04_AdminPortal_VerifyBenefitsHistoryForPatientsTest.java:122)
	at java.base/java.util.ArrayList.forEach(ArrayList.java:1511)
... Removed 33 stack frames</div></td></tr></table><p class="totop"><a href="#summary">back to summary</a></p>
<h3 id="m9">com.qa.regression.adminportal.patients.tests.TC28_AdminPortal_TreatmentsTab_VerifyBOSearchAutosuggest#VerifyBONPISearchInTreatmentsTabForPatient</h3><table class="result"><tr><th>Exception</th></tr><tr><td><div class="stacktrace">java.lang.AssertionError: expected [1639596034] but found []
	at com.qa.regression.adminportal.patients.tests.TC28_AdminPortal_TreatmentsTab_VerifyBOSearchAutosuggest.VerifyBONPISearchInTreatmentsTabForPatient(TC28_AdminPortal_TreatmentsTab_VerifyBOSearchAutosuggest.java:275)
	at java.base/java.util.ArrayList.forEach(ArrayList.java:1511)
... Removed 33 stack frames</div></td></tr></table><p class="totop"><a href="#summary">back to summary</a></p>
<h3 id="m10">com.qa.regression.adminportal.patients.tests.TC28_AdminPortal_TreatmentsTab_VerifyBOSearchAutosuggest#VerifyBONameSearchInTreatmentsTabForPatient</h3><table class="result"><tr><th>Exception</th></tr><tr><td><div class="stacktrace">java.lang.AssertionError: expected [1639596034] but found []
	at com.qa.regression.adminportal.patients.tests.TC28_AdminPortal_TreatmentsTab_VerifyBOSearchAutosuggest.VerifyBONameSearchInTreatmentsTabForPatient(TC28_AdminPortal_TreatmentsTab_VerifyBOSearchAutosuggest.java:129)
	at java.base/java.util.ArrayList.forEach(ArrayList.java:1511)
... Removed 33 stack frames</div></td></tr></table><p class="totop"><a href="#summary">back to summary</a></p>
<h3 id="m11">com.qa.regression.adminportal.patients.tests.TC29_AdminPortal_TreatmentsTab_VerifyBOAvailabilityInDropdown#verifyPrimaryBOAfterPatientMatchedWithBO_DrugReimbursement</h3><table class="result"><tr><th>Exception</th></tr><tr><td><div class="stacktrace">java.lang.AssertionError: expected [Ralph] but found [Alex]
	at com.juno.qa.pages.AdminPortal_Patients_MatchPage.VerifyAbilityToMatchProviderWithPatientAndBOAvailableInTreatmentsTab(AdminPortal_Patients_MatchPage.java:434)
	at com.qa.regression.adminportal.patients.tests.TC29_AdminPortal_TreatmentsTab_VerifyBOAvailabilityInDropdown.verifyPrimaryBOAfterPatientMatchedWithBO_DrugReimbursement(TC29_AdminPortal_TreatmentsTab_VerifyBOAvailabilityInDropdown.java:126)
	at java.base/java.util.ArrayList.forEach(ArrayList.java:1511)
... Removed 33 stack frames</div></td></tr></table><p class="totop"><a href="#summary">back to summary</a></p>
<h3 id="m12">com.qa.regression.adminportal.patients.tests.TC31_AdminPortal_TreatmentsTab_VerifyAddNewBillingOfficeLink#VerifyAddNewBOLinkInTreatmentsTabForPatient</h3><table class="result"><tr><th>Exception</th></tr><tr><td><div class="stacktrace">java.lang.AssertionError: expected [Select a Provider Type] but found [Billing Office]
	at com.qa.regression.adminportal.patients.tests.TC31_AdminPortal_TreatmentsTab_VerifyAddNewBillingOfficeLink.VerifyAddNewBOLinkInTreatmentsTabForPatient(TC31_AdminPortal_TreatmentsTab_VerifyAddNewBillingOfficeLink.java:100)
	at java.base/java.util.ArrayList.forEach(ArrayList.java:1511)
... Removed 33 stack frames</div></td></tr></table><p class="totop"><a href="#summary">back to summary</a></p>
<h3 id="m13">com.qa.regression.adminportal.patients.tests.TC33_AdminPortal_TreatmentsTab_VerifyTreatingPracticeAvailabilityInDropdown#verifyPrimaryTreatingPracticeAfterPatientMatchedWithTreatingPractice_DrugReimbursement</h3><table class="result"><tr><th>Exception</th></tr><tr><td><div class="stacktrace">org.openqa.selenium.ElementNotInteractableException: element not interactable
  (Session info: chrome=98.0.4758.82)
Build info: version: &apos;3.141.59&apos;, revision: &apos;e82be7d358&apos;, time: &apos;2018-11-14T08:17:03&apos;
System info: host: &apos;LPANDIRI-E7440&apos;, ip: &apos;10.10.91.205&apos;, os.name: &apos;Windows 10&apos;, os.arch: &apos;amd64&apos;, os.version: &apos;10.0&apos;, java.version: &apos;16.0.2&apos;
Driver info: org.openqa.selenium.chrome.ChromeDriver
Capabilities {acceptInsecureCerts: false, browserName: chrome, browserVersion: 98.0.4758.82, chrome: {chromedriverVersion: 97.0.4692.71 (adefa7837d02a..., userDataDir: C:\Users\LAHARI~1.PAN\AppDa...}, goog:chromeOptions: {debuggerAddress: localhost:59966}, javascriptEnabled: true, networkConnectionEnabled: false, pageLoadStrategy: normal, platform: WINDOWS, platformName: WINDOWS, proxy: Proxy(), setWindowRect: true, strictFileInteractability: false, timeouts: {implicit: 0, pageLoad: 300000, script: 30000}, unhandledPromptBehavior: dismiss and notify, webauthn:extension:credBlob: true, webauthn:extension:largeBlob: true, webauthn:virtualAuthenticators: true}
Session ID: 8b0ae1de8c52e68536df478aa46ae797
	at org.openqa.selenium.remote.http.W3CHttpResponseCodec.createException(W3CHttpResponseCodec.java:187)
	at org.openqa.selenium.remote.http.W3CHttpResponseCodec.decode(W3CHttpResponseCodec.java:122)
	at org.openqa.selenium.remote.http.W3CHttpResponseCodec.decode(W3CHttpResponseCodec.java:49)
	at org.openqa.selenium.remote.HttpCommandExecutor.execute(HttpCommandExecutor.java:158)
	at org.openqa.selenium.remote.service.DriverCommandExecutor.execute(DriverCommandExecutor.java:83)
	at org.openqa.selenium.remote.RemoteWebDriver.execute(RemoteWebDriver.java:552)
	at org.openqa.selenium.remote.RemoteWebElement.execute(RemoteWebElement.java:285)
	at org.openqa.selenium.remote.RemoteWebElement.click(RemoteWebElement.java:84)
	at com.juno.qa.pages.HubHomeLoginLogoutPage.EnrollInAdminPortal(HubHomeLoginLogoutPage.java:3538)
	at com.qa.regression.adminportal.patients.tests.TC33_AdminPortal_TreatmentsTab_VerifyTreatingPracticeAvailabilityInDropdown.verifyPrimaryTreatingPracticeAfterPatientMatchedWithTreatingPractice_DrugReimbursement(TC33_AdminPortal_TreatmentsTab_VerifyTreatingPracticeAvailabilityInDropdown.java:103)
	at java.base/java.util.ArrayList.forEach(ArrayList.java:1511)
... Removed 32 stack frames</div></td></tr></table><p class="totop"><a href="#summary">back to summary</a></p>
<h3 id="m14">com.qa.regression.adminportal.patients.tests.TC44_AdminPortal_TreatmentsTab_VerifyClaimCreationF#VerifyClaimForMaxBalanceAvailable_DrugReimbursement_ACH</h3><table class="result"><tr><th>Exception</th></tr><tr><td><div class="stacktrace">org.openqa.selenium.NoSuchElementException: no such element: Unable to locate element: {&quot;method&quot;:&quot;css selector&quot;,&quot;selector&quot;:&quot;.search_display_box&quot;}
  (Session info: chrome=98.0.4758.82)
For documentation on this error, please visit: https://www.seleniumhq.org/exceptions/no_such_element.html
Build info: version: &apos;3.141.59&apos;, revision: &apos;e82be7d358&apos;, time: &apos;2018-11-14T08:17:03&apos;
System info: host: &apos;LPANDIRI-E7440&apos;, ip: &apos;10.10.91.205&apos;, os.name: &apos;Windows 10&apos;, os.arch: &apos;amd64&apos;, os.version: &apos;10.0&apos;, java.version: &apos;16.0.2&apos;
Driver info: org.openqa.selenium.chrome.ChromeDriver
Capabilities {acceptInsecureCerts: false, browserName: chrome, browserVersion: 98.0.4758.82, chrome: {chromedriverVersion: 97.0.4692.71 (adefa7837d02a..., userDataDir: C:\Users\LAHARI~1.PAN\AppDa...}, goog:chromeOptions: {debuggerAddress: localhost:59430}, javascriptEnabled: true, networkConnectionEnabled: false, pageLoadStrategy: normal, platform: WINDOWS, platformName: WINDOWS, proxy: Proxy(), setWindowRect: true, strictFileInteractability: false, timeouts: {implicit: 0, pageLoad: 300000, script: 30000}, unhandledPromptBehavior: dismiss and notify, webauthn:extension:credBlob: true, webauthn:extension:largeBlob: true, webauthn:virtualAuthenticators: true}
Session ID: b4c346f0b924028ba235e406b7a14828
*** Element info: {Using=class name, value=search_display_box}
	at org.openqa.selenium.remote.http.W3CHttpResponseCodec.createException(W3CHttpResponseCodec.java:187)
	at org.openqa.selenium.remote.http.W3CHttpResponseCodec.decode(W3CHttpResponseCodec.java:122)
	at org.openqa.selenium.remote.http.W3CHttpResponseCodec.decode(W3CHttpResponseCodec.java:49)
	at org.openqa.selenium.remote.HttpCommandExecutor.execute(HttpCommandExecutor.java:158)
	at org.openqa.selenium.remote.service.DriverCommandExecutor.execute(DriverCommandExecutor.java:83)
	at org.openqa.selenium.remote.RemoteWebDriver.execute(RemoteWebDriver.java:552)
	at org.openqa.selenium.remote.RemoteWebDriver.findElement(RemoteWebDriver.java:323)
	at org.openqa.selenium.remote.RemoteWebDriver.findElementByClassName(RemoteWebDriver.java:412)
	at org.openqa.selenium.By$ByClassName.findElement(By.java:389)
	at org.openqa.selenium.remote.RemoteWebDriver.findElement(RemoteWebDriver.java:315)
	at com.juno.qa.pages.AdminPortal_Patients_TreatmentsPage.SearchDisplayBox(AdminPortal_Patients_TreatmentsPage.java:233)
	at com.juno.qa.pages.AdminPortal_Patients_TreatmentsPage.AddFaxInformationAndTreatmentToEnrolledPatientForMaxPatientResponsibility(AdminPortal_Patients_TreatmentsPage.java:2441)
	at com.qa.regression.adminportal.patients.tests.TC44_AdminPortal_TreatmentsTab_VerifyClaimCreationF.VerifyClaimForMaxBalanceAvailable_DrugReimbursement_ACH(TC44_AdminPortal_TreatmentsTab_VerifyClaimCreationF.java:204)
	at java.base/java.util.ArrayList.forEach(ArrayList.java:1511)
... Removed 32 stack frames</div></td></tr></table><p class="totop"><a href="#summary">back to summary</a></p>
<h3 id="m15">com.qa.regression.adminportal.patients.tests.TC44_AdminPortal_TreatmentsTab_VerifyClaimCreationF#VerifyClaimForMaxBalanceAvailable_DrugReimbursement_CTM</h3><table class="result"><tr><th>Exception</th></tr><tr><td><div class="stacktrace">org.openqa.selenium.NoSuchElementException: no such element: Unable to locate element: {&quot;method&quot;:&quot;css selector&quot;,&quot;selector&quot;:&quot;.search_display_box&quot;}
  (Session info: chrome=98.0.4758.82)
For documentation on this error, please visit: https://www.seleniumhq.org/exceptions/no_such_element.html
Build info: version: &apos;3.141.59&apos;, revision: &apos;e82be7d358&apos;, time: &apos;2018-11-14T08:17:03&apos;
System info: host: &apos;LPANDIRI-E7440&apos;, ip: &apos;10.10.91.205&apos;, os.name: &apos;Windows 10&apos;, os.arch: &apos;amd64&apos;, os.version: &apos;10.0&apos;, java.version: &apos;16.0.2&apos;
Driver info: org.openqa.selenium.chrome.ChromeDriver
Capabilities {acceptInsecureCerts: false, browserName: chrome, browserVersion: 98.0.4758.82, chrome: {chromedriverVersion: 97.0.4692.71 (adefa7837d02a..., userDataDir: C:\Users\LAHARI~1.PAN\AppDa...}, goog:chromeOptions: {debuggerAddress: localhost:59900}, javascriptEnabled: true, networkConnectionEnabled: false, pageLoadStrategy: normal, platform: WINDOWS, platformName: WINDOWS, proxy: Proxy(), setWindowRect: true, strictFileInteractability: false, timeouts: {implicit: 0, pageLoad: 300000, script: 30000}, unhandledPromptBehavior: dismiss and notify, webauthn:extension:credBlob: true, webauthn:extension:largeBlob: true, webauthn:virtualAuthenticators: true}
Session ID: 6ad9a6f1a16ef62a1866dcc86c3a08d9
*** Element info: {Using=class name, value=search_display_box}
	at org.openqa.selenium.remote.http.W3CHttpResponseCodec.createException(W3CHttpResponseCodec.java:187)
	at org.openqa.selenium.remote.http.W3CHttpResponseCodec.decode(W3CHttpResponseCodec.java:122)
	at org.openqa.selenium.remote.http.W3CHttpResponseCodec.decode(W3CHttpResponseCodec.java:49)
	at org.openqa.selenium.remote.HttpCommandExecutor.execute(HttpCommandExecutor.java:158)
	at org.openqa.selenium.remote.service.DriverCommandExecutor.execute(DriverCommandExecutor.java:83)
	at org.openqa.selenium.remote.RemoteWebDriver.execute(RemoteWebDriver.java:552)
	at org.openqa.selenium.remote.RemoteWebDriver.findElement(RemoteWebDriver.java:323)
	at org.openqa.selenium.remote.RemoteWebDriver.findElementByClassName(RemoteWebDriver.java:412)
	at org.openqa.selenium.By$ByClassName.findElement(By.java:389)
	at org.openqa.selenium.remote.RemoteWebDriver.findElement(RemoteWebDriver.java:315)
	at com.juno.qa.pages.AdminPortal_Patients_TreatmentsPage.SearchDisplayBox(AdminPortal_Patients_TreatmentsPage.java:233)
	at com.juno.qa.pages.AdminPortal_Patients_TreatmentsPage.AddFaxInformationAndTreatmentToEnrolledPatientForMaxPatientResponsibility(AdminPortal_Patients_TreatmentsPage.java:2441)
	at com.qa.regression.adminportal.patients.tests.TC44_AdminPortal_TreatmentsTab_VerifyClaimCreationF.VerifyClaimForMaxBalanceAvailable_DrugReimbursement_CTM(TC44_AdminPortal_TreatmentsTab_VerifyClaimCreationF.java:428)
	at java.base/java.util.ArrayList.forEach(ArrayList.java:1511)
... Removed 32 stack frames</div></td></tr></table><p class="totop"><a href="#summary">back to summary</a></p>
<h3 id="m16">com.qa.regression.adminportal.patients.tests.TC44_AdminPortal_TreatmentsTab_VerifyClaimCreationF#VerifyClaimForMaxBalanceAvailable_DrugReimbursement_CTP</h3><table class="result"><tr><th>Exception</th></tr><tr><td><div class="stacktrace">org.openqa.selenium.NoSuchElementException: no such element: Unable to locate element: {&quot;method&quot;:&quot;css selector&quot;,&quot;selector&quot;:&quot;.search_display_box&quot;}
  (Session info: chrome=98.0.4758.82)
For documentation on this error, please visit: https://www.seleniumhq.org/exceptions/no_such_element.html
Build info: version: &apos;3.141.59&apos;, revision: &apos;e82be7d358&apos;, time: &apos;2018-11-14T08:17:03&apos;
System info: host: &apos;LPANDIRI-E7440&apos;, ip: &apos;10.10.91.205&apos;, os.name: &apos;Windows 10&apos;, os.arch: &apos;amd64&apos;, os.version: &apos;10.0&apos;, java.version: &apos;16.0.2&apos;
Driver info: org.openqa.selenium.chrome.ChromeDriver
Capabilities {acceptInsecureCerts: false, browserName: chrome, browserVersion: 98.0.4758.82, chrome: {chromedriverVersion: 97.0.4692.71 (adefa7837d02a..., userDataDir: C:\Users\LAHARI~1.PAN\AppDa...}, goog:chromeOptions: {debuggerAddress: localhost:59656}, javascriptEnabled: true, networkConnectionEnabled: false, pageLoadStrategy: normal, platform: WINDOWS, platformName: WINDOWS, proxy: Proxy(), setWindowRect: true, strictFileInteractability: false, timeouts: {implicit: 0, pageLoad: 300000, script: 30000}, unhandledPromptBehavior: dismiss and notify, webauthn:extension:credBlob: true, webauthn:extension:largeBlob: true, webauthn:virtualAuthenticators: true}
Session ID: ed87b52ddce2f4a370eaf3be46383e2a
*** Element info: {Using=class name, value=search_display_box}
	at org.openqa.selenium.remote.http.W3CHttpResponseCodec.createException(W3CHttpResponseCodec.java:187)
	at org.openqa.selenium.remote.http.W3CHttpResponseCodec.decode(W3CHttpResponseCodec.java:122)
	at org.openqa.selenium.remote.http.W3CHttpResponseCodec.decode(W3CHttpResponseCodec.java:49)
	at org.openqa.selenium.remote.HttpCommandExecutor.execute(HttpCommandExecutor.java:158)
	at org.openqa.selenium.remote.service.DriverCommandExecutor.execute(DriverCommandExecutor.java:83)
	at org.openqa.selenium.remote.RemoteWebDriver.execute(RemoteWebDriver.java:552)
	at org.openqa.selenium.remote.RemoteWebDriver.findElement(RemoteWebDriver.java:323)
	at org.openqa.selenium.remote.RemoteWebDriver.findElementByClassName(RemoteWebDriver.java:412)
	at org.openqa.selenium.By$ByClassName.findElement(By.java:389)
	at org.openqa.selenium.remote.RemoteWebDriver.findElement(RemoteWebDriver.java:315)
	at com.juno.qa.pages.AdminPortal_Patients_TreatmentsPage.SearchDisplayBox(AdminPortal_Patients_TreatmentsPage.java:233)
	at com.juno.qa.pages.AdminPortal_Patients_TreatmentsPage.AddFaxInformationAndTreatmentToEnrolledPatientForMaxPatientResponsibility(AdminPortal_Patients_TreatmentsPage.java:2441)
	at com.qa.regression.adminportal.patients.tests.TC44_AdminPortal_TreatmentsTab_VerifyClaimCreationF.VerifyClaimForMaxBalanceAvailable_DrugReimbursement_CTP(TC44_AdminPortal_TreatmentsTab_VerifyClaimCreationF.java:313)
	at java.base/java.util.ArrayList.forEach(ArrayList.java:1511)
... Removed 32 stack frames</div></td></tr></table><p class="totop"><a href="#summary">back to summary</a></p>
<h3 id="m17">com.adminXolair.qa.providerstest.tests.TC11_AdminPortal_PG_GP_VerifyAbilityToAddNotesToGPTest#VerifyFieldRequiredMsgForNotesInGP</h3><table class="result"><tr><th class="invisible"/></tr></table><p class="totop"><a href="#summary">back to summary</a></p>
<h3 id="m18">com.adminXolair.qa.providerstest.tests.TC12_AdminPortal_PG_GP_VerifyAbilityToUpdateNotesInGPTest#VerifyUpdatingNotesToGP</h3><table class="result"><tr><th class="invisible"/></tr></table><p class="totop"><a href="#summary">back to summary</a></p>
</body>
</html>
