<?xml version="1.0" encoding="UTF-8"?>
<!-- Generated by org.testng.reporters.JUnitReportReporter -->
<testsuite ignored="5" hostname="LPANDIRI-E7440" failures="0" tests="1" name="com.qa.e2e.CTPWorkflow.tests.New_TC11_CTP_AWS_S3_Upload_Check_Clear" time="62.257" errors="1" timestamp="11 Jan 2022 21:39:02 GMT" skipped="0">
  <testcase classname="com.qa.e2e.CTPWorkflow.tests.New_TC11_CTP_AWS_S3_Upload_Check_Clear" name="AWS_S3_Upload_Check_Clear" time="62.257">
    <error message="no such element: Unable to locate element: {&quot;method&quot;:&quot;xpath&quot;,&quot;selector&quot;:&quot;//*[@id=&#039;nav-usernameMenu&#039;]/span[2]&quot;}
  (Session info: chrome=97.0.4692.71)
For documentation on this error, please visit: https://www.seleniumhq.org/exceptions/no_such_element.html
Build info: version: &#039;3.141.59&#039;, revision: &#039;e82be7d358&#039;, time: &#039;2018-11-14T08:17:03&#039;
System info: host: &#039;LPANDIRI-E7440&#039;, ip: &#039;10.10.84.141&#039;, os.name: &#039;Windows 10&#039;, os.arch: &#039;amd64&#039;, os.version: &#039;10.0&#039;, java.version: &#039;16.0.2&#039;
Driver info: org.openqa.selenium.chrome.ChromeDriver
Capabilities {acceptInsecureCerts: false, browserName: chrome, browserVersion: 97.0.4692.71, chrome: {chromedriverVersion: 97.0.4692.71 (adefa7837d02a..., userDataDir: C:\Users\LAHARI~1.PAN\AppDa...}, goog:chromeOptions: {debuggerAddress: localhost:65362}, javascriptEnabled: true, networkConnectionEnabled: false, pageLoadStrategy: normal, platform: WINDOWS, platformName: WINDOWS, proxy: Proxy(), setWindowRect: true, strictFileInteractability: false, timeouts: {implicit: 0, pageLoad: 300000, script: 30000}, unhandledPromptBehavior: dismiss and notify, webauthn:extension:credBlob: true, webauthn:extension:largeBlob: true, webauthn:virtualAuthenticators: true}
Session ID: c26923c2af232e7b75fbd7953d43cbfe
*** Element info: {Using=xpath, value=//*[@id=&#039;nav-usernameMenu&#039;]/span[2]}" type="org.openqa.selenium.NoSuchElementException">
      <![CDATA[org.openqa.selenium.NoSuchElementException: no such element: Unable to locate element: {"method":"xpath","selector":"//*[@id='nav-usernameMenu']/span[2]"}
  (Session info: chrome=97.0.4692.71)
For documentation on this error, please visit: https://www.seleniumhq.org/exceptions/no_such_element.html
Build info: version: '3.141.59', revision: 'e82be7d358', time: '2018-11-14T08:17:03'
System info: host: 'LPANDIRI-E7440', ip: '10.10.84.141', os.name: 'Windows 10', os.arch: 'amd64', os.version: '10.0', java.version: '16.0.2'
Driver info: org.openqa.selenium.chrome.ChromeDriver
Capabilities {acceptInsecureCerts: false, browserName: chrome, browserVersion: 97.0.4692.71, chrome: {chromedriverVersion: 97.0.4692.71 (adefa7837d02a..., userDataDir: C:\Users\LAHARI~1.PAN\AppDa...}, goog:chromeOptions: {debuggerAddress: localhost:65362}, javascriptEnabled: true, networkConnectionEnabled: false, pageLoadStrategy: normal, platform: WINDOWS, platformName: WINDOWS, proxy: Proxy(), setWindowRect: true, strictFileInteractability: false, timeouts: {implicit: 0, pageLoad: 300000, script: 30000}, unhandledPromptBehavior: dismiss and notify, webauthn:extension:credBlob: true, webauthn:extension:largeBlob: true, webauthn:virtualAuthenticators: true}
Session ID: c26923c2af232e7b75fbd7953d43cbfe
*** Element info: {Using=xpath, value=//*[@id='nav-usernameMenu']/span[2]}
	at java.base/jdk.internal.reflect.NativeConstructorAccessorImpl.newInstance0(Native Method)
	at java.base/jdk.internal.reflect.NativeConstructorAccessorImpl.newInstance(NativeConstructorAccessorImpl.java:78)
	at java.base/jdk.internal.reflect.DelegatingConstructorAccessorImpl.newInstance(DelegatingConstructorAccessorImpl.java:45)
	at java.base/java.lang.reflect.Constructor.newInstanceWithCaller(Constructor.java:499)
	at java.base/java.lang.reflect.Constructor.newInstance(Constructor.java:480)
	at org.openqa.selenium.remote.http.W3CHttpResponseCodec.createException(W3CHttpResponseCodec.java:187)
	at org.openqa.selenium.remote.http.W3CHttpResponseCodec.decode(W3CHttpResponseCodec.java:122)
	at org.openqa.selenium.remote.http.W3CHttpResponseCodec.decode(W3CHttpResponseCodec.java:49)
	at org.openqa.selenium.remote.HttpCommandExecutor.execute(HttpCommandExecutor.java:158)
	at org.openqa.selenium.remote.service.DriverCommandExecutor.execute(DriverCommandExecutor.java:83)
	at org.openqa.selenium.remote.RemoteWebDriver.execute(RemoteWebDriver.java:552)
	at org.openqa.selenium.remote.RemoteWebDriver.findElement(RemoteWebDriver.java:323)
	at org.openqa.selenium.remote.RemoteWebDriver.findElementByXPath(RemoteWebDriver.java:428)
	at org.openqa.selenium.By$ByXPath.findElement(By.java:353)
	at org.openqa.selenium.remote.RemoteWebDriver.findElement(RemoteWebDriver.java:315)
	at com.qa.e2e.CTPWorkflow.tests.New_TC11_CTP_AWS_S3_Upload_Check_Clear.AWS_S3_Upload_Check_Clear(New_TC11_CTP_AWS_S3_Upload_Check_Clear.java:152)
	at java.base/jdk.internal.reflect.NativeMethodAccessorImpl.invoke0(Native Method)
	at java.base/jdk.internal.reflect.NativeMethodAccessorImpl.invoke(NativeMethodAccessorImpl.java:78)
	at java.base/jdk.internal.reflect.DelegatingMethodAccessorImpl.invoke(DelegatingMethodAccessorImpl.java:43)
	at java.base/java.lang.reflect.Method.invoke(Method.java:567)
	at org.testng.internal.MethodInvocationHelper.invokeMethod(MethodInvocationHelper.java:104)
	at org.testng.internal.Invoker.invokeMethod(Invoker.java:645)
	at org.testng.internal.Invoker.invokeTestMethod(Invoker.java:851)
	at org.testng.internal.Invoker.invokeTestMethods(Invoker.java:1177)
	at org.testng.internal.TestMethodWorker.invokeTestMethods(TestMethodWorker.java:129)
	at org.testng.internal.TestMethodWorker.run(TestMethodWorker.java:112)
	at org.testng.TestRunner.privateRun(TestRunner.java:756)
	at org.testng.TestRunner.run(TestRunner.java:610)
	at org.testng.SuiteRunner.runTest(SuiteRunner.java:387)
	at org.testng.SuiteRunner.runSequentially(SuiteRunner.java:382)
	at org.testng.SuiteRunner.privateRun(SuiteRunner.java:340)
	at org.testng.SuiteRunner.run(SuiteRunner.java:289)
	at org.testng.SuiteRunnerWorker.runSuite(SuiteRunnerWorker.java:52)
	at org.testng.SuiteRunnerWorker.run(SuiteRunnerWorker.java:86)
	at org.testng.TestNG.runSuitesSequentially(TestNG.java:1293)
	at org.testng.TestNG.runSuitesLocally(TestNG.java:1218)
	at org.testng.TestNG.runSuites(TestNG.java:1133)
	at org.testng.TestNG.run(TestNG.java:1104)
	at org.testng.remote.AbstractRemoteTestNG.run(AbstractRemoteTestNG.java:115)
	at org.testng.remote.RemoteTestNG.initAndRun(RemoteTestNG.java:251)
	at org.testng.remote.RemoteTestNG.main(RemoteTestNG.java:77)
]]>
    </error>
  </testcase> <!-- AWS_S3_Upload_Check_Clear -->
  <testcase classname="com.qa.regression.adminportal.patients.tests.TC32_AdminPortal_TreatmentsTab_VerifyAddTreatmentWithBODropdownSelection" name="VerifyAddingTreatmentWithBODropdownSelectionInTreatmentsTab_DrugReimbursement_ACH">
    <skipped/>
  </testcase> <!-- VerifyAddingTreatmentWithBODropdownSelectionInTreatmentsTab_DrugReimbursement_ACH -->
  <testcase classname="com.adminXolair.qa.providerstest.tests.TC02_AdminPortal_PG_GP_VerifyAbilityToCreateNewGP" name="VerifyGPCreateRecord">
    <skipped/>
  </testcase> <!-- VerifyGPCreateRecord -->
  <testcase classname="com.adminXolair.qa.providerstest.tests.TC14_AdminPortal_PG_BO_VerifyAbilityToCreateNewBO" name="VerifyBOCreateRecord">
    <skipped/>
  </testcase> <!-- VerifyBOCreateRecord -->
  <testcase classname="com.qa.regression.adminportal.patients.tests.TC27_AdminPortal_TreatmentsTab_VerifyPatientPaysFieldDefaultValueTest" name="VerifyPatientPaysDefaultValueInTreatmentsTabForPatient_BothTypeEnrollment">
    <skipped/>
  </testcase> <!-- VerifyPatientPaysDefaultValueInTreatmentsTabForPatient_BothTypeEnrollment -->
  <testcase classname="com.qa.regression.adminportal.patients.tests.TC26_AdminPortal_TreatmentsTab_VerifyRejectReasonDropdownValues" name="VerifyRejectReasonDropdownValuesInTreatmentsTabForPatient_BothTypeEnrollment">
    <skipped/>
  </testcase> <!-- VerifyRejectReasonDropdownValuesInTreatmentsTabForPatient_BothTypeEnrollment -->
</testsuite> <!-- com.qa.e2e.CTPWorkflow.tests.New_TC11_CTP_AWS_S3_Upload_Check_Clear -->
